[2025-04-08T01:33:59.686+0000] {local_task_job_runner.py:123} INFO - ::group::Pre task execution logs
[2025-04-08T01:33:59.723+0000] {taskinstance.py:2614} INFO - Dependencies all met for dep_context=non-requeueable deps ti=<TaskInstance: dag_create_table.create_table scheduled__2025-04-03T08:00:00+00:00 [queued]>
[2025-04-08T01:33:59.737+0000] {taskinstance.py:2614} INFO - Dependencies all met for dep_context=requeueable deps ti=<TaskInstance: dag_create_table.create_table scheduled__2025-04-03T08:00:00+00:00 [queued]>
[2025-04-08T01:33:59.740+0000] {taskinstance.py:2867} INFO - Starting attempt 1 of 1
[2025-04-08T01:33:59.764+0000] {taskinstance.py:2890} INFO - Executing <Task(PythonOperator): create_table> on 2025-04-03 08:00:00+00:00
[2025-04-08T01:33:59.771+0000] {standard_task_runner.py:72} INFO - Started process 204 to run task
[2025-04-08T01:33:59.783+0000] {standard_task_runner.py:104} INFO - Running: ['airflow', 'tasks', 'run', 'dag_create_table', 'create_table', 'scheduled__2025-04-03T08:00:00+00:00', '--job-id', '2093', '--raw', '--subdir', 'DAGS_FOLDER/dag_create_table.py', '--cfg-path', '/tmp/tmppdptf1u0']
[2025-04-08T01:33:59.789+0000] {standard_task_runner.py:105} INFO - Job 2093: Subtask create_table
[2025-04-08T01:33:59.850+0000] {logging_mixin.py:190} WARNING - /home/airflow/.local/lib/python3.8/site-packages/airflow/settings.py:209 DeprecationWarning: The sql_alchemy_conn option in [core] has been moved to the sql_alchemy_conn option in [database] - the old setting has been used, but please update your config.
[2025-04-08T01:33:59.976+0000] {task_command.py:467} INFO - Running <TaskInstance: dag_create_table.create_table scheduled__2025-04-03T08:00:00+00:00 [running]> on host e0061575bd39
[2025-04-08T01:33:59.980+0000] {logging_mixin.py:190} WARNING - /home/airflow/.local/lib/python3.8/site-packages/airflow/settings.py:470 DeprecationWarning: The sql_alchemy_conn option in [core] has been moved to the sql_alchemy_conn option in [database] - the old setting has been used, but please update your config.
[2025-04-08T01:34:00.153+0000] {taskinstance.py:3134} INFO - Exporting env vars: AIRFLOW_CTX_DAG_OWNER='airflow' AIRFLOW_CTX_DAG_ID='dag_create_table' AIRFLOW_CTX_TASK_ID='create_table' AIRFLOW_CTX_EXECUTION_DATE='2025-04-03T08:00:00+00:00' AIRFLOW_CTX_TRY_NUMBER='1' AIRFLOW_CTX_DAG_RUN_ID='scheduled__2025-04-03T08:00:00+00:00'
[2025-04-08T01:34:00.162+0000] {taskinstance.py:732} INFO - ::endgroup::
[2025-04-08T01:34:01.103+0000] {logging_mixin.py:190} INFO - Job iniciado com sucesso. Run ID: 1125021215170342
[2025-04-08T01:42:09.497+0000] {logging_mixin.py:190} INFO - Job finalizado com sucesso. Detalhes: {'job_id': 459472940773271, 'run_id': 1125021215170342, 'creator_user_name': 'maria_apmattos@hotmail.com', 'number_in_job': 1125021215170342, 'original_attempt_run_id': 1125021215170342, 'state': {'life_cycle_state': 'TERMINATED', 'result_state': 'SUCCESS', 'state_message': '', 'user_cancelled_or_timedout': False, 'queue_reason': 'Queued due to reaching maximum concurrent runs of 1.'}, 'task': {'notebook_task': {'notebook_path': '/Workspace/Users/maria_apmattos@hotmail.com/data_master/TemplatesDatabricks/Create Tables', 'source': 'WORKSPACE'}}, 'cluster_spec': {'existing_cluster_id': '0129-031548-z9ttog72'}, 'cluster_instance': {'cluster_id': '0129-031548-z9ttog72', 'spark_context_id': '4157884607957187301'}, 'start_time': 1744076040996, 'setup_duration': 453000, 'execution_duration': 27000, 'cleanup_duration': 0, 'end_time': 1744076522198, 'run_duration': 481202, 'queue_duration': 448520, 'trigger': 'ONE_TIME', 'run_name': 'Create_table', 'run_page_url': 'https://adb-2740266284098548.8.azuredatabricks.net/?o=2740266284098548#job/459472940773271/run/1125021215170342', 'run_type': 'JOB_RUN', 'attempt_number': 0, 'format': 'SINGLE_TASK', 'status': {'state': 'TERMINATED', 'termination_details': {'code': 'SUCCESS', 'type': 'SUCCESS', 'message': ''}, 'queue_details': {'code': 'MAX_CONCURRENT_RUNS_REACHED', 'message': 'Queued due to reaching maximum concurrent runs of 1.'}}, 'job_run_id': 1125021215170342}
[2025-04-08T01:42:09.504+0000] {python.py:240} INFO - Done. Returned value was: None
[2025-04-08T01:42:09.538+0000] {taskinstance.py:341} INFO - ::group::Post task execution logs
[2025-04-08T01:42:09.539+0000] {taskinstance.py:353} INFO - Marking task as SUCCESS. dag_id=dag_create_table, task_id=create_table, run_id=scheduled__2025-04-03T08:00:00+00:00, execution_date=20250403T080000, start_date=20250408T013359, end_date=20250408T014209
[2025-04-08T01:42:09.567+0000] {local_task_job_runner.py:266} INFO - Task exited with return code 0
[2025-04-08T01:42:09.584+0000] {taskinstance.py:3901} INFO - 0 downstream tasks scheduled from follow-on schedule check
[2025-04-08T01:42:09.585+0000] {local_task_job_runner.py:245} INFO - ::endgroup::
