[2025-04-16T03:44:03.101+0000] {local_task_job_runner.py:123} INFO - ::group::Pre task execution logs
[2025-04-16T03:44:03.116+0000] {taskinstance.py:2614} INFO - Dependencies all met for dep_context=non-requeueable deps ti=<TaskInstance: schedule_data_master.expurgo_stage_produtos_bancarios manual__2025-04-16T03:34:57.857491+00:00 [queued]>
[2025-04-16T03:44:03.123+0000] {taskinstance.py:2614} INFO - Dependencies all met for dep_context=requeueable deps ti=<TaskInstance: schedule_data_master.expurgo_stage_produtos_bancarios manual__2025-04-16T03:34:57.857491+00:00 [queued]>
[2025-04-16T03:44:03.123+0000] {taskinstance.py:2867} INFO - Starting attempt 1 of 1
[2025-04-16T03:44:03.132+0000] {taskinstance.py:2890} INFO - Executing <Task(PythonOperator): expurgo_stage_produtos_bancarios> on 2025-04-16 03:34:57.857491+00:00
[2025-04-16T03:44:03.136+0000] {standard_task_runner.py:72} INFO - Started process 509 to run task
[2025-04-16T03:44:03.141+0000] {standard_task_runner.py:104} INFO - Running: ['airflow', 'tasks', 'run', 'schedule_data_master', 'expurgo_stage_produtos_bancarios', 'manual__2025-04-16T03:34:57.857491+00:00', '--job-id', '2187', '--raw', '--subdir', 'DAGS_FOLDER/dag_master.py', '--cfg-path', '/tmp/tmpg882s_yt']
[2025-04-16T03:44:03.144+0000] {standard_task_runner.py:105} INFO - Job 2187: Subtask expurgo_stage_produtos_bancarios
[2025-04-16T03:44:03.160+0000] {logging_mixin.py:190} WARNING - /home/airflow/.local/lib/python3.8/site-packages/airflow/settings.py:209 DeprecationWarning: The sql_alchemy_conn option in [core] has been moved to the sql_alchemy_conn option in [database] - the old setting has been used, but please update your config.
[2025-04-16T03:44:03.181+0000] {task_command.py:467} INFO - Running <TaskInstance: schedule_data_master.expurgo_stage_produtos_bancarios manual__2025-04-16T03:34:57.857491+00:00 [running]> on host 9be31a0864a3
[2025-04-16T03:44:03.242+0000] {taskinstance.py:3134} INFO - Exporting env vars: AIRFLOW_CTX_DAG_OWNER='airflow' AIRFLOW_CTX_DAG_ID='schedule_data_master' AIRFLOW_CTX_TASK_ID='expurgo_stage_produtos_bancarios' AIRFLOW_CTX_EXECUTION_DATE='2025-04-16T03:34:57.857491+00:00' AIRFLOW_CTX_TRY_NUMBER='1' AIRFLOW_CTX_DAG_RUN_ID='manual__2025-04-16T03:34:57.857491+00:00'
[2025-04-16T03:44:03.243+0000] {taskinstance.py:732} INFO - ::endgroup::
[2025-04-16T03:44:03.608+0000] {logging_mixin.py:190} INFO - Job iniciado com sucesso. Run ID: 585116793006161
[2025-04-16T03:44:24.352+0000] {logging_mixin.py:190} INFO - Job finalizado com sucesso. Detalhes: {'job_id': 645927607587685, 'run_id': 585116793006161, 'creator_user_name': 'maria_apmattos@hotmail.com', 'number_in_job': 585116793006161, 'original_attempt_run_id': 585116793006161, 'state': {'life_cycle_state': 'TERMINATED', 'result_state': 'SUCCESS', 'state_message': '', 'user_cancelled_or_timedout': False}, 'task': {'notebook_task': {'notebook_path': '/Workspace/Users/maria_apmattos@hotmail.com/data_master/TemplatesDatabricks/expurgo_stage', 'base_parameters': {'param1': 'filedataimport', 'param2': 'produtos', 'param3': '20250207'}, 'source': 'WORKSPACE'}}, 'cluster_spec': {'existing_cluster_id': '0129-031548-z9ttog72'}, 'cluster_instance': {'cluster_id': '0129-031548-z9ttog72', 'spark_context_id': '5899083732267023585'}, 'overriding_parameters': {'notebook_params': {'param1': 'filedataimport', 'param2': 'produtos', 'param3': '20250416'}}, 'start_time': 1744775043531, 'setup_duration': 1000, 'execution_duration': 15000, 'cleanup_duration': 0, 'end_time': 1744775060731, 'run_duration': 17200, 'trigger': 'ONE_TIME', 'run_name': 'Expurgo_produtos', 'run_page_url': 'https://adb-2740266284098548.8.azuredatabricks.net/?o=2740266284098548#job/645927607587685/run/585116793006161', 'run_type': 'JOB_RUN', 'attempt_number': 0, 'format': 'SINGLE_TASK', 'status': {'state': 'TERMINATED', 'termination_details': {'code': 'SUCCESS', 'type': 'SUCCESS', 'message': ''}}, 'job_run_id': 585116793006161}
[2025-04-16T03:44:24.369+0000] {python.py:240} INFO - Done. Returned value was: None
[2025-04-16T03:44:24.396+0000] {taskinstance.py:341} INFO - ::group::Post task execution logs
[2025-04-16T03:44:24.398+0000] {taskinstance.py:353} INFO - Marking task as SUCCESS. dag_id=schedule_data_master, task_id=expurgo_stage_produtos_bancarios, run_id=manual__2025-04-16T03:34:57.857491+00:00, execution_date=20250416T033457, start_date=20250416T034403, end_date=20250416T034424
[2025-04-16T03:44:24.436+0000] {local_task_job_runner.py:266} INFO - Task exited with return code 0
[2025-04-16T03:44:24.458+0000] {taskinstance.py:3901} INFO - 0 downstream tasks scheduled from follow-on schedule check
[2025-04-16T03:44:24.459+0000] {local_task_job_runner.py:245} INFO - ::endgroup::
