[2025-04-10T02:39:44.734+0000] {local_task_job_runner.py:123} INFO - ::group::Pre task execution logs
[2025-04-10T02:39:44.770+0000] {taskinstance.py:2614} INFO - Dependencies all met for dep_context=non-requeueable deps ti=<TaskInstance: dag_create_table.create_table scheduled__2025-04-07T08:00:00+00:00 [queued]>
[2025-04-10T02:39:44.791+0000] {taskinstance.py:2614} INFO - Dependencies all met for dep_context=requeueable deps ti=<TaskInstance: dag_create_table.create_table scheduled__2025-04-07T08:00:00+00:00 [queued]>
[2025-04-10T02:39:44.794+0000] {taskinstance.py:2867} INFO - Starting attempt 1 of 1
[2025-04-10T02:39:44.814+0000] {taskinstance.py:2890} INFO - Executing <Task(PythonOperator): create_table> on 2025-04-07 08:00:00+00:00
[2025-04-10T02:39:44.823+0000] {standard_task_runner.py:72} INFO - Started process 193 to run task
[2025-04-10T02:39:44.830+0000] {standard_task_runner.py:104} INFO - Running: ['airflow', 'tasks', 'run', 'dag_create_table', 'create_table', 'scheduled__2025-04-07T08:00:00+00:00', '--job-id', '2120', '--raw', '--subdir', 'DAGS_FOLDER/dag_create_table.py', '--cfg-path', '/tmp/tmp8yx098ga']
[2025-04-10T02:39:44.832+0000] {standard_task_runner.py:105} INFO - Job 2120: Subtask create_table
[2025-04-10T02:39:44.886+0000] {logging_mixin.py:190} WARNING - /home/airflow/.local/lib/python3.8/site-packages/airflow/settings.py:209 DeprecationWarning: The sql_alchemy_conn option in [core] has been moved to the sql_alchemy_conn option in [database] - the old setting has been used, but please update your config.
[2025-04-10T02:39:44.980+0000] {task_command.py:467} INFO - Running <TaskInstance: dag_create_table.create_table scheduled__2025-04-07T08:00:00+00:00 [running]> on host ea5d866b2a9a
[2025-04-10T02:39:44.985+0000] {logging_mixin.py:190} WARNING - /home/airflow/.local/lib/python3.8/site-packages/airflow/settings.py:470 DeprecationWarning: The sql_alchemy_conn option in [core] has been moved to the sql_alchemy_conn option in [database] - the old setting has been used, but please update your config.
[2025-04-10T02:39:45.191+0000] {taskinstance.py:3134} INFO - Exporting env vars: AIRFLOW_CTX_DAG_OWNER='airflow' AIRFLOW_CTX_DAG_ID='dag_create_table' AIRFLOW_CTX_TASK_ID='create_table' AIRFLOW_CTX_EXECUTION_DATE='2025-04-07T08:00:00+00:00' AIRFLOW_CTX_TRY_NUMBER='1' AIRFLOW_CTX_DAG_RUN_ID='scheduled__2025-04-07T08:00:00+00:00'
[2025-04-10T02:39:45.200+0000] {taskinstance.py:732} INFO - ::endgroup::
[2025-04-10T02:39:45.904+0000] {logging_mixin.py:190} INFO - Job iniciado com sucesso. Run ID: 834573664453901
[2025-04-10T02:40:58.496+0000] {logging_mixin.py:190} INFO - Job finalizado com sucesso. Detalhes: {'job_id': 459472940773271, 'run_id': 834573664453901, 'creator_user_name': 'maria_apmattos@hotmail.com', 'number_in_job': 834573664453901, 'original_attempt_run_id': 834573664453901, 'state': {'life_cycle_state': 'TERMINATED', 'result_state': 'SUCCESS', 'state_message': '', 'user_cancelled_or_timedout': False}, 'task': {'notebook_task': {'notebook_path': '/Workspace/Users/maria_apmattos@hotmail.com/data_master/TemplatesDatabricks/Create Tables', 'source': 'WORKSPACE'}}, 'cluster_spec': {'existing_cluster_id': '0129-031548-z9ttog72'}, 'cluster_instance': {'cluster_id': '0129-031548-z9ttog72', 'spark_context_id': '502786442077750839'}, 'start_time': 1744252786004, 'setup_duration': 3000, 'execution_duration': 59000, 'cleanup_duration': 0, 'end_time': 1744252848747, 'run_duration': 62743, 'trigger': 'ONE_TIME', 'run_name': 'Create_table', 'run_page_url': 'https://adb-2740266284098548.8.azuredatabricks.net/?o=2740266284098548#job/459472940773271/run/834573664453901', 'run_type': 'JOB_RUN', 'attempt_number': 0, 'format': 'SINGLE_TASK', 'status': {'state': 'TERMINATED', 'termination_details': {'code': 'SUCCESS', 'type': 'SUCCESS', 'message': ''}}, 'job_run_id': 834573664453901}
[2025-04-10T02:40:58.500+0000] {python.py:240} INFO - Done. Returned value was: None
[2025-04-10T02:40:58.529+0000] {taskinstance.py:341} INFO - ::group::Post task execution logs
[2025-04-10T02:40:58.531+0000] {taskinstance.py:353} INFO - Marking task as SUCCESS. dag_id=dag_create_table, task_id=create_table, run_id=scheduled__2025-04-07T08:00:00+00:00, execution_date=20250407T080000, start_date=20250410T023944, end_date=20250410T024058
[2025-04-10T02:40:58.573+0000] {local_task_job_runner.py:266} INFO - Task exited with return code 0
[2025-04-10T02:40:58.587+0000] {taskinstance.py:3901} INFO - 0 downstream tasks scheduled from follow-on schedule check
[2025-04-10T02:40:58.588+0000] {local_task_job_runner.py:245} INFO - ::endgroup::
