[2025-04-03T05:24:34.331+0000] {local_task_job_runner.py:123} INFO - ::group::Pre task execution logs
[2025-04-03T05:24:34.349+0000] {taskinstance.py:2614} INFO - Dependencies all met for dep_context=non-requeueable deps ti=<TaskInstance: schedule.expurgo_clientes_produtos manual__2025-04-03T05:24:29.939221+00:00 [queued]>
[2025-04-03T05:24:34.356+0000] {taskinstance.py:2614} INFO - Dependencies all met for dep_context=requeueable deps ti=<TaskInstance: schedule.expurgo_clientes_produtos manual__2025-04-03T05:24:29.939221+00:00 [queued]>
[2025-04-03T05:24:34.356+0000] {taskinstance.py:2867} INFO - Starting attempt 1 of 1
[2025-04-03T05:24:34.366+0000] {taskinstance.py:2890} INFO - Executing <Task(BashOperator): expurgo_clientes_produtos> on 2025-04-03 05:24:29.939221+00:00
[2025-04-03T05:24:34.370+0000] {standard_task_runner.py:72} INFO - Started process 2345 to run task
[2025-04-03T05:24:34.375+0000] {standard_task_runner.py:104} INFO - Running: ['airflow', 'tasks', 'run', 'schedule', 'expurgo_clientes_produtos', 'manual__2025-04-03T05:24:29.939221+00:00', '--job-id', '2040', '--raw', '--subdir', 'DAGS_FOLDER/dag_master.py', '--cfg-path', '/tmp/tmppb_tl_gv']
[2025-04-03T05:24:34.376+0000] {standard_task_runner.py:105} INFO - Job 2040: Subtask expurgo_clientes_produtos
[2025-04-03T05:24:34.389+0000] {logging_mixin.py:190} WARNING - /home/airflow/.local/lib/python3.8/site-packages/airflow/settings.py:209 DeprecationWarning: The sql_alchemy_conn option in [core] has been moved to the sql_alchemy_conn option in [database] - the old setting has been used, but please update your config.
[2025-04-03T05:24:34.415+0000] {task_command.py:467} INFO - Running <TaskInstance: schedule.expurgo_clientes_produtos manual__2025-04-03T05:24:29.939221+00:00 [running]> on host 11605a72ff70
[2025-04-03T05:24:34.475+0000] {taskinstance.py:3134} INFO - Exporting env vars: AIRFLOW_CTX_DAG_OWNER='airflow' AIRFLOW_CTX_DAG_ID='schedule' AIRFLOW_CTX_TASK_ID='expurgo_clientes_produtos' AIRFLOW_CTX_EXECUTION_DATE='2025-04-03T05:24:29.939221+00:00' AIRFLOW_CTX_TRY_NUMBER='1' AIRFLOW_CTX_DAG_RUN_ID='manual__2025-04-03T05:24:29.939221+00:00'
[2025-04-03T05:24:34.476+0000] {taskinstance.py:732} INFO - ::endgroup::
[2025-04-03T05:24:34.483+0000] {subprocess.py:78} INFO - Tmp dir root location: /tmp
[2025-04-03T05:24:34.484+0000] {subprocess.py:88} INFO - Running command: ['/bin/bash', '-c', 'docker exec linux_python /bin/bash -c \'/workspace/scripts/expurgo_server.sh /path/to/move_cloud/clientes_produtos/ && echo "Script Executado com Sucesso!"\'']
[2025-04-03T05:24:34.489+0000] {subprocess.py:99} INFO - Output:
[2025-04-03T05:24:34.598+0000] {subprocess.py:106} INFO - Verificando diretorio: /path/to/move_cloud/clientes_produtos/
[2025-04-03T05:24:34.600+0000] {subprocess.py:106} INFO - Conteúdo do diretório antes da limpeza:
[2025-04-03T05:24:34.600+0000] {subprocess.py:106} INFO - clientes_produtos.csv
[2025-04-03T05:24:34.601+0000] {subprocess.py:106} INFO - Apagando itens do diretório...
[2025-04-03T05:24:34.603+0000] {subprocess.py:106} INFO - Verificando se o diretório está vazio...
[2025-04-03T05:24:34.603+0000] {subprocess.py:106} INFO - O diretório está vazio.
[2025-04-03T05:24:34.605+0000] {subprocess.py:106} INFO - Script Executado com Sucesso!
[2025-04-03T05:24:34.607+0000] {subprocess.py:110} INFO - Command exited with return code 0
[2025-04-03T05:24:34.631+0000] {taskinstance.py:341} INFO - ::group::Post task execution logs
[2025-04-03T05:24:34.631+0000] {taskinstance.py:353} INFO - Marking task as SUCCESS. dag_id=schedule, task_id=expurgo_clientes_produtos, run_id=manual__2025-04-03T05:24:29.939221+00:00, execution_date=20250403T052429, start_date=20250403T052434, end_date=20250403T052434
[2025-04-03T05:24:34.678+0000] {local_task_job_runner.py:266} INFO - Task exited with return code 0
[2025-04-03T05:24:34.688+0000] {local_task_job_runner.py:245} INFO - ::endgroup::
