[2025-04-03T04:39:40.727+0000] {local_task_job_runner.py:123} INFO - ::group::Pre task execution logs
[2025-04-03T04:39:40.801+0000] {taskinstance.py:2614} INFO - Dependencies all met for dep_context=non-requeueable deps ti=<TaskInstance: schedule.move_cloud_clientes_produtos scheduled__2025-03-23T08:00:00+00:00 [queued]>
[2025-04-03T04:39:40.861+0000] {taskinstance.py:2614} INFO - Dependencies all met for dep_context=requeueable deps ti=<TaskInstance: schedule.move_cloud_clientes_produtos scheduled__2025-03-23T08:00:00+00:00 [queued]>
[2025-04-03T04:39:40.863+0000] {taskinstance.py:2867} INFO - Starting attempt 1 of 1
[2025-04-03T04:39:41.402+0000] {taskinstance.py:2890} INFO - Executing <Task(BashOperator): move_cloud_clientes_produtos> on 2025-03-23 08:00:00+00:00
[2025-04-03T04:39:41.505+0000] {standard_task_runner.py:72} INFO - Started process 409 to run task
[2025-04-03T04:39:41.522+0000] {standard_task_runner.py:104} INFO - Running: ['airflow', 'tasks', 'run', 'schedule', 'move_cloud_clientes_produtos', 'scheduled__2025-03-23T08:00:00+00:00', '--job-id', '1954', '--raw', '--subdir', 'DAGS_FOLDER/dag_master.py', '--cfg-path', '/tmp/tmplsmagz7o']
[2025-04-03T04:39:41.531+0000] {standard_task_runner.py:105} INFO - Job 1954: Subtask move_cloud_clientes_produtos
[2025-04-03T04:39:41.699+0000] {logging_mixin.py:190} WARNING - /home/airflow/.local/lib/python3.8/site-packages/airflow/settings.py:209 DeprecationWarning: The sql_alchemy_conn option in [core] has been moved to the sql_alchemy_conn option in [database] - the old setting has been used, but please update your config.
[2025-04-03T04:39:42.089+0000] {task_command.py:467} INFO - Running <TaskInstance: schedule.move_cloud_clientes_produtos scheduled__2025-03-23T08:00:00+00:00 [running]> on host dca2c4cc2d1b
[2025-04-03T04:39:42.098+0000] {logging_mixin.py:190} WARNING - /home/airflow/.local/lib/python3.8/site-packages/airflow/settings.py:470 DeprecationWarning: The sql_alchemy_conn option in [core] has been moved to the sql_alchemy_conn option in [database] - the old setting has been used, but please update your config.
[2025-04-03T04:39:42.456+0000] {taskinstance.py:3134} INFO - Exporting env vars: AIRFLOW_CTX_DAG_OWNER='airflow' AIRFLOW_CTX_DAG_ID='schedule' AIRFLOW_CTX_TASK_ID='move_cloud_clientes_produtos' AIRFLOW_CTX_EXECUTION_DATE='2025-03-23T08:00:00+00:00' AIRFLOW_CTX_TRY_NUMBER='1' AIRFLOW_CTX_DAG_RUN_ID='scheduled__2025-03-23T08:00:00+00:00'
[2025-04-03T04:39:42.468+0000] {taskinstance.py:732} INFO - ::endgroup::
[2025-04-03T04:39:42.630+0000] {subprocess.py:78} INFO - Tmp dir root location: /tmp
[2025-04-03T04:39:42.639+0000] {subprocess.py:88} INFO - Running command: ['/bin/bash', '-c', 'docker exec linux_python /bin/bash -c \'/workspace/scripts/run_move_file.sh /path/to/move_cloud/clientes_produtos/clientes_produtos.csv table_ingestion_files/clientesxprod/20250403/clientes_produtos_1743655180.csv && echo "Script Executado com Sucesso!"\'']
[2025-04-03T04:39:42.711+0000] {subprocess.py:99} INFO - Output:
[2025-04-03T04:39:44.448+0000] {subprocess.py:106} INFO - 2025-04-03 04:39:44,432 - INFO - Iniciando o upload do arquivo '/path/to/move_cloud/clientes_produtos/clientes_produtos.csv' para o blob 'table_ingestion_files/clientesxprod/20250403/clientes_produtos_1743655180.csv' no container 'filedataimport'.
[2025-04-03T04:39:44.503+0000] {subprocess.py:106} INFO - 2025-04-03 04:39:44,433 - INFO - Blob URL gerada: https://stagedatamaster.blob.core.windows.net/filedataimport/table_ingestion_files/clientesxprod/20250403/clientes_produtos_1743655180.csv?sp=cw&st=2024-10-20T02:42:12Z&se=2026-10-20T10:42:12Z&spr=https&sv=2022-11-02&sr=c&sig=MaoRwZWwtKEx5vDafwkbeHkx1Rir6bWRYy0FB3OOs58%3D
[2025-04-03T04:39:44.508+0000] {subprocess.py:106} INFO - 2025-04-03 04:39:44,448 - INFO - Enviando o arquivo '/path/to/move_cloud/clientes_produtos/clientes_produtos.csv' para o Azure Blob Storage.
[2025-04-03T04:39:44.512+0000] {subprocess.py:106} INFO - 2025-04-03 04:39:44,457 - INFO - Request URL: 'https://stagedatamaster.blob.core.windows.net/filedataimport/table_ingestion_files/clientesxprod/20250403/clientes_produtos_1743655180.csv?sp=REDACTED&st=REDACTED&se=REDACTED&spr=REDACTED&sv=REDACTED&sr=REDACTED&sig=REDACTED'
[2025-04-03T04:39:44.520+0000] {subprocess.py:106} INFO - Request method: 'PUT'
[2025-04-03T04:39:44.523+0000] {subprocess.py:106} INFO - Request headers:
[2025-04-03T04:39:44.537+0000] {subprocess.py:106} INFO -     'Content-Length': '157128'
[2025-04-03T04:39:44.541+0000] {subprocess.py:106} INFO -     'x-ms-blob-type': 'REDACTED'
[2025-04-03T04:39:44.542+0000] {subprocess.py:106} INFO -     'If-None-Match': '*'
[2025-04-03T04:39:44.546+0000] {subprocess.py:106} INFO -     'x-ms-version': 'REDACTED'
[2025-04-03T04:39:44.547+0000] {subprocess.py:106} INFO -     'Content-Type': 'application/octet-stream'
[2025-04-03T04:39:44.548+0000] {subprocess.py:106} INFO -     'Accept': 'application/xml'
[2025-04-03T04:39:44.549+0000] {subprocess.py:106} INFO -     'User-Agent': 'azsdk-python-storage-blob/12.24.1 Python/3.12.9 (Linux-6.10.14-linuxkit-aarch64-with-glibc2.36)'
[2025-04-03T04:39:44.549+0000] {subprocess.py:106} INFO -     'x-ms-date': 'REDACTED'
[2025-04-03T04:39:44.550+0000] {subprocess.py:106} INFO -     'x-ms-client-request-id': 'aa4e466a-1045-11f0-869e-0242ac120004'
[2025-04-03T04:39:44.551+0000] {subprocess.py:106} INFO - A body is sent with the request
[2025-04-03T04:39:45.036+0000] {subprocess.py:106} INFO - 2025-04-03 04:39:45,026 - INFO - Response status: 201
[2025-04-03T04:39:45.041+0000] {subprocess.py:106} INFO - Response headers:
[2025-04-03T04:39:45.049+0000] {subprocess.py:106} INFO -     'Content-Length': '0'
[2025-04-03T04:39:45.058+0000] {subprocess.py:106} INFO -     'Content-MD5': 'REDACTED'
[2025-04-03T04:39:45.059+0000] {subprocess.py:106} INFO -     'Last-Modified': 'Thu, 03 Apr 2025 04:39:44 GMT'
[2025-04-03T04:39:45.062+0000] {subprocess.py:106} INFO -     'ETag': '"0x8DD72698ECD7193"'
[2025-04-03T04:39:45.068+0000] {subprocess.py:106} INFO -     'Server': 'Windows-Azure-Blob/1.0 Microsoft-HTTPAPI/2.0'
[2025-04-03T04:39:45.074+0000] {subprocess.py:106} INFO -     'x-ms-request-id': '350de329-101e-005e-5552-a4056e000000'
[2025-04-03T04:39:45.077+0000] {subprocess.py:106} INFO -     'x-ms-client-request-id': 'aa4e466a-1045-11f0-869e-0242ac120004'
[2025-04-03T04:39:45.080+0000] {subprocess.py:106} INFO -     'x-ms-version': 'REDACTED'
[2025-04-03T04:39:45.084+0000] {subprocess.py:106} INFO -     'x-ms-content-crc64': 'REDACTED'
[2025-04-03T04:39:45.085+0000] {subprocess.py:106} INFO -     'x-ms-request-server-encrypted': 'REDACTED'
[2025-04-03T04:39:45.089+0000] {subprocess.py:106} INFO -     'Date': 'Thu, 03 Apr 2025 04:39:44 GMT'
[2025-04-03T04:39:45.091+0000] {subprocess.py:106} INFO - 2025-04-03 04:39:45,033 - INFO - Arquivo '/path/to/move_cloud/clientes_produtos/clientes_produtos.csv' enviado com sucesso para o Azure Blob Storage no blob 'table_ingestion_files/clientesxprod/20250403/clientes_produtos_1743655180.csv'.
[2025-04-03T04:39:45.303+0000] {subprocess.py:106} INFO - Script Executado com Sucesso!
[2025-04-03T04:39:45.342+0000] {subprocess.py:110} INFO - Command exited with return code 0
[2025-04-03T04:39:45.596+0000] {taskinstance.py:341} INFO - ::group::Post task execution logs
[2025-04-03T04:39:45.600+0000] {taskinstance.py:353} INFO - Marking task as SUCCESS. dag_id=schedule, task_id=move_cloud_clientes_produtos, run_id=scheduled__2025-03-23T08:00:00+00:00, execution_date=20250323T080000, start_date=20250403T043940, end_date=20250403T043945
[2025-04-03T04:39:45.833+0000] {local_task_job_runner.py:266} INFO - Task exited with return code 0
[2025-04-03T04:39:45.972+0000] {local_task_job_runner.py:245} INFO - ::endgroup::
