[2025-02-27T04:52:26.880+0000] {processor.py:186} INFO - Started process (PID=175) to work on /opt/airflow/dags/my_python_app_dag.py
[2025-02-27T04:52:26.881+0000] {processor.py:914} INFO - Processing file /opt/airflow/dags/my_python_app_dag.py for tasks to queue
[2025-02-27T04:52:26.883+0000] {logging_mixin.py:190} INFO - [2025-02-27T04:52:26.883+0000] {dagbag.py:588} INFO - Filling up the DagBag from /opt/airflow/dags/my_python_app_dag.py
[2025-02-27T04:52:26.894+0000] {processor.py:925} INFO - DAG(s) 'schedule_produtos_bancarios', 'schedule_clientes', 'schedule_produtos_clientes' retrieved from /opt/airflow/dags/my_python_app_dag.py
[2025-02-27T04:52:27.001+0000] {logging_mixin.py:190} INFO - [2025-02-27T04:52:27.001+0000] {dag.py:3239} INFO - Sync 3 DAGs
[2025-02-27T04:52:27.015+0000] {logging_mixin.py:190} INFO - [2025-02-27T04:52:27.015+0000] {dag.py:4180} INFO - Setting next_dagrun for schedule_clientes to None, run_after=None
[2025-02-27T04:52:27.018+0000] {logging_mixin.py:190} INFO - [2025-02-27T04:52:27.018+0000] {dag.py:4180} INFO - Setting next_dagrun for schedule_produtos_bancarios to None, run_after=None
[2025-02-27T04:52:27.018+0000] {logging_mixin.py:190} INFO - [2025-02-27T04:52:27.018+0000] {dag.py:4180} INFO - Setting next_dagrun for schedule_produtos_clientes to None, run_after=None
[2025-02-27T04:52:27.031+0000] {processor.py:208} INFO - Processing /opt/airflow/dags/my_python_app_dag.py took 0.158 seconds
[2025-02-27T04:52:57.381+0000] {processor.py:186} INFO - Started process (PID=192) to work on /opt/airflow/dags/my_python_app_dag.py
[2025-02-27T04:52:57.382+0000] {processor.py:914} INFO - Processing file /opt/airflow/dags/my_python_app_dag.py for tasks to queue
[2025-02-27T04:52:57.384+0000] {logging_mixin.py:190} INFO - [2025-02-27T04:52:57.384+0000] {dagbag.py:588} INFO - Filling up the DagBag from /opt/airflow/dags/my_python_app_dag.py
[2025-02-27T04:52:57.430+0000] {processor.py:925} INFO - DAG(s) 'schedule_produtos_bancarios', 'schedule_produtos_clientes', 'schedule_clientes' retrieved from /opt/airflow/dags/my_python_app_dag.py
[2025-02-27T04:52:57.505+0000] {logging_mixin.py:190} INFO - [2025-02-27T04:52:57.505+0000] {dag.py:3239} INFO - Sync 3 DAGs
[2025-02-27T04:52:57.517+0000] {logging_mixin.py:190} INFO - [2025-02-27T04:52:57.517+0000] {dag.py:4180} INFO - Setting next_dagrun for schedule_clientes to None, run_after=None
[2025-02-27T04:52:57.519+0000] {logging_mixin.py:190} INFO - [2025-02-27T04:52:57.519+0000] {dag.py:4180} INFO - Setting next_dagrun for schedule_produtos_bancarios to None, run_after=None
[2025-02-27T04:52:57.520+0000] {logging_mixin.py:190} INFO - [2025-02-27T04:52:57.519+0000] {dag.py:4180} INFO - Setting next_dagrun for schedule_produtos_clientes to None, run_after=None
[2025-02-27T04:52:57.570+0000] {processor.py:208} INFO - Processing /opt/airflow/dags/my_python_app_dag.py took 0.195 seconds
[2025-02-27T04:53:28.477+0000] {processor.py:186} INFO - Started process (PID=198) to work on /opt/airflow/dags/my_python_app_dag.py
[2025-02-27T04:53:28.483+0000] {processor.py:914} INFO - Processing file /opt/airflow/dags/my_python_app_dag.py for tasks to queue
[2025-02-27T04:53:28.506+0000] {logging_mixin.py:190} INFO - [2025-02-27T04:53:28.503+0000] {dagbag.py:588} INFO - Filling up the DagBag from /opt/airflow/dags/my_python_app_dag.py
[2025-02-27T04:53:28.610+0000] {processor.py:925} INFO - DAG(s) 'schedule_produtos_clientes', 'schedule_clientes', 'schedule_produtos_bancarios' retrieved from /opt/airflow/dags/my_python_app_dag.py
[2025-02-27T04:53:29.016+0000] {logging_mixin.py:190} INFO - [2025-02-27T04:53:29.016+0000] {dag.py:3239} INFO - Sync 3 DAGs
[2025-02-27T04:53:29.094+0000] {logging_mixin.py:190} INFO - [2025-02-27T04:53:29.094+0000] {dag.py:4180} INFO - Setting next_dagrun for schedule_clientes to None, run_after=None
[2025-02-27T04:53:29.096+0000] {logging_mixin.py:190} INFO - [2025-02-27T04:53:29.096+0000] {dag.py:4180} INFO - Setting next_dagrun for schedule_produtos_bancarios to None, run_after=None
[2025-02-27T04:53:29.097+0000] {logging_mixin.py:190} INFO - [2025-02-27T04:53:29.097+0000] {dag.py:4180} INFO - Setting next_dagrun for schedule_produtos_clientes to None, run_after=None
[2025-02-27T04:53:29.117+0000] {processor.py:208} INFO - Processing /opt/airflow/dags/my_python_app_dag.py took 0.718 seconds
[2025-02-27T04:53:59.628+0000] {processor.py:186} INFO - Started process (PID=203) to work on /opt/airflow/dags/my_python_app_dag.py
[2025-02-27T04:53:59.629+0000] {processor.py:914} INFO - Processing file /opt/airflow/dags/my_python_app_dag.py for tasks to queue
[2025-02-27T04:53:59.635+0000] {logging_mixin.py:190} INFO - [2025-02-27T04:53:59.634+0000] {dagbag.py:588} INFO - Filling up the DagBag from /opt/airflow/dags/my_python_app_dag.py
[2025-02-27T04:53:59.656+0000] {processor.py:925} INFO - DAG(s) 'schedule_produtos_clientes', 'schedule_produtos_bancarios', 'schedule_clientes' retrieved from /opt/airflow/dags/my_python_app_dag.py
[2025-02-27T04:54:00.056+0000] {logging_mixin.py:190} INFO - [2025-02-27T04:54:00.056+0000] {dag.py:3239} INFO - Sync 3 DAGs
[2025-02-27T04:54:00.072+0000] {logging_mixin.py:190} INFO - [2025-02-27T04:54:00.072+0000] {dag.py:4180} INFO - Setting next_dagrun for schedule_clientes to None, run_after=None
[2025-02-27T04:54:00.075+0000] {logging_mixin.py:190} INFO - [2025-02-27T04:54:00.074+0000] {dag.py:4180} INFO - Setting next_dagrun for schedule_produtos_bancarios to None, run_after=None
[2025-02-27T04:54:00.076+0000] {logging_mixin.py:190} INFO - [2025-02-27T04:54:00.076+0000] {dag.py:4180} INFO - Setting next_dagrun for schedule_produtos_clientes to None, run_after=None
[2025-02-27T04:54:00.099+0000] {processor.py:208} INFO - Processing /opt/airflow/dags/my_python_app_dag.py took 0.485 seconds
[2025-02-27T04:54:30.460+0000] {processor.py:186} INFO - Started process (PID=208) to work on /opt/airflow/dags/my_python_app_dag.py
[2025-02-27T04:54:30.461+0000] {processor.py:914} INFO - Processing file /opt/airflow/dags/my_python_app_dag.py for tasks to queue
[2025-02-27T04:54:30.464+0000] {logging_mixin.py:190} INFO - [2025-02-27T04:54:30.463+0000] {dagbag.py:588} INFO - Filling up the DagBag from /opt/airflow/dags/my_python_app_dag.py
[2025-02-27T04:54:30.485+0000] {processor.py:925} INFO - DAG(s) 'schedule_clientes', 'schedule_produtos_bancarios', 'schedule_produtos_clientes' retrieved from /opt/airflow/dags/my_python_app_dag.py
[2025-02-27T04:54:30.660+0000] {logging_mixin.py:190} INFO - [2025-02-27T04:54:30.660+0000] {dag.py:3239} INFO - Sync 3 DAGs
[2025-02-27T04:54:30.710+0000] {logging_mixin.py:190} INFO - [2025-02-27T04:54:30.710+0000] {dag.py:4180} INFO - Setting next_dagrun for schedule_clientes to None, run_after=None
[2025-02-27T04:54:30.713+0000] {logging_mixin.py:190} INFO - [2025-02-27T04:54:30.713+0000] {dag.py:4180} INFO - Setting next_dagrun for schedule_produtos_bancarios to None, run_after=None
[2025-02-27T04:54:30.714+0000] {logging_mixin.py:190} INFO - [2025-02-27T04:54:30.714+0000] {dag.py:4180} INFO - Setting next_dagrun for schedule_produtos_clientes to None, run_after=None
[2025-02-27T04:54:30.747+0000] {processor.py:208} INFO - Processing /opt/airflow/dags/my_python_app_dag.py took 0.294 seconds
[2025-02-27T04:55:00.831+0000] {processor.py:186} INFO - Started process (PID=213) to work on /opt/airflow/dags/my_python_app_dag.py
[2025-02-27T04:55:00.832+0000] {processor.py:914} INFO - Processing file /opt/airflow/dags/my_python_app_dag.py for tasks to queue
[2025-02-27T04:55:00.834+0000] {logging_mixin.py:190} INFO - [2025-02-27T04:55:00.833+0000] {dagbag.py:588} INFO - Filling up the DagBag from /opt/airflow/dags/my_python_app_dag.py
[2025-02-27T04:55:00.845+0000] {processor.py:925} INFO - DAG(s) 'schedule_produtos_bancarios', 'schedule_clientes', 'schedule_produtos_clientes' retrieved from /opt/airflow/dags/my_python_app_dag.py
[2025-02-27T04:55:00.924+0000] {logging_mixin.py:190} INFO - [2025-02-27T04:55:00.924+0000] {dag.py:3239} INFO - Sync 3 DAGs
[2025-02-27T04:55:00.949+0000] {logging_mixin.py:190} INFO - [2025-02-27T04:55:00.949+0000] {dag.py:4180} INFO - Setting next_dagrun for schedule_clientes to None, run_after=None
[2025-02-27T04:55:00.951+0000] {logging_mixin.py:190} INFO - [2025-02-27T04:55:00.951+0000] {dag.py:4180} INFO - Setting next_dagrun for schedule_produtos_bancarios to None, run_after=None
[2025-02-27T04:55:00.952+0000] {logging_mixin.py:190} INFO - [2025-02-27T04:55:00.952+0000] {dag.py:4180} INFO - Setting next_dagrun for schedule_produtos_clientes to None, run_after=None
[2025-02-27T04:55:00.962+0000] {processor.py:208} INFO - Processing /opt/airflow/dags/my_python_app_dag.py took 0.138 seconds
[2025-02-27T04:55:31.205+0000] {processor.py:186} INFO - Started process (PID=218) to work on /opt/airflow/dags/my_python_app_dag.py
[2025-02-27T04:55:31.206+0000] {processor.py:914} INFO - Processing file /opt/airflow/dags/my_python_app_dag.py for tasks to queue
[2025-02-27T04:55:31.207+0000] {logging_mixin.py:190} INFO - [2025-02-27T04:55:31.207+0000] {dagbag.py:588} INFO - Filling up the DagBag from /opt/airflow/dags/my_python_app_dag.py
[2025-02-27T04:55:31.216+0000] {processor.py:925} INFO - DAG(s) 'schedule_clientes', 'schedule_produtos_clientes', 'schedule_produtos_bancarios' retrieved from /opt/airflow/dags/my_python_app_dag.py
[2025-02-27T04:55:31.276+0000] {logging_mixin.py:190} INFO - [2025-02-27T04:55:31.276+0000] {dag.py:3239} INFO - Sync 3 DAGs
[2025-02-27T04:55:31.282+0000] {logging_mixin.py:190} INFO - [2025-02-27T04:55:31.282+0000] {dag.py:4180} INFO - Setting next_dagrun for schedule_clientes to None, run_after=None
[2025-02-27T04:55:31.283+0000] {logging_mixin.py:190} INFO - [2025-02-27T04:55:31.283+0000] {dag.py:4180} INFO - Setting next_dagrun for schedule_produtos_bancarios to None, run_after=None
[2025-02-27T04:55:31.284+0000] {logging_mixin.py:190} INFO - [2025-02-27T04:55:31.284+0000] {dag.py:4180} INFO - Setting next_dagrun for schedule_produtos_clientes to None, run_after=None
[2025-02-27T04:55:31.292+0000] {processor.py:208} INFO - Processing /opt/airflow/dags/my_python_app_dag.py took 0.093 seconds
[2025-02-27T04:56:01.500+0000] {processor.py:186} INFO - Started process (PID=344) to work on /opt/airflow/dags/my_python_app_dag.py
[2025-02-27T04:56:01.501+0000] {processor.py:914} INFO - Processing file /opt/airflow/dags/my_python_app_dag.py for tasks to queue
[2025-02-27T04:56:01.503+0000] {logging_mixin.py:190} INFO - [2025-02-27T04:56:01.503+0000] {dagbag.py:588} INFO - Filling up the DagBag from /opt/airflow/dags/my_python_app_dag.py
[2025-02-27T04:56:01.511+0000] {processor.py:925} INFO - DAG(s) 'schedule_clientes', 'schedule_produtos_clientes', 'schedule_produtos_bancarios' retrieved from /opt/airflow/dags/my_python_app_dag.py
[2025-02-27T04:56:01.635+0000] {logging_mixin.py:190} INFO - [2025-02-27T04:56:01.635+0000] {dag.py:3239} INFO - Sync 3 DAGs
[2025-02-27T04:56:01.785+0000] {logging_mixin.py:190} INFO - [2025-02-27T04:56:01.785+0000] {dag.py:4180} INFO - Setting next_dagrun for schedule_clientes to None, run_after=None
[2025-02-27T04:56:01.787+0000] {logging_mixin.py:190} INFO - [2025-02-27T04:56:01.787+0000] {dag.py:4180} INFO - Setting next_dagrun for schedule_produtos_bancarios to None, run_after=None
[2025-02-27T04:56:01.788+0000] {logging_mixin.py:190} INFO - [2025-02-27T04:56:01.788+0000] {dag.py:4180} INFO - Setting next_dagrun for schedule_produtos_clientes to None, run_after=None
[2025-02-27T04:56:01.797+0000] {processor.py:208} INFO - Processing /opt/airflow/dags/my_python_app_dag.py took 0.302 seconds
[2025-02-27T04:56:31.897+0000] {processor.py:186} INFO - Started process (PID=349) to work on /opt/airflow/dags/my_python_app_dag.py
[2025-02-27T04:56:31.898+0000] {processor.py:914} INFO - Processing file /opt/airflow/dags/my_python_app_dag.py for tasks to queue
[2025-02-27T04:56:31.902+0000] {logging_mixin.py:190} INFO - [2025-02-27T04:56:31.901+0000] {dagbag.py:588} INFO - Filling up the DagBag from /opt/airflow/dags/my_python_app_dag.py
[2025-02-27T04:56:31.921+0000] {processor.py:925} INFO - DAG(s) 'schedule_clientes', 'schedule_produtos_clientes', 'schedule_produtos_bancarios' retrieved from /opt/airflow/dags/my_python_app_dag.py
[2025-02-27T04:56:32.149+0000] {logging_mixin.py:190} INFO - [2025-02-27T04:56:32.149+0000] {dag.py:3239} INFO - Sync 3 DAGs
[2025-02-27T04:56:32.154+0000] {logging_mixin.py:190} INFO - [2025-02-27T04:56:32.154+0000] {dag.py:4180} INFO - Setting next_dagrun for schedule_clientes to None, run_after=None
[2025-02-27T04:56:32.156+0000] {logging_mixin.py:190} INFO - [2025-02-27T04:56:32.156+0000] {dag.py:4180} INFO - Setting next_dagrun for schedule_produtos_bancarios to None, run_after=None
[2025-02-27T04:56:32.156+0000] {logging_mixin.py:190} INFO - [2025-02-27T04:56:32.156+0000] {dag.py:4180} INFO - Setting next_dagrun for schedule_produtos_clientes to None, run_after=None
[2025-02-27T04:56:32.164+0000] {processor.py:208} INFO - Processing /opt/airflow/dags/my_python_app_dag.py took 0.277 seconds
[2025-02-27T04:57:02.501+0000] {processor.py:186} INFO - Started process (PID=354) to work on /opt/airflow/dags/my_python_app_dag.py
[2025-02-27T04:57:02.504+0000] {processor.py:914} INFO - Processing file /opt/airflow/dags/my_python_app_dag.py for tasks to queue
[2025-02-27T04:57:02.508+0000] {logging_mixin.py:190} INFO - [2025-02-27T04:57:02.508+0000] {dagbag.py:588} INFO - Filling up the DagBag from /opt/airflow/dags/my_python_app_dag.py
[2025-02-27T04:57:02.524+0000] {processor.py:925} INFO - DAG(s) 'schedule_produtos_clientes', 'schedule_produtos_bancarios', 'schedule_clientes' retrieved from /opt/airflow/dags/my_python_app_dag.py
[2025-02-27T04:57:02.719+0000] {logging_mixin.py:190} INFO - [2025-02-27T04:57:02.719+0000] {dag.py:3239} INFO - Sync 3 DAGs
[2025-02-27T04:57:02.725+0000] {logging_mixin.py:190} INFO - [2025-02-27T04:57:02.724+0000] {dag.py:4180} INFO - Setting next_dagrun for schedule_clientes to None, run_after=None
[2025-02-27T04:57:02.726+0000] {logging_mixin.py:190} INFO - [2025-02-27T04:57:02.726+0000] {dag.py:4180} INFO - Setting next_dagrun for schedule_produtos_bancarios to None, run_after=None
[2025-02-27T04:57:02.726+0000] {logging_mixin.py:190} INFO - [2025-02-27T04:57:02.726+0000] {dag.py:4180} INFO - Setting next_dagrun for schedule_produtos_clientes to None, run_after=None
[2025-02-27T04:57:02.734+0000] {processor.py:208} INFO - Processing /opt/airflow/dags/my_python_app_dag.py took 0.246 seconds
[2025-02-27T04:57:32.839+0000] {processor.py:186} INFO - Started process (PID=359) to work on /opt/airflow/dags/my_python_app_dag.py
[2025-02-27T04:57:32.840+0000] {processor.py:914} INFO - Processing file /opt/airflow/dags/my_python_app_dag.py for tasks to queue
[2025-02-27T04:57:32.844+0000] {logging_mixin.py:190} INFO - [2025-02-27T04:57:32.843+0000] {dagbag.py:588} INFO - Filling up the DagBag from /opt/airflow/dags/my_python_app_dag.py
[2025-02-27T04:57:32.860+0000] {processor.py:925} INFO - DAG(s) 'schedule_produtos_bancarios', 'schedule_produtos_clientes', 'schedule_clientes' retrieved from /opt/airflow/dags/my_python_app_dag.py
[2025-02-27T04:57:33.008+0000] {logging_mixin.py:190} INFO - [2025-02-27T04:57:33.008+0000] {dag.py:3239} INFO - Sync 3 DAGs
[2025-02-27T04:57:33.014+0000] {logging_mixin.py:190} INFO - [2025-02-27T04:57:33.014+0000] {dag.py:4180} INFO - Setting next_dagrun for schedule_clientes to None, run_after=None
[2025-02-27T04:57:33.015+0000] {logging_mixin.py:190} INFO - [2025-02-27T04:57:33.015+0000] {dag.py:4180} INFO - Setting next_dagrun for schedule_produtos_bancarios to None, run_after=None
[2025-02-27T04:57:33.016+0000] {logging_mixin.py:190} INFO - [2025-02-27T04:57:33.016+0000] {dag.py:4180} INFO - Setting next_dagrun for schedule_produtos_clientes to None, run_after=None
[2025-02-27T04:57:33.024+0000] {processor.py:208} INFO - Processing /opt/airflow/dags/my_python_app_dag.py took 0.196 seconds
[2025-02-27T04:58:03.147+0000] {processor.py:186} INFO - Started process (PID=364) to work on /opt/airflow/dags/my_python_app_dag.py
[2025-02-27T04:58:03.148+0000] {processor.py:914} INFO - Processing file /opt/airflow/dags/my_python_app_dag.py for tasks to queue
[2025-02-27T04:58:03.155+0000] {logging_mixin.py:190} INFO - [2025-02-27T04:58:03.153+0000] {dagbag.py:588} INFO - Filling up the DagBag from /opt/airflow/dags/my_python_app_dag.py
[2025-02-27T04:58:03.171+0000] {processor.py:925} INFO - DAG(s) 'schedule_produtos_clientes', 'schedule_clientes', 'schedule_produtos_bancarios' retrieved from /opt/airflow/dags/my_python_app_dag.py
[2025-02-27T04:58:03.363+0000] {logging_mixin.py:190} INFO - [2025-02-27T04:58:03.363+0000] {dag.py:3239} INFO - Sync 3 DAGs
[2025-02-27T04:58:03.370+0000] {logging_mixin.py:190} INFO - [2025-02-27T04:58:03.370+0000] {dag.py:4180} INFO - Setting next_dagrun for schedule_clientes to None, run_after=None
[2025-02-27T04:58:03.371+0000] {logging_mixin.py:190} INFO - [2025-02-27T04:58:03.371+0000] {dag.py:4180} INFO - Setting next_dagrun for schedule_produtos_bancarios to None, run_after=None
[2025-02-27T04:58:03.372+0000] {logging_mixin.py:190} INFO - [2025-02-27T04:58:03.372+0000] {dag.py:4180} INFO - Setting next_dagrun for schedule_produtos_clientes to None, run_after=None
[2025-02-27T04:58:03.379+0000] {processor.py:208} INFO - Processing /opt/airflow/dags/my_python_app_dag.py took 0.243 seconds
[2025-02-27T04:58:33.685+0000] {processor.py:186} INFO - Started process (PID=369) to work on /opt/airflow/dags/my_python_app_dag.py
[2025-02-27T04:58:33.687+0000] {processor.py:914} INFO - Processing file /opt/airflow/dags/my_python_app_dag.py for tasks to queue
[2025-02-27T04:58:33.690+0000] {logging_mixin.py:190} INFO - [2025-02-27T04:58:33.690+0000] {dagbag.py:588} INFO - Filling up the DagBag from /opt/airflow/dags/my_python_app_dag.py
[2025-02-27T04:58:33.705+0000] {processor.py:925} INFO - DAG(s) 'schedule_clientes', 'schedule_produtos_clientes', 'schedule_produtos_bancarios' retrieved from /opt/airflow/dags/my_python_app_dag.py
[2025-02-27T04:58:33.904+0000] {logging_mixin.py:190} INFO - [2025-02-27T04:58:33.904+0000] {dag.py:3239} INFO - Sync 3 DAGs
[2025-02-27T04:58:33.910+0000] {logging_mixin.py:190} INFO - [2025-02-27T04:58:33.910+0000] {dag.py:4180} INFO - Setting next_dagrun for schedule_clientes to None, run_after=None
[2025-02-27T04:58:33.911+0000] {logging_mixin.py:190} INFO - [2025-02-27T04:58:33.911+0000] {dag.py:4180} INFO - Setting next_dagrun for schedule_produtos_bancarios to None, run_after=None
[2025-02-27T04:58:33.912+0000] {logging_mixin.py:190} INFO - [2025-02-27T04:58:33.912+0000] {dag.py:4180} INFO - Setting next_dagrun for schedule_produtos_clientes to None, run_after=None
[2025-02-27T04:58:33.920+0000] {processor.py:208} INFO - Processing /opt/airflow/dags/my_python_app_dag.py took 0.243 seconds
[2025-02-27T04:59:04.176+0000] {processor.py:186} INFO - Started process (PID=374) to work on /opt/airflow/dags/my_python_app_dag.py
[2025-02-27T04:59:04.178+0000] {processor.py:914} INFO - Processing file /opt/airflow/dags/my_python_app_dag.py for tasks to queue
[2025-02-27T04:59:04.179+0000] {logging_mixin.py:190} INFO - [2025-02-27T04:59:04.179+0000] {dagbag.py:588} INFO - Filling up the DagBag from /opt/airflow/dags/my_python_app_dag.py
[2025-02-27T04:59:04.194+0000] {processor.py:925} INFO - DAG(s) 'schedule_clientes', 'schedule_produtos_bancarios', 'schedule_produtos_clientes' retrieved from /opt/airflow/dags/my_python_app_dag.py
[2025-02-27T04:59:04.261+0000] {logging_mixin.py:190} INFO - [2025-02-27T04:59:04.261+0000] {dag.py:3239} INFO - Sync 3 DAGs
[2025-02-27T04:59:04.267+0000] {logging_mixin.py:190} INFO - [2025-02-27T04:59:04.267+0000] {dag.py:4180} INFO - Setting next_dagrun for schedule_clientes to None, run_after=None
[2025-02-27T04:59:04.269+0000] {logging_mixin.py:190} INFO - [2025-02-27T04:59:04.269+0000] {dag.py:4180} INFO - Setting next_dagrun for schedule_produtos_bancarios to None, run_after=None
[2025-02-27T04:59:04.269+0000] {logging_mixin.py:190} INFO - [2025-02-27T04:59:04.269+0000] {dag.py:4180} INFO - Setting next_dagrun for schedule_produtos_clientes to None, run_after=None
[2025-02-27T04:59:04.277+0000] {processor.py:208} INFO - Processing /opt/airflow/dags/my_python_app_dag.py took 0.105 seconds
[2025-02-27T04:59:34.587+0000] {processor.py:186} INFO - Started process (PID=379) to work on /opt/airflow/dags/my_python_app_dag.py
[2025-02-27T04:59:34.589+0000] {processor.py:914} INFO - Processing file /opt/airflow/dags/my_python_app_dag.py for tasks to queue
[2025-02-27T04:59:34.591+0000] {logging_mixin.py:190} INFO - [2025-02-27T04:59:34.591+0000] {dagbag.py:588} INFO - Filling up the DagBag from /opt/airflow/dags/my_python_app_dag.py
[2025-02-27T04:59:34.602+0000] {processor.py:925} INFO - DAG(s) 'schedule_produtos_bancarios', 'schedule_clientes', 'schedule_produtos_clientes' retrieved from /opt/airflow/dags/my_python_app_dag.py
[2025-02-27T04:59:34.683+0000] {logging_mixin.py:190} INFO - [2025-02-27T04:59:34.683+0000] {dag.py:3239} INFO - Sync 3 DAGs
[2025-02-27T04:59:34.690+0000] {logging_mixin.py:190} INFO - [2025-02-27T04:59:34.690+0000] {dag.py:4180} INFO - Setting next_dagrun for schedule_clientes to None, run_after=None
[2025-02-27T04:59:34.691+0000] {logging_mixin.py:190} INFO - [2025-02-27T04:59:34.691+0000] {dag.py:4180} INFO - Setting next_dagrun for schedule_produtos_bancarios to None, run_after=None
[2025-02-27T04:59:34.692+0000] {logging_mixin.py:190} INFO - [2025-02-27T04:59:34.692+0000] {dag.py:4180} INFO - Setting next_dagrun for schedule_produtos_clientes to None, run_after=None
[2025-02-27T04:59:34.701+0000] {processor.py:208} INFO - Processing /opt/airflow/dags/my_python_app_dag.py took 0.123 seconds
[2025-02-27T05:00:05.036+0000] {processor.py:186} INFO - Started process (PID=384) to work on /opt/airflow/dags/my_python_app_dag.py
[2025-02-27T05:00:05.038+0000] {processor.py:914} INFO - Processing file /opt/airflow/dags/my_python_app_dag.py for tasks to queue
[2025-02-27T05:00:05.048+0000] {logging_mixin.py:190} INFO - [2025-02-27T05:00:05.048+0000] {dagbag.py:588} INFO - Filling up the DagBag from /opt/airflow/dags/my_python_app_dag.py
[2025-02-27T05:00:05.066+0000] {processor.py:925} INFO - DAG(s) 'schedule_produtos_clientes', 'schedule_produtos_bancarios', 'schedule_clientes' retrieved from /opt/airflow/dags/my_python_app_dag.py
[2025-02-27T05:00:05.135+0000] {logging_mixin.py:190} INFO - [2025-02-27T05:00:05.135+0000] {dag.py:3239} INFO - Sync 3 DAGs
[2025-02-27T05:00:05.143+0000] {logging_mixin.py:190} INFO - [2025-02-27T05:00:05.143+0000] {dag.py:4180} INFO - Setting next_dagrun for schedule_clientes to None, run_after=None
[2025-02-27T05:00:05.145+0000] {logging_mixin.py:190} INFO - [2025-02-27T05:00:05.145+0000] {dag.py:4180} INFO - Setting next_dagrun for schedule_produtos_bancarios to None, run_after=None
[2025-02-27T05:00:05.145+0000] {logging_mixin.py:190} INFO - [2025-02-27T05:00:05.145+0000] {dag.py:4180} INFO - Setting next_dagrun for schedule_produtos_clientes to None, run_after=None
[2025-02-27T05:00:05.155+0000] {processor.py:208} INFO - Processing /opt/airflow/dags/my_python_app_dag.py took 0.128 seconds
[2025-02-27T05:00:35.422+0000] {processor.py:186} INFO - Started process (PID=389) to work on /opt/airflow/dags/my_python_app_dag.py
[2025-02-27T05:00:35.424+0000] {processor.py:914} INFO - Processing file /opt/airflow/dags/my_python_app_dag.py for tasks to queue
[2025-02-27T05:00:35.427+0000] {logging_mixin.py:190} INFO - [2025-02-27T05:00:35.427+0000] {dagbag.py:588} INFO - Filling up the DagBag from /opt/airflow/dags/my_python_app_dag.py
[2025-02-27T05:00:35.441+0000] {processor.py:925} INFO - DAG(s) 'schedule_produtos_bancarios', 'schedule_clientes', 'schedule_produtos_clientes' retrieved from /opt/airflow/dags/my_python_app_dag.py
[2025-02-27T05:00:35.504+0000] {logging_mixin.py:190} INFO - [2025-02-27T05:00:35.504+0000] {dag.py:3239} INFO - Sync 3 DAGs
[2025-02-27T05:00:35.511+0000] {logging_mixin.py:190} INFO - [2025-02-27T05:00:35.511+0000] {dag.py:4180} INFO - Setting next_dagrun for schedule_clientes to None, run_after=None
[2025-02-27T05:00:35.512+0000] {logging_mixin.py:190} INFO - [2025-02-27T05:00:35.512+0000] {dag.py:4180} INFO - Setting next_dagrun for schedule_produtos_bancarios to None, run_after=None
[2025-02-27T05:00:35.513+0000] {logging_mixin.py:190} INFO - [2025-02-27T05:00:35.513+0000] {dag.py:4180} INFO - Setting next_dagrun for schedule_produtos_clientes to None, run_after=None
[2025-02-27T05:00:35.521+0000] {processor.py:208} INFO - Processing /opt/airflow/dags/my_python_app_dag.py took 0.111 seconds
[2025-02-27T05:01:05.869+0000] {processor.py:186} INFO - Started process (PID=394) to work on /opt/airflow/dags/my_python_app_dag.py
[2025-02-27T05:01:05.870+0000] {processor.py:914} INFO - Processing file /opt/airflow/dags/my_python_app_dag.py for tasks to queue
[2025-02-27T05:01:05.876+0000] {logging_mixin.py:190} INFO - [2025-02-27T05:01:05.875+0000] {dagbag.py:588} INFO - Filling up the DagBag from /opt/airflow/dags/my_python_app_dag.py
[2025-02-27T05:01:05.895+0000] {processor.py:925} INFO - DAG(s) 'schedule_clientes', 'schedule_produtos_clientes', 'schedule_produtos_bancarios' retrieved from /opt/airflow/dags/my_python_app_dag.py
[2025-02-27T05:01:05.976+0000] {logging_mixin.py:190} INFO - [2025-02-27T05:01:05.976+0000] {dag.py:3239} INFO - Sync 3 DAGs
[2025-02-27T05:01:05.982+0000] {logging_mixin.py:190} INFO - [2025-02-27T05:01:05.982+0000] {dag.py:4180} INFO - Setting next_dagrun for schedule_clientes to None, run_after=None
[2025-02-27T05:01:05.984+0000] {logging_mixin.py:190} INFO - [2025-02-27T05:01:05.984+0000] {dag.py:4180} INFO - Setting next_dagrun for schedule_produtos_bancarios to None, run_after=None
[2025-02-27T05:01:05.984+0000] {logging_mixin.py:190} INFO - [2025-02-27T05:01:05.984+0000] {dag.py:4180} INFO - Setting next_dagrun for schedule_produtos_clientes to None, run_after=None
[2025-02-27T05:01:05.993+0000] {processor.py:208} INFO - Processing /opt/airflow/dags/my_python_app_dag.py took 0.134 seconds
[2025-02-27T05:01:36.263+0000] {processor.py:186} INFO - Started process (PID=399) to work on /opt/airflow/dags/my_python_app_dag.py
[2025-02-27T05:01:36.264+0000] {processor.py:914} INFO - Processing file /opt/airflow/dags/my_python_app_dag.py for tasks to queue
[2025-02-27T05:01:36.267+0000] {logging_mixin.py:190} INFO - [2025-02-27T05:01:36.267+0000] {dagbag.py:588} INFO - Filling up the DagBag from /opt/airflow/dags/my_python_app_dag.py
[2025-02-27T05:01:36.279+0000] {processor.py:925} INFO - DAG(s) 'schedule_produtos_clientes', 'schedule_clientes', 'schedule_produtos_bancarios' retrieved from /opt/airflow/dags/my_python_app_dag.py
[2025-02-27T05:01:36.344+0000] {logging_mixin.py:190} INFO - [2025-02-27T05:01:36.344+0000] {dag.py:3239} INFO - Sync 3 DAGs
[2025-02-27T05:01:36.350+0000] {logging_mixin.py:190} INFO - [2025-02-27T05:01:36.350+0000] {dag.py:4180} INFO - Setting next_dagrun for schedule_clientes to None, run_after=None
[2025-02-27T05:01:36.351+0000] {logging_mixin.py:190} INFO - [2025-02-27T05:01:36.351+0000] {dag.py:4180} INFO - Setting next_dagrun for schedule_produtos_bancarios to None, run_after=None
[2025-02-27T05:01:36.352+0000] {logging_mixin.py:190} INFO - [2025-02-27T05:01:36.352+0000] {dag.py:4180} INFO - Setting next_dagrun for schedule_produtos_clientes to None, run_after=None
[2025-02-27T05:01:36.361+0000] {processor.py:208} INFO - Processing /opt/airflow/dags/my_python_app_dag.py took 0.104 seconds
[2025-02-27T05:02:06.646+0000] {processor.py:186} INFO - Started process (PID=404) to work on /opt/airflow/dags/my_python_app_dag.py
[2025-02-27T05:02:06.647+0000] {processor.py:914} INFO - Processing file /opt/airflow/dags/my_python_app_dag.py for tasks to queue
[2025-02-27T05:02:06.649+0000] {logging_mixin.py:190} INFO - [2025-02-27T05:02:06.649+0000] {dagbag.py:588} INFO - Filling up the DagBag from /opt/airflow/dags/my_python_app_dag.py
[2025-02-27T05:02:06.664+0000] {processor.py:925} INFO - DAG(s) 'schedule_clientes', 'schedule_produtos_bancarios', 'schedule_produtos_clientes' retrieved from /opt/airflow/dags/my_python_app_dag.py
[2025-02-27T05:02:06.737+0000] {logging_mixin.py:190} INFO - [2025-02-27T05:02:06.737+0000] {dag.py:3239} INFO - Sync 3 DAGs
[2025-02-27T05:02:06.747+0000] {logging_mixin.py:190} INFO - [2025-02-27T05:02:06.747+0000] {dag.py:4180} INFO - Setting next_dagrun for schedule_clientes to None, run_after=None
[2025-02-27T05:02:06.748+0000] {logging_mixin.py:190} INFO - [2025-02-27T05:02:06.748+0000] {dag.py:4180} INFO - Setting next_dagrun for schedule_produtos_bancarios to None, run_after=None
[2025-02-27T05:02:06.749+0000] {logging_mixin.py:190} INFO - [2025-02-27T05:02:06.749+0000] {dag.py:4180} INFO - Setting next_dagrun for schedule_produtos_clientes to None, run_after=None
[2025-02-27T05:02:06.758+0000] {processor.py:208} INFO - Processing /opt/airflow/dags/my_python_app_dag.py took 0.121 seconds
[2025-02-27T05:02:37.146+0000] {processor.py:186} INFO - Started process (PID=409) to work on /opt/airflow/dags/my_python_app_dag.py
[2025-02-27T05:02:37.148+0000] {processor.py:914} INFO - Processing file /opt/airflow/dags/my_python_app_dag.py for tasks to queue
[2025-02-27T05:02:37.152+0000] {logging_mixin.py:190} INFO - [2025-02-27T05:02:37.151+0000] {dagbag.py:588} INFO - Filling up the DagBag from /opt/airflow/dags/my_python_app_dag.py
[2025-02-27T05:02:37.174+0000] {processor.py:925} INFO - DAG(s) 'schedule_clientes', 'schedule_produtos_clientes', 'schedule_produtos_bancarios' retrieved from /opt/airflow/dags/my_python_app_dag.py
[2025-02-27T05:02:37.250+0000] {logging_mixin.py:190} INFO - [2025-02-27T05:02:37.249+0000] {dag.py:3239} INFO - Sync 3 DAGs
[2025-02-27T05:02:37.257+0000] {logging_mixin.py:190} INFO - [2025-02-27T05:02:37.257+0000] {dag.py:4180} INFO - Setting next_dagrun for schedule_clientes to None, run_after=None
[2025-02-27T05:02:37.258+0000] {logging_mixin.py:190} INFO - [2025-02-27T05:02:37.258+0000] {dag.py:4180} INFO - Setting next_dagrun for schedule_produtos_bancarios to None, run_after=None
[2025-02-27T05:02:37.259+0000] {logging_mixin.py:190} INFO - [2025-02-27T05:02:37.259+0000] {dag.py:4180} INFO - Setting next_dagrun for schedule_produtos_clientes to None, run_after=None
[2025-02-27T05:02:37.268+0000] {processor.py:208} INFO - Processing /opt/airflow/dags/my_python_app_dag.py took 0.139 seconds
[2025-02-27T05:03:07.570+0000] {processor.py:186} INFO - Started process (PID=414) to work on /opt/airflow/dags/my_python_app_dag.py
[2025-02-27T05:03:07.572+0000] {processor.py:914} INFO - Processing file /opt/airflow/dags/my_python_app_dag.py for tasks to queue
[2025-02-27T05:03:07.576+0000] {logging_mixin.py:190} INFO - [2025-02-27T05:03:07.575+0000] {dagbag.py:588} INFO - Filling up the DagBag from /opt/airflow/dags/my_python_app_dag.py
[2025-02-27T05:03:07.591+0000] {processor.py:925} INFO - DAG(s) 'schedule_produtos_bancarios', 'schedule_clientes', 'schedule_produtos_clientes' retrieved from /opt/airflow/dags/my_python_app_dag.py
[2025-02-27T05:03:07.660+0000] {logging_mixin.py:190} INFO - [2025-02-27T05:03:07.660+0000] {dag.py:3239} INFO - Sync 3 DAGs
[2025-02-27T05:03:07.667+0000] {logging_mixin.py:190} INFO - [2025-02-27T05:03:07.667+0000] {dag.py:4180} INFO - Setting next_dagrun for schedule_clientes to None, run_after=None
[2025-02-27T05:03:07.669+0000] {logging_mixin.py:190} INFO - [2025-02-27T05:03:07.669+0000] {dag.py:4180} INFO - Setting next_dagrun for schedule_produtos_bancarios to None, run_after=None
[2025-02-27T05:03:07.670+0000] {logging_mixin.py:190} INFO - [2025-02-27T05:03:07.670+0000] {dag.py:4180} INFO - Setting next_dagrun for schedule_produtos_clientes to None, run_after=None
[2025-02-27T05:03:07.679+0000] {processor.py:208} INFO - Processing /opt/airflow/dags/my_python_app_dag.py took 0.127 seconds
[2025-02-27T05:03:38.140+0000] {processor.py:186} INFO - Started process (PID=419) to work on /opt/airflow/dags/my_python_app_dag.py
[2025-02-27T05:03:38.145+0000] {processor.py:914} INFO - Processing file /opt/airflow/dags/my_python_app_dag.py for tasks to queue
[2025-02-27T05:03:38.151+0000] {logging_mixin.py:190} INFO - [2025-02-27T05:03:38.151+0000] {dagbag.py:588} INFO - Filling up the DagBag from /opt/airflow/dags/my_python_app_dag.py
[2025-02-27T05:03:38.186+0000] {processor.py:925} INFO - DAG(s) 'schedule_produtos_clientes', 'schedule_clientes', 'schedule_produtos_bancarios' retrieved from /opt/airflow/dags/my_python_app_dag.py
[2025-02-27T05:03:38.345+0000] {logging_mixin.py:190} INFO - [2025-02-27T05:03:38.345+0000] {dag.py:3239} INFO - Sync 3 DAGs
[2025-02-27T05:03:38.360+0000] {logging_mixin.py:190} INFO - [2025-02-27T05:03:38.360+0000] {dag.py:4180} INFO - Setting next_dagrun for schedule_clientes to None, run_after=None
[2025-02-27T05:03:38.364+0000] {logging_mixin.py:190} INFO - [2025-02-27T05:03:38.364+0000] {dag.py:4180} INFO - Setting next_dagrun for schedule_produtos_bancarios to None, run_after=None
[2025-02-27T05:03:38.365+0000] {logging_mixin.py:190} INFO - [2025-02-27T05:03:38.365+0000] {dag.py:4180} INFO - Setting next_dagrun for schedule_produtos_clientes to None, run_after=None
[2025-02-27T05:03:38.379+0000] {processor.py:208} INFO - Processing /opt/airflow/dags/my_python_app_dag.py took 0.270 seconds
[2025-02-27T05:04:08.629+0000] {processor.py:186} INFO - Started process (PID=424) to work on /opt/airflow/dags/my_python_app_dag.py
[2025-02-27T05:04:08.631+0000] {processor.py:914} INFO - Processing file /opt/airflow/dags/my_python_app_dag.py for tasks to queue
[2025-02-27T05:04:08.634+0000] {logging_mixin.py:190} INFO - [2025-02-27T05:04:08.634+0000] {dagbag.py:588} INFO - Filling up the DagBag from /opt/airflow/dags/my_python_app_dag.py
[2025-02-27T05:04:08.654+0000] {processor.py:925} INFO - DAG(s) 'schedule_clientes', 'schedule_produtos_bancarios', 'schedule_produtos_clientes' retrieved from /opt/airflow/dags/my_python_app_dag.py
[2025-02-27T05:04:08.757+0000] {logging_mixin.py:190} INFO - [2025-02-27T05:04:08.757+0000] {dag.py:3239} INFO - Sync 3 DAGs
[2025-02-27T05:04:08.771+0000] {logging_mixin.py:190} INFO - [2025-02-27T05:04:08.770+0000] {dag.py:4180} INFO - Setting next_dagrun for schedule_clientes to None, run_after=None
[2025-02-27T05:04:08.772+0000] {logging_mixin.py:190} INFO - [2025-02-27T05:04:08.772+0000] {dag.py:4180} INFO - Setting next_dagrun for schedule_produtos_bancarios to None, run_after=None
[2025-02-27T05:04:08.773+0000] {logging_mixin.py:190} INFO - [2025-02-27T05:04:08.773+0000] {dag.py:4180} INFO - Setting next_dagrun for schedule_produtos_clientes to None, run_after=None
[2025-02-27T05:04:08.783+0000] {processor.py:208} INFO - Processing /opt/airflow/dags/my_python_app_dag.py took 0.169 seconds
[2025-02-27T05:04:39.226+0000] {processor.py:186} INFO - Started process (PID=429) to work on /opt/airflow/dags/my_python_app_dag.py
[2025-02-27T05:04:39.228+0000] {processor.py:914} INFO - Processing file /opt/airflow/dags/my_python_app_dag.py for tasks to queue
[2025-02-27T05:04:39.234+0000] {logging_mixin.py:190} INFO - [2025-02-27T05:04:39.234+0000] {dagbag.py:588} INFO - Filling up the DagBag from /opt/airflow/dags/my_python_app_dag.py
[2025-02-27T05:04:39.255+0000] {processor.py:925} INFO - DAG(s) 'schedule_produtos_clientes', 'schedule_produtos_bancarios', 'schedule_clientes' retrieved from /opt/airflow/dags/my_python_app_dag.py
[2025-02-27T05:04:39.356+0000] {logging_mixin.py:190} INFO - [2025-02-27T05:04:39.356+0000] {dag.py:3239} INFO - Sync 3 DAGs
[2025-02-27T05:04:39.367+0000] {logging_mixin.py:190} INFO - [2025-02-27T05:04:39.367+0000] {dag.py:4180} INFO - Setting next_dagrun for schedule_clientes to None, run_after=None
[2025-02-27T05:04:39.368+0000] {logging_mixin.py:190} INFO - [2025-02-27T05:04:39.368+0000] {dag.py:4180} INFO - Setting next_dagrun for schedule_produtos_bancarios to None, run_after=None
[2025-02-27T05:04:39.369+0000] {logging_mixin.py:190} INFO - [2025-02-27T05:04:39.369+0000] {dag.py:4180} INFO - Setting next_dagrun for schedule_produtos_clientes to None, run_after=None
[2025-02-27T05:04:39.379+0000] {processor.py:208} INFO - Processing /opt/airflow/dags/my_python_app_dag.py took 0.168 seconds
[2025-02-27T05:05:09.641+0000] {processor.py:186} INFO - Started process (PID=434) to work on /opt/airflow/dags/my_python_app_dag.py
[2025-02-27T05:05:09.647+0000] {processor.py:914} INFO - Processing file /opt/airflow/dags/my_python_app_dag.py for tasks to queue
[2025-02-27T05:05:09.650+0000] {logging_mixin.py:190} INFO - [2025-02-27T05:05:09.650+0000] {dagbag.py:588} INFO - Filling up the DagBag from /opt/airflow/dags/my_python_app_dag.py
[2025-02-27T05:05:09.671+0000] {processor.py:925} INFO - DAG(s) 'schedule_clientes', 'schedule_produtos_bancarios', 'schedule_produtos_clientes' retrieved from /opt/airflow/dags/my_python_app_dag.py
[2025-02-27T05:05:09.770+0000] {logging_mixin.py:190} INFO - [2025-02-27T05:05:09.770+0000] {dag.py:3239} INFO - Sync 3 DAGs
[2025-02-27T05:05:09.778+0000] {logging_mixin.py:190} INFO - [2025-02-27T05:05:09.778+0000] {dag.py:4180} INFO - Setting next_dagrun for schedule_clientes to None, run_after=None
[2025-02-27T05:05:09.780+0000] {logging_mixin.py:190} INFO - [2025-02-27T05:05:09.780+0000] {dag.py:4180} INFO - Setting next_dagrun for schedule_produtos_bancarios to None, run_after=None
[2025-02-27T05:05:09.780+0000] {logging_mixin.py:190} INFO - [2025-02-27T05:05:09.780+0000] {dag.py:4180} INFO - Setting next_dagrun for schedule_produtos_clientes to None, run_after=None
[2025-02-27T05:05:09.791+0000] {processor.py:208} INFO - Processing /opt/airflow/dags/my_python_app_dag.py took 0.170 seconds
[2025-02-27T05:05:40.172+0000] {processor.py:186} INFO - Started process (PID=439) to work on /opt/airflow/dags/my_python_app_dag.py
[2025-02-27T05:05:40.174+0000] {processor.py:914} INFO - Processing file /opt/airflow/dags/my_python_app_dag.py for tasks to queue
[2025-02-27T05:05:40.178+0000] {logging_mixin.py:190} INFO - [2025-02-27T05:05:40.178+0000] {dagbag.py:588} INFO - Filling up the DagBag from /opt/airflow/dags/my_python_app_dag.py
[2025-02-27T05:05:40.199+0000] {processor.py:925} INFO - DAG(s) 'schedule_produtos_clientes', 'schedule_produtos_bancarios', 'schedule_clientes' retrieved from /opt/airflow/dags/my_python_app_dag.py
[2025-02-27T05:05:40.347+0000] {logging_mixin.py:190} INFO - [2025-02-27T05:05:40.347+0000] {dag.py:3239} INFO - Sync 3 DAGs
[2025-02-27T05:05:40.360+0000] {logging_mixin.py:190} INFO - [2025-02-27T05:05:40.360+0000] {dag.py:4180} INFO - Setting next_dagrun for schedule_clientes to None, run_after=None
[2025-02-27T05:05:40.365+0000] {logging_mixin.py:190} INFO - [2025-02-27T05:05:40.365+0000] {dag.py:4180} INFO - Setting next_dagrun for schedule_produtos_bancarios to None, run_after=None
[2025-02-27T05:05:40.366+0000] {logging_mixin.py:190} INFO - [2025-02-27T05:05:40.366+0000] {dag.py:4180} INFO - Setting next_dagrun for schedule_produtos_clientes to None, run_after=None
[2025-02-27T05:05:40.379+0000] {processor.py:208} INFO - Processing /opt/airflow/dags/my_python_app_dag.py took 0.220 seconds
[2025-02-27T05:06:10.719+0000] {processor.py:186} INFO - Started process (PID=444) to work on /opt/airflow/dags/my_python_app_dag.py
[2025-02-27T05:06:10.721+0000] {processor.py:914} INFO - Processing file /opt/airflow/dags/my_python_app_dag.py for tasks to queue
[2025-02-27T05:06:10.725+0000] {logging_mixin.py:190} INFO - [2025-02-27T05:06:10.724+0000] {dagbag.py:588} INFO - Filling up the DagBag from /opt/airflow/dags/my_python_app_dag.py
[2025-02-27T05:06:10.746+0000] {processor.py:925} INFO - DAG(s) 'schedule_produtos_bancarios', 'schedule_clientes', 'schedule_produtos_clientes' retrieved from /opt/airflow/dags/my_python_app_dag.py
[2025-02-27T05:06:10.864+0000] {logging_mixin.py:190} INFO - [2025-02-27T05:06:10.864+0000] {dag.py:3239} INFO - Sync 3 DAGs
[2025-02-27T05:06:10.876+0000] {logging_mixin.py:190} INFO - [2025-02-27T05:06:10.876+0000] {dag.py:4180} INFO - Setting next_dagrun for schedule_clientes to None, run_after=None
[2025-02-27T05:06:10.878+0000] {logging_mixin.py:190} INFO - [2025-02-27T05:06:10.878+0000] {dag.py:4180} INFO - Setting next_dagrun for schedule_produtos_bancarios to None, run_after=None
[2025-02-27T05:06:10.879+0000] {logging_mixin.py:190} INFO - [2025-02-27T05:06:10.879+0000] {dag.py:4180} INFO - Setting next_dagrun for schedule_produtos_clientes to None, run_after=None
[2025-02-27T05:06:10.890+0000] {processor.py:208} INFO - Processing /opt/airflow/dags/my_python_app_dag.py took 0.187 seconds
[2025-02-27T05:06:41.206+0000] {processor.py:186} INFO - Started process (PID=449) to work on /opt/airflow/dags/my_python_app_dag.py
[2025-02-27T05:06:41.207+0000] {processor.py:914} INFO - Processing file /opt/airflow/dags/my_python_app_dag.py for tasks to queue
[2025-02-27T05:06:41.211+0000] {logging_mixin.py:190} INFO - [2025-02-27T05:06:41.211+0000] {dagbag.py:588} INFO - Filling up the DagBag from /opt/airflow/dags/my_python_app_dag.py
[2025-02-27T05:06:41.232+0000] {processor.py:925} INFO - DAG(s) 'schedule_produtos_bancarios', 'schedule_clientes', 'schedule_produtos_clientes' retrieved from /opt/airflow/dags/my_python_app_dag.py
[2025-02-27T05:06:41.334+0000] {logging_mixin.py:190} INFO - [2025-02-27T05:06:41.334+0000] {dag.py:3239} INFO - Sync 3 DAGs
[2025-02-27T05:06:41.343+0000] {logging_mixin.py:190} INFO - [2025-02-27T05:06:41.343+0000] {dag.py:4180} INFO - Setting next_dagrun for schedule_clientes to None, run_after=None
[2025-02-27T05:06:41.344+0000] {logging_mixin.py:190} INFO - [2025-02-27T05:06:41.344+0000] {dag.py:4180} INFO - Setting next_dagrun for schedule_produtos_bancarios to None, run_after=None
[2025-02-27T05:06:41.345+0000] {logging_mixin.py:190} INFO - [2025-02-27T05:06:41.345+0000] {dag.py:4180} INFO - Setting next_dagrun for schedule_produtos_clientes to None, run_after=None
[2025-02-27T05:06:41.355+0000] {processor.py:208} INFO - Processing /opt/airflow/dags/my_python_app_dag.py took 0.164 seconds
[2025-02-27T05:07:11.776+0000] {processor.py:186} INFO - Started process (PID=454) to work on /opt/airflow/dags/my_python_app_dag.py
[2025-02-27T05:07:11.777+0000] {processor.py:914} INFO - Processing file /opt/airflow/dags/my_python_app_dag.py for tasks to queue
[2025-02-27T05:07:11.782+0000] {logging_mixin.py:190} INFO - [2025-02-27T05:07:11.782+0000] {dagbag.py:588} INFO - Filling up the DagBag from /opt/airflow/dags/my_python_app_dag.py
[2025-02-27T05:07:11.802+0000] {processor.py:925} INFO - DAG(s) 'schedule_clientes', 'schedule_produtos_clientes', 'schedule_produtos_bancarios' retrieved from /opt/airflow/dags/my_python_app_dag.py
[2025-02-27T05:07:11.886+0000] {logging_mixin.py:190} INFO - [2025-02-27T05:07:11.886+0000] {dag.py:3239} INFO - Sync 3 DAGs
[2025-02-27T05:07:11.898+0000] {logging_mixin.py:190} INFO - [2025-02-27T05:07:11.898+0000] {dag.py:4180} INFO - Setting next_dagrun for schedule_clientes to None, run_after=None
[2025-02-27T05:07:11.900+0000] {logging_mixin.py:190} INFO - [2025-02-27T05:07:11.900+0000] {dag.py:4180} INFO - Setting next_dagrun for schedule_produtos_bancarios to None, run_after=None
[2025-02-27T05:07:11.901+0000] {logging_mixin.py:190} INFO - [2025-02-27T05:07:11.900+0000] {dag.py:4180} INFO - Setting next_dagrun for schedule_produtos_clientes to None, run_after=None
[2025-02-27T05:07:11.910+0000] {processor.py:208} INFO - Processing /opt/airflow/dags/my_python_app_dag.py took 0.148 seconds
[2025-02-27T05:07:42.143+0000] {processor.py:186} INFO - Started process (PID=459) to work on /opt/airflow/dags/my_python_app_dag.py
[2025-02-27T05:07:42.147+0000] {processor.py:914} INFO - Processing file /opt/airflow/dags/my_python_app_dag.py for tasks to queue
[2025-02-27T05:07:42.150+0000] {logging_mixin.py:190} INFO - [2025-02-27T05:07:42.150+0000] {dagbag.py:588} INFO - Filling up the DagBag from /opt/airflow/dags/my_python_app_dag.py
[2025-02-27T05:07:42.169+0000] {processor.py:925} INFO - DAG(s) 'schedule_produtos_clientes', 'schedule_produtos_bancarios', 'schedule_clientes' retrieved from /opt/airflow/dags/my_python_app_dag.py
[2025-02-27T05:07:42.259+0000] {logging_mixin.py:190} INFO - [2025-02-27T05:07:42.259+0000] {dag.py:3239} INFO - Sync 3 DAGs
[2025-02-27T05:07:42.273+0000] {logging_mixin.py:190} INFO - [2025-02-27T05:07:42.273+0000] {dag.py:4180} INFO - Setting next_dagrun for schedule_clientes to None, run_after=None
[2025-02-27T05:07:42.276+0000] {logging_mixin.py:190} INFO - [2025-02-27T05:07:42.276+0000] {dag.py:4180} INFO - Setting next_dagrun for schedule_produtos_bancarios to None, run_after=None
[2025-02-27T05:07:42.276+0000] {logging_mixin.py:190} INFO - [2025-02-27T05:07:42.276+0000] {dag.py:4180} INFO - Setting next_dagrun for schedule_produtos_clientes to None, run_after=None
[2025-02-27T05:07:42.288+0000] {processor.py:208} INFO - Processing /opt/airflow/dags/my_python_app_dag.py took 0.162 seconds
[2025-02-27T05:08:12.733+0000] {processor.py:186} INFO - Started process (PID=464) to work on /opt/airflow/dags/my_python_app_dag.py
[2025-02-27T05:08:12.735+0000] {processor.py:914} INFO - Processing file /opt/airflow/dags/my_python_app_dag.py for tasks to queue
[2025-02-27T05:08:12.738+0000] {logging_mixin.py:190} INFO - [2025-02-27T05:08:12.738+0000] {dagbag.py:588} INFO - Filling up the DagBag from /opt/airflow/dags/my_python_app_dag.py
[2025-02-27T05:08:12.756+0000] {processor.py:925} INFO - DAG(s) 'schedule_produtos_clientes', 'schedule_clientes', 'schedule_produtos_bancarios' retrieved from /opt/airflow/dags/my_python_app_dag.py
[2025-02-27T05:08:12.835+0000] {logging_mixin.py:190} INFO - [2025-02-27T05:08:12.835+0000] {dag.py:3239} INFO - Sync 3 DAGs
[2025-02-27T05:08:12.845+0000] {logging_mixin.py:190} INFO - [2025-02-27T05:08:12.844+0000] {dag.py:4180} INFO - Setting next_dagrun for schedule_clientes to None, run_after=None
[2025-02-27T05:08:12.846+0000] {logging_mixin.py:190} INFO - [2025-02-27T05:08:12.846+0000] {dag.py:4180} INFO - Setting next_dagrun for schedule_produtos_bancarios to None, run_after=None
[2025-02-27T05:08:12.847+0000] {logging_mixin.py:190} INFO - [2025-02-27T05:08:12.847+0000] {dag.py:4180} INFO - Setting next_dagrun for schedule_produtos_clientes to None, run_after=None
[2025-02-27T05:08:12.856+0000] {processor.py:208} INFO - Processing /opt/airflow/dags/my_python_app_dag.py took 0.135 seconds
[2025-02-27T05:08:43.154+0000] {processor.py:186} INFO - Started process (PID=469) to work on /opt/airflow/dags/my_python_app_dag.py
[2025-02-27T05:08:43.156+0000] {processor.py:914} INFO - Processing file /opt/airflow/dags/my_python_app_dag.py for tasks to queue
[2025-02-27T05:08:43.158+0000] {logging_mixin.py:190} INFO - [2025-02-27T05:08:43.158+0000] {dagbag.py:588} INFO - Filling up the DagBag from /opt/airflow/dags/my_python_app_dag.py
[2025-02-27T05:08:43.176+0000] {processor.py:925} INFO - DAG(s) 'schedule_produtos_bancarios', 'schedule_produtos_clientes', 'schedule_clientes' retrieved from /opt/airflow/dags/my_python_app_dag.py
[2025-02-27T05:08:43.247+0000] {logging_mixin.py:190} INFO - [2025-02-27T05:08:43.247+0000] {dag.py:3239} INFO - Sync 3 DAGs
[2025-02-27T05:08:43.255+0000] {logging_mixin.py:190} INFO - [2025-02-27T05:08:43.254+0000] {dag.py:4180} INFO - Setting next_dagrun for schedule_clientes to None, run_after=None
[2025-02-27T05:08:43.256+0000] {logging_mixin.py:190} INFO - [2025-02-27T05:08:43.256+0000] {dag.py:4180} INFO - Setting next_dagrun for schedule_produtos_bancarios to None, run_after=None
[2025-02-27T05:08:43.257+0000] {logging_mixin.py:190} INFO - [2025-02-27T05:08:43.257+0000] {dag.py:4180} INFO - Setting next_dagrun for schedule_produtos_clientes to None, run_after=None
[2025-02-27T05:08:43.266+0000] {processor.py:208} INFO - Processing /opt/airflow/dags/my_python_app_dag.py took 0.122 seconds
[2025-02-27T05:09:13.640+0000] {processor.py:186} INFO - Started process (PID=474) to work on /opt/airflow/dags/my_python_app_dag.py
[2025-02-27T05:09:13.642+0000] {processor.py:914} INFO - Processing file /opt/airflow/dags/my_python_app_dag.py for tasks to queue
[2025-02-27T05:09:13.646+0000] {logging_mixin.py:190} INFO - [2025-02-27T05:09:13.646+0000] {dagbag.py:588} INFO - Filling up the DagBag from /opt/airflow/dags/my_python_app_dag.py
[2025-02-27T05:09:13.664+0000] {processor.py:925} INFO - DAG(s) 'schedule_produtos_clientes', 'schedule_produtos_bancarios', 'schedule_clientes' retrieved from /opt/airflow/dags/my_python_app_dag.py
[2025-02-27T05:09:13.748+0000] {logging_mixin.py:190} INFO - [2025-02-27T05:09:13.748+0000] {dag.py:3239} INFO - Sync 3 DAGs
[2025-02-27T05:09:13.756+0000] {logging_mixin.py:190} INFO - [2025-02-27T05:09:13.756+0000] {dag.py:4180} INFO - Setting next_dagrun for schedule_clientes to None, run_after=None
[2025-02-27T05:09:13.757+0000] {logging_mixin.py:190} INFO - [2025-02-27T05:09:13.757+0000] {dag.py:4180} INFO - Setting next_dagrun for schedule_produtos_bancarios to None, run_after=None
[2025-02-27T05:09:13.758+0000] {logging_mixin.py:190} INFO - [2025-02-27T05:09:13.758+0000] {dag.py:4180} INFO - Setting next_dagrun for schedule_produtos_clientes to None, run_after=None
[2025-02-27T05:09:13.767+0000] {processor.py:208} INFO - Processing /opt/airflow/dags/my_python_app_dag.py took 0.139 seconds
[2025-02-27T05:09:44.069+0000] {processor.py:186} INFO - Started process (PID=479) to work on /opt/airflow/dags/my_python_app_dag.py
[2025-02-27T05:09:44.071+0000] {processor.py:914} INFO - Processing file /opt/airflow/dags/my_python_app_dag.py for tasks to queue
[2025-02-27T05:09:44.074+0000] {logging_mixin.py:190} INFO - [2025-02-27T05:09:44.073+0000] {dagbag.py:588} INFO - Filling up the DagBag from /opt/airflow/dags/my_python_app_dag.py
[2025-02-27T05:09:44.087+0000] {processor.py:925} INFO - DAG(s) 'schedule_produtos_clientes', 'schedule_clientes', 'schedule_produtos_bancarios' retrieved from /opt/airflow/dags/my_python_app_dag.py
[2025-02-27T05:09:44.166+0000] {logging_mixin.py:190} INFO - [2025-02-27T05:09:44.166+0000] {dag.py:3239} INFO - Sync 3 DAGs
[2025-02-27T05:09:44.173+0000] {logging_mixin.py:190} INFO - [2025-02-27T05:09:44.173+0000] {dag.py:4180} INFO - Setting next_dagrun for schedule_clientes to None, run_after=None
[2025-02-27T05:09:44.175+0000] {logging_mixin.py:190} INFO - [2025-02-27T05:09:44.174+0000] {dag.py:4180} INFO - Setting next_dagrun for schedule_produtos_bancarios to None, run_after=None
[2025-02-27T05:09:44.175+0000] {logging_mixin.py:190} INFO - [2025-02-27T05:09:44.175+0000] {dag.py:4180} INFO - Setting next_dagrun for schedule_produtos_clientes to None, run_after=None
[2025-02-27T05:09:44.183+0000] {processor.py:208} INFO - Processing /opt/airflow/dags/my_python_app_dag.py took 0.128 seconds
[2025-02-27T05:10:14.516+0000] {processor.py:186} INFO - Started process (PID=484) to work on /opt/airflow/dags/my_python_app_dag.py
[2025-02-27T05:10:14.517+0000] {processor.py:914} INFO - Processing file /opt/airflow/dags/my_python_app_dag.py for tasks to queue
[2025-02-27T05:10:14.521+0000] {logging_mixin.py:190} INFO - [2025-02-27T05:10:14.521+0000] {dagbag.py:588} INFO - Filling up the DagBag from /opt/airflow/dags/my_python_app_dag.py
[2025-02-27T05:10:14.537+0000] {processor.py:925} INFO - DAG(s) 'schedule_produtos_clientes', 'schedule_produtos_bancarios', 'schedule_clientes' retrieved from /opt/airflow/dags/my_python_app_dag.py
[2025-02-27T05:10:14.613+0000] {logging_mixin.py:190} INFO - [2025-02-27T05:10:14.613+0000] {dag.py:3239} INFO - Sync 3 DAGs
[2025-02-27T05:10:14.620+0000] {logging_mixin.py:190} INFO - [2025-02-27T05:10:14.620+0000] {dag.py:4180} INFO - Setting next_dagrun for schedule_clientes to None, run_after=None
[2025-02-27T05:10:14.621+0000] {logging_mixin.py:190} INFO - [2025-02-27T05:10:14.621+0000] {dag.py:4180} INFO - Setting next_dagrun for schedule_produtos_bancarios to None, run_after=None
[2025-02-27T05:10:14.622+0000] {logging_mixin.py:190} INFO - [2025-02-27T05:10:14.622+0000] {dag.py:4180} INFO - Setting next_dagrun for schedule_produtos_clientes to None, run_after=None
[2025-02-27T05:10:14.631+0000] {processor.py:208} INFO - Processing /opt/airflow/dags/my_python_app_dag.py took 0.125 seconds
[2025-02-27T05:10:44.917+0000] {processor.py:186} INFO - Started process (PID=489) to work on /opt/airflow/dags/my_python_app_dag.py
[2025-02-27T05:10:44.919+0000] {processor.py:914} INFO - Processing file /opt/airflow/dags/my_python_app_dag.py for tasks to queue
[2025-02-27T05:10:44.921+0000] {logging_mixin.py:190} INFO - [2025-02-27T05:10:44.921+0000] {dagbag.py:588} INFO - Filling up the DagBag from /opt/airflow/dags/my_python_app_dag.py
[2025-02-27T05:10:44.936+0000] {processor.py:925} INFO - DAG(s) 'schedule_clientes', 'schedule_produtos_clientes', 'schedule_produtos_bancarios' retrieved from /opt/airflow/dags/my_python_app_dag.py
[2025-02-27T05:10:45.006+0000] {logging_mixin.py:190} INFO - [2025-02-27T05:10:45.006+0000] {dag.py:3239} INFO - Sync 3 DAGs
[2025-02-27T05:10:45.014+0000] {logging_mixin.py:190} INFO - [2025-02-27T05:10:45.013+0000] {dag.py:4180} INFO - Setting next_dagrun for schedule_clientes to None, run_after=None
[2025-02-27T05:10:45.015+0000] {logging_mixin.py:190} INFO - [2025-02-27T05:10:45.015+0000] {dag.py:4180} INFO - Setting next_dagrun for schedule_produtos_bancarios to None, run_after=None
[2025-02-27T05:10:45.016+0000] {logging_mixin.py:190} INFO - [2025-02-27T05:10:45.016+0000] {dag.py:4180} INFO - Setting next_dagrun for schedule_produtos_clientes to None, run_after=None
[2025-02-27T05:10:45.025+0000] {processor.py:208} INFO - Processing /opt/airflow/dags/my_python_app_dag.py took 0.120 seconds
[2025-02-27T05:11:15.331+0000] {processor.py:186} INFO - Started process (PID=494) to work on /opt/airflow/dags/my_python_app_dag.py
[2025-02-27T05:11:15.332+0000] {processor.py:914} INFO - Processing file /opt/airflow/dags/my_python_app_dag.py for tasks to queue
[2025-02-27T05:11:15.334+0000] {logging_mixin.py:190} INFO - [2025-02-27T05:11:15.334+0000] {dagbag.py:588} INFO - Filling up the DagBag from /opt/airflow/dags/my_python_app_dag.py
[2025-02-27T05:11:15.344+0000] {processor.py:925} INFO - DAG(s) 'schedule_clientes', 'schedule_produtos_bancarios', 'schedule_produtos_clientes' retrieved from /opt/airflow/dags/my_python_app_dag.py
[2025-02-27T05:11:15.409+0000] {logging_mixin.py:190} INFO - [2025-02-27T05:11:15.409+0000] {dag.py:3239} INFO - Sync 3 DAGs
[2025-02-27T05:11:15.415+0000] {logging_mixin.py:190} INFO - [2025-02-27T05:11:15.415+0000] {dag.py:4180} INFO - Setting next_dagrun for schedule_clientes to None, run_after=None
[2025-02-27T05:11:15.417+0000] {logging_mixin.py:190} INFO - [2025-02-27T05:11:15.417+0000] {dag.py:4180} INFO - Setting next_dagrun for schedule_produtos_bancarios to None, run_after=None
[2025-02-27T05:11:15.417+0000] {logging_mixin.py:190} INFO - [2025-02-27T05:11:15.417+0000] {dag.py:4180} INFO - Setting next_dagrun for schedule_produtos_clientes to None, run_after=None
[2025-02-27T05:11:15.426+0000] {processor.py:208} INFO - Processing /opt/airflow/dags/my_python_app_dag.py took 0.101 seconds
[2025-02-27T05:11:45.743+0000] {processor.py:186} INFO - Started process (PID=499) to work on /opt/airflow/dags/my_python_app_dag.py
[2025-02-27T05:11:45.746+0000] {processor.py:914} INFO - Processing file /opt/airflow/dags/my_python_app_dag.py for tasks to queue
[2025-02-27T05:11:45.754+0000] {logging_mixin.py:190} INFO - [2025-02-27T05:11:45.752+0000] {dagbag.py:588} INFO - Filling up the DagBag from /opt/airflow/dags/my_python_app_dag.py
[2025-02-27T05:11:45.774+0000] {processor.py:925} INFO - DAG(s) 'schedule_clientes', 'schedule_produtos_bancarios', 'schedule_produtos_clientes' retrieved from /opt/airflow/dags/my_python_app_dag.py
[2025-02-27T05:11:45.864+0000] {logging_mixin.py:190} INFO - [2025-02-27T05:11:45.864+0000] {dag.py:3239} INFO - Sync 3 DAGs
[2025-02-27T05:11:45.873+0000] {logging_mixin.py:190} INFO - [2025-02-27T05:11:45.873+0000] {dag.py:4180} INFO - Setting next_dagrun for schedule_clientes to None, run_after=None
[2025-02-27T05:11:45.875+0000] {logging_mixin.py:190} INFO - [2025-02-27T05:11:45.875+0000] {dag.py:4180} INFO - Setting next_dagrun for schedule_produtos_bancarios to None, run_after=None
[2025-02-27T05:11:45.876+0000] {logging_mixin.py:190} INFO - [2025-02-27T05:11:45.876+0000] {dag.py:4180} INFO - Setting next_dagrun for schedule_produtos_clientes to None, run_after=None
[2025-02-27T05:11:45.886+0000] {processor.py:208} INFO - Processing /opt/airflow/dags/my_python_app_dag.py took 0.164 seconds
[2025-02-27T05:12:16.073+0000] {processor.py:186} INFO - Started process (PID=504) to work on /opt/airflow/dags/my_python_app_dag.py
[2025-02-27T05:12:16.075+0000] {processor.py:914} INFO - Processing file /opt/airflow/dags/my_python_app_dag.py for tasks to queue
[2025-02-27T05:12:16.089+0000] {logging_mixin.py:190} INFO - [2025-02-27T05:12:16.086+0000] {dagbag.py:588} INFO - Filling up the DagBag from /opt/airflow/dags/my_python_app_dag.py
[2025-02-27T05:12:16.111+0000] {processor.py:925} INFO - DAG(s) 'schedule_clientes', 'schedule_produtos_bancarios', 'schedule_produtos_clientes' retrieved from /opt/airflow/dags/my_python_app_dag.py
[2025-02-27T05:12:16.195+0000] {logging_mixin.py:190} INFO - [2025-02-27T05:12:16.195+0000] {dag.py:3239} INFO - Sync 3 DAGs
[2025-02-27T05:12:16.204+0000] {logging_mixin.py:190} INFO - [2025-02-27T05:12:16.204+0000] {dag.py:4180} INFO - Setting next_dagrun for schedule_clientes to None, run_after=None
[2025-02-27T05:12:16.206+0000] {logging_mixin.py:190} INFO - [2025-02-27T05:12:16.206+0000] {dag.py:4180} INFO - Setting next_dagrun for schedule_produtos_bancarios to None, run_after=None
[2025-02-27T05:12:16.206+0000] {logging_mixin.py:190} INFO - [2025-02-27T05:12:16.206+0000] {dag.py:4180} INFO - Setting next_dagrun for schedule_produtos_clientes to None, run_after=None
[2025-02-27T05:12:16.215+0000] {processor.py:208} INFO - Processing /opt/airflow/dags/my_python_app_dag.py took 0.159 seconds
[2025-02-27T05:12:46.465+0000] {processor.py:186} INFO - Started process (PID=509) to work on /opt/airflow/dags/my_python_app_dag.py
[2025-02-27T05:12:46.470+0000] {processor.py:914} INFO - Processing file /opt/airflow/dags/my_python_app_dag.py for tasks to queue
[2025-02-27T05:12:46.476+0000] {logging_mixin.py:190} INFO - [2025-02-27T05:12:46.475+0000] {dagbag.py:588} INFO - Filling up the DagBag from /opt/airflow/dags/my_python_app_dag.py
[2025-02-27T05:12:46.504+0000] {processor.py:925} INFO - DAG(s) 'schedule_produtos_bancarios', 'schedule_produtos_clientes', 'schedule_clientes' retrieved from /opt/airflow/dags/my_python_app_dag.py
[2025-02-27T05:12:46.604+0000] {logging_mixin.py:190} INFO - [2025-02-27T05:12:46.604+0000] {dag.py:3239} INFO - Sync 3 DAGs
[2025-02-27T05:12:46.615+0000] {logging_mixin.py:190} INFO - [2025-02-27T05:12:46.614+0000] {dag.py:4180} INFO - Setting next_dagrun for schedule_clientes to None, run_after=None
[2025-02-27T05:12:46.616+0000] {logging_mixin.py:190} INFO - [2025-02-27T05:12:46.616+0000] {dag.py:4180} INFO - Setting next_dagrun for schedule_produtos_bancarios to None, run_after=None
[2025-02-27T05:12:46.617+0000] {logging_mixin.py:190} INFO - [2025-02-27T05:12:46.617+0000] {dag.py:4180} INFO - Setting next_dagrun for schedule_produtos_clientes to None, run_after=None
[2025-02-27T05:12:46.628+0000] {processor.py:208} INFO - Processing /opt/airflow/dags/my_python_app_dag.py took 0.179 seconds
[2025-02-27T05:13:16.919+0000] {processor.py:186} INFO - Started process (PID=514) to work on /opt/airflow/dags/my_python_app_dag.py
[2025-02-27T05:13:16.921+0000] {processor.py:914} INFO - Processing file /opt/airflow/dags/my_python_app_dag.py for tasks to queue
[2025-02-27T05:13:16.933+0000] {logging_mixin.py:190} INFO - [2025-02-27T05:13:16.932+0000] {dagbag.py:588} INFO - Filling up the DagBag from /opt/airflow/dags/my_python_app_dag.py
[2025-02-27T05:13:16.961+0000] {processor.py:925} INFO - DAG(s) 'schedule_produtos_bancarios', 'schedule_produtos_clientes', 'schedule_clientes' retrieved from /opt/airflow/dags/my_python_app_dag.py
[2025-02-27T05:13:17.056+0000] {logging_mixin.py:190} INFO - [2025-02-27T05:13:17.056+0000] {dag.py:3239} INFO - Sync 3 DAGs
[2025-02-27T05:13:17.067+0000] {logging_mixin.py:190} INFO - [2025-02-27T05:13:17.067+0000] {dag.py:4180} INFO - Setting next_dagrun for schedule_clientes to None, run_after=None
[2025-02-27T05:13:17.069+0000] {logging_mixin.py:190} INFO - [2025-02-27T05:13:17.069+0000] {dag.py:4180} INFO - Setting next_dagrun for schedule_produtos_bancarios to None, run_after=None
[2025-02-27T05:13:17.070+0000] {logging_mixin.py:190} INFO - [2025-02-27T05:13:17.070+0000] {dag.py:4180} INFO - Setting next_dagrun for schedule_produtos_clientes to None, run_after=None
[2025-02-27T05:13:17.080+0000] {processor.py:208} INFO - Processing /opt/airflow/dags/my_python_app_dag.py took 0.175 seconds
[2025-02-27T05:13:47.461+0000] {processor.py:186} INFO - Started process (PID=519) to work on /opt/airflow/dags/my_python_app_dag.py
[2025-02-27T05:13:47.464+0000] {processor.py:914} INFO - Processing file /opt/airflow/dags/my_python_app_dag.py for tasks to queue
[2025-02-27T05:13:47.470+0000] {logging_mixin.py:190} INFO - [2025-02-27T05:13:47.469+0000] {dagbag.py:588} INFO - Filling up the DagBag from /opt/airflow/dags/my_python_app_dag.py
[2025-02-27T05:13:47.493+0000] {processor.py:925} INFO - DAG(s) 'schedule_produtos_clientes', 'schedule_produtos_bancarios', 'schedule_clientes' retrieved from /opt/airflow/dags/my_python_app_dag.py
[2025-02-27T05:13:47.591+0000] {logging_mixin.py:190} INFO - [2025-02-27T05:13:47.591+0000] {dag.py:3239} INFO - Sync 3 DAGs
[2025-02-27T05:13:47.600+0000] {logging_mixin.py:190} INFO - [2025-02-27T05:13:47.600+0000] {dag.py:4180} INFO - Setting next_dagrun for schedule_clientes to None, run_after=None
[2025-02-27T05:13:47.602+0000] {logging_mixin.py:190} INFO - [2025-02-27T05:13:47.602+0000] {dag.py:4180} INFO - Setting next_dagrun for schedule_produtos_bancarios to None, run_after=None
[2025-02-27T05:13:47.602+0000] {logging_mixin.py:190} INFO - [2025-02-27T05:13:47.602+0000] {dag.py:4180} INFO - Setting next_dagrun for schedule_produtos_clientes to None, run_after=None
[2025-02-27T05:13:47.614+0000] {processor.py:208} INFO - Processing /opt/airflow/dags/my_python_app_dag.py took 0.171 seconds
[2025-02-27T05:14:17.887+0000] {processor.py:186} INFO - Started process (PID=524) to work on /opt/airflow/dags/my_python_app_dag.py
[2025-02-27T05:14:17.890+0000] {processor.py:914} INFO - Processing file /opt/airflow/dags/my_python_app_dag.py for tasks to queue
[2025-02-27T05:14:17.898+0000] {logging_mixin.py:190} INFO - [2025-02-27T05:14:17.897+0000] {dagbag.py:588} INFO - Filling up the DagBag from /opt/airflow/dags/my_python_app_dag.py
[2025-02-27T05:14:17.919+0000] {processor.py:925} INFO - DAG(s) 'schedule_clientes', 'schedule_produtos_clientes', 'schedule_produtos_bancarios' retrieved from /opt/airflow/dags/my_python_app_dag.py
[2025-02-27T05:14:18.024+0000] {logging_mixin.py:190} INFO - [2025-02-27T05:14:18.024+0000] {dag.py:3239} INFO - Sync 3 DAGs
[2025-02-27T05:14:18.034+0000] {logging_mixin.py:190} INFO - [2025-02-27T05:14:18.034+0000] {dag.py:4180} INFO - Setting next_dagrun for schedule_clientes to None, run_after=None
[2025-02-27T05:14:18.036+0000] {logging_mixin.py:190} INFO - [2025-02-27T05:14:18.036+0000] {dag.py:4180} INFO - Setting next_dagrun for schedule_produtos_bancarios to None, run_after=None
[2025-02-27T05:14:18.036+0000] {logging_mixin.py:190} INFO - [2025-02-27T05:14:18.036+0000] {dag.py:4180} INFO - Setting next_dagrun for schedule_produtos_clientes to None, run_after=None
[2025-02-27T05:14:18.047+0000] {processor.py:208} INFO - Processing /opt/airflow/dags/my_python_app_dag.py took 0.176 seconds
[2025-02-27T05:14:48.360+0000] {processor.py:186} INFO - Started process (PID=529) to work on /opt/airflow/dags/my_python_app_dag.py
[2025-02-27T05:14:48.366+0000] {processor.py:914} INFO - Processing file /opt/airflow/dags/my_python_app_dag.py for tasks to queue
[2025-02-27T05:14:48.371+0000] {logging_mixin.py:190} INFO - [2025-02-27T05:14:48.371+0000] {dagbag.py:588} INFO - Filling up the DagBag from /opt/airflow/dags/my_python_app_dag.py
[2025-02-27T05:14:48.395+0000] {processor.py:925} INFO - DAG(s) 'schedule_produtos_clientes', 'schedule_produtos_bancarios', 'schedule_clientes' retrieved from /opt/airflow/dags/my_python_app_dag.py
[2025-02-27T05:14:48.498+0000] {logging_mixin.py:190} INFO - [2025-02-27T05:14:48.498+0000] {dag.py:3239} INFO - Sync 3 DAGs
[2025-02-27T05:14:48.508+0000] {logging_mixin.py:190} INFO - [2025-02-27T05:14:48.508+0000] {dag.py:4180} INFO - Setting next_dagrun for schedule_clientes to None, run_after=None
[2025-02-27T05:14:48.511+0000] {logging_mixin.py:190} INFO - [2025-02-27T05:14:48.511+0000] {dag.py:4180} INFO - Setting next_dagrun for schedule_produtos_bancarios to None, run_after=None
[2025-02-27T05:14:48.512+0000] {logging_mixin.py:190} INFO - [2025-02-27T05:14:48.512+0000] {dag.py:4180} INFO - Setting next_dagrun for schedule_produtos_clientes to None, run_after=None
[2025-02-27T05:14:48.525+0000] {processor.py:208} INFO - Processing /opt/airflow/dags/my_python_app_dag.py took 0.185 seconds
[2025-02-27T05:15:18.807+0000] {processor.py:186} INFO - Started process (PID=534) to work on /opt/airflow/dags/my_python_app_dag.py
[2025-02-27T05:15:18.808+0000] {processor.py:914} INFO - Processing file /opt/airflow/dags/my_python_app_dag.py for tasks to queue
[2025-02-27T05:15:18.812+0000] {logging_mixin.py:190} INFO - [2025-02-27T05:15:18.811+0000] {dagbag.py:588} INFO - Filling up the DagBag from /opt/airflow/dags/my_python_app_dag.py
[2025-02-27T05:15:18.832+0000] {processor.py:925} INFO - DAG(s) 'schedule_produtos_clientes', 'schedule_produtos_bancarios', 'schedule_clientes' retrieved from /opt/airflow/dags/my_python_app_dag.py
[2025-02-27T05:15:18.924+0000] {logging_mixin.py:190} INFO - [2025-02-27T05:15:18.923+0000] {dag.py:3239} INFO - Sync 3 DAGs
[2025-02-27T05:15:18.933+0000] {logging_mixin.py:190} INFO - [2025-02-27T05:15:18.933+0000] {dag.py:4180} INFO - Setting next_dagrun for schedule_clientes to None, run_after=None
[2025-02-27T05:15:18.934+0000] {logging_mixin.py:190} INFO - [2025-02-27T05:15:18.934+0000] {dag.py:4180} INFO - Setting next_dagrun for schedule_produtos_bancarios to None, run_after=None
[2025-02-27T05:15:18.935+0000] {logging_mixin.py:190} INFO - [2025-02-27T05:15:18.935+0000] {dag.py:4180} INFO - Setting next_dagrun for schedule_produtos_clientes to None, run_after=None
[2025-02-27T05:15:18.945+0000] {processor.py:208} INFO - Processing /opt/airflow/dags/my_python_app_dag.py took 0.150 seconds
[2025-02-27T05:15:49.226+0000] {processor.py:186} INFO - Started process (PID=539) to work on /opt/airflow/dags/my_python_app_dag.py
[2025-02-27T05:15:49.228+0000] {processor.py:914} INFO - Processing file /opt/airflow/dags/my_python_app_dag.py for tasks to queue
[2025-02-27T05:15:49.231+0000] {logging_mixin.py:190} INFO - [2025-02-27T05:15:49.231+0000] {dagbag.py:588} INFO - Filling up the DagBag from /opt/airflow/dags/my_python_app_dag.py
[2025-02-27T05:15:49.247+0000] {processor.py:925} INFO - DAG(s) 'schedule_produtos_clientes', 'schedule_produtos_bancarios', 'schedule_clientes' retrieved from /opt/airflow/dags/my_python_app_dag.py
[2025-02-27T05:15:49.339+0000] {logging_mixin.py:190} INFO - [2025-02-27T05:15:49.339+0000] {dag.py:3239} INFO - Sync 3 DAGs
[2025-02-27T05:15:49.349+0000] {logging_mixin.py:190} INFO - [2025-02-27T05:15:49.349+0000] {dag.py:4180} INFO - Setting next_dagrun for schedule_clientes to None, run_after=None
[2025-02-27T05:15:49.351+0000] {logging_mixin.py:190} INFO - [2025-02-27T05:15:49.351+0000] {dag.py:4180} INFO - Setting next_dagrun for schedule_produtos_bancarios to None, run_after=None
[2025-02-27T05:15:49.352+0000] {logging_mixin.py:190} INFO - [2025-02-27T05:15:49.352+0000] {dag.py:4180} INFO - Setting next_dagrun for schedule_produtos_clientes to None, run_after=None
[2025-02-27T05:15:49.362+0000] {processor.py:208} INFO - Processing /opt/airflow/dags/my_python_app_dag.py took 0.153 seconds
[2025-02-27T05:16:19.704+0000] {processor.py:186} INFO - Started process (PID=544) to work on /opt/airflow/dags/my_python_app_dag.py
[2025-02-27T05:16:19.706+0000] {processor.py:914} INFO - Processing file /opt/airflow/dags/my_python_app_dag.py for tasks to queue
[2025-02-27T05:16:19.713+0000] {logging_mixin.py:190} INFO - [2025-02-27T05:16:19.713+0000] {dagbag.py:588} INFO - Filling up the DagBag from /opt/airflow/dags/my_python_app_dag.py
[2025-02-27T05:16:19.737+0000] {processor.py:925} INFO - DAG(s) 'schedule_clientes', 'schedule_produtos_bancarios', 'schedule_produtos_clientes' retrieved from /opt/airflow/dags/my_python_app_dag.py
[2025-02-27T05:16:19.827+0000] {logging_mixin.py:190} INFO - [2025-02-27T05:16:19.826+0000] {dag.py:3239} INFO - Sync 3 DAGs
[2025-02-27T05:16:19.836+0000] {logging_mixin.py:190} INFO - [2025-02-27T05:16:19.836+0000] {dag.py:4180} INFO - Setting next_dagrun for schedule_clientes to None, run_after=None
[2025-02-27T05:16:19.838+0000] {logging_mixin.py:190} INFO - [2025-02-27T05:16:19.838+0000] {dag.py:4180} INFO - Setting next_dagrun for schedule_produtos_bancarios to None, run_after=None
[2025-02-27T05:16:19.838+0000] {logging_mixin.py:190} INFO - [2025-02-27T05:16:19.838+0000] {dag.py:4180} INFO - Setting next_dagrun for schedule_produtos_clientes to None, run_after=None
[2025-02-27T05:16:19.849+0000] {processor.py:208} INFO - Processing /opt/airflow/dags/my_python_app_dag.py took 0.156 seconds
[2025-02-27T05:16:50.227+0000] {processor.py:186} INFO - Started process (PID=549) to work on /opt/airflow/dags/my_python_app_dag.py
[2025-02-27T05:16:50.229+0000] {processor.py:914} INFO - Processing file /opt/airflow/dags/my_python_app_dag.py for tasks to queue
[2025-02-27T05:16:50.235+0000] {logging_mixin.py:190} INFO - [2025-02-27T05:16:50.234+0000] {dagbag.py:588} INFO - Filling up the DagBag from /opt/airflow/dags/my_python_app_dag.py
[2025-02-27T05:16:50.258+0000] {processor.py:925} INFO - DAG(s) 'schedule_produtos_clientes', 'schedule_produtos_bancarios', 'schedule_clientes' retrieved from /opt/airflow/dags/my_python_app_dag.py
[2025-02-27T05:16:50.359+0000] {logging_mixin.py:190} INFO - [2025-02-27T05:16:50.358+0000] {dag.py:3239} INFO - Sync 3 DAGs
[2025-02-27T05:16:50.367+0000] {logging_mixin.py:190} INFO - [2025-02-27T05:16:50.367+0000] {dag.py:4180} INFO - Setting next_dagrun for schedule_clientes to None, run_after=None
[2025-02-27T05:16:50.369+0000] {logging_mixin.py:190} INFO - [2025-02-27T05:16:50.369+0000] {dag.py:4180} INFO - Setting next_dagrun for schedule_produtos_bancarios to None, run_after=None
[2025-02-27T05:16:50.370+0000] {logging_mixin.py:190} INFO - [2025-02-27T05:16:50.370+0000] {dag.py:4180} INFO - Setting next_dagrun for schedule_produtos_clientes to None, run_after=None
[2025-02-27T05:16:50.380+0000] {processor.py:208} INFO - Processing /opt/airflow/dags/my_python_app_dag.py took 0.165 seconds
[2025-02-27T05:17:20.704+0000] {processor.py:186} INFO - Started process (PID=554) to work on /opt/airflow/dags/my_python_app_dag.py
[2025-02-27T05:17:20.707+0000] {processor.py:914} INFO - Processing file /opt/airflow/dags/my_python_app_dag.py for tasks to queue
[2025-02-27T05:17:20.711+0000] {logging_mixin.py:190} INFO - [2025-02-27T05:17:20.710+0000] {dagbag.py:588} INFO - Filling up the DagBag from /opt/airflow/dags/my_python_app_dag.py
[2025-02-27T05:17:20.735+0000] {processor.py:925} INFO - DAG(s) 'schedule_produtos_bancarios', 'schedule_produtos_clientes', 'schedule_clientes' retrieved from /opt/airflow/dags/my_python_app_dag.py
[2025-02-27T05:17:20.822+0000] {logging_mixin.py:190} INFO - [2025-02-27T05:17:20.822+0000] {dag.py:3239} INFO - Sync 3 DAGs
[2025-02-27T05:17:20.835+0000] {logging_mixin.py:190} INFO - [2025-02-27T05:17:20.835+0000] {dag.py:4180} INFO - Setting next_dagrun for schedule_clientes to None, run_after=None
[2025-02-27T05:17:20.837+0000] {logging_mixin.py:190} INFO - [2025-02-27T05:17:20.837+0000] {dag.py:4180} INFO - Setting next_dagrun for schedule_produtos_bancarios to None, run_after=None
[2025-02-27T05:17:20.840+0000] {logging_mixin.py:190} INFO - [2025-02-27T05:17:20.840+0000] {dag.py:4180} INFO - Setting next_dagrun for schedule_produtos_clientes to None, run_after=None
[2025-02-27T05:17:20.854+0000] {processor.py:208} INFO - Processing /opt/airflow/dags/my_python_app_dag.py took 0.170 seconds
[2025-02-27T05:17:51.289+0000] {processor.py:186} INFO - Started process (PID=559) to work on /opt/airflow/dags/my_python_app_dag.py
[2025-02-27T05:17:51.291+0000] {processor.py:914} INFO - Processing file /opt/airflow/dags/my_python_app_dag.py for tasks to queue
[2025-02-27T05:17:51.295+0000] {logging_mixin.py:190} INFO - [2025-02-27T05:17:51.295+0000] {dagbag.py:588} INFO - Filling up the DagBag from /opt/airflow/dags/my_python_app_dag.py
[2025-02-27T05:17:51.323+0000] {processor.py:925} INFO - DAG(s) 'schedule_clientes', 'schedule_produtos_bancarios', 'schedule_produtos_clientes' retrieved from /opt/airflow/dags/my_python_app_dag.py
[2025-02-27T05:17:51.428+0000] {logging_mixin.py:190} INFO - [2025-02-27T05:17:51.428+0000] {dag.py:3239} INFO - Sync 3 DAGs
[2025-02-27T05:17:51.436+0000] {logging_mixin.py:190} INFO - [2025-02-27T05:17:51.436+0000] {dag.py:4180} INFO - Setting next_dagrun for schedule_clientes to None, run_after=None
[2025-02-27T05:17:51.438+0000] {logging_mixin.py:190} INFO - [2025-02-27T05:17:51.438+0000] {dag.py:4180} INFO - Setting next_dagrun for schedule_produtos_bancarios to None, run_after=None
[2025-02-27T05:17:51.438+0000] {logging_mixin.py:190} INFO - [2025-02-27T05:17:51.438+0000] {dag.py:4180} INFO - Setting next_dagrun for schedule_produtos_clientes to None, run_after=None
[2025-02-27T05:17:51.449+0000] {processor.py:208} INFO - Processing /opt/airflow/dags/my_python_app_dag.py took 0.172 seconds
[2025-02-27T05:18:21.719+0000] {processor.py:186} INFO - Started process (PID=564) to work on /opt/airflow/dags/my_python_app_dag.py
[2025-02-27T05:18:21.721+0000] {processor.py:914} INFO - Processing file /opt/airflow/dags/my_python_app_dag.py for tasks to queue
[2025-02-27T05:18:21.728+0000] {logging_mixin.py:190} INFO - [2025-02-27T05:18:21.728+0000] {dagbag.py:588} INFO - Filling up the DagBag from /opt/airflow/dags/my_python_app_dag.py
[2025-02-27T05:18:21.752+0000] {processor.py:925} INFO - DAG(s) 'schedule_clientes', 'schedule_produtos_bancarios', 'schedule_produtos_clientes' retrieved from /opt/airflow/dags/my_python_app_dag.py
[2025-02-27T05:18:21.842+0000] {logging_mixin.py:190} INFO - [2025-02-27T05:18:21.842+0000] {dag.py:3239} INFO - Sync 3 DAGs
[2025-02-27T05:18:21.850+0000] {logging_mixin.py:190} INFO - [2025-02-27T05:18:21.850+0000] {dag.py:4180} INFO - Setting next_dagrun for schedule_clientes to None, run_after=None
[2025-02-27T05:18:21.852+0000] {logging_mixin.py:190} INFO - [2025-02-27T05:18:21.852+0000] {dag.py:4180} INFO - Setting next_dagrun for schedule_produtos_bancarios to None, run_after=None
[2025-02-27T05:18:21.852+0000] {logging_mixin.py:190} INFO - [2025-02-27T05:18:21.852+0000] {dag.py:4180} INFO - Setting next_dagrun for schedule_produtos_clientes to None, run_after=None
[2025-02-27T05:18:21.864+0000] {processor.py:208} INFO - Processing /opt/airflow/dags/my_python_app_dag.py took 0.159 seconds
