[2025-03-23T18:54:51.750+0000] {local_task_job_runner.py:123} INFO - ::group::Pre task execution logs
[2025-03-23T18:54:51.796+0000] {taskinstance.py:2614} INFO - Dependencies all met for dep_context=non-requeueable deps ti=<TaskInstance: schedule.ingestao_bronze_produtos_bancarios scheduled__2025-03-22T08:00:00+00:00 [queued]>
[2025-03-23T18:54:51.820+0000] {taskinstance.py:2614} INFO - Dependencies all met for dep_context=requeueable deps ti=<TaskInstance: schedule.ingestao_bronze_produtos_bancarios scheduled__2025-03-22T08:00:00+00:00 [queued]>
[2025-03-23T18:54:51.821+0000] {taskinstance.py:2867} INFO - Starting attempt 1 of 1
[2025-03-23T18:54:51.845+0000] {taskinstance.py:2890} INFO - Executing <Task(PythonOperator): ingestao_bronze_produtos_bancarios> on 2025-03-22 08:00:00+00:00
[2025-03-23T18:54:51.854+0000] {standard_task_runner.py:72} INFO - Started process 1325 to run task
[2025-03-23T18:54:51.861+0000] {standard_task_runner.py:104} INFO - Running: ['airflow', 'tasks', 'run', 'schedule', 'ingestao_bronze_produtos_bancarios', 'scheduled__2025-03-22T08:00:00+00:00', '--job-id', '1904', '--raw', '--subdir', 'DAGS_FOLDER/dag_master.py', '--cfg-path', '/tmp/tmpo_nk6j51']
[2025-03-23T18:54:51.871+0000] {standard_task_runner.py:105} INFO - Job 1904: Subtask ingestao_bronze_produtos_bancarios
[2025-03-23T18:54:51.902+0000] {logging_mixin.py:190} WARNING - /home/airflow/.local/lib/python3.8/site-packages/airflow/settings.py:209 DeprecationWarning: The sql_alchemy_conn option in [core] has been moved to the sql_alchemy_conn option in [database] - the old setting has been used, but please update your config.
[2025-03-23T18:54:51.954+0000] {task_command.py:467} INFO - Running <TaskInstance: schedule.ingestao_bronze_produtos_bancarios scheduled__2025-03-22T08:00:00+00:00 [running]> on host b612e1a2c49c
[2025-03-23T18:54:51.958+0000] {logging_mixin.py:190} WARNING - /home/airflow/.local/lib/python3.8/site-packages/airflow/settings.py:470 DeprecationWarning: The sql_alchemy_conn option in [core] has been moved to the sql_alchemy_conn option in [database] - the old setting has been used, but please update your config.
[2025-03-23T18:54:52.049+0000] {taskinstance.py:3134} INFO - Exporting env vars: AIRFLOW_CTX_DAG_OWNER='airflow' AIRFLOW_CTX_DAG_ID='schedule' AIRFLOW_CTX_TASK_ID='ingestao_bronze_produtos_bancarios' AIRFLOW_CTX_EXECUTION_DATE='2025-03-22T08:00:00+00:00' AIRFLOW_CTX_TRY_NUMBER='1' AIRFLOW_CTX_DAG_RUN_ID='scheduled__2025-03-22T08:00:00+00:00'
[2025-03-23T18:54:52.050+0000] {taskinstance.py:732} INFO - ::endgroup::
[2025-03-23T18:54:52.500+0000] {logging_mixin.py:190} INFO - Job iniciado com sucesso. Run ID: 510389774561780
[2025-03-23T18:57:05.017+0000] {logging_mixin.py:190} INFO - Job finalizado com sucesso. Detalhes: {'job_id': 1047983050072156, 'run_id': 510389774561780, 'creator_user_name': 'maria_apmattos@hotmail.com', 'number_in_job': 510389774561780, 'original_attempt_run_id': 510389774561780, 'state': {'life_cycle_state': 'TERMINATED', 'result_state': 'SUCCESS', 'state_message': '', 'user_cancelled_or_timedout': False}, 'task': {'notebook_task': {'notebook_path': '/Workspace/Users/maria_apmattos@hotmail.com/data_master/TemplatesDatabricks/Ingestion_bronze_template', 'base_parameters': {'param1': 'b_cad', 'param5': 'csv', 'param4': 'append', 'param3': "['produto_id', 'nome', 'descricao', 'categoria']", 'param6': ',', 'param2': 'produtos', 'param7': '20250207'}, 'source': 'WORKSPACE'}}, 'cluster_spec': {'existing_cluster_id': '0129-031548-z9ttog72'}, 'cluster_instance': {'cluster_id': '0129-031548-z9ttog72', 'spark_context_id': '319581178355625606'}, 'overriding_parameters': {'notebook_params': {'param1': 'b_cad', 'param2': 'produtos', 'param3': "['produto_id', 'nome', 'descricao', 'categoria']", 'param4': 'append', 'param5': 'csv', 'param6': ',', 'param7': '20250323'}}, 'start_time': 1742756092343, 'setup_duration': 2000, 'execution_duration': 124000, 'cleanup_duration': 0, 'end_time': 1742756219593, 'run_duration': 127250, 'trigger': 'ONE_TIME', 'run_name': 'Camada Bronze - Template_Ingestion Tabela b_cad.produtos', 'run_page_url': 'https://adb-2740266284098548.8.azuredatabricks.net/?o=2740266284098548#job/1047983050072156/run/510389774561780', 'run_type': 'JOB_RUN', 'attempt_number': 0, 'format': 'SINGLE_TASK', 'status': {'state': 'TERMINATED', 'termination_details': {'code': 'SUCCESS', 'type': 'SUCCESS', 'message': ''}}, 'job_run_id': 510389774561780}
[2025-03-23T18:57:05.022+0000] {python.py:240} INFO - Done. Returned value was: None
[2025-03-23T18:57:05.039+0000] {taskinstance.py:341} INFO - ::group::Post task execution logs
[2025-03-23T18:57:05.040+0000] {taskinstance.py:353} INFO - Marking task as SUCCESS. dag_id=schedule, task_id=ingestao_bronze_produtos_bancarios, run_id=scheduled__2025-03-22T08:00:00+00:00, execution_date=20250322T080000, start_date=20250323T185451, end_date=20250323T185705
[2025-03-23T18:57:05.093+0000] {local_task_job_runner.py:266} INFO - Task exited with return code 0
[2025-03-23T18:57:05.121+0000] {taskinstance.py:3901} INFO - 1 downstream tasks scheduled from follow-on schedule check
[2025-03-23T18:57:05.122+0000] {local_task_job_runner.py:245} INFO - ::endgroup::
