[2025-03-23T18:54:49.646+0000] {local_task_job_runner.py:123} INFO - ::group::Pre task execution logs
[2025-03-23T18:54:49.723+0000] {taskinstance.py:2614} INFO - Dependencies all met for dep_context=non-requeueable deps ti=<TaskInstance: schedule.expurgo_clientes_produtos manual__2025-03-23T18:54:43.577498+00:00 [queued]>
[2025-03-23T18:54:49.736+0000] {taskinstance.py:2614} INFO - Dependencies all met for dep_context=requeueable deps ti=<TaskInstance: schedule.expurgo_clientes_produtos manual__2025-03-23T18:54:43.577498+00:00 [queued]>
[2025-03-23T18:54:49.738+0000] {taskinstance.py:2867} INFO - Starting attempt 1 of 1
[2025-03-23T18:54:49.752+0000] {taskinstance.py:2890} INFO - Executing <Task(BashOperator): expurgo_clientes_produtos> on 2025-03-23 18:54:43.577498+00:00
[2025-03-23T18:54:49.756+0000] {standard_task_runner.py:72} INFO - Started process 1239 to run task
[2025-03-23T18:54:49.768+0000] {standard_task_runner.py:104} INFO - Running: ['airflow', 'tasks', 'run', 'schedule', 'expurgo_clientes_produtos', 'manual__2025-03-23T18:54:43.577498+00:00', '--job-id', '1897', '--raw', '--subdir', 'DAGS_FOLDER/dag_master.py', '--cfg-path', '/tmp/tmp9mfzjhag']
[2025-03-23T18:54:49.782+0000] {standard_task_runner.py:105} INFO - Job 1897: Subtask expurgo_clientes_produtos
[2025-03-23T18:54:49.838+0000] {logging_mixin.py:190} WARNING - /home/airflow/.local/lib/python3.8/site-packages/airflow/settings.py:209 DeprecationWarning: The sql_alchemy_conn option in [core] has been moved to the sql_alchemy_conn option in [database] - the old setting has been used, but please update your config.
[2025-03-23T18:54:49.946+0000] {task_command.py:467} INFO - Running <TaskInstance: schedule.expurgo_clientes_produtos manual__2025-03-23T18:54:43.577498+00:00 [running]> on host b612e1a2c49c
[2025-03-23T18:54:50.122+0000] {taskinstance.py:3134} INFO - Exporting env vars: AIRFLOW_CTX_DAG_OWNER='airflow' AIRFLOW_CTX_DAG_ID='schedule' AIRFLOW_CTX_TASK_ID='expurgo_clientes_produtos' AIRFLOW_CTX_EXECUTION_DATE='2025-03-23T18:54:43.577498+00:00' AIRFLOW_CTX_TRY_NUMBER='1' AIRFLOW_CTX_DAG_RUN_ID='manual__2025-03-23T18:54:43.577498+00:00'
[2025-03-23T18:54:50.123+0000] {taskinstance.py:732} INFO - ::endgroup::
[2025-03-23T18:54:50.138+0000] {subprocess.py:78} INFO - Tmp dir root location: /tmp
[2025-03-23T18:54:50.139+0000] {subprocess.py:88} INFO - Running command: ['/bin/bash', '-c', 'docker exec linux_python /bin/bash -c \'/workspace/scripts/expurgo_server.sh /path/to/move_cloud/clientes_produtos/ && echo "Script Executado com Sucesso!"\'']
[2025-03-23T18:54:50.154+0000] {subprocess.py:99} INFO - Output:
[2025-03-23T18:54:50.404+0000] {subprocess.py:106} INFO - Verificando diretorio: /path/to/move_cloud/clientes_produtos/
[2025-03-23T18:54:50.406+0000] {subprocess.py:106} INFO - Conteúdo do diretório antes da limpeza:
[2025-03-23T18:54:50.408+0000] {subprocess.py:106} INFO - clientes_produtos.csv
[2025-03-23T18:54:50.409+0000] {subprocess.py:106} INFO - Apagando itens do diretório...
[2025-03-23T18:54:50.411+0000] {subprocess.py:106} INFO - Verificando se o diretório está vazio...
[2025-03-23T18:54:50.412+0000] {subprocess.py:106} INFO - O diretório está vazio.
[2025-03-23T18:54:50.412+0000] {subprocess.py:106} INFO - Script Executado com Sucesso!
[2025-03-23T18:54:50.433+0000] {subprocess.py:110} INFO - Command exited with return code 0
[2025-03-23T18:54:50.501+0000] {taskinstance.py:341} INFO - ::group::Post task execution logs
[2025-03-23T18:54:50.502+0000] {taskinstance.py:353} INFO - Marking task as SUCCESS. dag_id=schedule, task_id=expurgo_clientes_produtos, run_id=manual__2025-03-23T18:54:43.577498+00:00, execution_date=20250323T185443, start_date=20250323T185449, end_date=20250323T185450
[2025-03-23T18:54:50.577+0000] {local_task_job_runner.py:266} INFO - Task exited with return code 0
[2025-03-23T18:54:50.606+0000] {local_task_job_runner.py:245} INFO - ::endgroup::
