[2025-03-19T04:07:57.330+0000] {local_task_job_runner.py:123} INFO - ::group::Pre task execution logs
[2025-03-19T04:07:57.447+0000] {taskinstance.py:2614} INFO - Dependencies all met for dep_context=non-requeueable deps ti=<TaskInstance: dag_create_table.create_table scheduled__2025-03-13T08:00:00+00:00 [queued]>
[2025-03-19T04:07:57.473+0000] {taskinstance.py:2614} INFO - Dependencies all met for dep_context=requeueable deps ti=<TaskInstance: dag_create_table.create_table scheduled__2025-03-13T08:00:00+00:00 [queued]>
[2025-03-19T04:07:57.478+0000] {taskinstance.py:2867} INFO - Starting attempt 1 of 1
[2025-03-19T04:07:57.540+0000] {taskinstance.py:2890} INFO - Executing <Task(PythonOperator): create_table> on 2025-03-13 08:00:00+00:00
[2025-03-19T04:07:57.562+0000] {standard_task_runner.py:72} INFO - Started process 222 to run task
[2025-03-19T04:07:57.577+0000] {standard_task_runner.py:104} INFO - Running: ['airflow', 'tasks', 'run', 'dag_create_table', 'create_table', 'scheduled__2025-03-13T08:00:00+00:00', '--job-id', '1766', '--raw', '--subdir', 'DAGS_FOLDER/dag_create_table.py', '--cfg-path', '/tmp/tmp3h3vqmdh']
[2025-03-19T04:07:57.598+0000] {standard_task_runner.py:105} INFO - Job 1766: Subtask create_table
[2025-03-19T04:07:57.682+0000] {logging_mixin.py:190} WARNING - /home/airflow/.local/lib/python3.8/site-packages/airflow/settings.py:209 DeprecationWarning: The sql_alchemy_conn option in [core] has been moved to the sql_alchemy_conn option in [database] - the old setting has been used, but please update your config.
[2025-03-19T04:07:57.890+0000] {task_command.py:467} INFO - Running <TaskInstance: dag_create_table.create_table scheduled__2025-03-13T08:00:00+00:00 [running]> on host ba4f69b9f213
[2025-03-19T04:07:57.931+0000] {logging_mixin.py:190} WARNING - /home/airflow/.local/lib/python3.8/site-packages/airflow/settings.py:470 DeprecationWarning: The sql_alchemy_conn option in [core] has been moved to the sql_alchemy_conn option in [database] - the old setting has been used, but please update your config.
[2025-03-19T04:07:58.464+0000] {taskinstance.py:3134} INFO - Exporting env vars: AIRFLOW_CTX_DAG_OWNER='airflow' AIRFLOW_CTX_DAG_ID='dag_create_table' AIRFLOW_CTX_TASK_ID='create_table' AIRFLOW_CTX_EXECUTION_DATE='2025-03-13T08:00:00+00:00' AIRFLOW_CTX_TRY_NUMBER='1' AIRFLOW_CTX_DAG_RUN_ID='scheduled__2025-03-13T08:00:00+00:00'
[2025-03-19T04:07:58.474+0000] {taskinstance.py:732} INFO - ::endgroup::
[2025-03-19T04:08:00.329+0000] {logging_mixin.py:190} INFO - Job iniciado com sucesso. Run ID: 1036197141620502
[2025-03-19T04:15:38.931+0000] {logging_mixin.py:190} INFO - Job finalizado com sucesso. Detalhes: {'job_id': 459472940773271, 'run_id': 1036197141620502, 'creator_user_name': 'maria_apmattos@hotmail.com', 'number_in_job': 1036197141620502, 'original_attempt_run_id': 1036197141620502, 'state': {'life_cycle_state': 'TERMINATED', 'result_state': 'SUCCESS', 'state_message': '', 'user_cancelled_or_timedout': False}, 'task': {'notebook_task': {'notebook_path': '/Workspace/Users/maria_apmattos@hotmail.com/data_master/TemplatesDatabricks/Create Tables', 'source': 'WORKSPACE'}}, 'cluster_spec': {'existing_cluster_id': '0129-031548-z9ttog72'}, 'cluster_instance': {'cluster_id': '0129-031548-z9ttog72', 'spark_context_id': '2047029683333054694'}, 'start_time': 1742357279838, 'setup_duration': 349000, 'execution_duration': 100000, 'cleanup_duration': 0, 'end_time': 1742357730049, 'run_duration': 450211, 'trigger': 'ONE_TIME', 'run_name': 'Create_table', 'run_page_url': 'https://adb-2740266284098548.8.azuredatabricks.net/?o=2740266284098548#job/459472940773271/run/1036197141620502', 'run_type': 'JOB_RUN', 'attempt_number': 0, 'format': 'SINGLE_TASK', 'status': {'state': 'TERMINATED', 'termination_details': {'code': 'SUCCESS', 'type': 'SUCCESS', 'message': ''}}, 'job_run_id': 1036197141620502}
[2025-03-19T04:15:38.949+0000] {python.py:240} INFO - Done. Returned value was: None
[2025-03-19T04:15:39.143+0000] {taskinstance.py:341} INFO - ::group::Post task execution logs
[2025-03-19T04:15:39.146+0000] {taskinstance.py:353} INFO - Marking task as SUCCESS. dag_id=dag_create_table, task_id=create_table, run_id=scheduled__2025-03-13T08:00:00+00:00, execution_date=20250313T080000, start_date=20250319T040757, end_date=20250319T041539
[2025-03-19T04:15:39.234+0000] {local_task_job_runner.py:266} INFO - Task exited with return code 0
[2025-03-19T04:15:39.293+0000] {taskinstance.py:3901} INFO - 0 downstream tasks scheduled from follow-on schedule check
[2025-03-19T04:15:39.294+0000] {local_task_job_runner.py:245} INFO - ::endgroup::
