[2025-03-23T19:09:42.212+0000] {local_task_job_runner.py:123} INFO - ::group::Pre task execution logs
[2025-03-23T19:09:42.227+0000] {taskinstance.py:2614} INFO - Dependencies all met for dep_context=non-requeueable deps ti=<TaskInstance: schedule.expurgo_produtos_bancarios manual__2025-03-23T19:09:37.420384+00:00 [queued]>
[2025-03-23T19:09:42.234+0000] {taskinstance.py:2614} INFO - Dependencies all met for dep_context=requeueable deps ti=<TaskInstance: schedule.expurgo_produtos_bancarios manual__2025-03-23T19:09:37.420384+00:00 [queued]>
[2025-03-23T19:09:42.234+0000] {taskinstance.py:2867} INFO - Starting attempt 1 of 1
[2025-03-23T19:09:42.242+0000] {taskinstance.py:2890} INFO - Executing <Task(BashOperator): expurgo_produtos_bancarios> on 2025-03-23 19:09:37.420384+00:00
[2025-03-23T19:09:42.246+0000] {standard_task_runner.py:72} INFO - Started process 2405 to run task
[2025-03-23T19:09:42.252+0000] {standard_task_runner.py:104} INFO - Running: ['airflow', 'tasks', 'run', 'schedule', 'expurgo_produtos_bancarios', 'manual__2025-03-23T19:09:37.420384+00:00', '--job-id', '1921', '--raw', '--subdir', 'DAGS_FOLDER/dag_master.py', '--cfg-path', '/tmp/tmpkjf9wdk3']
[2025-03-23T19:09:42.256+0000] {standard_task_runner.py:105} INFO - Job 1921: Subtask expurgo_produtos_bancarios
[2025-03-23T19:09:42.274+0000] {logging_mixin.py:190} WARNING - /home/airflow/.local/lib/python3.8/site-packages/airflow/settings.py:209 DeprecationWarning: The sql_alchemy_conn option in [core] has been moved to the sql_alchemy_conn option in [database] - the old setting has been used, but please update your config.
[2025-03-23T19:09:42.304+0000] {task_command.py:467} INFO - Running <TaskInstance: schedule.expurgo_produtos_bancarios manual__2025-03-23T19:09:37.420384+00:00 [running]> on host b612e1a2c49c
[2025-03-23T19:09:42.366+0000] {taskinstance.py:3134} INFO - Exporting env vars: AIRFLOW_CTX_DAG_OWNER='airflow' AIRFLOW_CTX_DAG_ID='schedule' AIRFLOW_CTX_TASK_ID='expurgo_produtos_bancarios' AIRFLOW_CTX_EXECUTION_DATE='2025-03-23T19:09:37.420384+00:00' AIRFLOW_CTX_TRY_NUMBER='1' AIRFLOW_CTX_DAG_RUN_ID='manual__2025-03-23T19:09:37.420384+00:00'
[2025-03-23T19:09:42.367+0000] {taskinstance.py:732} INFO - ::endgroup::
[2025-03-23T19:09:42.374+0000] {subprocess.py:78} INFO - Tmp dir root location: /tmp
[2025-03-23T19:09:42.375+0000] {subprocess.py:88} INFO - Running command: ['/bin/bash', '-c', 'docker exec linux_python /bin/bash -c \'/workspace/scripts/expurgo_server.sh /path/to/move_cloud/produtos_bancarios/ && echo "Script Executado com Sucesso!"\'']
[2025-03-23T19:09:42.384+0000] {subprocess.py:99} INFO - Output:
[2025-03-23T19:09:42.488+0000] {subprocess.py:106} INFO - Verificando diretorio: /path/to/move_cloud/produtos_bancarios/
[2025-03-23T19:09:42.489+0000] {subprocess.py:106} INFO - Conteúdo do diretório antes da limpeza:
[2025-03-23T19:09:42.490+0000] {subprocess.py:106} INFO - produtos_bancarios.csv
[2025-03-23T19:09:42.490+0000] {subprocess.py:106} INFO - Apagando itens do diretório...
[2025-03-23T19:09:42.491+0000] {subprocess.py:106} INFO - Verificando se o diretório está vazio...
[2025-03-23T19:09:42.493+0000] {subprocess.py:106} INFO - O diretório está vazio.
[2025-03-23T19:09:42.493+0000] {subprocess.py:106} INFO - Script Executado com Sucesso!
[2025-03-23T19:09:42.503+0000] {subprocess.py:110} INFO - Command exited with return code 0
[2025-03-23T19:09:42.528+0000] {taskinstance.py:341} INFO - ::group::Post task execution logs
[2025-03-23T19:09:42.529+0000] {taskinstance.py:353} INFO - Marking task as SUCCESS. dag_id=schedule, task_id=expurgo_produtos_bancarios, run_id=manual__2025-03-23T19:09:37.420384+00:00, execution_date=20250323T190937, start_date=20250323T190942, end_date=20250323T190942
[2025-03-23T19:09:42.558+0000] {local_task_job_runner.py:266} INFO - Task exited with return code 0
[2025-03-23T19:09:42.583+0000] {taskinstance.py:3901} INFO - 1 downstream tasks scheduled from follow-on schedule check
[2025-03-23T19:09:42.585+0000] {local_task_job_runner.py:245} INFO - ::endgroup::
