[2025-03-23T18:54:45.033+0000] {local_task_job_runner.py:123} INFO - ::group::Pre task execution logs
[2025-03-23T18:54:45.063+0000] {taskinstance.py:2614} INFO - Dependencies all met for dep_context=non-requeueable deps ti=<TaskInstance: schedule.run_copy_produtos_bancarios scheduled__2025-03-22T08:00:00+00:00 [queued]>
[2025-03-23T18:54:45.073+0000] {taskinstance.py:2614} INFO - Dependencies all met for dep_context=requeueable deps ti=<TaskInstance: schedule.run_copy_produtos_bancarios scheduled__2025-03-22T08:00:00+00:00 [queued]>
[2025-03-23T18:54:45.074+0000] {taskinstance.py:2867} INFO - Starting attempt 1 of 1
[2025-03-23T18:54:45.096+0000] {taskinstance.py:2890} INFO - Executing <Task(BashOperator): run_copy_produtos_bancarios> on 2025-03-22 08:00:00+00:00
[2025-03-23T18:54:45.103+0000] {standard_task_runner.py:72} INFO - Started process 1069 to run task
[2025-03-23T18:54:45.119+0000] {standard_task_runner.py:104} INFO - Running: ['airflow', 'tasks', 'run', 'schedule', 'run_copy_produtos_bancarios', 'scheduled__2025-03-22T08:00:00+00:00', '--job-id', '1887', '--raw', '--subdir', 'DAGS_FOLDER/dag_master.py', '--cfg-path', '/tmp/tmpgl4in5rb']
[2025-03-23T18:54:45.133+0000] {standard_task_runner.py:105} INFO - Job 1887: Subtask run_copy_produtos_bancarios
[2025-03-23T18:54:45.186+0000] {logging_mixin.py:190} WARNING - /home/airflow/.local/lib/python3.8/site-packages/airflow/settings.py:209 DeprecationWarning: The sql_alchemy_conn option in [core] has been moved to the sql_alchemy_conn option in [database] - the old setting has been used, but please update your config.
[2025-03-23T18:54:45.270+0000] {task_command.py:467} INFO - Running <TaskInstance: schedule.run_copy_produtos_bancarios scheduled__2025-03-22T08:00:00+00:00 [running]> on host b612e1a2c49c
[2025-03-23T18:54:45.272+0000] {logging_mixin.py:190} WARNING - /home/airflow/.local/lib/python3.8/site-packages/airflow/settings.py:470 DeprecationWarning: The sql_alchemy_conn option in [core] has been moved to the sql_alchemy_conn option in [database] - the old setting has been used, but please update your config.
[2025-03-23T18:54:45.373+0000] {taskinstance.py:3134} INFO - Exporting env vars: AIRFLOW_CTX_DAG_OWNER='airflow' AIRFLOW_CTX_DAG_ID='schedule' AIRFLOW_CTX_TASK_ID='run_copy_produtos_bancarios' AIRFLOW_CTX_EXECUTION_DATE='2025-03-22T08:00:00+00:00' AIRFLOW_CTX_TRY_NUMBER='1' AIRFLOW_CTX_DAG_RUN_ID='scheduled__2025-03-22T08:00:00+00:00'
[2025-03-23T18:54:45.376+0000] {taskinstance.py:732} INFO - ::endgroup::
[2025-03-23T18:54:45.390+0000] {subprocess.py:78} INFO - Tmp dir root location: /tmp
[2025-03-23T18:54:45.391+0000] {subprocess.py:88} INFO - Running command: ['/bin/bash', '-c', 'docker exec linux_python /bin/bash -c \'/workspace/scripts/run_copy.sh /var/lib/postgresql/exports/produtos_bancarios.csv /path/to/move_cloud/produtos_bancarios && echo "Script Executado com Sucesso!"\'']
[2025-03-23T18:54:45.406+0000] {subprocess.py:99} INFO - Output:
[2025-03-23T18:54:45.669+0000] {subprocess.py:106} INFO - -----------------------------------------------------------------------
[2025-03-23T18:54:45.671+0000] {subprocess.py:106} INFO - ------------------------- START SCRIPT --------------------------------
[2025-03-23T18:54:45.672+0000] {subprocess.py:106} INFO - -----------------------------------------------------------------------
[2025-03-23T18:54:45.673+0000] {subprocess.py:106} INFO - Arquivo /var/lib/postgresql/exports/produtos_bancarios.csv encontrado!
[2025-03-23T18:54:45.719+0000] {subprocess.py:106} INFO - INFO:root:Copia /var/lib/postgresql/exports/produtos_bancarios.csv para /path/to/move_cloud/produtos_bancarios/produtos_bancarios.csv
[2025-03-23T18:54:45.723+0000] {subprocess.py:106} INFO - INFO:root:/var/lib/postgresql/exports/produtos_bancarios.csv copiado com sucesso.
[2025-03-23T18:54:45.732+0000] {subprocess.py:106} INFO - INFO:root:### A primeira linha de produtos_bancarios.csv é: ['produto_id', 'nome', 'descricao', 'categoria', 'data_lancamento', 'taxa_juros', 'taxa_administracao', 'limite_credito', 'prazo', 'contato_suporte', 'taxa_adesao', 'data_ultima_atualizacao', 'prazo_carencia', 'taxa_rentabilidade', 'periodo_investimento', 'multa_cancelamento']
[2025-03-23T18:54:45.735+0000] {subprocess.py:106} INFO - Script Executado com Sucesso!
[2025-03-23T18:54:45.740+0000] {subprocess.py:110} INFO - Command exited with return code 0
[2025-03-23T18:54:45.789+0000] {taskinstance.py:341} INFO - ::group::Post task execution logs
[2025-03-23T18:54:45.791+0000] {taskinstance.py:353} INFO - Marking task as SUCCESS. dag_id=schedule, task_id=run_copy_produtos_bancarios, run_id=scheduled__2025-03-22T08:00:00+00:00, execution_date=20250322T080000, start_date=20250323T185445, end_date=20250323T185445
[2025-03-23T18:54:45.842+0000] {local_task_job_runner.py:266} INFO - Task exited with return code 0
[2025-03-23T18:54:45.911+0000] {taskinstance.py:3901} INFO - 1 downstream tasks scheduled from follow-on schedule check
[2025-03-23T18:54:45.913+0000] {local_task_job_runner.py:245} INFO - ::endgroup::
