[2025-03-23T18:57:06.281+0000] {local_task_job_runner.py:123} INFO - ::group::Pre task execution logs
[2025-03-23T18:57:06.296+0000] {taskinstance.py:2614} INFO - Dependencies all met for dep_context=non-requeueable deps ti=<TaskInstance: schedule.expurgo_stage_clientes scheduled__2025-03-22T08:00:00+00:00 [queued]>
[2025-03-23T18:57:06.301+0000] {taskinstance.py:2614} INFO - Dependencies all met for dep_context=requeueable deps ti=<TaskInstance: schedule.expurgo_stage_clientes scheduled__2025-03-22T08:00:00+00:00 [queued]>
[2025-03-23T18:57:06.302+0000] {taskinstance.py:2867} INFO - Starting attempt 1 of 1
[2025-03-23T18:57:06.310+0000] {taskinstance.py:2890} INFO - Executing <Task(PythonOperator): expurgo_stage_clientes> on 2025-03-22 08:00:00+00:00
[2025-03-23T18:57:06.314+0000] {standard_task_runner.py:72} INFO - Started process 1483 to run task
[2025-03-23T18:57:06.317+0000] {standard_task_runner.py:104} INFO - Running: ['airflow', 'tasks', 'run', 'schedule', 'expurgo_stage_clientes', 'scheduled__2025-03-22T08:00:00+00:00', '--job-id', '1911', '--raw', '--subdir', 'DAGS_FOLDER/dag_master.py', '--cfg-path', '/tmp/tmpi2x__n_j']
[2025-03-23T18:57:06.319+0000] {standard_task_runner.py:105} INFO - Job 1911: Subtask expurgo_stage_clientes
[2025-03-23T18:57:06.332+0000] {logging_mixin.py:190} WARNING - /home/airflow/.local/lib/python3.8/site-packages/airflow/settings.py:209 DeprecationWarning: The sql_alchemy_conn option in [core] has been moved to the sql_alchemy_conn option in [database] - the old setting has been used, but please update your config.
[2025-03-23T18:57:06.358+0000] {task_command.py:467} INFO - Running <TaskInstance: schedule.expurgo_stage_clientes scheduled__2025-03-22T08:00:00+00:00 [running]> on host b612e1a2c49c
[2025-03-23T18:57:06.359+0000] {logging_mixin.py:190} WARNING - /home/airflow/.local/lib/python3.8/site-packages/airflow/settings.py:470 DeprecationWarning: The sql_alchemy_conn option in [core] has been moved to the sql_alchemy_conn option in [database] - the old setting has been used, but please update your config.
[2025-03-23T18:57:06.409+0000] {taskinstance.py:3134} INFO - Exporting env vars: AIRFLOW_CTX_DAG_OWNER='airflow' AIRFLOW_CTX_DAG_ID='schedule' AIRFLOW_CTX_TASK_ID='expurgo_stage_clientes' AIRFLOW_CTX_EXECUTION_DATE='2025-03-22T08:00:00+00:00' AIRFLOW_CTX_TRY_NUMBER='1' AIRFLOW_CTX_DAG_RUN_ID='scheduled__2025-03-22T08:00:00+00:00'
[2025-03-23T18:57:06.410+0000] {taskinstance.py:732} INFO - ::endgroup::
[2025-03-23T18:57:06.756+0000] {logging_mixin.py:190} INFO - Job iniciado com sucesso. Run ID: 532010962072568
[2025-03-23T18:57:57.583+0000] {logging_mixin.py:190} INFO - Job finalizado com sucesso. Detalhes: {'job_id': 139800566680944, 'run_id': 532010962072568, 'creator_user_name': 'maria_apmattos@hotmail.com', 'number_in_job': 532010962072568, 'original_attempt_run_id': 532010962072568, 'state': {'life_cycle_state': 'TERMINATED', 'result_state': 'SUCCESS', 'state_message': '', 'user_cancelled_or_timedout': False}, 'task': {'notebook_task': {'notebook_path': '/Workspace/Users/maria_apmattos@hotmail.com/data_master/TemplatesDatabricks/expurgo_stage', 'base_parameters': {'param1': 'filedataimport', 'param2': 'clientes', 'param3': 'default'}, 'source': 'WORKSPACE'}}, 'cluster_spec': {'existing_cluster_id': '0129-031548-z9ttog72'}, 'cluster_instance': {'cluster_id': '0129-031548-z9ttog72', 'spark_context_id': '319581178355625606'}, 'overriding_parameters': {'notebook_params': {'param1': 'filedataimport', 'param2': 'clientes', 'param3': '20250323'}}, 'start_time': 1742756226570, 'setup_duration': 2000, 'execution_duration': 38000, 'cleanup_duration': 0, 'end_time': 1742756267798, 'run_duration': 41228, 'trigger': 'ONE_TIME', 'run_name': 'Expurgo_clientes', 'run_page_url': 'https://adb-2740266284098548.8.azuredatabricks.net/?o=2740266284098548#job/139800566680944/run/532010962072568', 'run_type': 'JOB_RUN', 'attempt_number': 0, 'format': 'SINGLE_TASK', 'status': {'state': 'TERMINATED', 'termination_details': {'code': 'SUCCESS', 'type': 'SUCCESS', 'message': ''}}, 'job_run_id': 532010962072568}
[2025-03-23T18:57:57.589+0000] {python.py:240} INFO - Done. Returned value was: None
[2025-03-23T18:57:57.620+0000] {taskinstance.py:341} INFO - ::group::Post task execution logs
[2025-03-23T18:57:57.621+0000] {taskinstance.py:353} INFO - Marking task as SUCCESS. dag_id=schedule, task_id=expurgo_stage_clientes, run_id=scheduled__2025-03-22T08:00:00+00:00, execution_date=20250322T080000, start_date=20250323T185706, end_date=20250323T185757
[2025-03-23T18:57:57.662+0000] {local_task_job_runner.py:266} INFO - Task exited with return code 0
[2025-03-23T18:57:57.685+0000] {taskinstance.py:3901} INFO - 1 downstream tasks scheduled from follow-on schedule check
[2025-03-23T18:57:57.686+0000] {local_task_job_runner.py:245} INFO - ::endgroup::
