[2025-03-23T18:54:49.639+0000] {local_task_job_runner.py:123} INFO - ::group::Pre task execution logs
[2025-03-23T18:54:49.739+0000] {taskinstance.py:2614} INFO - Dependencies all met for dep_context=non-requeueable deps ti=<TaskInstance: schedule.expurgo_clientes_produtos scheduled__2025-03-22T08:00:00+00:00 [queued]>
[2025-03-23T18:54:49.751+0000] {taskinstance.py:2614} INFO - Dependencies all met for dep_context=requeueable deps ti=<TaskInstance: schedule.expurgo_clientes_produtos scheduled__2025-03-22T08:00:00+00:00 [queued]>
[2025-03-23T18:54:49.752+0000] {taskinstance.py:2867} INFO - Starting attempt 1 of 1
[2025-03-23T18:54:49.810+0000] {taskinstance.py:2890} INFO - Executing <Task(BashOperator): expurgo_clientes_produtos> on 2025-03-22 08:00:00+00:00
[2025-03-23T18:54:49.818+0000] {standard_task_runner.py:72} INFO - Started process 1245 to run task
[2025-03-23T18:54:49.832+0000] {standard_task_runner.py:104} INFO - Running: ['airflow', 'tasks', 'run', 'schedule', 'expurgo_clientes_produtos', 'scheduled__2025-03-22T08:00:00+00:00', '--job-id', '1898', '--raw', '--subdir', 'DAGS_FOLDER/dag_master.py', '--cfg-path', '/tmp/tmp9vaf1wcx']
[2025-03-23T18:54:49.843+0000] {standard_task_runner.py:105} INFO - Job 1898: Subtask expurgo_clientes_produtos
[2025-03-23T18:54:49.905+0000] {logging_mixin.py:190} WARNING - /home/airflow/.local/lib/python3.8/site-packages/airflow/settings.py:209 DeprecationWarning: The sql_alchemy_conn option in [core] has been moved to the sql_alchemy_conn option in [database] - the old setting has been used, but please update your config.
[2025-03-23T18:54:49.993+0000] {task_command.py:467} INFO - Running <TaskInstance: schedule.expurgo_clientes_produtos scheduled__2025-03-22T08:00:00+00:00 [running]> on host b612e1a2c49c
[2025-03-23T18:54:50.001+0000] {logging_mixin.py:190} WARNING - /home/airflow/.local/lib/python3.8/site-packages/airflow/settings.py:470 DeprecationWarning: The sql_alchemy_conn option in [core] has been moved to the sql_alchemy_conn option in [database] - the old setting has been used, but please update your config.
[2025-03-23T18:54:50.142+0000] {taskinstance.py:3134} INFO - Exporting env vars: AIRFLOW_CTX_DAG_OWNER='airflow' AIRFLOW_CTX_DAG_ID='schedule' AIRFLOW_CTX_TASK_ID='expurgo_clientes_produtos' AIRFLOW_CTX_EXECUTION_DATE='2025-03-22T08:00:00+00:00' AIRFLOW_CTX_TRY_NUMBER='1' AIRFLOW_CTX_DAG_RUN_ID='scheduled__2025-03-22T08:00:00+00:00'
[2025-03-23T18:54:50.146+0000] {taskinstance.py:732} INFO - ::endgroup::
[2025-03-23T18:54:50.166+0000] {subprocess.py:78} INFO - Tmp dir root location: /tmp
[2025-03-23T18:54:50.167+0000] {subprocess.py:88} INFO - Running command: ['/bin/bash', '-c', 'docker exec linux_python /bin/bash -c \'/workspace/scripts/expurgo_server.sh /path/to/move_cloud/clientes_produtos/ && echo "Script Executado com Sucesso!"\'']
[2025-03-23T18:54:50.179+0000] {subprocess.py:99} INFO - Output:
[2025-03-23T18:54:50.437+0000] {subprocess.py:106} INFO - Verificando diretorio: /path/to/move_cloud/clientes_produtos/
[2025-03-23T18:54:50.441+0000] {subprocess.py:106} INFO - Conteúdo do diretório antes da limpeza:
[2025-03-23T18:54:50.444+0000] {subprocess.py:106} INFO - Apagando itens do diretório...
[2025-03-23T18:54:50.446+0000] {subprocess.py:106} INFO - Verificando se o diretório está vazio...
[2025-03-23T18:54:50.448+0000] {subprocess.py:106} INFO - O diretório está vazio.
[2025-03-23T18:54:50.450+0000] {subprocess.py:106} INFO - Script Executado com Sucesso!
[2025-03-23T18:54:50.456+0000] {subprocess.py:110} INFO - Command exited with return code 0
[2025-03-23T18:54:50.504+0000] {taskinstance.py:341} INFO - ::group::Post task execution logs
[2025-03-23T18:54:50.507+0000] {taskinstance.py:353} INFO - Marking task as SUCCESS. dag_id=schedule, task_id=expurgo_clientes_produtos, run_id=scheduled__2025-03-22T08:00:00+00:00, execution_date=20250322T080000, start_date=20250323T185449, end_date=20250323T185450
[2025-03-23T18:54:50.576+0000] {local_task_job_runner.py:266} INFO - Task exited with return code 0
[2025-03-23T18:54:50.615+0000] {local_task_job_runner.py:245} INFO - ::endgroup::
