[2025-04-03T05:24:32.415+0000] {local_task_job_runner.py:123} INFO - ::group::Pre task execution logs
[2025-04-03T05:24:32.433+0000] {taskinstance.py:2614} INFO - Dependencies all met for dep_context=non-requeueable deps ti=<TaskInstance: schedule.move_cloud_clientes_produtos manual__2025-04-03T05:24:29.939221+00:00 [queued]>
[2025-04-03T05:24:32.442+0000] {taskinstance.py:2614} INFO - Dependencies all met for dep_context=requeueable deps ti=<TaskInstance: schedule.move_cloud_clientes_produtos manual__2025-04-03T05:24:29.939221+00:00 [queued]>
[2025-04-03T05:24:32.442+0000] {taskinstance.py:2867} INFO - Starting attempt 1 of 1
[2025-04-03T05:24:32.450+0000] {taskinstance.py:2890} INFO - Executing <Task(BashOperator): move_cloud_clientes_produtos> on 2025-04-03 05:24:29.939221+00:00
[2025-04-03T05:24:32.453+0000] {standard_task_runner.py:72} INFO - Started process 2307 to run task
[2025-04-03T05:24:32.456+0000] {standard_task_runner.py:104} INFO - Running: ['airflow', 'tasks', 'run', 'schedule', 'move_cloud_clientes_produtos', 'manual__2025-04-03T05:24:29.939221+00:00', '--job-id', '2038', '--raw', '--subdir', 'DAGS_FOLDER/dag_master.py', '--cfg-path', '/tmp/tmp5r2ms92l']
[2025-04-03T05:24:32.457+0000] {standard_task_runner.py:105} INFO - Job 2038: Subtask move_cloud_clientes_produtos
[2025-04-03T05:24:32.471+0000] {logging_mixin.py:190} WARNING - /home/airflow/.local/lib/python3.8/site-packages/airflow/settings.py:209 DeprecationWarning: The sql_alchemy_conn option in [core] has been moved to the sql_alchemy_conn option in [database] - the old setting has been used, but please update your config.
[2025-04-03T05:24:32.509+0000] {task_command.py:467} INFO - Running <TaskInstance: schedule.move_cloud_clientes_produtos manual__2025-04-03T05:24:29.939221+00:00 [running]> on host 11605a72ff70
[2025-04-03T05:24:32.578+0000] {taskinstance.py:3134} INFO - Exporting env vars: AIRFLOW_CTX_DAG_OWNER='airflow' AIRFLOW_CTX_DAG_ID='schedule' AIRFLOW_CTX_TASK_ID='move_cloud_clientes_produtos' AIRFLOW_CTX_EXECUTION_DATE='2025-04-03T05:24:29.939221+00:00' AIRFLOW_CTX_TRY_NUMBER='1' AIRFLOW_CTX_DAG_RUN_ID='manual__2025-04-03T05:24:29.939221+00:00'
[2025-04-03T05:24:32.579+0000] {taskinstance.py:732} INFO - ::endgroup::
[2025-04-03T05:24:32.587+0000] {subprocess.py:78} INFO - Tmp dir root location: /tmp
[2025-04-03T05:24:32.588+0000] {subprocess.py:88} INFO - Running command: ['/bin/bash', '-c', 'docker exec linux_python /bin/bash -c \'/workspace/scripts/run_move_file.sh /path/to/move_cloud/clientes_produtos/clientes_produtos.csv table_ingestion_files/clientesxprod/20250403/clientes_produtos_1743657872.csv && echo "Script Executado com Sucesso!"\'']
[2025-04-03T05:24:32.593+0000] {subprocess.py:99} INFO - Output:
[2025-04-03T05:24:32.868+0000] {subprocess.py:106} INFO - 2025-04-03 05:24:32,866 - INFO - Iniciando o upload do arquivo '/path/to/move_cloud/clientes_produtos/clientes_produtos.csv' para o blob 'table_ingestion_files/clientesxprod/20250403/clientes_produtos_1743657872.csv' no container 'filedataimport'.
[2025-04-03T05:24:32.869+0000] {subprocess.py:106} INFO - 2025-04-03 05:24:32,866 - INFO - Blob URL gerada: https://stagedatamaster.blob.core.windows.net/filedataimport/table_ingestion_files/clientesxprod/20250403/clientes_produtos_1743657872.csv?sp=cw&st=2024-10-20T02:42:12Z&se=2026-10-20T10:42:12Z&spr=https&sv=2022-11-02&sr=c&sig=MaoRwZWwtKEx5vDafwkbeHkx1Rir6bWRYy0FB3OOs58%3D
[2025-04-03T05:24:32.872+0000] {subprocess.py:106} INFO - 2025-04-03 05:24:32,868 - INFO - Enviando o arquivo '/path/to/move_cloud/clientes_produtos/clientes_produtos.csv' para o Azure Blob Storage.
[2025-04-03T05:24:32.872+0000] {subprocess.py:106} INFO - 2025-04-03 05:24:32,870 - INFO - Request URL: 'https://stagedatamaster.blob.core.windows.net/filedataimport/table_ingestion_files/clientesxprod/20250403/clientes_produtos_1743657872.csv?sp=REDACTED&st=REDACTED&se=REDACTED&spr=REDACTED&sv=REDACTED&sr=REDACTED&sig=REDACTED'
[2025-04-03T05:24:32.873+0000] {subprocess.py:106} INFO - Request method: 'PUT'
[2025-04-03T05:24:32.873+0000] {subprocess.py:106} INFO - Request headers:
[2025-04-03T05:24:32.874+0000] {subprocess.py:106} INFO -     'Content-Length': '157128'
[2025-04-03T05:24:32.875+0000] {subprocess.py:106} INFO -     'x-ms-blob-type': 'REDACTED'
[2025-04-03T05:24:32.876+0000] {subprocess.py:106} INFO -     'If-None-Match': '*'
[2025-04-03T05:24:32.876+0000] {subprocess.py:106} INFO -     'x-ms-version': 'REDACTED'
[2025-04-03T05:24:32.877+0000] {subprocess.py:106} INFO -     'Content-Type': 'application/octet-stream'
[2025-04-03T05:24:32.877+0000] {subprocess.py:106} INFO -     'Accept': 'application/xml'
[2025-04-03T05:24:32.878+0000] {subprocess.py:106} INFO -     'User-Agent': 'azsdk-python-storage-blob/12.24.1 Python/3.12.9 (Linux-6.10.14-linuxkit-aarch64-with-glibc2.36)'
[2025-04-03T05:24:32.879+0000] {subprocess.py:106} INFO -     'x-ms-date': 'REDACTED'
[2025-04-03T05:24:32.879+0000] {subprocess.py:106} INFO -     'x-ms-client-request-id': 'ecba227a-104b-11f0-8b12-0242ac120004'
[2025-04-03T05:24:32.880+0000] {subprocess.py:106} INFO - A body is sent with the request
[2025-04-03T05:24:33.273+0000] {subprocess.py:106} INFO - 2025-04-03 05:24:33,267 - INFO - Response status: 201
[2025-04-03T05:24:33.274+0000] {subprocess.py:106} INFO - Response headers:
[2025-04-03T05:24:33.277+0000] {subprocess.py:106} INFO -     'Content-Length': '0'
[2025-04-03T05:24:33.279+0000] {subprocess.py:106} INFO -     'Content-MD5': 'REDACTED'
[2025-04-03T05:24:33.280+0000] {subprocess.py:106} INFO -     'Last-Modified': 'Thu, 03 Apr 2025 05:24:33 GMT'
[2025-04-03T05:24:33.284+0000] {subprocess.py:106} INFO -     'ETag': '"0x8DD726FD12BC95D"'
[2025-04-03T05:24:33.286+0000] {subprocess.py:106} INFO -     'Server': 'Windows-Azure-Blob/1.0 Microsoft-HTTPAPI/2.0'
[2025-04-03T05:24:33.287+0000] {subprocess.py:106} INFO -     'x-ms-request-id': '52bbb01b-e01e-0075-1b58-a485a2000000'
[2025-04-03T05:24:33.289+0000] {subprocess.py:106} INFO -     'x-ms-client-request-id': 'ecba227a-104b-11f0-8b12-0242ac120004'
[2025-04-03T05:24:33.293+0000] {subprocess.py:106} INFO -     'x-ms-version': 'REDACTED'
[2025-04-03T05:24:33.296+0000] {subprocess.py:106} INFO -     'x-ms-content-crc64': 'REDACTED'
[2025-04-03T05:24:33.299+0000] {subprocess.py:106} INFO -     'x-ms-request-server-encrypted': 'REDACTED'
[2025-04-03T05:24:33.301+0000] {subprocess.py:106} INFO -     'Date': 'Thu, 03 Apr 2025 05:24:33 GMT'
[2025-04-03T05:24:33.305+0000] {subprocess.py:106} INFO - 2025-04-03 05:24:33,267 - INFO - Arquivo '/path/to/move_cloud/clientes_produtos/clientes_produtos.csv' enviado com sucesso para o Azure Blob Storage no blob 'table_ingestion_files/clientesxprod/20250403/clientes_produtos_1743657872.csv'.
[2025-04-03T05:24:33.439+0000] {subprocess.py:106} INFO - Script Executado com Sucesso!
[2025-04-03T05:24:33.494+0000] {subprocess.py:110} INFO - Command exited with return code 0
[2025-04-03T05:24:33.594+0000] {taskinstance.py:341} INFO - ::group::Post task execution logs
[2025-04-03T05:24:33.595+0000] {taskinstance.py:353} INFO - Marking task as SUCCESS. dag_id=schedule, task_id=move_cloud_clientes_produtos, run_id=manual__2025-04-03T05:24:29.939221+00:00, execution_date=20250403T052429, start_date=20250403T052432, end_date=20250403T052433
[2025-04-03T05:24:33.676+0000] {local_task_job_runner.py:266} INFO - Task exited with return code 0
[2025-04-03T05:24:33.719+0000] {local_task_job_runner.py:245} INFO - ::endgroup::
