[2025-03-23T18:57:58.260+0000] {local_task_job_runner.py:123} INFO - ::group::Pre task execution logs
[2025-03-23T18:57:58.274+0000] {taskinstance.py:2614} INFO - Dependencies all met for dep_context=non-requeueable deps ti=<TaskInstance: schedule.silver_clie_limit scheduled__2025-03-22T08:00:00+00:00 [queued]>
[2025-03-23T18:57:58.280+0000] {taskinstance.py:2614} INFO - Dependencies all met for dep_context=requeueable deps ti=<TaskInstance: schedule.silver_clie_limit scheduled__2025-03-22T08:00:00+00:00 [queued]>
[2025-03-23T18:57:58.281+0000] {taskinstance.py:2867} INFO - Starting attempt 1 of 1
[2025-03-23T18:57:58.291+0000] {taskinstance.py:2890} INFO - Executing <Task(PythonOperator): silver_clie_limit> on 2025-03-22 08:00:00+00:00
[2025-03-23T18:57:58.294+0000] {standard_task_runner.py:72} INFO - Started process 1556 to run task
[2025-03-23T18:57:58.296+0000] {standard_task_runner.py:104} INFO - Running: ['airflow', 'tasks', 'run', 'schedule', 'silver_clie_limit', 'scheduled__2025-03-22T08:00:00+00:00', '--job-id', '1912', '--raw', '--subdir', 'DAGS_FOLDER/dag_master.py', '--cfg-path', '/tmp/tmpxkxz8ky0']
[2025-03-23T18:57:58.297+0000] {standard_task_runner.py:105} INFO - Job 1912: Subtask silver_clie_limit
[2025-03-23T18:57:58.307+0000] {logging_mixin.py:190} WARNING - /home/airflow/.local/lib/python3.8/site-packages/airflow/settings.py:209 DeprecationWarning: The sql_alchemy_conn option in [core] has been moved to the sql_alchemy_conn option in [database] - the old setting has been used, but please update your config.
[2025-03-23T18:57:58.327+0000] {task_command.py:467} INFO - Running <TaskInstance: schedule.silver_clie_limit scheduled__2025-03-22T08:00:00+00:00 [running]> on host b612e1a2c49c
[2025-03-23T18:57:58.328+0000] {logging_mixin.py:190} WARNING - /home/airflow/.local/lib/python3.8/site-packages/airflow/settings.py:470 DeprecationWarning: The sql_alchemy_conn option in [core] has been moved to the sql_alchemy_conn option in [database] - the old setting has been used, but please update your config.
[2025-03-23T18:57:58.368+0000] {taskinstance.py:3134} INFO - Exporting env vars: AIRFLOW_CTX_DAG_OWNER='airflow' AIRFLOW_CTX_DAG_ID='schedule' AIRFLOW_CTX_TASK_ID='silver_clie_limit' AIRFLOW_CTX_EXECUTION_DATE='2025-03-22T08:00:00+00:00' AIRFLOW_CTX_TRY_NUMBER='1' AIRFLOW_CTX_DAG_RUN_ID='scheduled__2025-03-22T08:00:00+00:00'
[2025-03-23T18:57:58.369+0000] {taskinstance.py:732} INFO - ::endgroup::
[2025-03-23T18:57:58.612+0000] {logging_mixin.py:190} INFO - Job iniciado com sucesso. Run ID: 966855905898629
[2025-03-23T18:59:09.956+0000] {logging_mixin.py:190} INFO - Job finalizado com sucesso. Detalhes: {'job_id': 281100647508288, 'run_id': 966855905898629, 'creator_user_name': 'maria_apmattos@hotmail.com', 'number_in_job': 966855905898629, 'original_attempt_run_id': 966855905898629, 'state': {'life_cycle_state': 'TERMINATED', 'result_state': 'SUCCESS', 'state_message': '', 'user_cancelled_or_timedout': False}, 'task': {'notebook_task': {'notebook_path': '/Workspace/Users/maria_apmattos@hotmail.com/data_master/TemplatesDatabricks/Camada Silver', 'base_parameters': {'param1': 's_vend', 'param2': 'clie_limit', 'param3': '20250207'}, 'source': 'WORKSPACE'}}, 'cluster_spec': {'existing_cluster_id': '0129-031548-z9ttog72'}, 'cluster_instance': {'cluster_id': '0129-031548-z9ttog72', 'spark_context_id': '319581178355625606'}, 'overriding_parameters': {'notebook_params': {'param1': 's_vend', 'param2': 'clie_limit', 'param3': '20250323'}}, 'start_time': 1742756278485, 'setup_duration': 0, 'execution_duration': 71000, 'cleanup_duration': 0, 'end_time': 0, 'run_duration': 71379, 'trigger': 'ONE_TIME', 'run_name': 'Cama Silver - Tabela s_vend.clie_limit', 'run_page_url': 'https://adb-2740266284098548.8.azuredatabricks.net/?o=2740266284098548#job/281100647508288/run/966855905898629', 'run_type': 'JOB_RUN', 'attempt_number': 0, 'format': 'SINGLE_TASK', 'status': {'state': 'TERMINATED', 'termination_details': {'code': 'SUCCESS', 'type': 'SUCCESS', 'message': ''}}, 'job_run_id': 966855905898629}
[2025-03-23T18:59:09.965+0000] {python.py:240} INFO - Done. Returned value was: None
[2025-03-23T18:59:10.010+0000] {taskinstance.py:341} INFO - ::group::Post task execution logs
[2025-03-23T18:59:10.011+0000] {taskinstance.py:353} INFO - Marking task as SUCCESS. dag_id=schedule, task_id=silver_clie_limit, run_id=scheduled__2025-03-22T08:00:00+00:00, execution_date=20250322T080000, start_date=20250323T185758, end_date=20250323T185910
[2025-03-23T18:59:10.090+0000] {local_task_job_runner.py:266} INFO - Task exited with return code 0
[2025-03-23T18:59:10.114+0000] {taskinstance.py:3901} INFO - 1 downstream tasks scheduled from follow-on schedule check
[2025-03-23T18:59:10.115+0000] {local_task_job_runner.py:245} INFO - ::endgroup::
