[2025-04-03T04:40:00.053+0000] {local_task_job_runner.py:123} INFO - ::group::Pre task execution logs
[2025-04-03T04:40:00.122+0000] {taskinstance.py:2614} INFO - Dependencies all met for dep_context=non-requeueable deps ti=<TaskInstance: schedule.ingestao_bronze_produtos_bancarios scheduled__2025-03-23T08:00:00+00:00 [queued]>
[2025-04-03T04:40:00.145+0000] {taskinstance.py:2614} INFO - Dependencies all met for dep_context=requeueable deps ti=<TaskInstance: schedule.ingestao_bronze_produtos_bancarios scheduled__2025-03-23T08:00:00+00:00 [queued]>
[2025-04-03T04:40:00.155+0000] {taskinstance.py:2867} INFO - Starting attempt 1 of 1
[2025-04-03T04:40:00.234+0000] {taskinstance.py:2890} INFO - Executing <Task(PythonOperator): ingestao_bronze_produtos_bancarios> on 2025-03-23 08:00:00+00:00
[2025-04-03T04:40:00.244+0000] {standard_task_runner.py:72} INFO - Started process 719 to run task
[2025-04-03T04:40:00.265+0000] {standard_task_runner.py:104} INFO - Running: ['airflow', 'tasks', 'run', 'schedule', 'ingestao_bronze_produtos_bancarios', 'scheduled__2025-03-23T08:00:00+00:00', '--job-id', '1986', '--raw', '--subdir', 'DAGS_FOLDER/dag_master.py', '--cfg-path', '/tmp/tmpc3weet45']
[2025-04-03T04:40:00.270+0000] {standard_task_runner.py:105} INFO - Job 1986: Subtask ingestao_bronze_produtos_bancarios
[2025-04-03T04:40:00.344+0000] {logging_mixin.py:190} WARNING - /home/airflow/.local/lib/python3.8/site-packages/airflow/settings.py:209 DeprecationWarning: The sql_alchemy_conn option in [core] has been moved to the sql_alchemy_conn option in [database] - the old setting has been used, but please update your config.
[2025-04-03T04:40:00.441+0000] {task_command.py:467} INFO - Running <TaskInstance: schedule.ingestao_bronze_produtos_bancarios scheduled__2025-03-23T08:00:00+00:00 [running]> on host dca2c4cc2d1b
[2025-04-03T04:40:00.446+0000] {logging_mixin.py:190} WARNING - /home/airflow/.local/lib/python3.8/site-packages/airflow/settings.py:470 DeprecationWarning: The sql_alchemy_conn option in [core] has been moved to the sql_alchemy_conn option in [database] - the old setting has been used, but please update your config.
[2025-04-03T04:40:00.639+0000] {taskinstance.py:3134} INFO - Exporting env vars: AIRFLOW_CTX_DAG_OWNER='airflow' AIRFLOW_CTX_DAG_ID='schedule' AIRFLOW_CTX_TASK_ID='ingestao_bronze_produtos_bancarios' AIRFLOW_CTX_EXECUTION_DATE='2025-03-23T08:00:00+00:00' AIRFLOW_CTX_TRY_NUMBER='1' AIRFLOW_CTX_DAG_RUN_ID='scheduled__2025-03-23T08:00:00+00:00'
[2025-04-03T04:40:00.643+0000] {taskinstance.py:732} INFO - ::endgroup::
[2025-04-03T04:40:00.995+0000] {logging_mixin.py:190} INFO - Job iniciado com sucesso. Run ID: 824775103846848
[2025-04-03T04:49:02.673+0000] {taskinstance.py:3313} ERROR - Task failed with exception
Traceback (most recent call last):
  File "/home/airflow/.local/lib/python3.8/site-packages/airflow/models/taskinstance.py", line 768, in _execute_task
    result = _execute_callable(context=context, **execute_callable_kwargs)
  File "/home/airflow/.local/lib/python3.8/site-packages/airflow/models/taskinstance.py", line 734, in _execute_callable
    return ExecutionCallableRunner(
  File "/home/airflow/.local/lib/python3.8/site-packages/airflow/utils/operator_helpers.py", line 252, in run
    return self.func(*args, **kwargs)
  File "/home/airflow/.local/lib/python3.8/site-packages/airflow/models/baseoperator.py", line 424, in wrapper
    return func(self, *args, **kwargs)
  File "/home/airflow/.local/lib/python3.8/site-packages/airflow/operators/python.py", line 238, in execute
    return_value = self.execute_callable()
  File "/home/airflow/.local/lib/python3.8/site-packages/airflow/operators/python.py", line 256, in execute_callable
    return runner.run(*self.op_args, **self.op_kwargs)
  File "/home/airflow/.local/lib/python3.8/site-packages/airflow/utils/operator_helpers.py", line 252, in run
    return self.func(*args, **kwargs)
  File "/opt/airflow/dags/dag_master.py", line 157, in trigger_and_wait_produtos_bancarios
    wait_for_job_to_finish(run_id, databricks_url, databricks_token)
  File "/opt/airflow/dags/conf/utils.py", line 57, in wait_for_job_to_finish
    raise Exception(f"Job falhou. Detalhes: {response.json()}")
Exception: Job falhou. Detalhes: {'job_id': 1047983050072156, 'run_id': 824775103846848, 'creator_user_name': 'maria_apmattos@hotmail.com', 'number_in_job': 824775103846848, 'original_attempt_run_id': 824775103846848, 'state': {'life_cycle_state': 'TERMINATED', 'result_state': 'FAILED', 'state_message': 'Workload failed, see run output for details', 'user_cancelled_or_timedout': False, 'queue_reason': 'Queued due to reaching maximum concurrent runs of 1.'}, 'task': {'notebook_task': {'notebook_path': '/Workspace/Users/maria_apmattos@hotmail.com/data_master/TemplatesDatabricks/Ingestion_bronze_template', 'base_parameters': {'param1': 'b_cad', 'param5': 'csv', 'param4': 'append', 'param3': "['produto_id', 'nome', 'descricao', 'categoria']", 'param6': ',', 'param2': 'produtos', 'param7': '20250207'}, 'source': 'WORKSPACE'}}, 'cluster_spec': {'existing_cluster_id': '0129-031548-z9ttog72'}, 'cluster_instance': {'cluster_id': '0129-031548-z9ttog72', 'spark_context_id': '5358812522125835735'}, 'overriding_parameters': {'notebook_params': {'param1': 'b_cad', 'param2': 'produtos', 'param3': "['produto_id', 'nome', 'descricao', 'categoria']", 'param4': 'append', 'param5': 'csv', 'param6': ',', 'param7': '20250403'}}, 'start_time': 1743655200909, 'setup_duration': 517000, 'execution_duration': 17000, 'cleanup_duration': 0, 'end_time': 1743655735912, 'run_duration': 535003, 'queue_duration': 514115, 'trigger': 'ONE_TIME', 'run_name': 'Camada Bronze - Template_Ingestion Tabela b_cad.produtos', 'run_page_url': 'https://adb-2740266284098548.8.azuredatabricks.net/?o=2740266284098548#job/1047983050072156/run/824775103846848', 'run_type': 'JOB_RUN', 'attempt_number': 0, 'format': 'SINGLE_TASK', 'status': {'state': 'TERMINATED', 'termination_details': {'code': 'RUN_EXECUTION_ERROR', 'type': 'CLIENT_ERROR', 'message': 'Workload failed, see run output for details'}, 'queue_details': {'code': 'MAX_CONCURRENT_RUNS_REACHED', 'message': 'Queued due to reaching maximum concurrent runs of 1.'}}, 'job_run_id': 824775103846848}
[2025-04-03T04:49:02.710+0000] {taskinstance.py:1226} INFO - Marking task as FAILED. dag_id=schedule, task_id=ingestao_bronze_produtos_bancarios, run_id=scheduled__2025-03-23T08:00:00+00:00, execution_date=20250323T080000, start_date=20250403T044000, end_date=20250403T044902
[2025-04-03T04:49:02.747+0000] {taskinstance.py:341} INFO - ::group::Post task execution logs
[2025-04-03T04:49:02.748+0000] {standard_task_runner.py:124} ERROR - Failed to execute job 1986 for task ingestao_bronze_produtos_bancarios (Job falhou. Detalhes: {'job_id': 1047983050072156, 'run_id': 824775103846848, 'creator_user_name': 'maria_apmattos@hotmail.com', 'number_in_job': 824775103846848, 'original_attempt_run_id': 824775103846848, 'state': {'life_cycle_state': 'TERMINATED', 'result_state': 'FAILED', 'state_message': 'Workload failed, see run output for details', 'user_cancelled_or_timedout': False, 'queue_reason': 'Queued due to reaching maximum concurrent runs of 1.'}, 'task': {'notebook_task': {'notebook_path': '/Workspace/Users/maria_apmattos@hotmail.com/data_master/TemplatesDatabricks/Ingestion_bronze_template', 'base_parameters': {'param1': 'b_cad', 'param5': 'csv', 'param4': 'append', 'param3': "['produto_id', 'nome', 'descricao', 'categoria']", 'param6': ',', 'param2': 'produtos', 'param7': '20250207'}, 'source': 'WORKSPACE'}}, 'cluster_spec': {'existing_cluster_id': '0129-031548-z9ttog72'}, 'cluster_instance': {'cluster_id': '0129-031548-z9ttog72', 'spark_context_id': '5358812522125835735'}, 'overriding_parameters': {'notebook_params': {'param1': 'b_cad', 'param2': 'produtos', 'param3': "['produto_id', 'nome', 'descricao', 'categoria']", 'param4': 'append', 'param5': 'csv', 'param6': ',', 'param7': '20250403'}}, 'start_time': 1743655200909, 'setup_duration': 517000, 'execution_duration': 17000, 'cleanup_duration': 0, 'end_time': 1743655735912, 'run_duration': 535003, 'queue_duration': 514115, 'trigger': 'ONE_TIME', 'run_name': 'Camada Bronze - Template_Ingestion Tabela b_cad.produtos', 'run_page_url': 'https://adb-2740266284098548.8.azuredatabricks.net/?o=2740266284098548#job/1047983050072156/run/824775103846848', 'run_type': 'JOB_RUN', 'attempt_number': 0, 'format': 'SINGLE_TASK', 'status': {'state': 'TERMINATED', 'termination_details': {'code': 'RUN_EXECUTION_ERROR', 'type': 'CLIENT_ERROR', 'message': 'Workload failed, see run output for details'}, 'queue_details': {'code': 'MAX_CONCURRENT_RUNS_REACHED', 'message': 'Queued due to reaching maximum concurrent runs of 1.'}}, 'job_run_id': 824775103846848}; 719)
Traceback (most recent call last):
  File "/home/airflow/.local/lib/python3.8/site-packages/airflow/task/task_runner/standard_task_runner.py", line 117, in _start_by_fork
    ret = args.func(args, dag=self.dag)
  File "/home/airflow/.local/lib/python3.8/site-packages/airflow/cli/cli_config.py", line 49, in command
    return func(*args, **kwargs)
  File "/home/airflow/.local/lib/python3.8/site-packages/airflow/utils/cli.py", line 116, in wrapper
    return f(*args, **kwargs)
  File "/home/airflow/.local/lib/python3.8/site-packages/airflow/cli/commands/task_command.py", line 483, in task_run
    task_return_code = _run_task_by_selected_method(args, _dag, ti)
  File "/home/airflow/.local/lib/python3.8/site-packages/airflow/cli/commands/task_command.py", line 256, in _run_task_by_selected_method
    return _run_raw_task(args, ti)
  File "/home/airflow/.local/lib/python3.8/site-packages/airflow/cli/commands/task_command.py", line 341, in _run_raw_task
    return ti._run_raw_task(
  File "/home/airflow/.local/lib/python3.8/site-packages/airflow/utils/session.py", line 97, in wrapper
    return func(*args, session=session, **kwargs)
  File "/home/airflow/.local/lib/python3.8/site-packages/airflow/models/taskinstance.py", line 3006, in _run_raw_task
    return _run_raw_task(
  File "/home/airflow/.local/lib/python3.8/site-packages/airflow/models/taskinstance.py", line 274, in _run_raw_task
    TaskInstance._execute_task_with_callbacks(
  File "/home/airflow/.local/lib/python3.8/site-packages/airflow/models/taskinstance.py", line 3161, in _execute_task_with_callbacks
    result = self._execute_task(context, task_orig)
  File "/home/airflow/.local/lib/python3.8/site-packages/airflow/models/taskinstance.py", line 3185, in _execute_task
    return _execute_task(self, context, task_orig)
  File "/home/airflow/.local/lib/python3.8/site-packages/airflow/models/taskinstance.py", line 768, in _execute_task
    result = _execute_callable(context=context, **execute_callable_kwargs)
  File "/home/airflow/.local/lib/python3.8/site-packages/airflow/models/taskinstance.py", line 734, in _execute_callable
    return ExecutionCallableRunner(
  File "/home/airflow/.local/lib/python3.8/site-packages/airflow/utils/operator_helpers.py", line 252, in run
    return self.func(*args, **kwargs)
  File "/home/airflow/.local/lib/python3.8/site-packages/airflow/models/baseoperator.py", line 424, in wrapper
    return func(self, *args, **kwargs)
  File "/home/airflow/.local/lib/python3.8/site-packages/airflow/operators/python.py", line 238, in execute
    return_value = self.execute_callable()
  File "/home/airflow/.local/lib/python3.8/site-packages/airflow/operators/python.py", line 256, in execute_callable
    return runner.run(*self.op_args, **self.op_kwargs)
  File "/home/airflow/.local/lib/python3.8/site-packages/airflow/utils/operator_helpers.py", line 252, in run
    return self.func(*args, **kwargs)
  File "/opt/airflow/dags/dag_master.py", line 157, in trigger_and_wait_produtos_bancarios
    wait_for_job_to_finish(run_id, databricks_url, databricks_token)
  File "/opt/airflow/dags/conf/utils.py", line 57, in wait_for_job_to_finish
    raise Exception(f"Job falhou. Detalhes: {response.json()}")
Exception: Job falhou. Detalhes: {'job_id': 1047983050072156, 'run_id': 824775103846848, 'creator_user_name': 'maria_apmattos@hotmail.com', 'number_in_job': 824775103846848, 'original_attempt_run_id': 824775103846848, 'state': {'life_cycle_state': 'TERMINATED', 'result_state': 'FAILED', 'state_message': 'Workload failed, see run output for details', 'user_cancelled_or_timedout': False, 'queue_reason': 'Queued due to reaching maximum concurrent runs of 1.'}, 'task': {'notebook_task': {'notebook_path': '/Workspace/Users/maria_apmattos@hotmail.com/data_master/TemplatesDatabricks/Ingestion_bronze_template', 'base_parameters': {'param1': 'b_cad', 'param5': 'csv', 'param4': 'append', 'param3': "['produto_id', 'nome', 'descricao', 'categoria']", 'param6': ',', 'param2': 'produtos', 'param7': '20250207'}, 'source': 'WORKSPACE'}}, 'cluster_spec': {'existing_cluster_id': '0129-031548-z9ttog72'}, 'cluster_instance': {'cluster_id': '0129-031548-z9ttog72', 'spark_context_id': '5358812522125835735'}, 'overriding_parameters': {'notebook_params': {'param1': 'b_cad', 'param2': 'produtos', 'param3': "['produto_id', 'nome', 'descricao', 'categoria']", 'param4': 'append', 'param5': 'csv', 'param6': ',', 'param7': '20250403'}}, 'start_time': 1743655200909, 'setup_duration': 517000, 'execution_duration': 17000, 'cleanup_duration': 0, 'end_time': 1743655735912, 'run_duration': 535003, 'queue_duration': 514115, 'trigger': 'ONE_TIME', 'run_name': 'Camada Bronze - Template_Ingestion Tabela b_cad.produtos', 'run_page_url': 'https://adb-2740266284098548.8.azuredatabricks.net/?o=2740266284098548#job/1047983050072156/run/824775103846848', 'run_type': 'JOB_RUN', 'attempt_number': 0, 'format': 'SINGLE_TASK', 'status': {'state': 'TERMINATED', 'termination_details': {'code': 'RUN_EXECUTION_ERROR', 'type': 'CLIENT_ERROR', 'message': 'Workload failed, see run output for details'}, 'queue_details': {'code': 'MAX_CONCURRENT_RUNS_REACHED', 'message': 'Queued due to reaching maximum concurrent runs of 1.'}}, 'job_run_id': 824775103846848}
[2025-04-03T04:49:02.792+0000] {local_task_job_runner.py:266} INFO - Task exited with return code 1
[2025-04-03T04:49:02.852+0000] {taskinstance.py:3901} INFO - 0 downstream tasks scheduled from follow-on schedule check
[2025-04-03T04:49:02.855+0000] {local_task_job_runner.py:245} INFO - ::endgroup::
