[2025-04-03T05:25:08.117+0000] {local_task_job_runner.py:123} INFO - ::group::Pre task execution logs
[2025-04-03T05:25:08.133+0000] {taskinstance.py:2614} INFO - Dependencies all met for dep_context=non-requeueable deps ti=<TaskInstance: schedule.expurgo_stage_produtos_bancarios manual__2025-04-03T05:24:29.939221+00:00 [queued]>
[2025-04-03T05:25:08.140+0000] {taskinstance.py:2614} INFO - Dependencies all met for dep_context=requeueable deps ti=<TaskInstance: schedule.expurgo_stage_produtos_bancarios manual__2025-04-03T05:24:29.939221+00:00 [queued]>
[2025-04-03T05:25:08.140+0000] {taskinstance.py:2867} INFO - Starting attempt 1 of 1
[2025-04-03T05:25:08.148+0000] {taskinstance.py:2890} INFO - Executing <Task(PythonOperator): expurgo_stage_produtos_bancarios> on 2025-04-03 05:24:29.939221+00:00
[2025-04-03T05:25:08.152+0000] {standard_task_runner.py:72} INFO - Started process 2421 to run task
[2025-04-03T05:25:08.155+0000] {standard_task_runner.py:104} INFO - Running: ['airflow', 'tasks', 'run', 'schedule', 'expurgo_stage_produtos_bancarios', 'manual__2025-04-03T05:24:29.939221+00:00', '--job-id', '2046', '--raw', '--subdir', 'DAGS_FOLDER/dag_master.py', '--cfg-path', '/tmp/tmpuf95acky']
[2025-04-03T05:25:08.157+0000] {standard_task_runner.py:105} INFO - Job 2046: Subtask expurgo_stage_produtos_bancarios
[2025-04-03T05:25:08.179+0000] {logging_mixin.py:190} WARNING - /home/airflow/.local/lib/python3.8/site-packages/airflow/settings.py:209 DeprecationWarning: The sql_alchemy_conn option in [core] has been moved to the sql_alchemy_conn option in [database] - the old setting has been used, but please update your config.
[2025-04-03T05:25:08.218+0000] {task_command.py:467} INFO - Running <TaskInstance: schedule.expurgo_stage_produtos_bancarios manual__2025-04-03T05:24:29.939221+00:00 [running]> on host 11605a72ff70
[2025-04-03T05:25:08.286+0000] {taskinstance.py:3134} INFO - Exporting env vars: AIRFLOW_CTX_DAG_OWNER='airflow' AIRFLOW_CTX_DAG_ID='schedule' AIRFLOW_CTX_TASK_ID='expurgo_stage_produtos_bancarios' AIRFLOW_CTX_EXECUTION_DATE='2025-04-03T05:24:29.939221+00:00' AIRFLOW_CTX_TRY_NUMBER='1' AIRFLOW_CTX_DAG_RUN_ID='manual__2025-04-03T05:24:29.939221+00:00'
[2025-04-03T05:25:08.287+0000] {taskinstance.py:732} INFO - ::endgroup::
[2025-04-03T05:25:08.555+0000] {logging_mixin.py:190} INFO - Job iniciado com sucesso. Run ID: 449726422356366
[2025-04-03T05:25:29.013+0000] {logging_mixin.py:190} INFO - Job finalizado com sucesso. Detalhes: {'job_id': 645927607587685, 'run_id': 449726422356366, 'creator_user_name': 'maria_apmattos@hotmail.com', 'number_in_job': 449726422356366, 'original_attempt_run_id': 449726422356366, 'state': {'life_cycle_state': 'TERMINATED', 'result_state': 'SUCCESS', 'state_message': '', 'user_cancelled_or_timedout': False}, 'task': {'notebook_task': {'notebook_path': '/Workspace/Users/maria_apmattos@hotmail.com/data_master/TemplatesDatabricks/expurgo_stage', 'base_parameters': {'param1': 'filedataimport', 'param2': 'produtos', 'param3': '20250207'}, 'source': 'WORKSPACE'}}, 'cluster_spec': {'existing_cluster_id': '0129-031548-z9ttog72'}, 'cluster_instance': {'cluster_id': '0129-031548-z9ttog72', 'spark_context_id': '5358812522125835735'}, 'overriding_parameters': {'notebook_params': {'param1': 'filedataimport', 'param2': 'produtos', 'param3': '20250403'}}, 'start_time': 1743657908500, 'setup_duration': 3000, 'execution_duration': 16000, 'cleanup_duration': 0, 'end_time': 1743657928474, 'run_duration': 19974, 'trigger': 'ONE_TIME', 'run_name': 'Expurgo_produtos', 'run_page_url': 'https://adb-2740266284098548.8.azuredatabricks.net/?o=2740266284098548#job/645927607587685/run/449726422356366', 'run_type': 'JOB_RUN', 'attempt_number': 0, 'format': 'SINGLE_TASK', 'status': {'state': 'TERMINATED', 'termination_details': {'code': 'SUCCESS', 'type': 'SUCCESS', 'message': ''}}, 'job_run_id': 449726422356366}
[2025-04-03T05:25:29.017+0000] {python.py:240} INFO - Done. Returned value was: None
[2025-04-03T05:25:29.060+0000] {taskinstance.py:341} INFO - ::group::Post task execution logs
[2025-04-03T05:25:29.061+0000] {taskinstance.py:353} INFO - Marking task as SUCCESS. dag_id=schedule, task_id=expurgo_stage_produtos_bancarios, run_id=manual__2025-04-03T05:24:29.939221+00:00, execution_date=20250403T052429, start_date=20250403T052508, end_date=20250403T052529
[2025-04-03T05:25:29.123+0000] {local_task_job_runner.py:266} INFO - Task exited with return code 0
[2025-04-03T05:25:29.146+0000] {taskinstance.py:3901} INFO - 0 downstream tasks scheduled from follow-on schedule check
[2025-04-03T05:25:29.147+0000] {local_task_job_runner.py:245} INFO - ::endgroup::
