[2025-04-10T05:28:36.553+0000] {local_task_job_runner.py:123} INFO - ::group::Pre task execution logs
[2025-04-10T05:28:36.569+0000] {taskinstance.py:2614} INFO - Dependencies all met for dep_context=non-requeueable deps ti=<TaskInstance: schedule_data_master.move_cloud_clientes_produtos manual__2025-04-10T05:28:32.328983+00:00 [queued]>
[2025-04-10T05:28:36.574+0000] {taskinstance.py:2614} INFO - Dependencies all met for dep_context=requeueable deps ti=<TaskInstance: schedule_data_master.move_cloud_clientes_produtos manual__2025-04-10T05:28:32.328983+00:00 [queued]>
[2025-04-10T05:28:36.575+0000] {taskinstance.py:2867} INFO - Starting attempt 1 of 1
[2025-04-10T05:28:36.582+0000] {taskinstance.py:2890} INFO - Executing <Task(BashOperator): move_cloud_clientes_produtos> on 2025-04-10 05:28:32.328983+00:00
[2025-04-10T05:28:36.587+0000] {standard_task_runner.py:72} INFO - Started process 252 to run task
[2025-04-10T05:28:36.589+0000] {standard_task_runner.py:104} INFO - Running: ['airflow', 'tasks', 'run', 'schedule_data_master', 'move_cloud_clientes_produtos', 'manual__2025-04-10T05:28:32.328983+00:00', '--job-id', '2156', '--raw', '--subdir', 'DAGS_FOLDER/dag_master.py', '--cfg-path', '/tmp/tmpy2ksac4j']
[2025-04-10T05:28:36.590+0000] {standard_task_runner.py:105} INFO - Job 2156: Subtask move_cloud_clientes_produtos
[2025-04-10T05:28:36.603+0000] {logging_mixin.py:190} WARNING - /home/airflow/.local/lib/python3.8/site-packages/airflow/settings.py:209 DeprecationWarning: The sql_alchemy_conn option in [core] has been moved to the sql_alchemy_conn option in [database] - the old setting has been used, but please update your config.
[2025-04-10T05:28:36.636+0000] {task_command.py:467} INFO - Running <TaskInstance: schedule_data_master.move_cloud_clientes_produtos manual__2025-04-10T05:28:32.328983+00:00 [running]> on host 9cff51709f67
[2025-04-10T05:28:36.702+0000] {taskinstance.py:3134} INFO - Exporting env vars: AIRFLOW_CTX_DAG_OWNER='airflow' AIRFLOW_CTX_DAG_ID='schedule_data_master' AIRFLOW_CTX_TASK_ID='move_cloud_clientes_produtos' AIRFLOW_CTX_EXECUTION_DATE='2025-04-10T05:28:32.328983+00:00' AIRFLOW_CTX_TRY_NUMBER='1' AIRFLOW_CTX_DAG_RUN_ID='manual__2025-04-10T05:28:32.328983+00:00'
[2025-04-10T05:28:36.703+0000] {taskinstance.py:732} INFO - ::endgroup::
[2025-04-10T05:28:36.711+0000] {subprocess.py:78} INFO - Tmp dir root location: /tmp
[2025-04-10T05:28:36.711+0000] {subprocess.py:88} INFO - Running command: ['/bin/bash', '-c', 'docker exec linux_python /bin/bash -c \'/workspace/scripts/run_move_file.sh /path/to/move_cloud/clientes_produtos/clientes_produtos.csv table_ingestion_files/clientesxprod/20250410/clientes_produtos_1744262916.csv && echo "Script Executado com Sucesso!"\'']
[2025-04-10T05:28:36.717+0000] {subprocess.py:99} INFO - Output:
[2025-04-10T05:28:37.479+0000] {subprocess.py:106} INFO - 2025-04-10 05:28:37,476 - INFO - Iniciando o upload do arquivo '/path/to/move_cloud/clientes_produtos/clientes_produtos.csv' para o blob 'table_ingestion_files/clientesxprod/20250410/clientes_produtos_1744262916.csv' no container 'filedataimport'.
[2025-04-10T05:28:37.481+0000] {subprocess.py:106} INFO - 2025-04-10 05:28:37,476 - INFO - Blob URL gerada: https://stagedatamaster.blob.core.windows.net/filedataimport/table_ingestion_files/clientesxprod/20250410/clientes_produtos_1744262916.csv?sp=cw&st=2024-10-20T02:42:12Z&se=2026-10-20T10:42:12Z&spr=https&sv=2022-11-02&sr=c&sig=MaoRwZWwtKEx5vDafwkbeHkx1Rir6bWRYy0FB3OOs58%3D
[2025-04-10T05:28:37.483+0000] {subprocess.py:106} INFO - 2025-04-10 05:28:37,481 - INFO - Enviando o arquivo '/path/to/move_cloud/clientes_produtos/clientes_produtos.csv' para o Azure Blob Storage.
[2025-04-10T05:28:37.484+0000] {subprocess.py:106} INFO - 2025-04-10 05:28:37,482 - INFO - Request URL: 'https://stagedatamaster.blob.core.windows.net/filedataimport/table_ingestion_files/clientesxprod/20250410/clientes_produtos_1744262916.csv?sp=REDACTED&st=REDACTED&se=REDACTED&spr=REDACTED&sv=REDACTED&sr=REDACTED&sig=REDACTED'
[2025-04-10T05:28:37.484+0000] {subprocess.py:106} INFO - Request method: 'PUT'
[2025-04-10T05:28:37.484+0000] {subprocess.py:106} INFO - Request headers:
[2025-04-10T05:28:37.485+0000] {subprocess.py:106} INFO -     'Content-Length': '157128'
[2025-04-10T05:28:37.485+0000] {subprocess.py:106} INFO -     'x-ms-blob-type': 'REDACTED'
[2025-04-10T05:28:37.485+0000] {subprocess.py:106} INFO -     'If-None-Match': '*'
[2025-04-10T05:28:37.485+0000] {subprocess.py:106} INFO -     'x-ms-version': 'REDACTED'
[2025-04-10T05:28:37.485+0000] {subprocess.py:106} INFO -     'Content-Type': 'application/octet-stream'
[2025-04-10T05:28:37.486+0000] {subprocess.py:106} INFO -     'Accept': 'application/xml'
[2025-04-10T05:28:37.486+0000] {subprocess.py:106} INFO -     'User-Agent': 'azsdk-python-storage-blob/12.24.1 Python/3.12.10 (Linux-6.10.14-linuxkit-aarch64-with-glibc2.36)'
[2025-04-10T05:28:37.491+0000] {subprocess.py:106} INFO -     'x-ms-date': 'REDACTED'
[2025-04-10T05:28:37.493+0000] {subprocess.py:106} INFO -     'x-ms-client-request-id': 'a76b4ae2-15cc-11f0-ae36-0242ac120004'
[2025-04-10T05:28:37.494+0000] {subprocess.py:106} INFO - A body is sent with the request
[2025-04-10T05:28:37.795+0000] {subprocess.py:106} INFO - 2025-04-10 05:28:37,793 - INFO - Response status: 201
[2025-04-10T05:28:37.796+0000] {subprocess.py:106} INFO - Response headers:
[2025-04-10T05:28:37.796+0000] {subprocess.py:106} INFO -     'Content-Length': '0'
[2025-04-10T05:28:37.796+0000] {subprocess.py:106} INFO -     'Content-MD5': 'REDACTED'
[2025-04-10T05:28:37.796+0000] {subprocess.py:106} INFO -     'Last-Modified': 'Thu, 10 Apr 2025 05:28:38 GMT'
[2025-04-10T05:28:37.796+0000] {subprocess.py:106} INFO -     'ETag': '"0x8DD77F08BF7BE9A"'
[2025-04-10T05:28:37.797+0000] {subprocess.py:106} INFO -     'Server': 'Windows-Azure-Blob/1.0 Microsoft-HTTPAPI/2.0'
[2025-04-10T05:28:37.797+0000] {subprocess.py:106} INFO -     'x-ms-request-id': '0704d0a8-201e-007a-0cd9-a9f3ce000000'
[2025-04-10T05:28:37.797+0000] {subprocess.py:106} INFO -     'x-ms-client-request-id': 'a76b4ae2-15cc-11f0-ae36-0242ac120004'
[2025-04-10T05:28:37.797+0000] {subprocess.py:106} INFO -     'x-ms-version': 'REDACTED'
[2025-04-10T05:28:37.797+0000] {subprocess.py:106} INFO -     'x-ms-content-crc64': 'REDACTED'
[2025-04-10T05:28:37.798+0000] {subprocess.py:106} INFO -     'x-ms-request-server-encrypted': 'REDACTED'
[2025-04-10T05:28:37.798+0000] {subprocess.py:106} INFO -     'Date': 'Thu, 10 Apr 2025 05:28:37 GMT'
[2025-04-10T05:28:37.798+0000] {subprocess.py:106} INFO - 2025-04-10 05:28:37,793 - INFO - Arquivo '/path/to/move_cloud/clientes_produtos/clientes_produtos.csv' enviado com sucesso para o Azure Blob Storage no blob 'table_ingestion_files/clientesxprod/20250410/clientes_produtos_1744262916.csv'.
[2025-04-10T05:28:37.846+0000] {subprocess.py:106} INFO - Script Executado com Sucesso!
[2025-04-10T05:28:37.858+0000] {subprocess.py:110} INFO - Command exited with return code 0
[2025-04-10T05:28:37.911+0000] {taskinstance.py:341} INFO - ::group::Post task execution logs
[2025-04-10T05:28:37.913+0000] {taskinstance.py:353} INFO - Marking task as SUCCESS. dag_id=schedule_data_master, task_id=move_cloud_clientes_produtos, run_id=manual__2025-04-10T05:28:32.328983+00:00, execution_date=20250410T052832, start_date=20250410T052836, end_date=20250410T052837
[2025-04-10T05:28:37.993+0000] {local_task_job_runner.py:266} INFO - Task exited with return code 0
[2025-04-10T05:28:38.017+0000] {local_task_job_runner.py:245} INFO - ::endgroup::
