[2025-04-10T05:28:34.607+0000] {local_task_job_runner.py:123} INFO - ::group::Pre task execution logs
[2025-04-10T05:28:34.619+0000] {taskinstance.py:2614} INFO - Dependencies all met for dep_context=non-requeueable deps ti=<TaskInstance: schedule_data_master.run_copy_clientes_produtos manual__2025-04-10T05:28:32.328983+00:00 [queued]>
[2025-04-10T05:28:34.624+0000] {taskinstance.py:2614} INFO - Dependencies all met for dep_context=requeueable deps ti=<TaskInstance: schedule_data_master.run_copy_clientes_produtos manual__2025-04-10T05:28:32.328983+00:00 [queued]>
[2025-04-10T05:28:34.624+0000] {taskinstance.py:2867} INFO - Starting attempt 1 of 1
[2025-04-10T05:28:34.632+0000] {taskinstance.py:2890} INFO - Executing <Task(BashOperator): run_copy_clientes_produtos> on 2025-04-10 05:28:32.328983+00:00
[2025-04-10T05:28:34.640+0000] {standard_task_runner.py:72} INFO - Started process 215 to run task
[2025-04-10T05:28:34.645+0000] {standard_task_runner.py:104} INFO - Running: ['airflow', 'tasks', 'run', 'schedule_data_master', 'run_copy_clientes_produtos', 'manual__2025-04-10T05:28:32.328983+00:00', '--job-id', '2155', '--raw', '--subdir', 'DAGS_FOLDER/dag_master.py', '--cfg-path', '/tmp/tmp51q6hmrd']
[2025-04-10T05:28:34.648+0000] {standard_task_runner.py:105} INFO - Job 2155: Subtask run_copy_clientes_produtos
[2025-04-10T05:28:34.699+0000] {logging_mixin.py:190} WARNING - /home/airflow/.local/lib/python3.8/site-packages/airflow/settings.py:209 DeprecationWarning: The sql_alchemy_conn option in [core] has been moved to the sql_alchemy_conn option in [database] - the old setting has been used, but please update your config.
[2025-04-10T05:28:34.740+0000] {task_command.py:467} INFO - Running <TaskInstance: schedule_data_master.run_copy_clientes_produtos manual__2025-04-10T05:28:32.328983+00:00 [running]> on host 9cff51709f67
[2025-04-10T05:28:34.841+0000] {taskinstance.py:3134} INFO - Exporting env vars: AIRFLOW_CTX_DAG_OWNER='airflow' AIRFLOW_CTX_DAG_ID='schedule_data_master' AIRFLOW_CTX_TASK_ID='run_copy_clientes_produtos' AIRFLOW_CTX_EXECUTION_DATE='2025-04-10T05:28:32.328983+00:00' AIRFLOW_CTX_TRY_NUMBER='1' AIRFLOW_CTX_DAG_RUN_ID='manual__2025-04-10T05:28:32.328983+00:00'
[2025-04-10T05:28:34.843+0000] {taskinstance.py:732} INFO - ::endgroup::
[2025-04-10T05:28:34.867+0000] {subprocess.py:78} INFO - Tmp dir root location: /tmp
[2025-04-10T05:28:34.868+0000] {subprocess.py:88} INFO - Running command: ['/bin/bash', '-c', 'docker exec linux_python /bin/bash -c \'/workspace/scripts/run_copy.sh /var/lib/postgresql/exports/clientes_produtos.csv /path/to/move_cloud/clientes_produtos && echo "Script Executado com Sucesso!"\'']
[2025-04-10T05:28:34.879+0000] {subprocess.py:99} INFO - Output:
[2025-04-10T05:28:35.070+0000] {subprocess.py:106} INFO - -----------------------------------------------------------------------
[2025-04-10T05:28:35.073+0000] {subprocess.py:106} INFO - ------------------------- START SCRIPT --------------------------------
[2025-04-10T05:28:35.074+0000] {subprocess.py:106} INFO - -----------------------------------------------------------------------
[2025-04-10T05:28:35.075+0000] {subprocess.py:106} INFO - Arquivo /var/lib/postgresql/exports/clientes_produtos.csv encontrado!
[2025-04-10T05:28:35.201+0000] {subprocess.py:106} INFO - INFO:root:Copia /var/lib/postgresql/exports/clientes_produtos.csv para /path/to/move_cloud/clientes_produtos/clientes_produtos.csv
[2025-04-10T05:28:35.219+0000] {subprocess.py:106} INFO - INFO:root:/var/lib/postgresql/exports/clientes_produtos.csv copiado com sucesso.
[2025-04-10T05:28:35.226+0000] {subprocess.py:106} INFO - INFO:root:### A primeira linha de clientes_produtos.csv é: ['id', 'cliente_id', 'produto_id', 'data_aquisicao', 'valor_aquisicao']
[2025-04-10T05:28:35.227+0000] {subprocess.py:106} INFO - Script Executado com Sucesso!
[2025-04-10T05:28:35.243+0000] {subprocess.py:110} INFO - Command exited with return code 0
[2025-04-10T05:28:35.310+0000] {taskinstance.py:341} INFO - ::group::Post task execution logs
[2025-04-10T05:28:35.310+0000] {taskinstance.py:353} INFO - Marking task as SUCCESS. dag_id=schedule_data_master, task_id=run_copy_clientes_produtos, run_id=manual__2025-04-10T05:28:32.328983+00:00, execution_date=20250410T052832, start_date=20250410T052834, end_date=20250410T052835
[2025-04-10T05:28:35.367+0000] {local_task_job_runner.py:266} INFO - Task exited with return code 0
[2025-04-10T05:28:35.416+0000] {taskinstance.py:3901} INFO - 1 downstream tasks scheduled from follow-on schedule check
[2025-04-10T05:28:35.418+0000] {local_task_job_runner.py:245} INFO - ::endgroup::
