[2025-04-03T05:21:36.328+0000] {local_task_job_runner.py:123} INFO - ::group::Pre task execution logs
[2025-04-03T05:21:36.340+0000] {taskinstance.py:2614} INFO - Dependencies all met for dep_context=non-requeueable deps ti=<TaskInstance: dag_create_table.create_table manual__2025-04-03T05:21:34.971627+00:00 [queued]>
[2025-04-03T05:21:36.343+0000] {taskinstance.py:2614} INFO - Dependencies all met for dep_context=requeueable deps ti=<TaskInstance: dag_create_table.create_table manual__2025-04-03T05:21:34.971627+00:00 [queued]>
[2025-04-03T05:21:36.344+0000] {taskinstance.py:2867} INFO - Starting attempt 1 of 1
[2025-04-03T05:21:36.350+0000] {taskinstance.py:2890} INFO - Executing <Task(PythonOperator): create_table> on 2025-04-03 05:21:34.971627+00:00
[2025-04-03T05:21:36.353+0000] {standard_task_runner.py:72} INFO - Started process 2090 to run task
[2025-04-03T05:21:36.357+0000] {standard_task_runner.py:104} INFO - Running: ['airflow', 'tasks', 'run', 'dag_create_table', 'create_table', 'manual__2025-04-03T05:21:34.971627+00:00', '--job-id', '2033', '--raw', '--subdir', 'DAGS_FOLDER/dag_create_table.py', '--cfg-path', '/tmp/tmph6cjgnos']
[2025-04-03T05:21:36.359+0000] {standard_task_runner.py:105} INFO - Job 2033: Subtask create_table
[2025-04-03T05:21:36.374+0000] {logging_mixin.py:190} WARNING - /home/airflow/.local/lib/python3.8/site-packages/airflow/settings.py:209 DeprecationWarning: The sql_alchemy_conn option in [core] has been moved to the sql_alchemy_conn option in [database] - the old setting has been used, but please update your config.
[2025-04-03T05:21:36.402+0000] {task_command.py:467} INFO - Running <TaskInstance: dag_create_table.create_table manual__2025-04-03T05:21:34.971627+00:00 [running]> on host 11605a72ff70
[2025-04-03T05:21:36.458+0000] {taskinstance.py:3134} INFO - Exporting env vars: AIRFLOW_CTX_DAG_OWNER='airflow' AIRFLOW_CTX_DAG_ID='dag_create_table' AIRFLOW_CTX_TASK_ID='create_table' AIRFLOW_CTX_EXECUTION_DATE='2025-04-03T05:21:34.971627+00:00' AIRFLOW_CTX_TRY_NUMBER='1' AIRFLOW_CTX_DAG_RUN_ID='manual__2025-04-03T05:21:34.971627+00:00'
[2025-04-03T05:21:36.459+0000] {taskinstance.py:732} INFO - ::endgroup::
[2025-04-03T05:21:37.003+0000] {logging_mixin.py:190} INFO - Job iniciado com sucesso. Run ID: 295914388313965
[2025-04-03T05:22:07.864+0000] {logging_mixin.py:190} INFO - Job finalizado com sucesso. Detalhes: {'job_id': 459472940773271, 'run_id': 295914388313965, 'creator_user_name': 'maria_apmattos@hotmail.com', 'number_in_job': 295914388313965, 'original_attempt_run_id': 295914388313965, 'state': {'life_cycle_state': 'TERMINATED', 'result_state': 'SUCCESS', 'state_message': '', 'user_cancelled_or_timedout': False}, 'task': {'notebook_task': {'notebook_path': '/Workspace/Users/maria_apmattos@hotmail.com/data_master/TemplatesDatabricks/Create Tables', 'source': 'WORKSPACE'}}, 'cluster_spec': {'existing_cluster_id': '0129-031548-z9ttog72'}, 'cluster_instance': {'cluster_id': '0129-031548-z9ttog72', 'spark_context_id': '5358812522125835735'}, 'start_time': 1743657696919, 'setup_duration': 3000, 'execution_duration': 20000, 'cleanup_duration': 0, 'end_time': 1743657720694, 'run_duration': 23775, 'trigger': 'ONE_TIME', 'run_name': 'Create_table', 'run_page_url': 'https://adb-2740266284098548.8.azuredatabricks.net/?o=2740266284098548#job/459472940773271/run/295914388313965', 'run_type': 'JOB_RUN', 'attempt_number': 0, 'format': 'SINGLE_TASK', 'status': {'state': 'TERMINATED', 'termination_details': {'code': 'SUCCESS', 'type': 'SUCCESS', 'message': ''}}, 'job_run_id': 295914388313965}
[2025-04-03T05:22:07.868+0000] {python.py:240} INFO - Done. Returned value was: None
[2025-04-03T05:22:07.900+0000] {taskinstance.py:341} INFO - ::group::Post task execution logs
[2025-04-03T05:22:07.901+0000] {taskinstance.py:353} INFO - Marking task as SUCCESS. dag_id=dag_create_table, task_id=create_table, run_id=manual__2025-04-03T05:21:34.971627+00:00, execution_date=20250403T052134, start_date=20250403T052136, end_date=20250403T052207
[2025-04-03T05:22:07.938+0000] {local_task_job_runner.py:266} INFO - Task exited with return code 0
[2025-04-03T05:22:07.956+0000] {taskinstance.py:3901} INFO - 0 downstream tasks scheduled from follow-on schedule check
[2025-04-03T05:22:07.957+0000] {local_task_job_runner.py:245} INFO - ::endgroup::
