[2025-03-11T04:40:08.320+0000] {processor.py:186} INFO - Started process (PID=898) to work on /opt/airflow/dags/dag_g_prod_contrat_diario.py
[2025-03-11T04:40:08.321+0000] {processor.py:914} INFO - Processing file /opt/airflow/dags/dag_g_prod_contrat_diario.py for tasks to queue
[2025-03-11T04:40:08.324+0000] {logging_mixin.py:190} INFO - [2025-03-11T04:40:08.324+0000] {dagbag.py:588} INFO - Filling up the DagBag from /opt/airflow/dags/dag_g_prod_contrat_diario.py
[2025-03-11T04:40:08.344+0000] {processor.py:925} INFO - DAG(s) 'dag_silver_clie_limit' retrieved from /opt/airflow/dags/dag_g_prod_contrat_diario.py
[2025-03-11T04:40:08.366+0000] {logging_mixin.py:190} INFO - [2025-03-11T04:40:08.365+0000] {dag.py:3239} INFO - Sync 1 DAGs
[2025-03-11T04:40:08.387+0000] {logging_mixin.py:190} INFO - [2025-03-11T04:40:08.387+0000] {dag.py:4180} INFO - Setting next_dagrun for dag_silver_clie_limit to 2025-03-10T08:00:00+00:00, run_after=2025-03-11T08:00:00+00:00
[2025-03-11T04:40:08.403+0000] {processor.py:208} INFO - Processing /opt/airflow/dags/dag_g_prod_contrat_diario.py took 0.094 seconds
[2025-03-11T04:40:13.484+0000] {processor.py:186} INFO - Started process (PID=903) to work on /opt/airflow/dags/dag_g_prod_contrat_diario.py
[2025-03-11T04:40:13.486+0000] {processor.py:914} INFO - Processing file /opt/airflow/dags/dag_g_prod_contrat_diario.py for tasks to queue
[2025-03-11T04:40:13.493+0000] {logging_mixin.py:190} INFO - [2025-03-11T04:40:13.491+0000] {dagbag.py:588} INFO - Filling up the DagBag from /opt/airflow/dags/dag_g_prod_contrat_diario.py
[2025-03-11T04:40:13.545+0000] {processor.py:925} INFO - DAG(s) 'dag_silver_clie_limit' retrieved from /opt/airflow/dags/dag_g_prod_contrat_diario.py
[2025-03-11T04:40:13.571+0000] {logging_mixin.py:190} INFO - [2025-03-11T04:40:13.570+0000] {dag.py:3239} INFO - Sync 1 DAGs
[2025-03-11T04:40:13.596+0000] {logging_mixin.py:190} INFO - [2025-03-11T04:40:13.596+0000] {dag.py:4180} INFO - Setting next_dagrun for dag_silver_clie_limit to 2025-03-10T08:00:00+00:00, run_after=2025-03-11T08:00:00+00:00
[2025-03-11T04:40:13.610+0000] {processor.py:208} INFO - Processing /opt/airflow/dags/dag_g_prod_contrat_diario.py took 0.150 seconds
[2025-03-11T04:40:20.834+0000] {processor.py:186} INFO - Started process (PID=908) to work on /opt/airflow/dags/dag_g_prod_contrat_diario.py
[2025-03-11T04:40:20.836+0000] {processor.py:914} INFO - Processing file /opt/airflow/dags/dag_g_prod_contrat_diario.py for tasks to queue
[2025-03-11T04:40:20.841+0000] {logging_mixin.py:190} INFO - [2025-03-11T04:40:20.840+0000] {dagbag.py:588} INFO - Filling up the DagBag from /opt/airflow/dags/dag_g_prod_contrat_diario.py
[2025-03-11T04:40:20.870+0000] {processor.py:925} INFO - DAG(s) 'dag_silver_clie_limit' retrieved from /opt/airflow/dags/dag_g_prod_contrat_diario.py
[2025-03-11T04:40:20.898+0000] {logging_mixin.py:190} INFO - [2025-03-11T04:40:20.897+0000] {dag.py:3239} INFO - Sync 1 DAGs
[2025-03-11T04:40:20.939+0000] {logging_mixin.py:190} INFO - [2025-03-11T04:40:20.939+0000] {dag.py:4180} INFO - Setting next_dagrun for dag_silver_clie_limit to 2025-03-10T08:00:00+00:00, run_after=2025-03-11T08:00:00+00:00
[2025-03-11T04:40:20.954+0000] {processor.py:208} INFO - Processing /opt/airflow/dags/dag_g_prod_contrat_diario.py took 0.140 seconds
[2025-03-11T04:40:34.489+0000] {processor.py:186} INFO - Started process (PID=933) to work on /opt/airflow/dags/dag_g_prod_contrat_diario.py
[2025-03-11T04:40:34.490+0000] {processor.py:914} INFO - Processing file /opt/airflow/dags/dag_g_prod_contrat_diario.py for tasks to queue
[2025-03-11T04:40:34.497+0000] {logging_mixin.py:190} INFO - [2025-03-11T04:40:34.496+0000] {dagbag.py:588} INFO - Filling up the DagBag from /opt/airflow/dags/dag_g_prod_contrat_diario.py
[2025-03-11T04:40:34.527+0000] {processor.py:925} INFO - DAG(s) 'dag_silver_clie_limit' retrieved from /opt/airflow/dags/dag_g_prod_contrat_diario.py
[2025-03-11T04:40:34.558+0000] {logging_mixin.py:190} INFO - [2025-03-11T04:40:34.558+0000] {dag.py:3239} INFO - Sync 1 DAGs
[2025-03-11T04:40:34.579+0000] {logging_mixin.py:190} INFO - [2025-03-11T04:40:34.579+0000] {dag.py:4180} INFO - Setting next_dagrun for dag_silver_clie_limit to 2025-03-10T08:00:00+00:00, run_after=2025-03-11T08:00:00+00:00
[2025-03-11T04:40:34.597+0000] {processor.py:208} INFO - Processing /opt/airflow/dags/dag_g_prod_contrat_diario.py took 0.123 seconds
[2025-03-11T04:41:05.347+0000] {processor.py:186} INFO - Started process (PID=958) to work on /opt/airflow/dags/dag_g_prod_contrat_diario.py
[2025-03-11T04:41:05.349+0000] {processor.py:914} INFO - Processing file /opt/airflow/dags/dag_g_prod_contrat_diario.py for tasks to queue
[2025-03-11T04:41:05.353+0000] {logging_mixin.py:190} INFO - [2025-03-11T04:41:05.353+0000] {dagbag.py:588} INFO - Filling up the DagBag from /opt/airflow/dags/dag_g_prod_contrat_diario.py
[2025-03-11T04:41:05.378+0000] {processor.py:925} INFO - DAG(s) 'dag_silver_clie_limit' retrieved from /opt/airflow/dags/dag_g_prod_contrat_diario.py
[2025-03-11T04:41:05.404+0000] {logging_mixin.py:190} INFO - [2025-03-11T04:41:05.404+0000] {dag.py:3239} INFO - Sync 1 DAGs
[2025-03-11T04:41:05.425+0000] {logging_mixin.py:190} INFO - [2025-03-11T04:41:05.425+0000] {dag.py:4180} INFO - Setting next_dagrun for dag_silver_clie_limit to 2025-03-10T08:00:00+00:00, run_after=2025-03-11T08:00:00+00:00
[2025-03-11T04:41:05.441+0000] {processor.py:208} INFO - Processing /opt/airflow/dags/dag_g_prod_contrat_diario.py took 0.112 seconds
[2025-03-11T04:41:35.988+0000] {processor.py:186} INFO - Started process (PID=983) to work on /opt/airflow/dags/dag_g_prod_contrat_diario.py
[2025-03-11T04:41:35.990+0000] {processor.py:914} INFO - Processing file /opt/airflow/dags/dag_g_prod_contrat_diario.py for tasks to queue
[2025-03-11T04:41:35.992+0000] {logging_mixin.py:190} INFO - [2025-03-11T04:41:35.992+0000] {dagbag.py:588} INFO - Filling up the DagBag from /opt/airflow/dags/dag_g_prod_contrat_diario.py
[2025-03-11T04:41:36.009+0000] {processor.py:925} INFO - DAG(s) 'dag_silver_clie_limit' retrieved from /opt/airflow/dags/dag_g_prod_contrat_diario.py
[2025-03-11T04:41:36.020+0000] {logging_mixin.py:190} INFO - [2025-03-11T04:41:36.020+0000] {dag.py:3239} INFO - Sync 1 DAGs
[2025-03-11T04:41:36.034+0000] {logging_mixin.py:190} INFO - [2025-03-11T04:41:36.034+0000] {dag.py:4180} INFO - Setting next_dagrun for dag_silver_clie_limit to 2025-03-10T08:00:00+00:00, run_after=2025-03-11T08:00:00+00:00
[2025-03-11T04:41:36.043+0000] {processor.py:208} INFO - Processing /opt/airflow/dags/dag_g_prod_contrat_diario.py took 0.069 seconds
[2025-03-11T04:41:51.463+0000] {processor.py:186} INFO - Started process (PID=988) to work on /opt/airflow/dags/dag_g_prod_contrat_diario.py
[2025-03-11T04:41:51.465+0000] {processor.py:914} INFO - Processing file /opt/airflow/dags/dag_g_prod_contrat_diario.py for tasks to queue
[2025-03-11T04:41:51.475+0000] {logging_mixin.py:190} INFO - [2025-03-11T04:41:51.475+0000] {dagbag.py:588} INFO - Filling up the DagBag from /opt/airflow/dags/dag_g_prod_contrat_diario.py
[2025-03-11T04:41:51.508+0000] {processor.py:925} INFO - DAG(s) 'dag_silver_clie_limit' retrieved from /opt/airflow/dags/dag_g_prod_contrat_diario.py
[2025-03-11T04:41:51.531+0000] {logging_mixin.py:190} INFO - [2025-03-11T04:41:51.531+0000] {dag.py:3239} INFO - Sync 1 DAGs
[2025-03-11T04:41:51.559+0000] {logging_mixin.py:190} INFO - [2025-03-11T04:41:51.559+0000] {dag.py:4180} INFO - Setting next_dagrun for dag_silver_clie_limit to 2025-03-10T08:00:00+00:00, run_after=2025-03-11T08:00:00+00:00
[2025-03-11T04:41:51.583+0000] {processor.py:208} INFO - Processing /opt/airflow/dags/dag_g_prod_contrat_diario.py took 0.132 seconds
[2025-03-11T04:42:22.403+0000] {processor.py:186} INFO - Started process (PID=1013) to work on /opt/airflow/dags/dag_g_prod_contrat_diario.py
[2025-03-11T04:42:22.406+0000] {processor.py:914} INFO - Processing file /opt/airflow/dags/dag_g_prod_contrat_diario.py for tasks to queue
[2025-03-11T04:42:22.410+0000] {logging_mixin.py:190} INFO - [2025-03-11T04:42:22.409+0000] {dagbag.py:588} INFO - Filling up the DagBag from /opt/airflow/dags/dag_g_prod_contrat_diario.py
[2025-03-11T04:42:22.438+0000] {processor.py:925} INFO - DAG(s) 'dag_silver_clie_limit' retrieved from /opt/airflow/dags/dag_g_prod_contrat_diario.py
[2025-03-11T04:42:22.461+0000] {logging_mixin.py:190} INFO - [2025-03-11T04:42:22.461+0000] {dag.py:3239} INFO - Sync 1 DAGs
[2025-03-11T04:42:22.487+0000] {logging_mixin.py:190} INFO - [2025-03-11T04:42:22.487+0000] {dag.py:4180} INFO - Setting next_dagrun for dag_silver_clie_limit to 2025-03-10T08:00:00+00:00, run_after=2025-03-11T08:00:00+00:00
[2025-03-11T04:42:22.498+0000] {processor.py:208} INFO - Processing /opt/airflow/dags/dag_g_prod_contrat_diario.py took 0.108 seconds
[2025-03-11T04:42:53.142+0000] {processor.py:186} INFO - Started process (PID=1038) to work on /opt/airflow/dags/dag_g_prod_contrat_diario.py
[2025-03-11T04:42:53.144+0000] {processor.py:914} INFO - Processing file /opt/airflow/dags/dag_g_prod_contrat_diario.py for tasks to queue
[2025-03-11T04:42:53.149+0000] {logging_mixin.py:190} INFO - [2025-03-11T04:42:53.148+0000] {dagbag.py:588} INFO - Filling up the DagBag from /opt/airflow/dags/dag_g_prod_contrat_diario.py
[2025-03-11T04:42:53.193+0000] {processor.py:925} INFO - DAG(s) 'dag_silver_clie_limit' retrieved from /opt/airflow/dags/dag_g_prod_contrat_diario.py
[2025-03-11T04:42:53.220+0000] {logging_mixin.py:190} INFO - [2025-03-11T04:42:53.220+0000] {dag.py:3239} INFO - Sync 1 DAGs
[2025-03-11T04:42:53.247+0000] {logging_mixin.py:190} INFO - [2025-03-11T04:42:53.246+0000] {dag.py:4180} INFO - Setting next_dagrun for dag_silver_clie_limit to 2025-03-10T08:00:00+00:00, run_after=2025-03-11T08:00:00+00:00
[2025-03-11T04:42:53.260+0000] {processor.py:208} INFO - Processing /opt/airflow/dags/dag_g_prod_contrat_diario.py took 0.139 seconds
[2025-03-11T04:43:23.243+0000] {processor.py:186} INFO - Started process (PID=1078) to work on /opt/airflow/dags/dag_g_prod_contrat_diario.py
[2025-03-11T04:43:23.244+0000] {processor.py:914} INFO - Processing file /opt/airflow/dags/dag_g_prod_contrat_diario.py for tasks to queue
[2025-03-11T04:43:23.245+0000] {logging_mixin.py:190} INFO - [2025-03-11T04:43:23.245+0000] {dagbag.py:588} INFO - Filling up the DagBag from /opt/airflow/dags/dag_g_prod_contrat_diario.py
[2025-03-11T04:43:23.256+0000] {processor.py:925} INFO - DAG(s) 'dag_silver_clie_limit' retrieved from /opt/airflow/dags/dag_g_prod_contrat_diario.py
[2025-03-11T04:43:23.264+0000] {logging_mixin.py:190} INFO - [2025-03-11T04:43:23.264+0000] {dag.py:3239} INFO - Sync 1 DAGs
[2025-03-11T04:43:23.277+0000] {logging_mixin.py:190} INFO - [2025-03-11T04:43:23.277+0000] {dag.py:4180} INFO - Setting next_dagrun for dag_silver_clie_limit to 2025-03-10T08:00:00+00:00, run_after=2025-03-11T08:00:00+00:00
[2025-03-11T04:43:23.286+0000] {processor.py:208} INFO - Processing /opt/airflow/dags/dag_g_prod_contrat_diario.py took 0.051 seconds
[2025-03-11T04:43:54.069+0000] {processor.py:186} INFO - Started process (PID=1103) to work on /opt/airflow/dags/dag_g_prod_contrat_diario.py
[2025-03-11T04:43:54.069+0000] {processor.py:914} INFO - Processing file /opt/airflow/dags/dag_g_prod_contrat_diario.py for tasks to queue
[2025-03-11T04:43:54.071+0000] {logging_mixin.py:190} INFO - [2025-03-11T04:43:54.070+0000] {dagbag.py:588} INFO - Filling up the DagBag from /opt/airflow/dags/dag_g_prod_contrat_diario.py
[2025-03-11T04:43:54.083+0000] {processor.py:925} INFO - DAG(s) 'dag_silver_clie_limit' retrieved from /opt/airflow/dags/dag_g_prod_contrat_diario.py
[2025-03-11T04:43:54.092+0000] {logging_mixin.py:190} INFO - [2025-03-11T04:43:54.092+0000] {dag.py:3239} INFO - Sync 1 DAGs
[2025-03-11T04:43:54.104+0000] {logging_mixin.py:190} INFO - [2025-03-11T04:43:54.104+0000] {dag.py:4180} INFO - Setting next_dagrun for dag_silver_clie_limit to 2025-03-10T08:00:00+00:00, run_after=2025-03-11T08:00:00+00:00
[2025-03-11T04:43:54.111+0000] {processor.py:208} INFO - Processing /opt/airflow/dags/dag_g_prod_contrat_diario.py took 0.046 seconds
[2025-03-11T04:44:24.974+0000] {processor.py:186} INFO - Started process (PID=1128) to work on /opt/airflow/dags/dag_g_prod_contrat_diario.py
[2025-03-11T04:44:24.975+0000] {processor.py:914} INFO - Processing file /opt/airflow/dags/dag_g_prod_contrat_diario.py for tasks to queue
[2025-03-11T04:44:24.976+0000] {logging_mixin.py:190} INFO - [2025-03-11T04:44:24.976+0000] {dagbag.py:588} INFO - Filling up the DagBag from /opt/airflow/dags/dag_g_prod_contrat_diario.py
[2025-03-11T04:44:24.984+0000] {processor.py:925} INFO - DAG(s) 'dag_silver_clie_limit' retrieved from /opt/airflow/dags/dag_g_prod_contrat_diario.py
[2025-03-11T04:44:24.992+0000] {logging_mixin.py:190} INFO - [2025-03-11T04:44:24.992+0000] {dag.py:3239} INFO - Sync 1 DAGs
[2025-03-11T04:44:25.005+0000] {logging_mixin.py:190} INFO - [2025-03-11T04:44:25.005+0000] {dag.py:4180} INFO - Setting next_dagrun for dag_silver_clie_limit to 2025-03-10T08:00:00+00:00, run_after=2025-03-11T08:00:00+00:00
[2025-03-11T04:44:25.013+0000] {processor.py:208} INFO - Processing /opt/airflow/dags/dag_g_prod_contrat_diario.py took 0.043 seconds
[2025-03-11T04:44:55.769+0000] {processor.py:186} INFO - Started process (PID=1153) to work on /opt/airflow/dags/dag_g_prod_contrat_diario.py
[2025-03-11T04:44:55.769+0000] {processor.py:914} INFO - Processing file /opt/airflow/dags/dag_g_prod_contrat_diario.py for tasks to queue
[2025-03-11T04:44:55.770+0000] {logging_mixin.py:190} INFO - [2025-03-11T04:44:55.770+0000] {dagbag.py:588} INFO - Filling up the DagBag from /opt/airflow/dags/dag_g_prod_contrat_diario.py
[2025-03-11T04:44:55.778+0000] {processor.py:925} INFO - DAG(s) 'dag_silver_clie_limit' retrieved from /opt/airflow/dags/dag_g_prod_contrat_diario.py
[2025-03-11T04:44:55.785+0000] {logging_mixin.py:190} INFO - [2025-03-11T04:44:55.785+0000] {dag.py:3239} INFO - Sync 1 DAGs
[2025-03-11T04:44:55.796+0000] {logging_mixin.py:190} INFO - [2025-03-11T04:44:55.796+0000] {dag.py:4180} INFO - Setting next_dagrun for dag_silver_clie_limit to 2025-03-10T08:00:00+00:00, run_after=2025-03-11T08:00:00+00:00
[2025-03-11T04:44:55.805+0000] {processor.py:208} INFO - Processing /opt/airflow/dags/dag_g_prod_contrat_diario.py took 0.040 seconds
[2025-03-11T04:45:26.666+0000] {processor.py:186} INFO - Started process (PID=1183) to work on /opt/airflow/dags/dag_g_prod_contrat_diario.py
[2025-03-11T04:45:26.666+0000] {processor.py:914} INFO - Processing file /opt/airflow/dags/dag_g_prod_contrat_diario.py for tasks to queue
[2025-03-11T04:45:26.668+0000] {logging_mixin.py:190} INFO - [2025-03-11T04:45:26.667+0000] {dagbag.py:588} INFO - Filling up the DagBag from /opt/airflow/dags/dag_g_prod_contrat_diario.py
[2025-03-11T04:45:26.677+0000] {processor.py:925} INFO - DAG(s) 'dag_silver_clie_limit' retrieved from /opt/airflow/dags/dag_g_prod_contrat_diario.py
[2025-03-11T04:45:26.687+0000] {logging_mixin.py:190} INFO - [2025-03-11T04:45:26.687+0000] {dag.py:3239} INFO - Sync 1 DAGs
[2025-03-11T04:45:26.700+0000] {logging_mixin.py:190} INFO - [2025-03-11T04:45:26.700+0000] {dag.py:4180} INFO - Setting next_dagrun for dag_silver_clie_limit to 2025-03-10T08:00:00+00:00, run_after=2025-03-11T08:00:00+00:00
[2025-03-11T04:45:26.708+0000] {processor.py:208} INFO - Processing /opt/airflow/dags/dag_g_prod_contrat_diario.py took 0.046 seconds
[2025-03-11T04:45:57.476+0000] {processor.py:186} INFO - Started process (PID=1213) to work on /opt/airflow/dags/dag_g_prod_contrat_diario.py
[2025-03-11T04:45:57.479+0000] {processor.py:914} INFO - Processing file /opt/airflow/dags/dag_g_prod_contrat_diario.py for tasks to queue
[2025-03-11T04:45:57.480+0000] {logging_mixin.py:190} INFO - [2025-03-11T04:45:57.480+0000] {dagbag.py:588} INFO - Filling up the DagBag from /opt/airflow/dags/dag_g_prod_contrat_diario.py
[2025-03-11T04:45:57.490+0000] {processor.py:925} INFO - DAG(s) 'dag_silver_clie_limit' retrieved from /opt/airflow/dags/dag_g_prod_contrat_diario.py
[2025-03-11T04:45:57.499+0000] {logging_mixin.py:190} INFO - [2025-03-11T04:45:57.499+0000] {dag.py:3239} INFO - Sync 1 DAGs
[2025-03-11T04:45:57.512+0000] {logging_mixin.py:190} INFO - [2025-03-11T04:45:57.512+0000] {dag.py:4180} INFO - Setting next_dagrun for dag_silver_clie_limit to 2025-03-10T08:00:00+00:00, run_after=2025-03-11T08:00:00+00:00
[2025-03-11T04:45:57.521+0000] {processor.py:208} INFO - Processing /opt/airflow/dags/dag_g_prod_contrat_diario.py took 0.049 seconds
[2025-03-11T04:46:28.727+0000] {processor.py:186} INFO - Started process (PID=1243) to work on /opt/airflow/dags/dag_g_prod_contrat_diario.py
[2025-03-11T04:46:28.728+0000] {processor.py:914} INFO - Processing file /opt/airflow/dags/dag_g_prod_contrat_diario.py for tasks to queue
[2025-03-11T04:46:28.730+0000] {logging_mixin.py:190} INFO - [2025-03-11T04:46:28.730+0000] {dagbag.py:588} INFO - Filling up the DagBag from /opt/airflow/dags/dag_g_prod_contrat_diario.py
[2025-03-11T04:46:28.744+0000] {processor.py:925} INFO - DAG(s) 'dag_silver_clie_limit' retrieved from /opt/airflow/dags/dag_g_prod_contrat_diario.py
[2025-03-11T04:46:28.753+0000] {logging_mixin.py:190} INFO - [2025-03-11T04:46:28.753+0000] {dag.py:3239} INFO - Sync 1 DAGs
[2025-03-11T04:46:28.770+0000] {logging_mixin.py:190} INFO - [2025-03-11T04:46:28.770+0000] {dag.py:4180} INFO - Setting next_dagrun for dag_silver_clie_limit to 2025-03-10T08:00:00+00:00, run_after=2025-03-11T08:00:00+00:00
[2025-03-11T04:46:28.782+0000] {processor.py:208} INFO - Processing /opt/airflow/dags/dag_g_prod_contrat_diario.py took 0.064 seconds
[2025-03-11T04:46:44.117+0000] {processor.py:186} INFO - Started process (PID=1261) to work on /opt/airflow/dags/dag_g_prod_contrat_diario.py
[2025-03-11T04:46:44.121+0000] {processor.py:914} INFO - Processing file /opt/airflow/dags/dag_g_prod_contrat_diario.py for tasks to queue
[2025-03-11T04:46:44.124+0000] {logging_mixin.py:190} INFO - [2025-03-11T04:46:44.124+0000] {dagbag.py:588} INFO - Filling up the DagBag from /opt/airflow/dags/dag_g_prod_contrat_diario.py
[2025-03-11T04:46:44.154+0000] {processor.py:925} INFO - DAG(s) 'dag_gold_prod_contrat_diario' retrieved from /opt/airflow/dags/dag_g_prod_contrat_diario.py
[2025-03-11T04:46:44.224+0000] {logging_mixin.py:190} INFO - [2025-03-11T04:46:44.224+0000] {override.py:1901} INFO - Created Permission View: can read on DAG:dag_gold_prod_contrat_diario
[2025-03-11T04:46:44.231+0000] {logging_mixin.py:190} INFO - [2025-03-11T04:46:44.231+0000] {override.py:1901} INFO - Created Permission View: can delete on DAG:dag_gold_prod_contrat_diario
[2025-03-11T04:46:44.235+0000] {logging_mixin.py:190} INFO - [2025-03-11T04:46:44.235+0000] {override.py:1901} INFO - Created Permission View: can edit on DAG:dag_gold_prod_contrat_diario
[2025-03-11T04:46:44.239+0000] {logging_mixin.py:190} INFO - [2025-03-11T04:46:44.239+0000] {override.py:1901} INFO - Created Permission View: can read on DAG Run:dag_gold_prod_contrat_diario
[2025-03-11T04:46:44.243+0000] {logging_mixin.py:190} INFO - [2025-03-11T04:46:44.243+0000] {override.py:1901} INFO - Created Permission View: can create on DAG Run:dag_gold_prod_contrat_diario
[2025-03-11T04:46:44.248+0000] {logging_mixin.py:190} INFO - [2025-03-11T04:46:44.248+0000] {override.py:1901} INFO - Created Permission View: can delete on DAG Run:dag_gold_prod_contrat_diario
[2025-03-11T04:46:44.252+0000] {logging_mixin.py:190} INFO - [2025-03-11T04:46:44.251+0000] {override.py:1901} INFO - Created Permission View: menu access on DAG Run:dag_gold_prod_contrat_diario
[2025-03-11T04:46:44.252+0000] {logging_mixin.py:190} INFO - [2025-03-11T04:46:44.252+0000] {dag.py:3239} INFO - Sync 1 DAGs
[2025-03-11T04:46:44.262+0000] {logging_mixin.py:190} INFO - [2025-03-11T04:46:44.262+0000] {dag.py:3262} INFO - Creating ORM DAG for dag_gold_prod_contrat_diario
[2025-03-11T04:46:44.274+0000] {logging_mixin.py:190} INFO - [2025-03-11T04:46:44.274+0000] {dag.py:4180} INFO - Setting next_dagrun for dag_gold_prod_contrat_diario to 2025-03-10T08:00:00+00:00, run_after=2025-03-11T08:00:00+00:00
[2025-03-11T04:46:44.290+0000] {processor.py:208} INFO - Processing /opt/airflow/dags/dag_g_prod_contrat_diario.py took 0.186 seconds
[2025-03-11T04:47:19.188+0000] {processor.py:186} INFO - Started process (PID=178) to work on /opt/airflow/dags/dag_g_prod_contrat_diario.py
[2025-03-11T04:47:19.190+0000] {processor.py:914} INFO - Processing file /opt/airflow/dags/dag_g_prod_contrat_diario.py for tasks to queue
[2025-03-11T04:47:19.193+0000] {logging_mixin.py:190} INFO - [2025-03-11T04:47:19.193+0000] {dagbag.py:588} INFO - Filling up the DagBag from /opt/airflow/dags/dag_g_prod_contrat_diario.py
[2025-03-11T04:47:19.227+0000] {processor.py:925} INFO - DAG(s) 'dag_gold_prod_contrat_diario' retrieved from /opt/airflow/dags/dag_g_prod_contrat_diario.py
[2025-03-11T04:47:19.327+0000] {logging_mixin.py:190} INFO - [2025-03-11T04:47:19.327+0000] {dag.py:3239} INFO - Sync 1 DAGs
[2025-03-11T04:47:19.350+0000] {logging_mixin.py:190} INFO - [2025-03-11T04:47:19.350+0000] {dag.py:4180} INFO - Setting next_dagrun for dag_gold_prod_contrat_diario to 2025-03-10T08:00:00+00:00, run_after=2025-03-11T08:00:00+00:00
[2025-03-11T04:47:19.370+0000] {processor.py:208} INFO - Processing /opt/airflow/dags/dag_g_prod_contrat_diario.py took 0.188 seconds
[2025-03-11T04:47:50.145+0000] {processor.py:186} INFO - Started process (PID=220) to work on /opt/airflow/dags/dag_g_prod_contrat_diario.py
[2025-03-11T04:47:50.146+0000] {processor.py:914} INFO - Processing file /opt/airflow/dags/dag_g_prod_contrat_diario.py for tasks to queue
[2025-03-11T04:47:50.155+0000] {logging_mixin.py:190} INFO - [2025-03-11T04:47:50.155+0000] {dagbag.py:588} INFO - Filling up the DagBag from /opt/airflow/dags/dag_g_prod_contrat_diario.py
[2025-03-11T04:47:50.189+0000] {processor.py:925} INFO - DAG(s) 'dag_gold_prod_contrat_diario' retrieved from /opt/airflow/dags/dag_g_prod_contrat_diario.py
[2025-03-11T04:47:50.279+0000] {logging_mixin.py:190} INFO - [2025-03-11T04:47:50.279+0000] {dag.py:3239} INFO - Sync 1 DAGs
[2025-03-11T04:47:50.314+0000] {logging_mixin.py:190} INFO - [2025-03-11T04:47:50.314+0000] {dag.py:4180} INFO - Setting next_dagrun for dag_gold_prod_contrat_diario to 2025-03-10T08:00:00+00:00, run_after=2025-03-11T08:00:00+00:00
[2025-03-11T04:47:50.354+0000] {processor.py:208} INFO - Processing /opt/airflow/dags/dag_g_prod_contrat_diario.py took 0.224 seconds
[2025-03-11T04:48:21.089+0000] {processor.py:186} INFO - Started process (PID=251) to work on /opt/airflow/dags/dag_g_prod_contrat_diario.py
[2025-03-11T04:48:21.091+0000] {processor.py:914} INFO - Processing file /opt/airflow/dags/dag_g_prod_contrat_diario.py for tasks to queue
[2025-03-11T04:48:21.097+0000] {logging_mixin.py:190} INFO - [2025-03-11T04:48:21.095+0000] {dagbag.py:588} INFO - Filling up the DagBag from /opt/airflow/dags/dag_g_prod_contrat_diario.py
[2025-03-11T04:48:21.135+0000] {processor.py:925} INFO - DAG(s) 'dag_gold_prod_contrat_diario' retrieved from /opt/airflow/dags/dag_g_prod_contrat_diario.py
[2025-03-11T04:48:21.211+0000] {logging_mixin.py:190} INFO - [2025-03-11T04:48:21.211+0000] {dag.py:3239} INFO - Sync 1 DAGs
[2025-03-11T04:48:21.232+0000] {logging_mixin.py:190} INFO - [2025-03-11T04:48:21.232+0000] {dag.py:4180} INFO - Setting next_dagrun for dag_gold_prod_contrat_diario to 2025-03-10T08:00:00+00:00, run_after=2025-03-11T08:00:00+00:00
[2025-03-11T04:48:21.247+0000] {processor.py:208} INFO - Processing /opt/airflow/dags/dag_g_prod_contrat_diario.py took 0.173 seconds
[2025-03-11T04:48:51.917+0000] {processor.py:186} INFO - Started process (PID=281) to work on /opt/airflow/dags/dag_g_prod_contrat_diario.py
[2025-03-11T04:48:51.918+0000] {processor.py:914} INFO - Processing file /opt/airflow/dags/dag_g_prod_contrat_diario.py for tasks to queue
[2025-03-11T04:48:51.921+0000] {logging_mixin.py:190} INFO - [2025-03-11T04:48:51.921+0000] {dagbag.py:588} INFO - Filling up the DagBag from /opt/airflow/dags/dag_g_prod_contrat_diario.py
[2025-03-11T04:48:51.954+0000] {processor.py:925} INFO - DAG(s) 'dag_gold_prod_contrat_diario' retrieved from /opt/airflow/dags/dag_g_prod_contrat_diario.py
[2025-03-11T04:48:52.043+0000] {logging_mixin.py:190} INFO - [2025-03-11T04:48:52.043+0000] {dag.py:3239} INFO - Sync 1 DAGs
[2025-03-11T04:48:52.060+0000] {logging_mixin.py:190} INFO - [2025-03-11T04:48:52.060+0000] {dag.py:4180} INFO - Setting next_dagrun for dag_gold_prod_contrat_diario to 2025-03-10T08:00:00+00:00, run_after=2025-03-11T08:00:00+00:00
[2025-03-11T04:48:52.075+0000] {processor.py:208} INFO - Processing /opt/airflow/dags/dag_g_prod_contrat_diario.py took 0.164 seconds
[2025-03-11T04:49:22.796+0000] {processor.py:186} INFO - Started process (PID=311) to work on /opt/airflow/dags/dag_g_prod_contrat_diario.py
[2025-03-11T04:49:22.797+0000] {processor.py:914} INFO - Processing file /opt/airflow/dags/dag_g_prod_contrat_diario.py for tasks to queue
[2025-03-11T04:49:22.799+0000] {logging_mixin.py:190} INFO - [2025-03-11T04:49:22.799+0000] {dagbag.py:588} INFO - Filling up the DagBag from /opt/airflow/dags/dag_g_prod_contrat_diario.py
[2025-03-11T04:49:22.815+0000] {processor.py:925} INFO - DAG(s) 'dag_gold_prod_contrat_diario' retrieved from /opt/airflow/dags/dag_g_prod_contrat_diario.py
[2025-03-11T04:49:22.869+0000] {logging_mixin.py:190} INFO - [2025-03-11T04:49:22.869+0000] {dag.py:3239} INFO - Sync 1 DAGs
[2025-03-11T04:49:22.884+0000] {logging_mixin.py:190} INFO - [2025-03-11T04:49:22.884+0000] {dag.py:4180} INFO - Setting next_dagrun for dag_gold_prod_contrat_diario to 2025-03-10T08:00:00+00:00, run_after=2025-03-11T08:00:00+00:00
[2025-03-11T04:49:22.893+0000] {processor.py:208} INFO - Processing /opt/airflow/dags/dag_g_prod_contrat_diario.py took 0.104 seconds
[2025-03-11T04:49:53.584+0000] {processor.py:186} INFO - Started process (PID=341) to work on /opt/airflow/dags/dag_g_prod_contrat_diario.py
[2025-03-11T04:49:53.585+0000] {processor.py:914} INFO - Processing file /opt/airflow/dags/dag_g_prod_contrat_diario.py for tasks to queue
[2025-03-11T04:49:53.588+0000] {logging_mixin.py:190} INFO - [2025-03-11T04:49:53.588+0000] {dagbag.py:588} INFO - Filling up the DagBag from /opt/airflow/dags/dag_g_prod_contrat_diario.py
[2025-03-11T04:49:53.612+0000] {processor.py:925} INFO - DAG(s) 'dag_gold_prod_contrat_diario' retrieved from /opt/airflow/dags/dag_g_prod_contrat_diario.py
[2025-03-11T04:49:53.668+0000] {logging_mixin.py:190} INFO - [2025-03-11T04:49:53.668+0000] {dag.py:3239} INFO - Sync 1 DAGs
[2025-03-11T04:49:53.688+0000] {logging_mixin.py:190} INFO - [2025-03-11T04:49:53.688+0000] {dag.py:4180} INFO - Setting next_dagrun for dag_gold_prod_contrat_diario to 2025-03-10T08:00:00+00:00, run_after=2025-03-11T08:00:00+00:00
[2025-03-11T04:49:53.699+0000] {processor.py:208} INFO - Processing /opt/airflow/dags/dag_g_prod_contrat_diario.py took 0.123 seconds
[2025-03-11T04:50:24.343+0000] {processor.py:186} INFO - Started process (PID=371) to work on /opt/airflow/dags/dag_g_prod_contrat_diario.py
[2025-03-11T04:50:24.344+0000] {processor.py:914} INFO - Processing file /opt/airflow/dags/dag_g_prod_contrat_diario.py for tasks to queue
[2025-03-11T04:50:24.346+0000] {logging_mixin.py:190} INFO - [2025-03-11T04:50:24.346+0000] {dagbag.py:588} INFO - Filling up the DagBag from /opt/airflow/dags/dag_g_prod_contrat_diario.py
[2025-03-11T04:50:24.367+0000] {processor.py:925} INFO - DAG(s) 'dag_gold_prod_contrat_diario' retrieved from /opt/airflow/dags/dag_g_prod_contrat_diario.py
[2025-03-11T04:50:24.427+0000] {logging_mixin.py:190} INFO - [2025-03-11T04:50:24.427+0000] {dag.py:3239} INFO - Sync 1 DAGs
[2025-03-11T04:50:24.440+0000] {logging_mixin.py:190} INFO - [2025-03-11T04:50:24.439+0000] {dag.py:4180} INFO - Setting next_dagrun for dag_gold_prod_contrat_diario to 2025-03-10T08:00:00+00:00, run_after=2025-03-11T08:00:00+00:00
[2025-03-11T04:50:24.453+0000] {processor.py:208} INFO - Processing /opt/airflow/dags/dag_g_prod_contrat_diario.py took 0.120 seconds
[2025-03-11T04:50:55.126+0000] {processor.py:186} INFO - Started process (PID=401) to work on /opt/airflow/dags/dag_g_prod_contrat_diario.py
[2025-03-11T04:50:55.127+0000] {processor.py:914} INFO - Processing file /opt/airflow/dags/dag_g_prod_contrat_diario.py for tasks to queue
[2025-03-11T04:50:55.128+0000] {logging_mixin.py:190} INFO - [2025-03-11T04:50:55.128+0000] {dagbag.py:588} INFO - Filling up the DagBag from /opt/airflow/dags/dag_g_prod_contrat_diario.py
[2025-03-11T04:50:55.147+0000] {processor.py:925} INFO - DAG(s) 'dag_gold_prod_contrat_diario' retrieved from /opt/airflow/dags/dag_g_prod_contrat_diario.py
[2025-03-11T04:50:55.199+0000] {logging_mixin.py:190} INFO - [2025-03-11T04:50:55.199+0000] {dag.py:3239} INFO - Sync 1 DAGs
[2025-03-11T04:50:55.211+0000] {logging_mixin.py:190} INFO - [2025-03-11T04:50:55.211+0000] {dag.py:4180} INFO - Setting next_dagrun for dag_gold_prod_contrat_diario to 2025-03-10T08:00:00+00:00, run_after=2025-03-11T08:00:00+00:00
[2025-03-11T04:50:55.222+0000] {processor.py:208} INFO - Processing /opt/airflow/dags/dag_g_prod_contrat_diario.py took 0.104 seconds
[2025-03-11T04:51:25.862+0000] {processor.py:186} INFO - Started process (PID=434) to work on /opt/airflow/dags/dag_g_prod_contrat_diario.py
[2025-03-11T04:51:25.864+0000] {processor.py:914} INFO - Processing file /opt/airflow/dags/dag_g_prod_contrat_diario.py for tasks to queue
[2025-03-11T04:51:25.870+0000] {logging_mixin.py:190} INFO - [2025-03-11T04:51:25.869+0000] {dagbag.py:588} INFO - Filling up the DagBag from /opt/airflow/dags/dag_g_prod_contrat_diario.py
[2025-03-11T04:51:25.901+0000] {processor.py:925} INFO - DAG(s) 'dag_gold_prod_contrat_diario' retrieved from /opt/airflow/dags/dag_g_prod_contrat_diario.py
[2025-03-11T04:51:25.986+0000] {logging_mixin.py:190} INFO - [2025-03-11T04:51:25.986+0000] {dag.py:3239} INFO - Sync 1 DAGs
[2025-03-11T04:51:26.007+0000] {logging_mixin.py:190} INFO - [2025-03-11T04:51:26.006+0000] {dag.py:4180} INFO - Setting next_dagrun for dag_gold_prod_contrat_diario to 2025-03-10T08:00:00+00:00, run_after=2025-03-11T08:00:00+00:00
[2025-03-11T04:51:26.190+0000] {processor.py:208} INFO - Processing /opt/airflow/dags/dag_g_prod_contrat_diario.py took 0.341 seconds
[2025-03-11T04:51:57.062+0000] {processor.py:186} INFO - Started process (PID=581) to work on /opt/airflow/dags/dag_g_prod_contrat_diario.py
[2025-03-11T04:51:57.065+0000] {processor.py:914} INFO - Processing file /opt/airflow/dags/dag_g_prod_contrat_diario.py for tasks to queue
[2025-03-11T04:51:57.070+0000] {logging_mixin.py:190} INFO - [2025-03-11T04:51:57.070+0000] {dagbag.py:588} INFO - Filling up the DagBag from /opt/airflow/dags/dag_g_prod_contrat_diario.py
[2025-03-11T04:51:57.099+0000] {processor.py:925} INFO - DAG(s) 'dag_gold_prod_contrat_diario' retrieved from /opt/airflow/dags/dag_g_prod_contrat_diario.py
[2025-03-11T04:51:57.174+0000] {logging_mixin.py:190} INFO - [2025-03-11T04:51:57.174+0000] {dag.py:3239} INFO - Sync 1 DAGs
[2025-03-11T04:51:57.363+0000] {logging_mixin.py:190} INFO - [2025-03-11T04:51:57.363+0000] {dag.py:4180} INFO - Setting next_dagrun for dag_gold_prod_contrat_diario to 2025-03-10T08:00:00+00:00, run_after=2025-03-11T08:00:00+00:00
[2025-03-11T04:51:57.372+0000] {processor.py:208} INFO - Processing /opt/airflow/dags/dag_g_prod_contrat_diario.py took 0.326 seconds
[2025-03-11T04:52:28.210+0000] {processor.py:186} INFO - Started process (PID=611) to work on /opt/airflow/dags/dag_g_prod_contrat_diario.py
[2025-03-11T04:52:28.212+0000] {processor.py:914} INFO - Processing file /opt/airflow/dags/dag_g_prod_contrat_diario.py for tasks to queue
[2025-03-11T04:52:28.216+0000] {logging_mixin.py:190} INFO - [2025-03-11T04:52:28.216+0000] {dagbag.py:588} INFO - Filling up the DagBag from /opt/airflow/dags/dag_g_prod_contrat_diario.py
[2025-03-11T04:52:28.233+0000] {processor.py:925} INFO - DAG(s) 'dag_gold_prod_contrat_diario' retrieved from /opt/airflow/dags/dag_g_prod_contrat_diario.py
[2025-03-11T04:52:28.415+0000] {logging_mixin.py:190} INFO - [2025-03-11T04:52:28.415+0000] {dag.py:3239} INFO - Sync 1 DAGs
[2025-03-11T04:52:28.426+0000] {logging_mixin.py:190} INFO - [2025-03-11T04:52:28.426+0000] {dag.py:4180} INFO - Setting next_dagrun for dag_gold_prod_contrat_diario to 2025-03-10T08:00:00+00:00, run_after=2025-03-11T08:00:00+00:00
[2025-03-11T04:52:28.436+0000] {processor.py:208} INFO - Processing /opt/airflow/dags/dag_g_prod_contrat_diario.py took 0.234 seconds
[2025-03-11T04:52:59.111+0000] {processor.py:186} INFO - Started process (PID=650) to work on /opt/airflow/dags/dag_g_prod_contrat_diario.py
[2025-03-11T04:52:59.114+0000] {processor.py:914} INFO - Processing file /opt/airflow/dags/dag_g_prod_contrat_diario.py for tasks to queue
[2025-03-11T04:52:59.117+0000] {logging_mixin.py:190} INFO - [2025-03-11T04:52:59.117+0000] {dagbag.py:588} INFO - Filling up the DagBag from /opt/airflow/dags/dag_g_prod_contrat_diario.py
[2025-03-11T04:52:59.143+0000] {processor.py:925} INFO - DAG(s) 'dag_gold_prod_contrat_diario' retrieved from /opt/airflow/dags/dag_g_prod_contrat_diario.py
[2025-03-11T04:52:59.340+0000] {logging_mixin.py:190} INFO - [2025-03-11T04:52:59.340+0000] {dag.py:3239} INFO - Sync 1 DAGs
[2025-03-11T04:52:59.352+0000] {logging_mixin.py:190} INFO - [2025-03-11T04:52:59.352+0000] {dag.py:4180} INFO - Setting next_dagrun for dag_gold_prod_contrat_diario to 2025-03-10T08:00:00+00:00, run_after=2025-03-11T08:00:00+00:00
[2025-03-11T04:52:59.363+0000] {processor.py:208} INFO - Processing /opt/airflow/dags/dag_g_prod_contrat_diario.py took 0.261 seconds
[2025-03-11T04:53:30.191+0000] {processor.py:186} INFO - Started process (PID=679) to work on /opt/airflow/dags/dag_g_prod_contrat_diario.py
[2025-03-11T04:53:30.193+0000] {processor.py:914} INFO - Processing file /opt/airflow/dags/dag_g_prod_contrat_diario.py for tasks to queue
[2025-03-11T04:53:30.198+0000] {logging_mixin.py:190} INFO - [2025-03-11T04:53:30.198+0000] {dagbag.py:588} INFO - Filling up the DagBag from /opt/airflow/dags/dag_g_prod_contrat_diario.py
[2025-03-11T04:53:30.236+0000] {processor.py:925} INFO - DAG(s) 'dag_gold_prod_contrat_diario' retrieved from /opt/airflow/dags/dag_g_prod_contrat_diario.py
[2025-03-11T04:53:30.465+0000] {logging_mixin.py:190} INFO - [2025-03-11T04:53:30.465+0000] {dag.py:3239} INFO - Sync 1 DAGs
[2025-03-11T04:53:30.476+0000] {logging_mixin.py:190} INFO - [2025-03-11T04:53:30.476+0000] {dag.py:4180} INFO - Setting next_dagrun for dag_gold_prod_contrat_diario to 2025-03-10T08:00:00+00:00, run_after=2025-03-11T08:00:00+00:00
[2025-03-11T04:53:30.488+0000] {processor.py:208} INFO - Processing /opt/airflow/dags/dag_g_prod_contrat_diario.py took 0.316 seconds
[2025-03-11T04:54:01.311+0000] {processor.py:186} INFO - Started process (PID=710) to work on /opt/airflow/dags/dag_g_prod_contrat_diario.py
[2025-03-11T04:54:01.313+0000] {processor.py:914} INFO - Processing file /opt/airflow/dags/dag_g_prod_contrat_diario.py for tasks to queue
[2025-03-11T04:54:01.316+0000] {logging_mixin.py:190} INFO - [2025-03-11T04:54:01.316+0000] {dagbag.py:588} INFO - Filling up the DagBag from /opt/airflow/dags/dag_g_prod_contrat_diario.py
[2025-03-11T04:54:01.345+0000] {processor.py:925} INFO - DAG(s) 'dag_gold_prod_contrat_diario' retrieved from /opt/airflow/dags/dag_g_prod_contrat_diario.py
[2025-03-11T04:54:01.550+0000] {logging_mixin.py:190} INFO - [2025-03-11T04:54:01.550+0000] {dag.py:3239} INFO - Sync 1 DAGs
[2025-03-11T04:54:01.561+0000] {logging_mixin.py:190} INFO - [2025-03-11T04:54:01.561+0000] {dag.py:4180} INFO - Setting next_dagrun for dag_gold_prod_contrat_diario to 2025-03-10T08:00:00+00:00, run_after=2025-03-11T08:00:00+00:00
[2025-03-11T04:54:01.572+0000] {processor.py:208} INFO - Processing /opt/airflow/dags/dag_g_prod_contrat_diario.py took 0.283 seconds
[2025-03-11T04:54:32.372+0000] {processor.py:186} INFO - Started process (PID=740) to work on /opt/airflow/dags/dag_g_prod_contrat_diario.py
[2025-03-11T04:54:32.376+0000] {processor.py:914} INFO - Processing file /opt/airflow/dags/dag_g_prod_contrat_diario.py for tasks to queue
[2025-03-11T04:54:32.383+0000] {logging_mixin.py:190} INFO - [2025-03-11T04:54:32.383+0000] {dagbag.py:588} INFO - Filling up the DagBag from /opt/airflow/dags/dag_g_prod_contrat_diario.py
[2025-03-11T04:54:32.557+0000] {processor.py:925} INFO - DAG(s) 'dag_gold_prod_contrat_diario' retrieved from /opt/airflow/dags/dag_g_prod_contrat_diario.py
[2025-03-11T04:54:32.599+0000] {logging_mixin.py:190} INFO - [2025-03-11T04:54:32.599+0000] {dag.py:3239} INFO - Sync 1 DAGs
[2025-03-11T04:54:32.610+0000] {logging_mixin.py:190} INFO - [2025-03-11T04:54:32.610+0000] {dag.py:4180} INFO - Setting next_dagrun for dag_gold_prod_contrat_diario to 2025-03-10T08:00:00+00:00, run_after=2025-03-11T08:00:00+00:00
[2025-03-11T04:54:32.623+0000] {processor.py:208} INFO - Processing /opt/airflow/dags/dag_g_prod_contrat_diario.py took 0.265 seconds
[2025-03-11T04:55:03.367+0000] {processor.py:186} INFO - Started process (PID=770) to work on /opt/airflow/dags/dag_g_prod_contrat_diario.py
[2025-03-11T04:55:03.368+0000] {processor.py:914} INFO - Processing file /opt/airflow/dags/dag_g_prod_contrat_diario.py for tasks to queue
[2025-03-11T04:55:03.374+0000] {logging_mixin.py:190} INFO - [2025-03-11T04:55:03.374+0000] {dagbag.py:588} INFO - Filling up the DagBag from /opt/airflow/dags/dag_g_prod_contrat_diario.py
[2025-03-11T04:55:03.398+0000] {processor.py:925} INFO - DAG(s) 'dag_gold_prod_contrat_diario' retrieved from /opt/airflow/dags/dag_g_prod_contrat_diario.py
[2025-03-11T04:55:03.461+0000] {logging_mixin.py:190} INFO - [2025-03-11T04:55:03.461+0000] {dag.py:3239} INFO - Sync 1 DAGs
[2025-03-11T04:55:03.475+0000] {logging_mixin.py:190} INFO - [2025-03-11T04:55:03.475+0000] {dag.py:4180} INFO - Setting next_dagrun for dag_gold_prod_contrat_diario to 2025-03-10T08:00:00+00:00, run_after=2025-03-11T08:00:00+00:00
[2025-03-11T04:55:03.492+0000] {processor.py:208} INFO - Processing /opt/airflow/dags/dag_g_prod_contrat_diario.py took 0.137 seconds
[2025-03-11T04:55:34.248+0000] {processor.py:186} INFO - Started process (PID=803) to work on /opt/airflow/dags/dag_g_prod_contrat_diario.py
[2025-03-11T04:55:34.250+0000] {processor.py:914} INFO - Processing file /opt/airflow/dags/dag_g_prod_contrat_diario.py for tasks to queue
[2025-03-11T04:55:34.253+0000] {logging_mixin.py:190} INFO - [2025-03-11T04:55:34.253+0000] {dagbag.py:588} INFO - Filling up the DagBag from /opt/airflow/dags/dag_g_prod_contrat_diario.py
[2025-03-11T04:55:34.274+0000] {processor.py:925} INFO - DAG(s) 'dag_gold_prod_contrat_diario' retrieved from /opt/airflow/dags/dag_g_prod_contrat_diario.py
[2025-03-11T04:55:34.333+0000] {logging_mixin.py:190} INFO - [2025-03-11T04:55:34.332+0000] {dag.py:3239} INFO - Sync 1 DAGs
[2025-03-11T04:55:34.346+0000] {logging_mixin.py:190} INFO - [2025-03-11T04:55:34.346+0000] {dag.py:4180} INFO - Setting next_dagrun for dag_gold_prod_contrat_diario to 2025-03-10T08:00:00+00:00, run_after=2025-03-11T08:00:00+00:00
[2025-03-11T04:55:34.356+0000] {processor.py:208} INFO - Processing /opt/airflow/dags/dag_g_prod_contrat_diario.py took 0.116 seconds
[2025-03-11T04:56:04.980+0000] {processor.py:186} INFO - Started process (PID=832) to work on /opt/airflow/dags/dag_g_prod_contrat_diario.py
[2025-03-11T04:56:04.982+0000] {processor.py:914} INFO - Processing file /opt/airflow/dags/dag_g_prod_contrat_diario.py for tasks to queue
[2025-03-11T04:56:04.988+0000] {logging_mixin.py:190} INFO - [2025-03-11T04:56:04.988+0000] {dagbag.py:588} INFO - Filling up the DagBag from /opt/airflow/dags/dag_g_prod_contrat_diario.py
[2025-03-11T04:56:05.019+0000] {processor.py:925} INFO - DAG(s) 'dag_gold_prod_contrat_diario' retrieved from /opt/airflow/dags/dag_g_prod_contrat_diario.py
[2025-03-11T04:56:05.095+0000] {logging_mixin.py:190} INFO - [2025-03-11T04:56:05.094+0000] {dag.py:3239} INFO - Sync 1 DAGs
[2025-03-11T04:56:05.111+0000] {logging_mixin.py:190} INFO - [2025-03-11T04:56:05.111+0000] {dag.py:4180} INFO - Setting next_dagrun for dag_gold_prod_contrat_diario to 2025-03-10T08:00:00+00:00, run_after=2025-03-11T08:00:00+00:00
[2025-03-11T04:56:05.124+0000] {processor.py:208} INFO - Processing /opt/airflow/dags/dag_g_prod_contrat_diario.py took 0.155 seconds
[2025-03-11T04:56:35.862+0000] {processor.py:186} INFO - Started process (PID=863) to work on /opt/airflow/dags/dag_g_prod_contrat_diario.py
[2025-03-11T04:56:35.866+0000] {processor.py:914} INFO - Processing file /opt/airflow/dags/dag_g_prod_contrat_diario.py for tasks to queue
[2025-03-11T04:56:35.876+0000] {logging_mixin.py:190} INFO - [2025-03-11T04:56:35.876+0000] {dagbag.py:588} INFO - Filling up the DagBag from /opt/airflow/dags/dag_g_prod_contrat_diario.py
[2025-03-11T04:56:35.903+0000] {processor.py:925} INFO - DAG(s) 'dag_gold_prod_contrat_diario' retrieved from /opt/airflow/dags/dag_g_prod_contrat_diario.py
[2025-03-11T04:56:35.991+0000] {logging_mixin.py:190} INFO - [2025-03-11T04:56:35.990+0000] {dag.py:3239} INFO - Sync 1 DAGs
[2025-03-11T04:56:36.007+0000] {logging_mixin.py:190} INFO - [2025-03-11T04:56:36.007+0000] {dag.py:4180} INFO - Setting next_dagrun for dag_gold_prod_contrat_diario to 2025-03-10T08:00:00+00:00, run_after=2025-03-11T08:00:00+00:00
[2025-03-11T04:56:36.021+0000] {processor.py:208} INFO - Processing /opt/airflow/dags/dag_g_prod_contrat_diario.py took 0.170 seconds
[2025-03-11T04:57:06.747+0000] {processor.py:186} INFO - Started process (PID=896) to work on /opt/airflow/dags/dag_g_prod_contrat_diario.py
[2025-03-11T04:57:06.748+0000] {processor.py:914} INFO - Processing file /opt/airflow/dags/dag_g_prod_contrat_diario.py for tasks to queue
[2025-03-11T04:57:06.751+0000] {logging_mixin.py:190} INFO - [2025-03-11T04:57:06.751+0000] {dagbag.py:588} INFO - Filling up the DagBag from /opt/airflow/dags/dag_g_prod_contrat_diario.py
[2025-03-11T04:57:06.773+0000] {processor.py:925} INFO - DAG(s) 'dag_gold_prod_contrat_diario' retrieved from /opt/airflow/dags/dag_g_prod_contrat_diario.py
[2025-03-11T04:57:06.831+0000] {logging_mixin.py:190} INFO - [2025-03-11T04:57:06.831+0000] {dag.py:3239} INFO - Sync 1 DAGs
[2025-03-11T04:57:06.845+0000] {logging_mixin.py:190} INFO - [2025-03-11T04:57:06.844+0000] {dag.py:4180} INFO - Setting next_dagrun for dag_gold_prod_contrat_diario to 2025-03-10T08:00:00+00:00, run_after=2025-03-11T08:00:00+00:00
[2025-03-11T04:57:06.856+0000] {processor.py:208} INFO - Processing /opt/airflow/dags/dag_g_prod_contrat_diario.py took 0.117 seconds
[2025-03-11T04:57:37.578+0000] {processor.py:186} INFO - Started process (PID=926) to work on /opt/airflow/dags/dag_g_prod_contrat_diario.py
[2025-03-11T04:57:37.581+0000] {processor.py:914} INFO - Processing file /opt/airflow/dags/dag_g_prod_contrat_diario.py for tasks to queue
[2025-03-11T04:57:37.583+0000] {logging_mixin.py:190} INFO - [2025-03-11T04:57:37.583+0000] {dagbag.py:588} INFO - Filling up the DagBag from /opt/airflow/dags/dag_g_prod_contrat_diario.py
[2025-03-11T04:57:37.610+0000] {processor.py:925} INFO - DAG(s) 'dag_gold_prod_contrat_diario' retrieved from /opt/airflow/dags/dag_g_prod_contrat_diario.py
[2025-03-11T04:57:37.695+0000] {logging_mixin.py:190} INFO - [2025-03-11T04:57:37.695+0000] {dag.py:3239} INFO - Sync 1 DAGs
[2025-03-11T04:57:37.709+0000] {logging_mixin.py:190} INFO - [2025-03-11T04:57:37.709+0000] {dag.py:4180} INFO - Setting next_dagrun for dag_gold_prod_contrat_diario to 2025-03-10T08:00:00+00:00, run_after=2025-03-11T08:00:00+00:00
[2025-03-11T04:57:37.723+0000] {processor.py:208} INFO - Processing /opt/airflow/dags/dag_g_prod_contrat_diario.py took 0.155 seconds
[2025-03-11T04:58:08.461+0000] {processor.py:186} INFO - Started process (PID=956) to work on /opt/airflow/dags/dag_g_prod_contrat_diario.py
[2025-03-11T04:58:08.467+0000] {processor.py:914} INFO - Processing file /opt/airflow/dags/dag_g_prod_contrat_diario.py for tasks to queue
[2025-03-11T04:58:08.470+0000] {logging_mixin.py:190} INFO - [2025-03-11T04:58:08.470+0000] {dagbag.py:588} INFO - Filling up the DagBag from /opt/airflow/dags/dag_g_prod_contrat_diario.py
[2025-03-11T04:58:08.498+0000] {processor.py:925} INFO - DAG(s) 'dag_gold_prod_contrat_diario' retrieved from /opt/airflow/dags/dag_g_prod_contrat_diario.py
[2025-03-11T04:58:08.585+0000] {logging_mixin.py:190} INFO - [2025-03-11T04:58:08.585+0000] {dag.py:3239} INFO - Sync 1 DAGs
[2025-03-11T04:58:08.604+0000] {logging_mixin.py:190} INFO - [2025-03-11T04:58:08.603+0000] {dag.py:4180} INFO - Setting next_dagrun for dag_gold_prod_contrat_diario to 2025-03-10T08:00:00+00:00, run_after=2025-03-11T08:00:00+00:00
[2025-03-11T04:58:08.617+0000] {processor.py:208} INFO - Processing /opt/airflow/dags/dag_g_prod_contrat_diario.py took 0.171 seconds
[2025-03-11T04:58:39.405+0000] {processor.py:186} INFO - Started process (PID=986) to work on /opt/airflow/dags/dag_g_prod_contrat_diario.py
[2025-03-11T04:58:39.406+0000] {processor.py:914} INFO - Processing file /opt/airflow/dags/dag_g_prod_contrat_diario.py for tasks to queue
[2025-03-11T04:58:39.413+0000] {logging_mixin.py:190} INFO - [2025-03-11T04:58:39.412+0000] {dagbag.py:588} INFO - Filling up the DagBag from /opt/airflow/dags/dag_g_prod_contrat_diario.py
[2025-03-11T04:58:39.446+0000] {processor.py:925} INFO - DAG(s) 'dag_gold_prod_contrat_diario' retrieved from /opt/airflow/dags/dag_g_prod_contrat_diario.py
[2025-03-11T04:58:39.542+0000] {logging_mixin.py:190} INFO - [2025-03-11T04:58:39.542+0000] {dag.py:3239} INFO - Sync 1 DAGs
[2025-03-11T04:58:39.562+0000] {logging_mixin.py:190} INFO - [2025-03-11T04:58:39.561+0000] {dag.py:4180} INFO - Setting next_dagrun for dag_gold_prod_contrat_diario to 2025-03-10T08:00:00+00:00, run_after=2025-03-11T08:00:00+00:00
[2025-03-11T04:58:39.575+0000] {processor.py:208} INFO - Processing /opt/airflow/dags/dag_g_prod_contrat_diario.py took 0.184 seconds
[2025-03-11T04:59:10.337+0000] {processor.py:186} INFO - Started process (PID=1016) to work on /opt/airflow/dags/dag_g_prod_contrat_diario.py
[2025-03-11T04:59:10.339+0000] {processor.py:914} INFO - Processing file /opt/airflow/dags/dag_g_prod_contrat_diario.py for tasks to queue
[2025-03-11T04:59:10.347+0000] {logging_mixin.py:190} INFO - [2025-03-11T04:59:10.345+0000] {dagbag.py:588} INFO - Filling up the DagBag from /opt/airflow/dags/dag_g_prod_contrat_diario.py
[2025-03-11T04:59:10.372+0000] {processor.py:925} INFO - DAG(s) 'dag_gold_prod_contrat_diario' retrieved from /opt/airflow/dags/dag_g_prod_contrat_diario.py
[2025-03-11T04:59:10.476+0000] {logging_mixin.py:190} INFO - [2025-03-11T04:59:10.476+0000] {dag.py:3239} INFO - Sync 1 DAGs
[2025-03-11T04:59:10.497+0000] {logging_mixin.py:190} INFO - [2025-03-11T04:59:10.497+0000] {dag.py:4180} INFO - Setting next_dagrun for dag_gold_prod_contrat_diario to 2025-03-10T08:00:00+00:00, run_after=2025-03-11T08:00:00+00:00
[2025-03-11T04:59:10.511+0000] {processor.py:208} INFO - Processing /opt/airflow/dags/dag_g_prod_contrat_diario.py took 0.188 seconds
[2025-03-11T04:59:41.200+0000] {processor.py:186} INFO - Started process (PID=1046) to work on /opt/airflow/dags/dag_g_prod_contrat_diario.py
[2025-03-11T04:59:41.201+0000] {processor.py:914} INFO - Processing file /opt/airflow/dags/dag_g_prod_contrat_diario.py for tasks to queue
[2025-03-11T04:59:41.206+0000] {logging_mixin.py:190} INFO - [2025-03-11T04:59:41.206+0000] {dagbag.py:588} INFO - Filling up the DagBag from /opt/airflow/dags/dag_g_prod_contrat_diario.py
[2025-03-11T04:59:41.238+0000] {processor.py:925} INFO - DAG(s) 'dag_gold_prod_contrat_diario' retrieved from /opt/airflow/dags/dag_g_prod_contrat_diario.py
[2025-03-11T04:59:41.317+0000] {logging_mixin.py:190} INFO - [2025-03-11T04:59:41.316+0000] {dag.py:3239} INFO - Sync 1 DAGs
[2025-03-11T04:59:41.332+0000] {logging_mixin.py:190} INFO - [2025-03-11T04:59:41.331+0000] {dag.py:4180} INFO - Setting next_dagrun for dag_gold_prod_contrat_diario to 2025-03-10T08:00:00+00:00, run_after=2025-03-11T08:00:00+00:00
[2025-03-11T04:59:41.349+0000] {processor.py:208} INFO - Processing /opt/airflow/dags/dag_g_prod_contrat_diario.py took 0.161 seconds
[2025-03-11T05:00:11.994+0000] {processor.py:186} INFO - Started process (PID=1076) to work on /opt/airflow/dags/dag_g_prod_contrat_diario.py
[2025-03-11T05:00:11.996+0000] {processor.py:914} INFO - Processing file /opt/airflow/dags/dag_g_prod_contrat_diario.py for tasks to queue
[2025-03-11T05:00:12.002+0000] {logging_mixin.py:190} INFO - [2025-03-11T05:00:12.001+0000] {dagbag.py:588} INFO - Filling up the DagBag from /opt/airflow/dags/dag_g_prod_contrat_diario.py
[2025-03-11T05:00:12.027+0000] {processor.py:925} INFO - DAG(s) 'dag_gold_prod_contrat_diario' retrieved from /opt/airflow/dags/dag_g_prod_contrat_diario.py
[2025-03-11T05:00:12.115+0000] {logging_mixin.py:190} INFO - [2025-03-11T05:00:12.115+0000] {dag.py:3239} INFO - Sync 1 DAGs
[2025-03-11T05:00:12.130+0000] {logging_mixin.py:190} INFO - [2025-03-11T05:00:12.130+0000] {dag.py:4180} INFO - Setting next_dagrun for dag_gold_prod_contrat_diario to 2025-03-10T08:00:00+00:00, run_after=2025-03-11T08:00:00+00:00
[2025-03-11T05:00:12.147+0000] {processor.py:208} INFO - Processing /opt/airflow/dags/dag_g_prod_contrat_diario.py took 0.166 seconds
[2025-03-11T05:00:42.862+0000] {processor.py:186} INFO - Started process (PID=1106) to work on /opt/airflow/dags/dag_g_prod_contrat_diario.py
[2025-03-11T05:00:42.864+0000] {processor.py:914} INFO - Processing file /opt/airflow/dags/dag_g_prod_contrat_diario.py for tasks to queue
[2025-03-11T05:00:42.868+0000] {logging_mixin.py:190} INFO - [2025-03-11T05:00:42.868+0000] {dagbag.py:588} INFO - Filling up the DagBag from /opt/airflow/dags/dag_g_prod_contrat_diario.py
[2025-03-11T05:00:42.893+0000] {processor.py:925} INFO - DAG(s) 'dag_gold_prod_contrat_diario' retrieved from /opt/airflow/dags/dag_g_prod_contrat_diario.py
[2025-03-11T05:00:42.980+0000] {logging_mixin.py:190} INFO - [2025-03-11T05:00:42.980+0000] {dag.py:3239} INFO - Sync 1 DAGs
[2025-03-11T05:00:42.998+0000] {logging_mixin.py:190} INFO - [2025-03-11T05:00:42.998+0000] {dag.py:4180} INFO - Setting next_dagrun for dag_gold_prod_contrat_diario to 2025-03-10T08:00:00+00:00, run_after=2025-03-11T08:00:00+00:00
[2025-03-11T05:00:43.008+0000] {processor.py:208} INFO - Processing /opt/airflow/dags/dag_g_prod_contrat_diario.py took 0.170 seconds
[2025-03-11T05:01:13.641+0000] {processor.py:186} INFO - Started process (PID=1136) to work on /opt/airflow/dags/dag_g_prod_contrat_diario.py
[2025-03-11T05:01:13.644+0000] {processor.py:914} INFO - Processing file /opt/airflow/dags/dag_g_prod_contrat_diario.py for tasks to queue
[2025-03-11T05:01:13.650+0000] {logging_mixin.py:190} INFO - [2025-03-11T05:01:13.650+0000] {dagbag.py:588} INFO - Filling up the DagBag from /opt/airflow/dags/dag_g_prod_contrat_diario.py
[2025-03-11T05:01:13.690+0000] {processor.py:925} INFO - DAG(s) 'dag_gold_prod_contrat_diario' retrieved from /opt/airflow/dags/dag_g_prod_contrat_diario.py
[2025-03-11T05:01:13.764+0000] {logging_mixin.py:190} INFO - [2025-03-11T05:01:13.764+0000] {dag.py:3239} INFO - Sync 1 DAGs
[2025-03-11T05:01:13.781+0000] {logging_mixin.py:190} INFO - [2025-03-11T05:01:13.781+0000] {dag.py:4180} INFO - Setting next_dagrun for dag_gold_prod_contrat_diario to 2025-03-10T08:00:00+00:00, run_after=2025-03-11T08:00:00+00:00
[2025-03-11T05:01:13.793+0000] {processor.py:208} INFO - Processing /opt/airflow/dags/dag_g_prod_contrat_diario.py took 0.165 seconds
[2025-03-11T05:01:44.585+0000] {processor.py:186} INFO - Started process (PID=1165) to work on /opt/airflow/dags/dag_g_prod_contrat_diario.py
[2025-03-11T05:01:44.588+0000] {processor.py:914} INFO - Processing file /opt/airflow/dags/dag_g_prod_contrat_diario.py for tasks to queue
[2025-03-11T05:01:44.595+0000] {logging_mixin.py:190} INFO - [2025-03-11T05:01:44.593+0000] {dagbag.py:588} INFO - Filling up the DagBag from /opt/airflow/dags/dag_g_prod_contrat_diario.py
[2025-03-11T05:01:44.630+0000] {processor.py:925} INFO - DAG(s) 'dag_gold_prod_contrat_diario' retrieved from /opt/airflow/dags/dag_g_prod_contrat_diario.py
[2025-03-11T05:01:44.713+0000] {logging_mixin.py:190} INFO - [2025-03-11T05:01:44.713+0000] {dag.py:3239} INFO - Sync 1 DAGs
[2025-03-11T05:01:44.726+0000] {logging_mixin.py:190} INFO - [2025-03-11T05:01:44.726+0000] {dag.py:4180} INFO - Setting next_dagrun for dag_gold_prod_contrat_diario to 2025-03-10T08:00:00+00:00, run_after=2025-03-11T08:00:00+00:00
[2025-03-11T05:01:44.740+0000] {processor.py:208} INFO - Processing /opt/airflow/dags/dag_g_prod_contrat_diario.py took 0.169 seconds
[2025-03-11T05:02:15.545+0000] {processor.py:186} INFO - Started process (PID=1195) to work on /opt/airflow/dags/dag_g_prod_contrat_diario.py
[2025-03-11T05:02:15.548+0000] {processor.py:914} INFO - Processing file /opt/airflow/dags/dag_g_prod_contrat_diario.py for tasks to queue
[2025-03-11T05:02:15.552+0000] {logging_mixin.py:190} INFO - [2025-03-11T05:02:15.552+0000] {dagbag.py:588} INFO - Filling up the DagBag from /opt/airflow/dags/dag_g_prod_contrat_diario.py
[2025-03-11T05:02:15.578+0000] {processor.py:925} INFO - DAG(s) 'dag_gold_prod_contrat_diario' retrieved from /opt/airflow/dags/dag_g_prod_contrat_diario.py
[2025-03-11T05:02:15.657+0000] {logging_mixin.py:190} INFO - [2025-03-11T05:02:15.657+0000] {dag.py:3239} INFO - Sync 1 DAGs
[2025-03-11T05:02:15.676+0000] {logging_mixin.py:190} INFO - [2025-03-11T05:02:15.675+0000] {dag.py:4180} INFO - Setting next_dagrun for dag_gold_prod_contrat_diario to 2025-03-10T08:00:00+00:00, run_after=2025-03-11T08:00:00+00:00
[2025-03-11T05:02:15.689+0000] {processor.py:208} INFO - Processing /opt/airflow/dags/dag_g_prod_contrat_diario.py took 0.160 seconds
[2025-03-11T05:02:46.567+0000] {processor.py:186} INFO - Started process (PID=1226) to work on /opt/airflow/dags/dag_g_prod_contrat_diario.py
[2025-03-11T05:02:46.569+0000] {processor.py:914} INFO - Processing file /opt/airflow/dags/dag_g_prod_contrat_diario.py for tasks to queue
[2025-03-11T05:02:46.573+0000] {logging_mixin.py:190} INFO - [2025-03-11T05:02:46.572+0000] {dagbag.py:588} INFO - Filling up the DagBag from /opt/airflow/dags/dag_g_prod_contrat_diario.py
[2025-03-11T05:02:46.603+0000] {processor.py:925} INFO - DAG(s) 'dag_gold_prod_contrat_diario' retrieved from /opt/airflow/dags/dag_g_prod_contrat_diario.py
[2025-03-11T05:02:46.685+0000] {logging_mixin.py:190} INFO - [2025-03-11T05:02:46.685+0000] {dag.py:3239} INFO - Sync 1 DAGs
[2025-03-11T05:02:46.705+0000] {logging_mixin.py:190} INFO - [2025-03-11T05:02:46.705+0000] {dag.py:4180} INFO - Setting next_dagrun for dag_gold_prod_contrat_diario to 2025-03-10T08:00:00+00:00, run_after=2025-03-11T08:00:00+00:00
[2025-03-11T05:02:46.720+0000] {processor.py:208} INFO - Processing /opt/airflow/dags/dag_g_prod_contrat_diario.py took 0.163 seconds
[2025-03-11T05:03:17.471+0000] {processor.py:186} INFO - Started process (PID=1256) to work on /opt/airflow/dags/dag_g_prod_contrat_diario.py
[2025-03-11T05:03:17.477+0000] {processor.py:914} INFO - Processing file /opt/airflow/dags/dag_g_prod_contrat_diario.py for tasks to queue
[2025-03-11T05:03:17.481+0000] {logging_mixin.py:190} INFO - [2025-03-11T05:03:17.481+0000] {dagbag.py:588} INFO - Filling up the DagBag from /opt/airflow/dags/dag_g_prod_contrat_diario.py
[2025-03-11T05:03:17.514+0000] {processor.py:925} INFO - DAG(s) 'dag_gold_prod_contrat_diario' retrieved from /opt/airflow/dags/dag_g_prod_contrat_diario.py
[2025-03-11T05:03:17.583+0000] {logging_mixin.py:190} INFO - [2025-03-11T05:03:17.583+0000] {dag.py:3239} INFO - Sync 1 DAGs
[2025-03-11T05:03:17.600+0000] {logging_mixin.py:190} INFO - [2025-03-11T05:03:17.600+0000] {dag.py:4180} INFO - Setting next_dagrun for dag_gold_prod_contrat_diario to 2025-03-10T08:00:00+00:00, run_after=2025-03-11T08:00:00+00:00
[2025-03-11T05:03:17.619+0000] {processor.py:208} INFO - Processing /opt/airflow/dags/dag_g_prod_contrat_diario.py took 0.157 seconds
[2025-03-11T05:03:48.387+0000] {processor.py:186} INFO - Started process (PID=1286) to work on /opt/airflow/dags/dag_g_prod_contrat_diario.py
[2025-03-11T05:03:48.391+0000] {processor.py:914} INFO - Processing file /opt/airflow/dags/dag_g_prod_contrat_diario.py for tasks to queue
[2025-03-11T05:03:48.395+0000] {logging_mixin.py:190} INFO - [2025-03-11T05:03:48.395+0000] {dagbag.py:588} INFO - Filling up the DagBag from /opt/airflow/dags/dag_g_prod_contrat_diario.py
[2025-03-11T05:03:48.423+0000] {processor.py:925} INFO - DAG(s) 'dag_gold_prod_contrat_diario' retrieved from /opt/airflow/dags/dag_g_prod_contrat_diario.py
[2025-03-11T05:03:48.510+0000] {logging_mixin.py:190} INFO - [2025-03-11T05:03:48.510+0000] {dag.py:3239} INFO - Sync 1 DAGs
[2025-03-11T05:03:48.523+0000] {logging_mixin.py:190} INFO - [2025-03-11T05:03:48.523+0000] {dag.py:4180} INFO - Setting next_dagrun for dag_gold_prod_contrat_diario to 2025-03-10T08:00:00+00:00, run_after=2025-03-11T08:00:00+00:00
[2025-03-11T05:03:48.537+0000] {processor.py:208} INFO - Processing /opt/airflow/dags/dag_g_prod_contrat_diario.py took 0.163 seconds
[2025-03-11T05:04:19.270+0000] {processor.py:186} INFO - Started process (PID=1315) to work on /opt/airflow/dags/dag_g_prod_contrat_diario.py
[2025-03-11T05:04:19.273+0000] {processor.py:914} INFO - Processing file /opt/airflow/dags/dag_g_prod_contrat_diario.py for tasks to queue
[2025-03-11T05:04:19.277+0000] {logging_mixin.py:190} INFO - [2025-03-11T05:04:19.276+0000] {dagbag.py:588} INFO - Filling up the DagBag from /opt/airflow/dags/dag_g_prod_contrat_diario.py
[2025-03-11T05:04:19.307+0000] {processor.py:925} INFO - DAG(s) 'dag_gold_prod_contrat_diario' retrieved from /opt/airflow/dags/dag_g_prod_contrat_diario.py
[2025-03-11T05:04:19.390+0000] {logging_mixin.py:190} INFO - [2025-03-11T05:04:19.390+0000] {dag.py:3239} INFO - Sync 1 DAGs
[2025-03-11T05:04:19.407+0000] {logging_mixin.py:190} INFO - [2025-03-11T05:04:19.407+0000] {dag.py:4180} INFO - Setting next_dagrun for dag_gold_prod_contrat_diario to 2025-03-10T08:00:00+00:00, run_after=2025-03-11T08:00:00+00:00
[2025-03-11T05:04:19.420+0000] {processor.py:208} INFO - Processing /opt/airflow/dags/dag_g_prod_contrat_diario.py took 0.166 seconds
[2025-03-11T05:04:50.099+0000] {processor.py:186} INFO - Started process (PID=1346) to work on /opt/airflow/dags/dag_g_prod_contrat_diario.py
[2025-03-11T05:04:50.101+0000] {processor.py:914} INFO - Processing file /opt/airflow/dags/dag_g_prod_contrat_diario.py for tasks to queue
[2025-03-11T05:04:50.105+0000] {logging_mixin.py:190} INFO - [2025-03-11T05:04:50.105+0000] {dagbag.py:588} INFO - Filling up the DagBag from /opt/airflow/dags/dag_g_prod_contrat_diario.py
[2025-03-11T05:04:50.132+0000] {processor.py:925} INFO - DAG(s) 'dag_gold_prod_contrat_diario' retrieved from /opt/airflow/dags/dag_g_prod_contrat_diario.py
[2025-03-11T05:04:50.209+0000] {logging_mixin.py:190} INFO - [2025-03-11T05:04:50.209+0000] {dag.py:3239} INFO - Sync 1 DAGs
[2025-03-11T05:04:50.223+0000] {logging_mixin.py:190} INFO - [2025-03-11T05:04:50.223+0000] {dag.py:4180} INFO - Setting next_dagrun for dag_gold_prod_contrat_diario to 2025-03-10T08:00:00+00:00, run_after=2025-03-11T08:00:00+00:00
[2025-03-11T05:04:50.237+0000] {processor.py:208} INFO - Processing /opt/airflow/dags/dag_g_prod_contrat_diario.py took 0.154 seconds
[2025-03-11T05:05:20.934+0000] {processor.py:186} INFO - Started process (PID=1376) to work on /opt/airflow/dags/dag_g_prod_contrat_diario.py
[2025-03-11T05:05:20.938+0000] {processor.py:914} INFO - Processing file /opt/airflow/dags/dag_g_prod_contrat_diario.py for tasks to queue
[2025-03-11T05:05:20.941+0000] {logging_mixin.py:190} INFO - [2025-03-11T05:05:20.941+0000] {dagbag.py:588} INFO - Filling up the DagBag from /opt/airflow/dags/dag_g_prod_contrat_diario.py
[2025-03-11T05:05:20.967+0000] {processor.py:925} INFO - DAG(s) 'dag_gold_prod_contrat_diario' retrieved from /opt/airflow/dags/dag_g_prod_contrat_diario.py
[2025-03-11T05:05:21.036+0000] {logging_mixin.py:190} INFO - [2025-03-11T05:05:21.036+0000] {dag.py:3239} INFO - Sync 1 DAGs
[2025-03-11T05:05:21.052+0000] {logging_mixin.py:190} INFO - [2025-03-11T05:05:21.052+0000] {dag.py:4180} INFO - Setting next_dagrun for dag_gold_prod_contrat_diario to 2025-03-10T08:00:00+00:00, run_after=2025-03-11T08:00:00+00:00
[2025-03-11T05:05:21.067+0000] {processor.py:208} INFO - Processing /opt/airflow/dags/dag_g_prod_contrat_diario.py took 0.147 seconds
[2025-03-11T05:05:51.689+0000] {processor.py:186} INFO - Started process (PID=1406) to work on /opt/airflow/dags/dag_g_prod_contrat_diario.py
[2025-03-11T05:05:51.690+0000] {processor.py:914} INFO - Processing file /opt/airflow/dags/dag_g_prod_contrat_diario.py for tasks to queue
[2025-03-11T05:05:51.692+0000] {logging_mixin.py:190} INFO - [2025-03-11T05:05:51.692+0000] {dagbag.py:588} INFO - Filling up the DagBag from /opt/airflow/dags/dag_g_prod_contrat_diario.py
[2025-03-11T05:05:51.736+0000] {processor.py:925} INFO - DAG(s) 'dag_gold_prod_contrat_diario' retrieved from /opt/airflow/dags/dag_g_prod_contrat_diario.py
[2025-03-11T05:05:51.795+0000] {logging_mixin.py:190} INFO - [2025-03-11T05:05:51.795+0000] {dag.py:3239} INFO - Sync 1 DAGs
[2025-03-11T05:05:51.811+0000] {logging_mixin.py:190} INFO - [2025-03-11T05:05:51.810+0000] {dag.py:4180} INFO - Setting next_dagrun for dag_gold_prod_contrat_diario to 2025-03-10T08:00:00+00:00, run_after=2025-03-11T08:00:00+00:00
[2025-03-11T05:05:51.824+0000] {processor.py:208} INFO - Processing /opt/airflow/dags/dag_g_prod_contrat_diario.py took 0.146 seconds
[2025-03-11T05:06:22.504+0000] {processor.py:186} INFO - Started process (PID=1436) to work on /opt/airflow/dags/dag_g_prod_contrat_diario.py
[2025-03-11T05:06:22.507+0000] {processor.py:914} INFO - Processing file /opt/airflow/dags/dag_g_prod_contrat_diario.py for tasks to queue
[2025-03-11T05:06:22.512+0000] {logging_mixin.py:190} INFO - [2025-03-11T05:06:22.512+0000] {dagbag.py:588} INFO - Filling up the DagBag from /opt/airflow/dags/dag_g_prod_contrat_diario.py
[2025-03-11T05:06:22.549+0000] {processor.py:925} INFO - DAG(s) 'dag_gold_prod_contrat_diario' retrieved from /opt/airflow/dags/dag_g_prod_contrat_diario.py
[2025-03-11T05:06:22.619+0000] {logging_mixin.py:190} INFO - [2025-03-11T05:06:22.619+0000] {dag.py:3239} INFO - Sync 1 DAGs
[2025-03-11T05:06:22.639+0000] {logging_mixin.py:190} INFO - [2025-03-11T05:06:22.639+0000] {dag.py:4180} INFO - Setting next_dagrun for dag_gold_prod_contrat_diario to 2025-03-10T08:00:00+00:00, run_after=2025-03-11T08:00:00+00:00
[2025-03-11T05:06:22.674+0000] {processor.py:208} INFO - Processing /opt/airflow/dags/dag_g_prod_contrat_diario.py took 0.190 seconds
[2025-03-11T05:06:53.379+0000] {processor.py:186} INFO - Started process (PID=1466) to work on /opt/airflow/dags/dag_g_prod_contrat_diario.py
[2025-03-11T05:06:53.382+0000] {processor.py:914} INFO - Processing file /opt/airflow/dags/dag_g_prod_contrat_diario.py for tasks to queue
[2025-03-11T05:06:53.386+0000] {logging_mixin.py:190} INFO - [2025-03-11T05:06:53.386+0000] {dagbag.py:588} INFO - Filling up the DagBag from /opt/airflow/dags/dag_g_prod_contrat_diario.py
[2025-03-11T05:06:53.434+0000] {processor.py:925} INFO - DAG(s) 'dag_gold_prod_contrat_diario' retrieved from /opt/airflow/dags/dag_g_prod_contrat_diario.py
[2025-03-11T05:06:53.491+0000] {logging_mixin.py:190} INFO - [2025-03-11T05:06:53.491+0000] {dag.py:3239} INFO - Sync 1 DAGs
[2025-03-11T05:06:53.508+0000] {logging_mixin.py:190} INFO - [2025-03-11T05:06:53.508+0000] {dag.py:4180} INFO - Setting next_dagrun for dag_gold_prod_contrat_diario to 2025-03-10T08:00:00+00:00, run_after=2025-03-11T08:00:00+00:00
[2025-03-11T05:06:53.523+0000] {processor.py:208} INFO - Processing /opt/airflow/dags/dag_g_prod_contrat_diario.py took 0.159 seconds
[2025-03-11T05:07:24.213+0000] {processor.py:186} INFO - Started process (PID=1495) to work on /opt/airflow/dags/dag_g_prod_contrat_diario.py
[2025-03-11T05:07:24.216+0000] {processor.py:914} INFO - Processing file /opt/airflow/dags/dag_g_prod_contrat_diario.py for tasks to queue
[2025-03-11T05:07:24.220+0000] {logging_mixin.py:190} INFO - [2025-03-11T05:07:24.219+0000] {dagbag.py:588} INFO - Filling up the DagBag from /opt/airflow/dags/dag_g_prod_contrat_diario.py
[2025-03-11T05:07:24.244+0000] {processor.py:925} INFO - DAG(s) 'dag_gold_prod_contrat_diario' retrieved from /opt/airflow/dags/dag_g_prod_contrat_diario.py
[2025-03-11T05:07:24.318+0000] {logging_mixin.py:190} INFO - [2025-03-11T05:07:24.318+0000] {dag.py:3239} INFO - Sync 1 DAGs
[2025-03-11T05:07:24.334+0000] {logging_mixin.py:190} INFO - [2025-03-11T05:07:24.334+0000] {dag.py:4180} INFO - Setting next_dagrun for dag_gold_prod_contrat_diario to 2025-03-10T08:00:00+00:00, run_after=2025-03-11T08:00:00+00:00
[2025-03-11T05:07:24.347+0000] {processor.py:208} INFO - Processing /opt/airflow/dags/dag_g_prod_contrat_diario.py took 0.147 seconds
[2025-03-11T05:07:55.019+0000] {processor.py:186} INFO - Started process (PID=1526) to work on /opt/airflow/dags/dag_g_prod_contrat_diario.py
[2025-03-11T05:07:55.022+0000] {processor.py:914} INFO - Processing file /opt/airflow/dags/dag_g_prod_contrat_diario.py for tasks to queue
[2025-03-11T05:07:55.027+0000] {logging_mixin.py:190} INFO - [2025-03-11T05:07:55.026+0000] {dagbag.py:588} INFO - Filling up the DagBag from /opt/airflow/dags/dag_g_prod_contrat_diario.py
[2025-03-11T05:07:55.050+0000] {processor.py:925} INFO - DAG(s) 'dag_gold_prod_contrat_diario' retrieved from /opt/airflow/dags/dag_g_prod_contrat_diario.py
[2025-03-11T05:07:55.126+0000] {logging_mixin.py:190} INFO - [2025-03-11T05:07:55.126+0000] {dag.py:3239} INFO - Sync 1 DAGs
[2025-03-11T05:07:55.140+0000] {logging_mixin.py:190} INFO - [2025-03-11T05:07:55.140+0000] {dag.py:4180} INFO - Setting next_dagrun for dag_gold_prod_contrat_diario to 2025-03-10T08:00:00+00:00, run_after=2025-03-11T08:00:00+00:00
[2025-03-11T05:07:55.154+0000] {processor.py:208} INFO - Processing /opt/airflow/dags/dag_g_prod_contrat_diario.py took 0.150 seconds
[2025-03-11T05:08:25.815+0000] {processor.py:186} INFO - Started process (PID=1556) to work on /opt/airflow/dags/dag_g_prod_contrat_diario.py
[2025-03-11T05:08:25.819+0000] {processor.py:914} INFO - Processing file /opt/airflow/dags/dag_g_prod_contrat_diario.py for tasks to queue
[2025-03-11T05:08:25.829+0000] {logging_mixin.py:190} INFO - [2025-03-11T05:08:25.828+0000] {dagbag.py:588} INFO - Filling up the DagBag from /opt/airflow/dags/dag_g_prod_contrat_diario.py
[2025-03-11T05:08:25.860+0000] {processor.py:925} INFO - DAG(s) 'dag_gold_prod_contrat_diario' retrieved from /opt/airflow/dags/dag_g_prod_contrat_diario.py
[2025-03-11T05:08:25.924+0000] {logging_mixin.py:190} INFO - [2025-03-11T05:08:25.924+0000] {dag.py:3239} INFO - Sync 1 DAGs
[2025-03-11T05:08:25.940+0000] {logging_mixin.py:190} INFO - [2025-03-11T05:08:25.940+0000] {dag.py:4180} INFO - Setting next_dagrun for dag_gold_prod_contrat_diario to 2025-03-10T08:00:00+00:00, run_after=2025-03-11T08:00:00+00:00
[2025-03-11T05:08:25.955+0000] {processor.py:208} INFO - Processing /opt/airflow/dags/dag_g_prod_contrat_diario.py took 0.162 seconds
[2025-03-11T05:08:56.677+0000] {processor.py:186} INFO - Started process (PID=1585) to work on /opt/airflow/dags/dag_g_prod_contrat_diario.py
[2025-03-11T05:08:56.680+0000] {processor.py:914} INFO - Processing file /opt/airflow/dags/dag_g_prod_contrat_diario.py for tasks to queue
[2025-03-11T05:08:56.684+0000] {logging_mixin.py:190} INFO - [2025-03-11T05:08:56.683+0000] {dagbag.py:588} INFO - Filling up the DagBag from /opt/airflow/dags/dag_g_prod_contrat_diario.py
[2025-03-11T05:08:56.706+0000] {processor.py:925} INFO - DAG(s) 'dag_gold_prod_contrat_diario' retrieved from /opt/airflow/dags/dag_g_prod_contrat_diario.py
[2025-03-11T05:08:56.820+0000] {logging_mixin.py:190} INFO - [2025-03-11T05:08:56.820+0000] {dag.py:3239} INFO - Sync 1 DAGs
[2025-03-11T05:08:56.836+0000] {logging_mixin.py:190} INFO - [2025-03-11T05:08:56.836+0000] {dag.py:4180} INFO - Setting next_dagrun for dag_gold_prod_contrat_diario to 2025-03-10T08:00:00+00:00, run_after=2025-03-11T08:00:00+00:00
[2025-03-11T05:08:56.852+0000] {processor.py:208} INFO - Processing /opt/airflow/dags/dag_g_prod_contrat_diario.py took 0.194 seconds
[2025-03-11T05:09:27.575+0000] {processor.py:186} INFO - Started process (PID=1616) to work on /opt/airflow/dags/dag_g_prod_contrat_diario.py
[2025-03-11T05:09:27.577+0000] {processor.py:914} INFO - Processing file /opt/airflow/dags/dag_g_prod_contrat_diario.py for tasks to queue
[2025-03-11T05:09:27.586+0000] {logging_mixin.py:190} INFO - [2025-03-11T05:09:27.586+0000] {dagbag.py:588} INFO - Filling up the DagBag from /opt/airflow/dags/dag_g_prod_contrat_diario.py
[2025-03-11T05:09:27.621+0000] {processor.py:925} INFO - DAG(s) 'dag_gold_prod_contrat_diario' retrieved from /opt/airflow/dags/dag_g_prod_contrat_diario.py
[2025-03-11T05:09:27.694+0000] {logging_mixin.py:190} INFO - [2025-03-11T05:09:27.694+0000] {dag.py:3239} INFO - Sync 1 DAGs
[2025-03-11T05:09:27.708+0000] {logging_mixin.py:190} INFO - [2025-03-11T05:09:27.708+0000] {dag.py:4180} INFO - Setting next_dagrun for dag_gold_prod_contrat_diario to 2025-03-10T08:00:00+00:00, run_after=2025-03-11T08:00:00+00:00
[2025-03-11T05:09:27.721+0000] {processor.py:208} INFO - Processing /opt/airflow/dags/dag_g_prod_contrat_diario.py took 0.156 seconds
[2025-03-11T05:09:58.441+0000] {processor.py:186} INFO - Started process (PID=1646) to work on /opt/airflow/dags/dag_g_prod_contrat_diario.py
[2025-03-11T05:09:58.444+0000] {processor.py:914} INFO - Processing file /opt/airflow/dags/dag_g_prod_contrat_diario.py for tasks to queue
[2025-03-11T05:09:58.450+0000] {logging_mixin.py:190} INFO - [2025-03-11T05:09:58.450+0000] {dagbag.py:588} INFO - Filling up the DagBag from /opt/airflow/dags/dag_g_prod_contrat_diario.py
[2025-03-11T05:09:58.480+0000] {processor.py:925} INFO - DAG(s) 'dag_gold_prod_contrat_diario' retrieved from /opt/airflow/dags/dag_g_prod_contrat_diario.py
[2025-03-11T05:09:58.558+0000] {logging_mixin.py:190} INFO - [2025-03-11T05:09:58.557+0000] {dag.py:3239} INFO - Sync 1 DAGs
[2025-03-11T05:09:58.571+0000] {logging_mixin.py:190} INFO - [2025-03-11T05:09:58.571+0000] {dag.py:4180} INFO - Setting next_dagrun for dag_gold_prod_contrat_diario to 2025-03-10T08:00:00+00:00, run_after=2025-03-11T08:00:00+00:00
[2025-03-11T05:09:58.585+0000] {processor.py:208} INFO - Processing /opt/airflow/dags/dag_g_prod_contrat_diario.py took 0.157 seconds
[2025-03-11T05:10:29.328+0000] {processor.py:186} INFO - Started process (PID=1676) to work on /opt/airflow/dags/dag_g_prod_contrat_diario.py
[2025-03-11T05:10:29.331+0000] {processor.py:914} INFO - Processing file /opt/airflow/dags/dag_g_prod_contrat_diario.py for tasks to queue
[2025-03-11T05:10:29.338+0000] {logging_mixin.py:190} INFO - [2025-03-11T05:10:29.338+0000] {dagbag.py:588} INFO - Filling up the DagBag from /opt/airflow/dags/dag_g_prod_contrat_diario.py
[2025-03-11T05:10:29.370+0000] {processor.py:925} INFO - DAG(s) 'dag_gold_prod_contrat_diario' retrieved from /opt/airflow/dags/dag_g_prod_contrat_diario.py
[2025-03-11T05:10:29.454+0000] {logging_mixin.py:190} INFO - [2025-03-11T05:10:29.453+0000] {dag.py:3239} INFO - Sync 1 DAGs
[2025-03-11T05:10:29.469+0000] {logging_mixin.py:190} INFO - [2025-03-11T05:10:29.468+0000] {dag.py:4180} INFO - Setting next_dagrun for dag_gold_prod_contrat_diario to 2025-03-10T08:00:00+00:00, run_after=2025-03-11T08:00:00+00:00
[2025-03-11T05:10:29.482+0000] {processor.py:208} INFO - Processing /opt/airflow/dags/dag_g_prod_contrat_diario.py took 0.174 seconds
[2025-03-11T05:11:00.227+0000] {processor.py:186} INFO - Started process (PID=1706) to work on /opt/airflow/dags/dag_g_prod_contrat_diario.py
[2025-03-11T05:11:00.230+0000] {processor.py:914} INFO - Processing file /opt/airflow/dags/dag_g_prod_contrat_diario.py for tasks to queue
[2025-03-11T05:11:00.236+0000] {logging_mixin.py:190} INFO - [2025-03-11T05:11:00.236+0000] {dagbag.py:588} INFO - Filling up the DagBag from /opt/airflow/dags/dag_g_prod_contrat_diario.py
[2025-03-11T05:11:00.266+0000] {processor.py:925} INFO - DAG(s) 'dag_gold_prod_contrat_diario' retrieved from /opt/airflow/dags/dag_g_prod_contrat_diario.py
[2025-03-11T05:11:00.343+0000] {logging_mixin.py:190} INFO - [2025-03-11T05:11:00.343+0000] {dag.py:3239} INFO - Sync 1 DAGs
[2025-03-11T05:11:00.358+0000] {logging_mixin.py:190} INFO - [2025-03-11T05:11:00.357+0000] {dag.py:4180} INFO - Setting next_dagrun for dag_gold_prod_contrat_diario to 2025-03-10T08:00:00+00:00, run_after=2025-03-11T08:00:00+00:00
[2025-03-11T05:11:00.371+0000] {processor.py:208} INFO - Processing /opt/airflow/dags/dag_g_prod_contrat_diario.py took 0.156 seconds
[2025-03-11T05:11:31.174+0000] {processor.py:186} INFO - Started process (PID=1736) to work on /opt/airflow/dags/dag_g_prod_contrat_diario.py
[2025-03-11T05:11:31.177+0000] {processor.py:914} INFO - Processing file /opt/airflow/dags/dag_g_prod_contrat_diario.py for tasks to queue
[2025-03-11T05:11:31.180+0000] {logging_mixin.py:190} INFO - [2025-03-11T05:11:31.179+0000] {dagbag.py:588} INFO - Filling up the DagBag from /opt/airflow/dags/dag_g_prod_contrat_diario.py
[2025-03-11T05:11:31.213+0000] {processor.py:925} INFO - DAG(s) 'dag_gold_prod_contrat_diario' retrieved from /opt/airflow/dags/dag_g_prod_contrat_diario.py
[2025-03-11T05:11:31.286+0000] {logging_mixin.py:190} INFO - [2025-03-11T05:11:31.286+0000] {dag.py:3239} INFO - Sync 1 DAGs
[2025-03-11T05:11:31.305+0000] {logging_mixin.py:190} INFO - [2025-03-11T05:11:31.305+0000] {dag.py:4180} INFO - Setting next_dagrun for dag_gold_prod_contrat_diario to 2025-03-10T08:00:00+00:00, run_after=2025-03-11T08:00:00+00:00
[2025-03-11T05:11:31.317+0000] {processor.py:208} INFO - Processing /opt/airflow/dags/dag_g_prod_contrat_diario.py took 0.157 seconds
[2025-03-11T05:12:02.117+0000] {processor.py:186} INFO - Started process (PID=1766) to work on /opt/airflow/dags/dag_g_prod_contrat_diario.py
[2025-03-11T05:12:02.119+0000] {processor.py:914} INFO - Processing file /opt/airflow/dags/dag_g_prod_contrat_diario.py for tasks to queue
[2025-03-11T05:12:02.124+0000] {logging_mixin.py:190} INFO - [2025-03-11T05:12:02.124+0000] {dagbag.py:588} INFO - Filling up the DagBag from /opt/airflow/dags/dag_g_prod_contrat_diario.py
[2025-03-11T05:12:02.165+0000] {processor.py:925} INFO - DAG(s) 'dag_gold_prod_contrat_diario' retrieved from /opt/airflow/dags/dag_g_prod_contrat_diario.py
[2025-03-11T05:12:02.253+0000] {logging_mixin.py:190} INFO - [2025-03-11T05:12:02.252+0000] {dag.py:3239} INFO - Sync 1 DAGs
[2025-03-11T05:12:02.271+0000] {logging_mixin.py:190} INFO - [2025-03-11T05:12:02.271+0000] {dag.py:4180} INFO - Setting next_dagrun for dag_gold_prod_contrat_diario to 2025-03-10T08:00:00+00:00, run_after=2025-03-11T08:00:00+00:00
[2025-03-11T05:12:02.286+0000] {processor.py:208} INFO - Processing /opt/airflow/dags/dag_g_prod_contrat_diario.py took 0.188 seconds
[2025-03-11T05:12:32.980+0000] {processor.py:186} INFO - Started process (PID=1795) to work on /opt/airflow/dags/dag_g_prod_contrat_diario.py
[2025-03-11T05:12:32.982+0000] {processor.py:914} INFO - Processing file /opt/airflow/dags/dag_g_prod_contrat_diario.py for tasks to queue
[2025-03-11T05:12:32.985+0000] {logging_mixin.py:190} INFO - [2025-03-11T05:12:32.985+0000] {dagbag.py:588} INFO - Filling up the DagBag from /opt/airflow/dags/dag_g_prod_contrat_diario.py
[2025-03-11T05:12:33.008+0000] {processor.py:925} INFO - DAG(s) 'dag_gold_prod_contrat_diario' retrieved from /opt/airflow/dags/dag_g_prod_contrat_diario.py
[2025-03-11T05:12:33.087+0000] {logging_mixin.py:190} INFO - [2025-03-11T05:12:33.087+0000] {dag.py:3239} INFO - Sync 1 DAGs
[2025-03-11T05:12:33.101+0000] {logging_mixin.py:190} INFO - [2025-03-11T05:12:33.101+0000] {dag.py:4180} INFO - Setting next_dagrun for dag_gold_prod_contrat_diario to 2025-03-10T08:00:00+00:00, run_after=2025-03-11T08:00:00+00:00
[2025-03-11T05:12:33.115+0000] {processor.py:208} INFO - Processing /opt/airflow/dags/dag_g_prod_contrat_diario.py took 0.145 seconds
[2025-03-11T05:13:03.871+0000] {processor.py:186} INFO - Started process (PID=1826) to work on /opt/airflow/dags/dag_g_prod_contrat_diario.py
[2025-03-11T05:13:03.873+0000] {processor.py:914} INFO - Processing file /opt/airflow/dags/dag_g_prod_contrat_diario.py for tasks to queue
[2025-03-11T05:13:03.878+0000] {logging_mixin.py:190} INFO - [2025-03-11T05:13:03.877+0000] {dagbag.py:588} INFO - Filling up the DagBag from /opt/airflow/dags/dag_g_prod_contrat_diario.py
[2025-03-11T05:13:03.902+0000] {processor.py:925} INFO - DAG(s) 'dag_gold_prod_contrat_diario' retrieved from /opt/airflow/dags/dag_g_prod_contrat_diario.py
[2025-03-11T05:13:03.979+0000] {logging_mixin.py:190} INFO - [2025-03-11T05:13:03.978+0000] {dag.py:3239} INFO - Sync 1 DAGs
[2025-03-11T05:13:03.991+0000] {logging_mixin.py:190} INFO - [2025-03-11T05:13:03.991+0000] {dag.py:4180} INFO - Setting next_dagrun for dag_gold_prod_contrat_diario to 2025-03-10T08:00:00+00:00, run_after=2025-03-11T08:00:00+00:00
[2025-03-11T05:13:04.003+0000] {processor.py:208} INFO - Processing /opt/airflow/dags/dag_g_prod_contrat_diario.py took 0.147 seconds
[2025-03-11T05:13:34.674+0000] {processor.py:186} INFO - Started process (PID=1856) to work on /opt/airflow/dags/dag_g_prod_contrat_diario.py
[2025-03-11T05:13:34.676+0000] {processor.py:914} INFO - Processing file /opt/airflow/dags/dag_g_prod_contrat_diario.py for tasks to queue
[2025-03-11T05:13:34.680+0000] {logging_mixin.py:190} INFO - [2025-03-11T05:13:34.680+0000] {dagbag.py:588} INFO - Filling up the DagBag from /opt/airflow/dags/dag_g_prod_contrat_diario.py
[2025-03-11T05:13:34.705+0000] {processor.py:925} INFO - DAG(s) 'dag_gold_prod_contrat_diario' retrieved from /opt/airflow/dags/dag_g_prod_contrat_diario.py
[2025-03-11T05:13:34.781+0000] {logging_mixin.py:190} INFO - [2025-03-11T05:13:34.781+0000] {dag.py:3239} INFO - Sync 1 DAGs
[2025-03-11T05:13:34.795+0000] {logging_mixin.py:190} INFO - [2025-03-11T05:13:34.794+0000] {dag.py:4180} INFO - Setting next_dagrun for dag_gold_prod_contrat_diario to 2025-03-10T08:00:00+00:00, run_after=2025-03-11T08:00:00+00:00
[2025-03-11T05:13:34.807+0000] {processor.py:208} INFO - Processing /opt/airflow/dags/dag_g_prod_contrat_diario.py took 0.151 seconds
[2025-03-11T05:14:05.466+0000] {processor.py:186} INFO - Started process (PID=1886) to work on /opt/airflow/dags/dag_g_prod_contrat_diario.py
[2025-03-11T05:14:05.468+0000] {processor.py:914} INFO - Processing file /opt/airflow/dags/dag_g_prod_contrat_diario.py for tasks to queue
[2025-03-11T05:14:05.472+0000] {logging_mixin.py:190} INFO - [2025-03-11T05:14:05.471+0000] {dagbag.py:588} INFO - Filling up the DagBag from /opt/airflow/dags/dag_g_prod_contrat_diario.py
[2025-03-11T05:14:05.497+0000] {processor.py:925} INFO - DAG(s) 'dag_gold_prod_contrat_diario' retrieved from /opt/airflow/dags/dag_g_prod_contrat_diario.py
[2025-03-11T05:14:05.565+0000] {logging_mixin.py:190} INFO - [2025-03-11T05:14:05.565+0000] {dag.py:3239} INFO - Sync 1 DAGs
[2025-03-11T05:14:05.579+0000] {logging_mixin.py:190} INFO - [2025-03-11T05:14:05.579+0000] {dag.py:4180} INFO - Setting next_dagrun for dag_gold_prod_contrat_diario to 2025-03-10T08:00:00+00:00, run_after=2025-03-11T08:00:00+00:00
[2025-03-11T05:14:05.592+0000] {processor.py:208} INFO - Processing /opt/airflow/dags/dag_g_prod_contrat_diario.py took 0.135 seconds
[2025-03-11T05:14:36.294+0000] {processor.py:186} INFO - Started process (PID=1916) to work on /opt/airflow/dags/dag_g_prod_contrat_diario.py
[2025-03-11T05:14:36.296+0000] {processor.py:914} INFO - Processing file /opt/airflow/dags/dag_g_prod_contrat_diario.py for tasks to queue
[2025-03-11T05:14:36.298+0000] {logging_mixin.py:190} INFO - [2025-03-11T05:14:36.298+0000] {dagbag.py:588} INFO - Filling up the DagBag from /opt/airflow/dags/dag_g_prod_contrat_diario.py
[2025-03-11T05:14:36.328+0000] {processor.py:925} INFO - DAG(s) 'dag_gold_prod_contrat_diario' retrieved from /opt/airflow/dags/dag_g_prod_contrat_diario.py
[2025-03-11T05:14:36.402+0000] {logging_mixin.py:190} INFO - [2025-03-11T05:14:36.402+0000] {dag.py:3239} INFO - Sync 1 DAGs
[2025-03-11T05:14:36.418+0000] {logging_mixin.py:190} INFO - [2025-03-11T05:14:36.418+0000] {dag.py:4180} INFO - Setting next_dagrun for dag_gold_prod_contrat_diario to 2025-03-10T08:00:00+00:00, run_after=2025-03-11T08:00:00+00:00
[2025-03-11T05:14:36.432+0000] {processor.py:208} INFO - Processing /opt/airflow/dags/dag_g_prod_contrat_diario.py took 0.152 seconds
[2025-03-11T05:15:07.222+0000] {processor.py:186} INFO - Started process (PID=1946) to work on /opt/airflow/dags/dag_g_prod_contrat_diario.py
[2025-03-11T05:15:07.225+0000] {processor.py:914} INFO - Processing file /opt/airflow/dags/dag_g_prod_contrat_diario.py for tasks to queue
[2025-03-11T05:15:07.230+0000] {logging_mixin.py:190} INFO - [2025-03-11T05:15:07.230+0000] {dagbag.py:588} INFO - Filling up the DagBag from /opt/airflow/dags/dag_g_prod_contrat_diario.py
[2025-03-11T05:15:07.266+0000] {processor.py:925} INFO - DAG(s) 'dag_gold_prod_contrat_diario' retrieved from /opt/airflow/dags/dag_g_prod_contrat_diario.py
[2025-03-11T05:15:07.336+0000] {logging_mixin.py:190} INFO - [2025-03-11T05:15:07.336+0000] {dag.py:3239} INFO - Sync 1 DAGs
[2025-03-11T05:15:07.353+0000] {logging_mixin.py:190} INFO - [2025-03-11T05:15:07.352+0000] {dag.py:4180} INFO - Setting next_dagrun for dag_gold_prod_contrat_diario to 2025-03-10T08:00:00+00:00, run_after=2025-03-11T08:00:00+00:00
[2025-03-11T05:15:07.366+0000] {processor.py:208} INFO - Processing /opt/airflow/dags/dag_g_prod_contrat_diario.py took 0.155 seconds
[2025-03-11T05:15:38.019+0000] {processor.py:186} INFO - Started process (PID=1976) to work on /opt/airflow/dags/dag_g_prod_contrat_diario.py
[2025-03-11T05:15:38.020+0000] {processor.py:914} INFO - Processing file /opt/airflow/dags/dag_g_prod_contrat_diario.py for tasks to queue
[2025-03-11T05:15:38.028+0000] {logging_mixin.py:190} INFO - [2025-03-11T05:15:38.027+0000] {dagbag.py:588} INFO - Filling up the DagBag from /opt/airflow/dags/dag_g_prod_contrat_diario.py
[2025-03-11T05:15:38.055+0000] {processor.py:925} INFO - DAG(s) 'dag_gold_prod_contrat_diario' retrieved from /opt/airflow/dags/dag_g_prod_contrat_diario.py
[2025-03-11T05:15:38.139+0000] {logging_mixin.py:190} INFO - [2025-03-11T05:15:38.139+0000] {dag.py:3239} INFO - Sync 1 DAGs
[2025-03-11T05:15:38.158+0000] {logging_mixin.py:190} INFO - [2025-03-11T05:15:38.157+0000] {dag.py:4180} INFO - Setting next_dagrun for dag_gold_prod_contrat_diario to 2025-03-10T08:00:00+00:00, run_after=2025-03-11T08:00:00+00:00
[2025-03-11T05:15:38.173+0000] {processor.py:208} INFO - Processing /opt/airflow/dags/dag_g_prod_contrat_diario.py took 0.167 seconds
[2025-03-11T05:16:08.927+0000] {processor.py:186} INFO - Started process (PID=2006) to work on /opt/airflow/dags/dag_g_prod_contrat_diario.py
[2025-03-11T05:16:08.929+0000] {processor.py:914} INFO - Processing file /opt/airflow/dags/dag_g_prod_contrat_diario.py for tasks to queue
[2025-03-11T05:16:08.935+0000] {logging_mixin.py:190} INFO - [2025-03-11T05:16:08.935+0000] {dagbag.py:588} INFO - Filling up the DagBag from /opt/airflow/dags/dag_g_prod_contrat_diario.py
[2025-03-11T05:16:08.971+0000] {processor.py:925} INFO - DAG(s) 'dag_gold_prod_contrat_diario' retrieved from /opt/airflow/dags/dag_g_prod_contrat_diario.py
[2025-03-11T05:16:09.053+0000] {logging_mixin.py:190} INFO - [2025-03-11T05:16:09.052+0000] {dag.py:3239} INFO - Sync 1 DAGs
[2025-03-11T05:16:09.065+0000] {logging_mixin.py:190} INFO - [2025-03-11T05:16:09.065+0000] {dag.py:4180} INFO - Setting next_dagrun for dag_gold_prod_contrat_diario to 2025-03-10T08:00:00+00:00, run_after=2025-03-11T08:00:00+00:00
[2025-03-11T05:16:09.080+0000] {processor.py:208} INFO - Processing /opt/airflow/dags/dag_g_prod_contrat_diario.py took 0.170 seconds
[2025-03-11T05:16:39.733+0000] {processor.py:186} INFO - Started process (PID=2036) to work on /opt/airflow/dags/dag_g_prod_contrat_diario.py
[2025-03-11T05:16:39.736+0000] {processor.py:914} INFO - Processing file /opt/airflow/dags/dag_g_prod_contrat_diario.py for tasks to queue
[2025-03-11T05:16:39.743+0000] {logging_mixin.py:190} INFO - [2025-03-11T05:16:39.742+0000] {dagbag.py:588} INFO - Filling up the DagBag from /opt/airflow/dags/dag_g_prod_contrat_diario.py
[2025-03-11T05:16:39.774+0000] {processor.py:925} INFO - DAG(s) 'dag_gold_prod_contrat_diario' retrieved from /opt/airflow/dags/dag_g_prod_contrat_diario.py
[2025-03-11T05:16:39.871+0000] {logging_mixin.py:190} INFO - [2025-03-11T05:16:39.870+0000] {dag.py:3239} INFO - Sync 1 DAGs
[2025-03-11T05:16:39.913+0000] {logging_mixin.py:190} INFO - [2025-03-11T05:16:39.913+0000] {dag.py:4180} INFO - Setting next_dagrun for dag_gold_prod_contrat_diario to 2025-03-10T08:00:00+00:00, run_after=2025-03-11T08:00:00+00:00
[2025-03-11T05:16:39.952+0000] {processor.py:208} INFO - Processing /opt/airflow/dags/dag_g_prod_contrat_diario.py took 0.234 seconds
[2025-03-11T05:17:10.787+0000] {processor.py:186} INFO - Started process (PID=2066) to work on /opt/airflow/dags/dag_g_prod_contrat_diario.py
[2025-03-11T05:17:10.791+0000] {processor.py:914} INFO - Processing file /opt/airflow/dags/dag_g_prod_contrat_diario.py for tasks to queue
[2025-03-11T05:17:10.797+0000] {logging_mixin.py:190} INFO - [2025-03-11T05:17:10.796+0000] {dagbag.py:588} INFO - Filling up the DagBag from /opt/airflow/dags/dag_g_prod_contrat_diario.py
[2025-03-11T05:17:10.824+0000] {processor.py:925} INFO - DAG(s) 'dag_gold_prod_contrat_diario' retrieved from /opt/airflow/dags/dag_g_prod_contrat_diario.py
[2025-03-11T05:17:10.917+0000] {logging_mixin.py:190} INFO - [2025-03-11T05:17:10.917+0000] {dag.py:3239} INFO - Sync 1 DAGs
[2025-03-11T05:17:10.934+0000] {logging_mixin.py:190} INFO - [2025-03-11T05:17:10.934+0000] {dag.py:4180} INFO - Setting next_dagrun for dag_gold_prod_contrat_diario to 2025-03-10T08:00:00+00:00, run_after=2025-03-11T08:00:00+00:00
[2025-03-11T05:17:10.947+0000] {processor.py:208} INFO - Processing /opt/airflow/dags/dag_g_prod_contrat_diario.py took 0.177 seconds
[2025-03-11T05:17:41.748+0000] {processor.py:186} INFO - Started process (PID=2096) to work on /opt/airflow/dags/dag_g_prod_contrat_diario.py
[2025-03-11T05:17:41.752+0000] {processor.py:914} INFO - Processing file /opt/airflow/dags/dag_g_prod_contrat_diario.py for tasks to queue
[2025-03-11T05:17:41.763+0000] {logging_mixin.py:190} INFO - [2025-03-11T05:17:41.762+0000] {dagbag.py:588} INFO - Filling up the DagBag from /opt/airflow/dags/dag_g_prod_contrat_diario.py
[2025-03-11T05:17:41.802+0000] {processor.py:925} INFO - DAG(s) 'dag_gold_prod_contrat_diario' retrieved from /opt/airflow/dags/dag_g_prod_contrat_diario.py
[2025-03-11T05:17:41.954+0000] {logging_mixin.py:190} INFO - [2025-03-11T05:17:41.954+0000] {dag.py:3239} INFO - Sync 1 DAGs
[2025-03-11T05:17:41.987+0000] {logging_mixin.py:190} INFO - [2025-03-11T05:17:41.986+0000] {dag.py:4180} INFO - Setting next_dagrun for dag_gold_prod_contrat_diario to 2025-03-10T08:00:00+00:00, run_after=2025-03-11T08:00:00+00:00
[2025-03-11T05:17:42.006+0000] {processor.py:208} INFO - Processing /opt/airflow/dags/dag_g_prod_contrat_diario.py took 0.273 seconds
[2025-03-11T05:18:12.914+0000] {processor.py:186} INFO - Started process (PID=2126) to work on /opt/airflow/dags/dag_g_prod_contrat_diario.py
[2025-03-11T05:18:12.916+0000] {processor.py:914} INFO - Processing file /opt/airflow/dags/dag_g_prod_contrat_diario.py for tasks to queue
[2025-03-11T05:18:12.920+0000] {logging_mixin.py:190} INFO - [2025-03-11T05:18:12.920+0000] {dagbag.py:588} INFO - Filling up the DagBag from /opt/airflow/dags/dag_g_prod_contrat_diario.py
[2025-03-11T05:18:12.947+0000] {processor.py:925} INFO - DAG(s) 'dag_gold_prod_contrat_diario' retrieved from /opt/airflow/dags/dag_g_prod_contrat_diario.py
[2025-03-11T05:18:13.024+0000] {logging_mixin.py:190} INFO - [2025-03-11T05:18:13.024+0000] {dag.py:3239} INFO - Sync 1 DAGs
[2025-03-11T05:18:13.040+0000] {logging_mixin.py:190} INFO - [2025-03-11T05:18:13.040+0000] {dag.py:4180} INFO - Setting next_dagrun for dag_gold_prod_contrat_diario to 2025-03-10T08:00:00+00:00, run_after=2025-03-11T08:00:00+00:00
[2025-03-11T05:18:13.055+0000] {processor.py:208} INFO - Processing /opt/airflow/dags/dag_g_prod_contrat_diario.py took 0.174 seconds
[2025-03-11T05:18:43.746+0000] {processor.py:186} INFO - Started process (PID=2155) to work on /opt/airflow/dags/dag_g_prod_contrat_diario.py
[2025-03-11T05:18:43.749+0000] {processor.py:914} INFO - Processing file /opt/airflow/dags/dag_g_prod_contrat_diario.py for tasks to queue
[2025-03-11T05:18:43.753+0000] {logging_mixin.py:190} INFO - [2025-03-11T05:18:43.753+0000] {dagbag.py:588} INFO - Filling up the DagBag from /opt/airflow/dags/dag_g_prod_contrat_diario.py
[2025-03-11T05:18:43.778+0000] {processor.py:925} INFO - DAG(s) 'dag_gold_prod_contrat_diario' retrieved from /opt/airflow/dags/dag_g_prod_contrat_diario.py
[2025-03-11T05:18:43.868+0000] {logging_mixin.py:190} INFO - [2025-03-11T05:18:43.868+0000] {dag.py:3239} INFO - Sync 1 DAGs
[2025-03-11T05:18:43.886+0000] {logging_mixin.py:190} INFO - [2025-03-11T05:18:43.886+0000] {dag.py:4180} INFO - Setting next_dagrun for dag_gold_prod_contrat_diario to 2025-03-10T08:00:00+00:00, run_after=2025-03-11T08:00:00+00:00
[2025-03-11T05:18:43.905+0000] {processor.py:208} INFO - Processing /opt/airflow/dags/dag_g_prod_contrat_diario.py took 0.169 seconds
