[2025-03-11T04:45:09.084+0000] {processor.py:186} INFO - Started process (PID=1163) to work on /opt/airflow/dags/dag_create_table.py
[2025-03-11T04:45:09.085+0000] {processor.py:914} INFO - Processing file /opt/airflow/dags/dag_create_table.py for tasks to queue
[2025-03-11T04:45:09.088+0000] {logging_mixin.py:190} INFO - [2025-03-11T04:45:09.088+0000] {dagbag.py:588} INFO - Filling up the DagBag from /opt/airflow/dags/dag_create_table.py
[2025-03-11T04:45:09.101+0000] {processor.py:925} INFO - DAG(s) 'dag_silver_clie_limit' retrieved from /opt/airflow/dags/dag_create_table.py
[2025-03-11T04:45:09.113+0000] {logging_mixin.py:190} INFO - [2025-03-11T04:45:09.113+0000] {dag.py:3239} INFO - Sync 1 DAGs
[2025-03-11T04:45:09.126+0000] {logging_mixin.py:190} INFO - [2025-03-11T04:45:09.126+0000] {dag.py:4180} INFO - Setting next_dagrun for dag_silver_clie_limit to 2025-03-10T08:00:00+00:00, run_after=2025-03-11T08:00:00+00:00
[2025-03-11T04:45:09.136+0000] {processor.py:208} INFO - Processing /opt/airflow/dags/dag_create_table.py took 0.060 seconds
[2025-03-11T04:45:39.909+0000] {processor.py:186} INFO - Started process (PID=1193) to work on /opt/airflow/dags/dag_create_table.py
[2025-03-11T04:45:39.911+0000] {processor.py:914} INFO - Processing file /opt/airflow/dags/dag_create_table.py for tasks to queue
[2025-03-11T04:45:39.913+0000] {logging_mixin.py:190} INFO - [2025-03-11T04:45:39.912+0000] {dagbag.py:588} INFO - Filling up the DagBag from /opt/airflow/dags/dag_create_table.py
[2025-03-11T04:45:39.928+0000] {processor.py:925} INFO - DAG(s) 'dag_silver_clie_limit' retrieved from /opt/airflow/dags/dag_create_table.py
[2025-03-11T04:45:39.940+0000] {logging_mixin.py:190} INFO - [2025-03-11T04:45:39.939+0000] {dag.py:3239} INFO - Sync 1 DAGs
[2025-03-11T04:45:39.956+0000] {logging_mixin.py:190} INFO - [2025-03-11T04:45:39.956+0000] {dag.py:4180} INFO - Setting next_dagrun for dag_silver_clie_limit to 2025-03-10T08:00:00+00:00, run_after=2025-03-11T08:00:00+00:00
[2025-03-11T04:45:39.965+0000] {processor.py:208} INFO - Processing /opt/airflow/dags/dag_create_table.py took 0.063 seconds
[2025-03-11T04:46:10.811+0000] {processor.py:186} INFO - Started process (PID=1223) to work on /opt/airflow/dags/dag_create_table.py
[2025-03-11T04:46:10.813+0000] {processor.py:914} INFO - Processing file /opt/airflow/dags/dag_create_table.py for tasks to queue
[2025-03-11T04:46:10.815+0000] {logging_mixin.py:190} INFO - [2025-03-11T04:46:10.815+0000] {dagbag.py:588} INFO - Filling up the DagBag from /opt/airflow/dags/dag_create_table.py
[2025-03-11T04:46:10.834+0000] {processor.py:925} INFO - DAG(s) 'dag_silver_clie_limit' retrieved from /opt/airflow/dags/dag_create_table.py
[2025-03-11T04:46:10.847+0000] {logging_mixin.py:190} INFO - [2025-03-11T04:46:10.847+0000] {dag.py:3239} INFO - Sync 1 DAGs
[2025-03-11T04:46:10.862+0000] {logging_mixin.py:190} INFO - [2025-03-11T04:46:10.862+0000] {dag.py:4180} INFO - Setting next_dagrun for dag_silver_clie_limit to 2025-03-10T08:00:00+00:00, run_after=2025-03-11T08:00:00+00:00
[2025-03-11T04:46:10.870+0000] {processor.py:208} INFO - Processing /opt/airflow/dags/dag_create_table.py took 0.069 seconds
[2025-03-11T04:46:41.015+0000] {processor.py:186} INFO - Started process (PID=1253) to work on /opt/airflow/dags/dag_create_table.py
[2025-03-11T04:46:41.016+0000] {processor.py:914} INFO - Processing file /opt/airflow/dags/dag_create_table.py for tasks to queue
[2025-03-11T04:46:41.018+0000] {logging_mixin.py:190} INFO - [2025-03-11T04:46:41.018+0000] {dagbag.py:588} INFO - Filling up the DagBag from /opt/airflow/dags/dag_create_table.py
[2025-03-11T04:46:41.031+0000] {processor.py:925} INFO - DAG(s) 'dag_silver_clie_limit' retrieved from /opt/airflow/dags/dag_create_table.py
[2025-03-11T04:46:41.043+0000] {logging_mixin.py:190} INFO - [2025-03-11T04:46:41.043+0000] {dag.py:3239} INFO - Sync 1 DAGs
[2025-03-11T04:46:41.061+0000] {logging_mixin.py:190} INFO - [2025-03-11T04:46:41.061+0000] {dag.py:4180} INFO - Setting next_dagrun for dag_silver_clie_limit to 2025-03-10T08:00:00+00:00, run_after=2025-03-11T08:00:00+00:00
[2025-03-11T04:46:41.071+0000] {processor.py:208} INFO - Processing /opt/airflow/dags/dag_create_table.py took 0.062 seconds
[2025-03-11T04:46:44.117+0000] {processor.py:186} INFO - Started process (PID=1258) to work on /opt/airflow/dags/dag_create_table.py
[2025-03-11T04:46:44.119+0000] {processor.py:914} INFO - Processing file /opt/airflow/dags/dag_create_table.py for tasks to queue
[2025-03-11T04:46:44.125+0000] {logging_mixin.py:190} INFO - [2025-03-11T04:46:44.125+0000] {dagbag.py:588} INFO - Filling up the DagBag from /opt/airflow/dags/dag_create_table.py
[2025-03-11T04:46:44.154+0000] {processor.py:925} INFO - DAG(s) 'dag_create_table' retrieved from /opt/airflow/dags/dag_create_table.py
[2025-03-11T04:46:44.224+0000] {logging_mixin.py:190} INFO - [2025-03-11T04:46:44.224+0000] {override.py:1901} INFO - Created Permission View: can read on DAG:dag_create_table
[2025-03-11T04:46:44.233+0000] {logging_mixin.py:190} INFO - [2025-03-11T04:46:44.232+0000] {override.py:1901} INFO - Created Permission View: can delete on DAG:dag_create_table
[2025-03-11T04:46:44.237+0000] {logging_mixin.py:190} INFO - [2025-03-11T04:46:44.237+0000] {override.py:1901} INFO - Created Permission View: can edit on DAG:dag_create_table
[2025-03-11T04:46:44.241+0000] {logging_mixin.py:190} INFO - [2025-03-11T04:46:44.241+0000] {override.py:1901} INFO - Created Permission View: can read on DAG Run:dag_create_table
[2025-03-11T04:46:44.245+0000] {logging_mixin.py:190} INFO - [2025-03-11T04:46:44.245+0000] {override.py:1901} INFO - Created Permission View: can create on DAG Run:dag_create_table
[2025-03-11T04:46:44.249+0000] {logging_mixin.py:190} INFO - [2025-03-11T04:46:44.249+0000] {override.py:1901} INFO - Created Permission View: can delete on DAG Run:dag_create_table
[2025-03-11T04:46:44.254+0000] {logging_mixin.py:190} INFO - [2025-03-11T04:46:44.254+0000] {override.py:1901} INFO - Created Permission View: menu access on DAG Run:dag_create_table
[2025-03-11T04:46:44.254+0000] {logging_mixin.py:190} INFO - [2025-03-11T04:46:44.254+0000] {dag.py:3239} INFO - Sync 1 DAGs
[2025-03-11T04:46:44.269+0000] {logging_mixin.py:190} INFO - [2025-03-11T04:46:44.269+0000] {dag.py:3262} INFO - Creating ORM DAG for dag_create_table
[2025-03-11T04:46:44.277+0000] {logging_mixin.py:190} INFO - [2025-03-11T04:46:44.277+0000] {dag.py:4180} INFO - Setting next_dagrun for dag_create_table to 2025-03-10T08:00:00+00:00, run_after=2025-03-11T08:00:00+00:00
[2025-03-11T04:46:44.291+0000] {processor.py:208} INFO - Processing /opt/airflow/dags/dag_create_table.py took 0.192 seconds
[2025-03-11T04:47:19.190+0000] {processor.py:186} INFO - Started process (PID=175) to work on /opt/airflow/dags/dag_create_table.py
[2025-03-11T04:47:19.192+0000] {processor.py:914} INFO - Processing file /opt/airflow/dags/dag_create_table.py for tasks to queue
[2025-03-11T04:47:19.196+0000] {logging_mixin.py:190} INFO - [2025-03-11T04:47:19.196+0000] {dagbag.py:588} INFO - Filling up the DagBag from /opt/airflow/dags/dag_create_table.py
[2025-03-11T04:47:19.234+0000] {processor.py:925} INFO - DAG(s) 'dag_create_table' retrieved from /opt/airflow/dags/dag_create_table.py
[2025-03-11T04:47:19.327+0000] {logging_mixin.py:190} INFO - [2025-03-11T04:47:19.327+0000] {dag.py:3239} INFO - Sync 1 DAGs
[2025-03-11T04:47:19.350+0000] {logging_mixin.py:190} INFO - [2025-03-11T04:47:19.350+0000] {dag.py:4180} INFO - Setting next_dagrun for dag_create_table to 2025-03-10T08:00:00+00:00, run_after=2025-03-11T08:00:00+00:00
[2025-03-11T04:47:19.368+0000] {processor.py:208} INFO - Processing /opt/airflow/dags/dag_create_table.py took 0.187 seconds
[2025-03-11T04:47:50.141+0000] {processor.py:186} INFO - Started process (PID=217) to work on /opt/airflow/dags/dag_create_table.py
[2025-03-11T04:47:50.145+0000] {processor.py:914} INFO - Processing file /opt/airflow/dags/dag_create_table.py for tasks to queue
[2025-03-11T04:47:50.155+0000] {logging_mixin.py:190} INFO - [2025-03-11T04:47:50.155+0000] {dagbag.py:588} INFO - Filling up the DagBag from /opt/airflow/dags/dag_create_table.py
[2025-03-11T04:47:50.199+0000] {processor.py:925} INFO - DAG(s) 'dag_create_table' retrieved from /opt/airflow/dags/dag_create_table.py
[2025-03-11T04:47:50.294+0000] {logging_mixin.py:190} INFO - [2025-03-11T04:47:50.294+0000] {dag.py:3239} INFO - Sync 1 DAGs
[2025-03-11T04:47:50.317+0000] {logging_mixin.py:190} INFO - [2025-03-11T04:47:50.317+0000] {dag.py:4180} INFO - Setting next_dagrun for dag_create_table to 2025-03-10T08:00:00+00:00, run_after=2025-03-11T08:00:00+00:00
[2025-03-11T04:47:50.359+0000] {processor.py:208} INFO - Processing /opt/airflow/dags/dag_create_table.py took 0.238 seconds
[2025-03-11T04:48:21.090+0000] {processor.py:186} INFO - Started process (PID=248) to work on /opt/airflow/dags/dag_create_table.py
[2025-03-11T04:48:21.091+0000] {processor.py:914} INFO - Processing file /opt/airflow/dags/dag_create_table.py for tasks to queue
[2025-03-11T04:48:21.097+0000] {logging_mixin.py:190} INFO - [2025-03-11T04:48:21.097+0000] {dagbag.py:588} INFO - Filling up the DagBag from /opt/airflow/dags/dag_create_table.py
[2025-03-11T04:48:21.129+0000] {processor.py:925} INFO - DAG(s) 'dag_create_table' retrieved from /opt/airflow/dags/dag_create_table.py
[2025-03-11T04:48:21.207+0000] {logging_mixin.py:190} INFO - [2025-03-11T04:48:21.207+0000] {dag.py:3239} INFO - Sync 1 DAGs
[2025-03-11T04:48:21.225+0000] {logging_mixin.py:190} INFO - [2025-03-11T04:48:21.225+0000] {dag.py:4180} INFO - Setting next_dagrun for dag_create_table to 2025-03-10T08:00:00+00:00, run_after=2025-03-11T08:00:00+00:00
[2025-03-11T04:48:21.241+0000] {processor.py:208} INFO - Processing /opt/airflow/dags/dag_create_table.py took 0.170 seconds
[2025-03-11T04:48:51.917+0000] {processor.py:186} INFO - Started process (PID=278) to work on /opt/airflow/dags/dag_create_table.py
[2025-03-11T04:48:51.918+0000] {processor.py:914} INFO - Processing file /opt/airflow/dags/dag_create_table.py for tasks to queue
[2025-03-11T04:48:51.920+0000] {logging_mixin.py:190} INFO - [2025-03-11T04:48:51.920+0000] {dagbag.py:588} INFO - Filling up the DagBag from /opt/airflow/dags/dag_create_table.py
[2025-03-11T04:48:51.945+0000] {processor.py:925} INFO - DAG(s) 'dag_create_table' retrieved from /opt/airflow/dags/dag_create_table.py
[2025-03-11T04:48:52.026+0000] {logging_mixin.py:190} INFO - [2025-03-11T04:48:52.026+0000] {dag.py:3239} INFO - Sync 1 DAGs
[2025-03-11T04:48:52.048+0000] {logging_mixin.py:190} INFO - [2025-03-11T04:48:52.048+0000] {dag.py:4180} INFO - Setting next_dagrun for dag_create_table to 2025-03-10T08:00:00+00:00, run_after=2025-03-11T08:00:00+00:00
[2025-03-11T04:48:52.064+0000] {processor.py:208} INFO - Processing /opt/airflow/dags/dag_create_table.py took 0.158 seconds
[2025-03-11T04:49:22.796+0000] {processor.py:186} INFO - Started process (PID=308) to work on /opt/airflow/dags/dag_create_table.py
[2025-03-11T04:49:22.797+0000] {processor.py:914} INFO - Processing file /opt/airflow/dags/dag_create_table.py for tasks to queue
[2025-03-11T04:49:22.800+0000] {logging_mixin.py:190} INFO - [2025-03-11T04:49:22.800+0000] {dagbag.py:588} INFO - Filling up the DagBag from /opt/airflow/dags/dag_create_table.py
[2025-03-11T04:49:22.823+0000] {processor.py:925} INFO - DAG(s) 'dag_create_table' retrieved from /opt/airflow/dags/dag_create_table.py
[2025-03-11T04:49:22.880+0000] {logging_mixin.py:190} INFO - [2025-03-11T04:49:22.879+0000] {dag.py:3239} INFO - Sync 1 DAGs
[2025-03-11T04:49:22.897+0000] {logging_mixin.py:190} INFO - [2025-03-11T04:49:22.897+0000] {dag.py:4180} INFO - Setting next_dagrun for dag_create_table to 2025-03-10T08:00:00+00:00, run_after=2025-03-11T08:00:00+00:00
[2025-03-11T04:49:22.909+0000] {processor.py:208} INFO - Processing /opt/airflow/dags/dag_create_table.py took 0.124 seconds
[2025-03-11T04:49:53.582+0000] {processor.py:186} INFO - Started process (PID=338) to work on /opt/airflow/dags/dag_create_table.py
[2025-03-11T04:49:53.584+0000] {processor.py:914} INFO - Processing file /opt/airflow/dags/dag_create_table.py for tasks to queue
[2025-03-11T04:49:53.587+0000] {logging_mixin.py:190} INFO - [2025-03-11T04:49:53.587+0000] {dagbag.py:588} INFO - Filling up the DagBag from /opt/airflow/dags/dag_create_table.py
[2025-03-11T04:49:53.612+0000] {processor.py:925} INFO - DAG(s) 'dag_create_table' retrieved from /opt/airflow/dags/dag_create_table.py
[2025-03-11T04:49:53.668+0000] {logging_mixin.py:190} INFO - [2025-03-11T04:49:53.668+0000] {dag.py:3239} INFO - Sync 1 DAGs
[2025-03-11T04:49:53.687+0000] {logging_mixin.py:190} INFO - [2025-03-11T04:49:53.687+0000] {dag.py:4180} INFO - Setting next_dagrun for dag_create_table to 2025-03-10T08:00:00+00:00, run_after=2025-03-11T08:00:00+00:00
[2025-03-11T04:49:53.699+0000] {processor.py:208} INFO - Processing /opt/airflow/dags/dag_create_table.py took 0.128 seconds
[2025-03-11T04:50:24.343+0000] {processor.py:186} INFO - Started process (PID=368) to work on /opt/airflow/dags/dag_create_table.py
[2025-03-11T04:50:24.344+0000] {processor.py:914} INFO - Processing file /opt/airflow/dags/dag_create_table.py for tasks to queue
[2025-03-11T04:50:24.347+0000] {logging_mixin.py:190} INFO - [2025-03-11T04:50:24.347+0000] {dagbag.py:588} INFO - Filling up the DagBag from /opt/airflow/dags/dag_create_table.py
[2025-03-11T04:50:24.368+0000] {processor.py:925} INFO - DAG(s) 'dag_create_table' retrieved from /opt/airflow/dags/dag_create_table.py
[2025-03-11T04:50:24.429+0000] {logging_mixin.py:190} INFO - [2025-03-11T04:50:24.429+0000] {dag.py:3239} INFO - Sync 1 DAGs
[2025-03-11T04:50:24.441+0000] {logging_mixin.py:190} INFO - [2025-03-11T04:50:24.441+0000] {dag.py:4180} INFO - Setting next_dagrun for dag_create_table to 2025-03-10T08:00:00+00:00, run_after=2025-03-11T08:00:00+00:00
[2025-03-11T04:50:24.453+0000] {processor.py:208} INFO - Processing /opt/airflow/dags/dag_create_table.py took 0.122 seconds
[2025-03-11T04:50:55.120+0000] {processor.py:186} INFO - Started process (PID=398) to work on /opt/airflow/dags/dag_create_table.py
[2025-03-11T04:50:55.121+0000] {processor.py:914} INFO - Processing file /opt/airflow/dags/dag_create_table.py for tasks to queue
[2025-03-11T04:50:55.124+0000] {logging_mixin.py:190} INFO - [2025-03-11T04:50:55.123+0000] {dagbag.py:588} INFO - Filling up the DagBag from /opt/airflow/dags/dag_create_table.py
[2025-03-11T04:50:55.144+0000] {processor.py:925} INFO - DAG(s) 'dag_create_table' retrieved from /opt/airflow/dags/dag_create_table.py
[2025-03-11T04:50:55.196+0000] {logging_mixin.py:190} INFO - [2025-03-11T04:50:55.196+0000] {dag.py:3239} INFO - Sync 1 DAGs
[2025-03-11T04:50:55.208+0000] {logging_mixin.py:190} INFO - [2025-03-11T04:50:55.207+0000] {dag.py:4180} INFO - Setting next_dagrun for dag_create_table to 2025-03-10T08:00:00+00:00, run_after=2025-03-11T08:00:00+00:00
[2025-03-11T04:50:55.217+0000] {processor.py:208} INFO - Processing /opt/airflow/dags/dag_create_table.py took 0.106 seconds
[2025-03-11T04:51:25.861+0000] {processor.py:186} INFO - Started process (PID=431) to work on /opt/airflow/dags/dag_create_table.py
[2025-03-11T04:51:25.864+0000] {processor.py:914} INFO - Processing file /opt/airflow/dags/dag_create_table.py for tasks to queue
[2025-03-11T04:51:25.870+0000] {logging_mixin.py:190} INFO - [2025-03-11T04:51:25.870+0000] {dagbag.py:588} INFO - Filling up the DagBag from /opt/airflow/dags/dag_create_table.py
[2025-03-11T04:51:25.902+0000] {processor.py:925} INFO - DAG(s) 'dag_create_table' retrieved from /opt/airflow/dags/dag_create_table.py
[2025-03-11T04:51:25.980+0000] {logging_mixin.py:190} INFO - [2025-03-11T04:51:25.980+0000] {dag.py:3239} INFO - Sync 1 DAGs
[2025-03-11T04:51:25.997+0000] {logging_mixin.py:190} INFO - [2025-03-11T04:51:25.997+0000] {dag.py:4180} INFO - Setting next_dagrun for dag_create_table to 2025-03-10T08:00:00+00:00, run_after=2025-03-11T08:00:00+00:00
[2025-03-11T04:51:26.190+0000] {processor.py:208} INFO - Processing /opt/airflow/dags/dag_create_table.py took 0.353 seconds
[2025-03-11T04:51:57.062+0000] {processor.py:186} INFO - Started process (PID=578) to work on /opt/airflow/dags/dag_create_table.py
[2025-03-11T04:51:57.065+0000] {processor.py:914} INFO - Processing file /opt/airflow/dags/dag_create_table.py for tasks to queue
[2025-03-11T04:51:57.070+0000] {logging_mixin.py:190} INFO - [2025-03-11T04:51:57.070+0000] {dagbag.py:588} INFO - Filling up the DagBag from /opt/airflow/dags/dag_create_table.py
[2025-03-11T04:51:57.095+0000] {processor.py:925} INFO - DAG(s) 'dag_create_table' retrieved from /opt/airflow/dags/dag_create_table.py
[2025-03-11T04:51:57.175+0000] {logging_mixin.py:190} INFO - [2025-03-11T04:51:57.175+0000] {dag.py:3239} INFO - Sync 1 DAGs
[2025-03-11T04:51:57.361+0000] {logging_mixin.py:190} INFO - [2025-03-11T04:51:57.361+0000] {dag.py:4180} INFO - Setting next_dagrun for dag_create_table to 2025-03-10T08:00:00+00:00, run_after=2025-03-11T08:00:00+00:00
[2025-03-11T04:51:57.372+0000] {processor.py:208} INFO - Processing /opt/airflow/dags/dag_create_table.py took 0.326 seconds
[2025-03-11T04:52:28.208+0000] {processor.py:186} INFO - Started process (PID=608) to work on /opt/airflow/dags/dag_create_table.py
[2025-03-11T04:52:28.210+0000] {processor.py:914} INFO - Processing file /opt/airflow/dags/dag_create_table.py for tasks to queue
[2025-03-11T04:52:28.216+0000] {logging_mixin.py:190} INFO - [2025-03-11T04:52:28.215+0000] {dagbag.py:588} INFO - Filling up the DagBag from /opt/airflow/dags/dag_create_table.py
[2025-03-11T04:52:28.233+0000] {processor.py:925} INFO - DAG(s) 'dag_create_table' retrieved from /opt/airflow/dags/dag_create_table.py
[2025-03-11T04:52:28.414+0000] {logging_mixin.py:190} INFO - [2025-03-11T04:52:28.414+0000] {dag.py:3239} INFO - Sync 1 DAGs
[2025-03-11T04:52:28.427+0000] {logging_mixin.py:190} INFO - [2025-03-11T04:52:28.426+0000] {dag.py:4180} INFO - Setting next_dagrun for dag_create_table to 2025-03-10T08:00:00+00:00, run_after=2025-03-11T08:00:00+00:00
[2025-03-11T04:52:28.435+0000] {processor.py:208} INFO - Processing /opt/airflow/dags/dag_create_table.py took 0.237 seconds
[2025-03-11T04:52:59.110+0000] {processor.py:186} INFO - Started process (PID=647) to work on /opt/airflow/dags/dag_create_table.py
[2025-03-11T04:52:59.112+0000] {processor.py:914} INFO - Processing file /opt/airflow/dags/dag_create_table.py for tasks to queue
[2025-03-11T04:52:59.116+0000] {logging_mixin.py:190} INFO - [2025-03-11T04:52:59.116+0000] {dagbag.py:588} INFO - Filling up the DagBag from /opt/airflow/dags/dag_create_table.py
[2025-03-11T04:52:59.142+0000] {processor.py:925} INFO - DAG(s) 'dag_create_table' retrieved from /opt/airflow/dags/dag_create_table.py
[2025-03-11T04:52:59.340+0000] {logging_mixin.py:190} INFO - [2025-03-11T04:52:59.340+0000] {dag.py:3239} INFO - Sync 1 DAGs
[2025-03-11T04:52:59.351+0000] {logging_mixin.py:190} INFO - [2025-03-11T04:52:59.351+0000] {dag.py:4180} INFO - Setting next_dagrun for dag_create_table to 2025-03-10T08:00:00+00:00, run_after=2025-03-11T08:00:00+00:00
[2025-03-11T04:52:59.361+0000] {processor.py:208} INFO - Processing /opt/airflow/dags/dag_create_table.py took 0.264 seconds
[2025-03-11T04:53:30.191+0000] {processor.py:186} INFO - Started process (PID=677) to work on /opt/airflow/dags/dag_create_table.py
[2025-03-11T04:53:30.194+0000] {processor.py:914} INFO - Processing file /opt/airflow/dags/dag_create_table.py for tasks to queue
[2025-03-11T04:53:30.198+0000] {logging_mixin.py:190} INFO - [2025-03-11T04:53:30.197+0000] {dagbag.py:588} INFO - Filling up the DagBag from /opt/airflow/dags/dag_create_table.py
[2025-03-11T04:53:30.236+0000] {processor.py:925} INFO - DAG(s) 'dag_create_table' retrieved from /opt/airflow/dags/dag_create_table.py
[2025-03-11T04:53:30.465+0000] {logging_mixin.py:190} INFO - [2025-03-11T04:53:30.465+0000] {dag.py:3239} INFO - Sync 1 DAGs
[2025-03-11T04:53:30.476+0000] {logging_mixin.py:190} INFO - [2025-03-11T04:53:30.476+0000] {dag.py:4180} INFO - Setting next_dagrun for dag_create_table to 2025-03-10T08:00:00+00:00, run_after=2025-03-11T08:00:00+00:00
[2025-03-11T04:53:30.487+0000] {processor.py:208} INFO - Processing /opt/airflow/dags/dag_create_table.py took 0.317 seconds
[2025-03-11T04:54:01.311+0000] {processor.py:186} INFO - Started process (PID=707) to work on /opt/airflow/dags/dag_create_table.py
[2025-03-11T04:54:01.313+0000] {processor.py:914} INFO - Processing file /opt/airflow/dags/dag_create_table.py for tasks to queue
[2025-03-11T04:54:01.321+0000] {logging_mixin.py:190} INFO - [2025-03-11T04:54:01.318+0000] {dagbag.py:588} INFO - Filling up the DagBag from /opt/airflow/dags/dag_create_table.py
[2025-03-11T04:54:01.345+0000] {processor.py:925} INFO - DAG(s) 'dag_create_table' retrieved from /opt/airflow/dags/dag_create_table.py
[2025-03-11T04:54:01.547+0000] {logging_mixin.py:190} INFO - [2025-03-11T04:54:01.547+0000] {dag.py:3239} INFO - Sync 1 DAGs
[2025-03-11T04:54:01.558+0000] {logging_mixin.py:190} INFO - [2025-03-11T04:54:01.558+0000] {dag.py:4180} INFO - Setting next_dagrun for dag_create_table to 2025-03-10T08:00:00+00:00, run_after=2025-03-11T08:00:00+00:00
[2025-03-11T04:54:01.569+0000] {processor.py:208} INFO - Processing /opt/airflow/dags/dag_create_table.py took 0.279 seconds
[2025-03-11T04:54:32.372+0000] {processor.py:186} INFO - Started process (PID=737) to work on /opt/airflow/dags/dag_create_table.py
[2025-03-11T04:54:32.378+0000] {processor.py:914} INFO - Processing file /opt/airflow/dags/dag_create_table.py for tasks to queue
[2025-03-11T04:54:32.383+0000] {logging_mixin.py:190} INFO - [2025-03-11T04:54:32.383+0000] {dagbag.py:588} INFO - Filling up the DagBag from /opt/airflow/dags/dag_create_table.py
[2025-03-11T04:54:32.551+0000] {processor.py:925} INFO - DAG(s) 'dag_create_table' retrieved from /opt/airflow/dags/dag_create_table.py
[2025-03-11T04:54:32.595+0000] {logging_mixin.py:190} INFO - [2025-03-11T04:54:32.595+0000] {dag.py:3239} INFO - Sync 1 DAGs
[2025-03-11T04:54:32.606+0000] {logging_mixin.py:190} INFO - [2025-03-11T04:54:32.606+0000] {dag.py:4180} INFO - Setting next_dagrun for dag_create_table to 2025-03-10T08:00:00+00:00, run_after=2025-03-11T08:00:00+00:00
[2025-03-11T04:54:32.618+0000] {processor.py:208} INFO - Processing /opt/airflow/dags/dag_create_table.py took 0.266 seconds
[2025-03-11T04:55:03.367+0000] {processor.py:186} INFO - Started process (PID=767) to work on /opt/airflow/dags/dag_create_table.py
[2025-03-11T04:55:03.369+0000] {processor.py:914} INFO - Processing file /opt/airflow/dags/dag_create_table.py for tasks to queue
[2025-03-11T04:55:03.373+0000] {logging_mixin.py:190} INFO - [2025-03-11T04:55:03.372+0000] {dagbag.py:588} INFO - Filling up the DagBag from /opt/airflow/dags/dag_create_table.py
[2025-03-11T04:55:03.398+0000] {processor.py:925} INFO - DAG(s) 'dag_create_table' retrieved from /opt/airflow/dags/dag_create_table.py
[2025-03-11T04:55:03.461+0000] {logging_mixin.py:190} INFO - [2025-03-11T04:55:03.461+0000] {dag.py:3239} INFO - Sync 1 DAGs
[2025-03-11T04:55:03.475+0000] {logging_mixin.py:190} INFO - [2025-03-11T04:55:03.474+0000] {dag.py:4180} INFO - Setting next_dagrun for dag_create_table to 2025-03-10T08:00:00+00:00, run_after=2025-03-11T08:00:00+00:00
[2025-03-11T04:55:03.491+0000] {processor.py:208} INFO - Processing /opt/airflow/dags/dag_create_table.py took 0.140 seconds
[2025-03-11T04:55:34.248+0000] {processor.py:186} INFO - Started process (PID=800) to work on /opt/airflow/dags/dag_create_table.py
[2025-03-11T04:55:34.250+0000] {processor.py:914} INFO - Processing file /opt/airflow/dags/dag_create_table.py for tasks to queue
[2025-03-11T04:55:34.253+0000] {logging_mixin.py:190} INFO - [2025-03-11T04:55:34.253+0000] {dagbag.py:588} INFO - Filling up the DagBag from /opt/airflow/dags/dag_create_table.py
[2025-03-11T04:55:34.274+0000] {processor.py:925} INFO - DAG(s) 'dag_create_table' retrieved from /opt/airflow/dags/dag_create_table.py
[2025-03-11T04:55:34.332+0000] {logging_mixin.py:190} INFO - [2025-03-11T04:55:34.332+0000] {dag.py:3239} INFO - Sync 1 DAGs
[2025-03-11T04:55:34.346+0000] {logging_mixin.py:190} INFO - [2025-03-11T04:55:34.346+0000] {dag.py:4180} INFO - Setting next_dagrun for dag_create_table to 2025-03-10T08:00:00+00:00, run_after=2025-03-11T08:00:00+00:00
[2025-03-11T04:55:34.356+0000] {processor.py:208} INFO - Processing /opt/airflow/dags/dag_create_table.py took 0.123 seconds
[2025-03-11T04:56:04.980+0000] {processor.py:186} INFO - Started process (PID=830) to work on /opt/airflow/dags/dag_create_table.py
[2025-03-11T04:56:04.989+0000] {processor.py:914} INFO - Processing file /opt/airflow/dags/dag_create_table.py for tasks to queue
[2025-03-11T04:56:04.991+0000] {logging_mixin.py:190} INFO - [2025-03-11T04:56:04.990+0000] {dagbag.py:588} INFO - Filling up the DagBag from /opt/airflow/dags/dag_create_table.py
[2025-03-11T04:56:05.019+0000] {processor.py:925} INFO - DAG(s) 'dag_create_table' retrieved from /opt/airflow/dags/dag_create_table.py
[2025-03-11T04:56:05.095+0000] {logging_mixin.py:190} INFO - [2025-03-11T04:56:05.095+0000] {dag.py:3239} INFO - Sync 1 DAGs
[2025-03-11T04:56:05.112+0000] {logging_mixin.py:190} INFO - [2025-03-11T04:56:05.112+0000] {dag.py:4180} INFO - Setting next_dagrun for dag_create_table to 2025-03-10T08:00:00+00:00, run_after=2025-03-11T08:00:00+00:00
[2025-03-11T04:56:05.124+0000] {processor.py:208} INFO - Processing /opt/airflow/dags/dag_create_table.py took 0.161 seconds
[2025-03-11T04:56:35.862+0000] {processor.py:186} INFO - Started process (PID=860) to work on /opt/airflow/dags/dag_create_table.py
[2025-03-11T04:56:35.864+0000] {processor.py:914} INFO - Processing file /opt/airflow/dags/dag_create_table.py for tasks to queue
[2025-03-11T04:56:35.875+0000] {logging_mixin.py:190} INFO - [2025-03-11T04:56:35.874+0000] {dagbag.py:588} INFO - Filling up the DagBag from /opt/airflow/dags/dag_create_table.py
[2025-03-11T04:56:35.902+0000] {processor.py:925} INFO - DAG(s) 'dag_create_table' retrieved from /opt/airflow/dags/dag_create_table.py
[2025-03-11T04:56:35.991+0000] {logging_mixin.py:190} INFO - [2025-03-11T04:56:35.991+0000] {dag.py:3239} INFO - Sync 1 DAGs
[2025-03-11T04:56:36.008+0000] {logging_mixin.py:190} INFO - [2025-03-11T04:56:36.008+0000] {dag.py:4180} INFO - Setting next_dagrun for dag_create_table to 2025-03-10T08:00:00+00:00, run_after=2025-03-11T08:00:00+00:00
[2025-03-11T04:56:36.020+0000] {processor.py:208} INFO - Processing /opt/airflow/dags/dag_create_table.py took 0.175 seconds
[2025-03-11T04:57:06.747+0000] {processor.py:186} INFO - Started process (PID=893) to work on /opt/airflow/dags/dag_create_table.py
[2025-03-11T04:57:06.748+0000] {processor.py:914} INFO - Processing file /opt/airflow/dags/dag_create_table.py for tasks to queue
[2025-03-11T04:57:06.751+0000] {logging_mixin.py:190} INFO - [2025-03-11T04:57:06.751+0000] {dagbag.py:588} INFO - Filling up the DagBag from /opt/airflow/dags/dag_create_table.py
[2025-03-11T04:57:06.773+0000] {processor.py:925} INFO - DAG(s) 'dag_create_table' retrieved from /opt/airflow/dags/dag_create_table.py
[2025-03-11T04:57:06.831+0000] {logging_mixin.py:190} INFO - [2025-03-11T04:57:06.831+0000] {dag.py:3239} INFO - Sync 1 DAGs
[2025-03-11T04:57:06.845+0000] {logging_mixin.py:190} INFO - [2025-03-11T04:57:06.844+0000] {dag.py:4180} INFO - Setting next_dagrun for dag_create_table to 2025-03-10T08:00:00+00:00, run_after=2025-03-11T08:00:00+00:00
[2025-03-11T04:57:06.856+0000] {processor.py:208} INFO - Processing /opt/airflow/dags/dag_create_table.py took 0.122 seconds
[2025-03-11T04:57:37.577+0000] {processor.py:186} INFO - Started process (PID=923) to work on /opt/airflow/dags/dag_create_table.py
[2025-03-11T04:57:37.578+0000] {processor.py:914} INFO - Processing file /opt/airflow/dags/dag_create_table.py for tasks to queue
[2025-03-11T04:57:37.583+0000] {logging_mixin.py:190} INFO - [2025-03-11T04:57:37.582+0000] {dagbag.py:588} INFO - Filling up the DagBag from /opt/airflow/dags/dag_create_table.py
[2025-03-11T04:57:37.609+0000] {processor.py:925} INFO - DAG(s) 'dag_create_table' retrieved from /opt/airflow/dags/dag_create_table.py
[2025-03-11T04:57:37.693+0000] {logging_mixin.py:190} INFO - [2025-03-11T04:57:37.693+0000] {dag.py:3239} INFO - Sync 1 DAGs
[2025-03-11T04:57:37.710+0000] {logging_mixin.py:190} INFO - [2025-03-11T04:57:37.710+0000] {dag.py:4180} INFO - Setting next_dagrun for dag_create_table to 2025-03-10T08:00:00+00:00, run_after=2025-03-11T08:00:00+00:00
[2025-03-11T04:57:37.722+0000] {processor.py:208} INFO - Processing /opt/airflow/dags/dag_create_table.py took 0.161 seconds
[2025-03-11T04:58:08.459+0000] {processor.py:186} INFO - Started process (PID=953) to work on /opt/airflow/dags/dag_create_table.py
[2025-03-11T04:58:08.461+0000] {processor.py:914} INFO - Processing file /opt/airflow/dags/dag_create_table.py for tasks to queue
[2025-03-11T04:58:08.470+0000] {logging_mixin.py:190} INFO - [2025-03-11T04:58:08.470+0000] {dagbag.py:588} INFO - Filling up the DagBag from /opt/airflow/dags/dag_create_table.py
[2025-03-11T04:58:08.497+0000] {processor.py:925} INFO - DAG(s) 'dag_create_table' retrieved from /opt/airflow/dags/dag_create_table.py
[2025-03-11T04:58:08.585+0000] {logging_mixin.py:190} INFO - [2025-03-11T04:58:08.585+0000] {dag.py:3239} INFO - Sync 1 DAGs
[2025-03-11T04:58:08.604+0000] {logging_mixin.py:190} INFO - [2025-03-11T04:58:08.603+0000] {dag.py:4180} INFO - Setting next_dagrun for dag_create_table to 2025-03-10T08:00:00+00:00, run_after=2025-03-11T08:00:00+00:00
[2025-03-11T04:58:08.618+0000] {processor.py:208} INFO - Processing /opt/airflow/dags/dag_create_table.py took 0.178 seconds
[2025-03-11T04:58:39.405+0000] {processor.py:186} INFO - Started process (PID=983) to work on /opt/airflow/dags/dag_create_table.py
[2025-03-11T04:58:39.406+0000] {processor.py:914} INFO - Processing file /opt/airflow/dags/dag_create_table.py for tasks to queue
[2025-03-11T04:58:39.411+0000] {logging_mixin.py:190} INFO - [2025-03-11T04:58:39.410+0000] {dagbag.py:588} INFO - Filling up the DagBag from /opt/airflow/dags/dag_create_table.py
[2025-03-11T04:58:39.446+0000] {processor.py:925} INFO - DAG(s) 'dag_create_table' retrieved from /opt/airflow/dags/dag_create_table.py
[2025-03-11T04:58:39.545+0000] {logging_mixin.py:190} INFO - [2025-03-11T04:58:39.545+0000] {dag.py:3239} INFO - Sync 1 DAGs
[2025-03-11T04:58:39.561+0000] {logging_mixin.py:190} INFO - [2025-03-11T04:58:39.561+0000] {dag.py:4180} INFO - Setting next_dagrun for dag_create_table to 2025-03-10T08:00:00+00:00, run_after=2025-03-11T08:00:00+00:00
[2025-03-11T04:58:39.575+0000] {processor.py:208} INFO - Processing /opt/airflow/dags/dag_create_table.py took 0.192 seconds
[2025-03-11T04:59:10.335+0000] {processor.py:186} INFO - Started process (PID=1013) to work on /opt/airflow/dags/dag_create_table.py
[2025-03-11T04:59:10.337+0000] {processor.py:914} INFO - Processing file /opt/airflow/dags/dag_create_table.py for tasks to queue
[2025-03-11T04:59:10.341+0000] {logging_mixin.py:190} INFO - [2025-03-11T04:59:10.341+0000] {dagbag.py:588} INFO - Filling up the DagBag from /opt/airflow/dags/dag_create_table.py
[2025-03-11T04:59:10.384+0000] {processor.py:925} INFO - DAG(s) 'dag_create_table' retrieved from /opt/airflow/dags/dag_create_table.py
[2025-03-11T04:59:10.475+0000] {logging_mixin.py:190} INFO - [2025-03-11T04:59:10.475+0000] {dag.py:3239} INFO - Sync 1 DAGs
[2025-03-11T04:59:10.497+0000] {logging_mixin.py:190} INFO - [2025-03-11T04:59:10.497+0000] {dag.py:4180} INFO - Setting next_dagrun for dag_create_table to 2025-03-10T08:00:00+00:00, run_after=2025-03-11T08:00:00+00:00
[2025-03-11T04:59:10.511+0000] {processor.py:208} INFO - Processing /opt/airflow/dags/dag_create_table.py took 0.199 seconds
[2025-03-11T04:59:41.200+0000] {processor.py:186} INFO - Started process (PID=1043) to work on /opt/airflow/dags/dag_create_table.py
[2025-03-11T04:59:41.203+0000] {processor.py:914} INFO - Processing file /opt/airflow/dags/dag_create_table.py for tasks to queue
[2025-03-11T04:59:41.205+0000] {logging_mixin.py:190} INFO - [2025-03-11T04:59:41.205+0000] {dagbag.py:588} INFO - Filling up the DagBag from /opt/airflow/dags/dag_create_table.py
[2025-03-11T04:59:41.231+0000] {processor.py:925} INFO - DAG(s) 'dag_create_table' retrieved from /opt/airflow/dags/dag_create_table.py
[2025-03-11T04:59:41.315+0000] {logging_mixin.py:190} INFO - [2025-03-11T04:59:41.315+0000] {dag.py:3239} INFO - Sync 1 DAGs
[2025-03-11T04:59:41.328+0000] {logging_mixin.py:190} INFO - [2025-03-11T04:59:41.328+0000] {dag.py:4180} INFO - Setting next_dagrun for dag_create_table to 2025-03-10T08:00:00+00:00, run_after=2025-03-11T08:00:00+00:00
[2025-03-11T04:59:41.343+0000] {processor.py:208} INFO - Processing /opt/airflow/dags/dag_create_table.py took 0.157 seconds
[2025-03-11T05:00:11.994+0000] {processor.py:186} INFO - Started process (PID=1073) to work on /opt/airflow/dags/dag_create_table.py
[2025-03-11T05:00:11.996+0000] {processor.py:914} INFO - Processing file /opt/airflow/dags/dag_create_table.py for tasks to queue
[2025-03-11T05:00:12.002+0000] {logging_mixin.py:190} INFO - [2025-03-11T05:00:12.002+0000] {dagbag.py:588} INFO - Filling up the DagBag from /opt/airflow/dags/dag_create_table.py
[2025-03-11T05:00:12.031+0000] {processor.py:925} INFO - DAG(s) 'dag_create_table' retrieved from /opt/airflow/dags/dag_create_table.py
[2025-03-11T05:00:12.109+0000] {logging_mixin.py:190} INFO - [2025-03-11T05:00:12.109+0000] {dag.py:3239} INFO - Sync 1 DAGs
[2025-03-11T05:00:12.125+0000] {logging_mixin.py:190} INFO - [2025-03-11T05:00:12.125+0000] {dag.py:4180} INFO - Setting next_dagrun for dag_create_table to 2025-03-10T08:00:00+00:00, run_after=2025-03-11T08:00:00+00:00
[2025-03-11T05:00:12.139+0000] {processor.py:208} INFO - Processing /opt/airflow/dags/dag_create_table.py took 0.164 seconds
[2025-03-11T05:00:42.862+0000] {processor.py:186} INFO - Started process (PID=1103) to work on /opt/airflow/dags/dag_create_table.py
[2025-03-11T05:00:42.865+0000] {processor.py:914} INFO - Processing file /opt/airflow/dags/dag_create_table.py for tasks to queue
[2025-03-11T05:00:42.869+0000] {logging_mixin.py:190} INFO - [2025-03-11T05:00:42.868+0000] {dagbag.py:588} INFO - Filling up the DagBag from /opt/airflow/dags/dag_create_table.py
[2025-03-11T05:00:42.891+0000] {processor.py:925} INFO - DAG(s) 'dag_create_table' retrieved from /opt/airflow/dags/dag_create_table.py
[2025-03-11T05:00:42.980+0000] {logging_mixin.py:190} INFO - [2025-03-11T05:00:42.979+0000] {dag.py:3239} INFO - Sync 1 DAGs
[2025-03-11T05:00:42.997+0000] {logging_mixin.py:190} INFO - [2025-03-11T05:00:42.997+0000] {dag.py:4180} INFO - Setting next_dagrun for dag_create_table to 2025-03-10T08:00:00+00:00, run_after=2025-03-11T08:00:00+00:00
[2025-03-11T05:00:43.009+0000] {processor.py:208} INFO - Processing /opt/airflow/dags/dag_create_table.py took 0.176 seconds
[2025-03-11T05:01:13.639+0000] {processor.py:186} INFO - Started process (PID=1133) to work on /opt/airflow/dags/dag_create_table.py
[2025-03-11T05:01:13.642+0000] {processor.py:914} INFO - Processing file /opt/airflow/dags/dag_create_table.py for tasks to queue
[2025-03-11T05:01:13.650+0000] {logging_mixin.py:190} INFO - [2025-03-11T05:01:13.647+0000] {dagbag.py:588} INFO - Filling up the DagBag from /opt/airflow/dags/dag_create_table.py
[2025-03-11T05:01:13.677+0000] {processor.py:925} INFO - DAG(s) 'dag_create_table' retrieved from /opt/airflow/dags/dag_create_table.py
[2025-03-11T05:01:13.766+0000] {logging_mixin.py:190} INFO - [2025-03-11T05:01:13.766+0000] {dag.py:3239} INFO - Sync 1 DAGs
[2025-03-11T05:01:13.782+0000] {logging_mixin.py:190} INFO - [2025-03-11T05:01:13.782+0000] {dag.py:4180} INFO - Setting next_dagrun for dag_create_table to 2025-03-10T08:00:00+00:00, run_after=2025-03-11T08:00:00+00:00
[2025-03-11T05:01:13.793+0000] {processor.py:208} INFO - Processing /opt/airflow/dags/dag_create_table.py took 0.176 seconds
[2025-03-11T05:01:44.585+0000] {processor.py:186} INFO - Started process (PID=1163) to work on /opt/airflow/dags/dag_create_table.py
[2025-03-11T05:01:44.588+0000] {processor.py:914} INFO - Processing file /opt/airflow/dags/dag_create_table.py for tasks to queue
[2025-03-11T05:01:44.595+0000] {logging_mixin.py:190} INFO - [2025-03-11T05:01:44.593+0000] {dagbag.py:588} INFO - Filling up the DagBag from /opt/airflow/dags/dag_create_table.py
[2025-03-11T05:01:44.624+0000] {processor.py:925} INFO - DAG(s) 'dag_create_table' retrieved from /opt/airflow/dags/dag_create_table.py
[2025-03-11T05:01:44.713+0000] {logging_mixin.py:190} INFO - [2025-03-11T05:01:44.713+0000] {dag.py:3239} INFO - Sync 1 DAGs
[2025-03-11T05:01:44.726+0000] {logging_mixin.py:190} INFO - [2025-03-11T05:01:44.726+0000] {dag.py:4180} INFO - Setting next_dagrun for dag_create_table to 2025-03-10T08:00:00+00:00, run_after=2025-03-11T08:00:00+00:00
[2025-03-11T05:01:44.738+0000] {processor.py:208} INFO - Processing /opt/airflow/dags/dag_create_table.py took 0.168 seconds
[2025-03-11T05:02:15.545+0000] {processor.py:186} INFO - Started process (PID=1193) to work on /opt/airflow/dags/dag_create_table.py
[2025-03-11T05:02:15.548+0000] {processor.py:914} INFO - Processing file /opt/airflow/dags/dag_create_table.py for tasks to queue
[2025-03-11T05:02:15.552+0000] {logging_mixin.py:190} INFO - [2025-03-11T05:02:15.551+0000] {dagbag.py:588} INFO - Filling up the DagBag from /opt/airflow/dags/dag_create_table.py
[2025-03-11T05:02:15.583+0000] {processor.py:925} INFO - DAG(s) 'dag_create_table' retrieved from /opt/airflow/dags/dag_create_table.py
[2025-03-11T05:02:15.657+0000] {logging_mixin.py:190} INFO - [2025-03-11T05:02:15.657+0000] {dag.py:3239} INFO - Sync 1 DAGs
[2025-03-11T05:02:15.677+0000] {logging_mixin.py:190} INFO - [2025-03-11T05:02:15.677+0000] {dag.py:4180} INFO - Setting next_dagrun for dag_create_table to 2025-03-10T08:00:00+00:00, run_after=2025-03-11T08:00:00+00:00
[2025-03-11T05:02:15.690+0000] {processor.py:208} INFO - Processing /opt/airflow/dags/dag_create_table.py took 0.162 seconds
[2025-03-11T05:02:46.567+0000] {processor.py:186} INFO - Started process (PID=1223) to work on /opt/airflow/dags/dag_create_table.py
[2025-03-11T05:02:46.569+0000] {processor.py:914} INFO - Processing file /opt/airflow/dags/dag_create_table.py for tasks to queue
[2025-03-11T05:02:46.573+0000] {logging_mixin.py:190} INFO - [2025-03-11T05:02:46.572+0000] {dagbag.py:588} INFO - Filling up the DagBag from /opt/airflow/dags/dag_create_table.py
[2025-03-11T05:02:46.599+0000] {processor.py:925} INFO - DAG(s) 'dag_create_table' retrieved from /opt/airflow/dags/dag_create_table.py
[2025-03-11T05:02:46.687+0000] {logging_mixin.py:190} INFO - [2025-03-11T05:02:46.687+0000] {dag.py:3239} INFO - Sync 1 DAGs
[2025-03-11T05:02:46.704+0000] {logging_mixin.py:190} INFO - [2025-03-11T05:02:46.704+0000] {dag.py:4180} INFO - Setting next_dagrun for dag_create_table to 2025-03-10T08:00:00+00:00, run_after=2025-03-11T08:00:00+00:00
[2025-03-11T05:02:46.719+0000] {processor.py:208} INFO - Processing /opt/airflow/dags/dag_create_table.py took 0.166 seconds
[2025-03-11T05:03:17.467+0000] {processor.py:186} INFO - Started process (PID=1253) to work on /opt/airflow/dags/dag_create_table.py
[2025-03-11T05:03:17.470+0000] {processor.py:914} INFO - Processing file /opt/airflow/dags/dag_create_table.py for tasks to queue
[2025-03-11T05:03:17.480+0000] {logging_mixin.py:190} INFO - [2025-03-11T05:03:17.480+0000] {dagbag.py:588} INFO - Filling up the DagBag from /opt/airflow/dags/dag_create_table.py
[2025-03-11T05:03:17.502+0000] {processor.py:925} INFO - DAG(s) 'dag_create_table' retrieved from /opt/airflow/dags/dag_create_table.py
[2025-03-11T05:03:17.584+0000] {logging_mixin.py:190} INFO - [2025-03-11T05:03:17.584+0000] {dag.py:3239} INFO - Sync 1 DAGs
[2025-03-11T05:03:17.604+0000] {logging_mixin.py:190} INFO - [2025-03-11T05:03:17.604+0000] {dag.py:4180} INFO - Setting next_dagrun for dag_create_table to 2025-03-10T08:00:00+00:00, run_after=2025-03-11T08:00:00+00:00
[2025-03-11T05:03:17.621+0000] {processor.py:208} INFO - Processing /opt/airflow/dags/dag_create_table.py took 0.172 seconds
[2025-03-11T05:03:48.387+0000] {processor.py:186} INFO - Started process (PID=1283) to work on /opt/airflow/dags/dag_create_table.py
[2025-03-11T05:03:48.389+0000] {processor.py:914} INFO - Processing file /opt/airflow/dags/dag_create_table.py for tasks to queue
[2025-03-11T05:03:48.394+0000] {logging_mixin.py:190} INFO - [2025-03-11T05:03:48.393+0000] {dagbag.py:588} INFO - Filling up the DagBag from /opt/airflow/dags/dag_create_table.py
[2025-03-11T05:03:48.431+0000] {processor.py:925} INFO - DAG(s) 'dag_create_table' retrieved from /opt/airflow/dags/dag_create_table.py
[2025-03-11T05:03:48.509+0000] {logging_mixin.py:190} INFO - [2025-03-11T05:03:48.509+0000] {dag.py:3239} INFO - Sync 1 DAGs
[2025-03-11T05:03:48.523+0000] {logging_mixin.py:190} INFO - [2025-03-11T05:03:48.523+0000] {dag.py:4180} INFO - Setting next_dagrun for dag_create_table to 2025-03-10T08:00:00+00:00, run_after=2025-03-11T08:00:00+00:00
[2025-03-11T05:03:48.537+0000] {processor.py:208} INFO - Processing /opt/airflow/dags/dag_create_table.py took 0.169 seconds
[2025-03-11T05:04:19.270+0000] {processor.py:186} INFO - Started process (PID=1313) to work on /opt/airflow/dags/dag_create_table.py
[2025-03-11T05:04:19.271+0000] {processor.py:914} INFO - Processing file /opt/airflow/dags/dag_create_table.py for tasks to queue
[2025-03-11T05:04:19.275+0000] {logging_mixin.py:190} INFO - [2025-03-11T05:04:19.274+0000] {dagbag.py:588} INFO - Filling up the DagBag from /opt/airflow/dags/dag_create_table.py
[2025-03-11T05:04:19.301+0000] {processor.py:925} INFO - DAG(s) 'dag_create_table' retrieved from /opt/airflow/dags/dag_create_table.py
[2025-03-11T05:04:19.390+0000] {logging_mixin.py:190} INFO - [2025-03-11T05:04:19.389+0000] {dag.py:3239} INFO - Sync 1 DAGs
[2025-03-11T05:04:19.407+0000] {logging_mixin.py:190} INFO - [2025-03-11T05:04:19.407+0000] {dag.py:4180} INFO - Setting next_dagrun for dag_create_table to 2025-03-10T08:00:00+00:00, run_after=2025-03-11T08:00:00+00:00
[2025-03-11T05:04:19.420+0000] {processor.py:208} INFO - Processing /opt/airflow/dags/dag_create_table.py took 0.172 seconds
[2025-03-11T05:04:50.084+0000] {processor.py:186} INFO - Started process (PID=1343) to work on /opt/airflow/dags/dag_create_table.py
[2025-03-11T05:04:50.087+0000] {processor.py:914} INFO - Processing file /opt/airflow/dags/dag_create_table.py for tasks to queue
[2025-03-11T05:04:50.098+0000] {logging_mixin.py:190} INFO - [2025-03-11T05:04:50.097+0000] {dagbag.py:588} INFO - Filling up the DagBag from /opt/airflow/dags/dag_create_table.py
[2025-03-11T05:04:50.125+0000] {processor.py:925} INFO - DAG(s) 'dag_create_table' retrieved from /opt/airflow/dags/dag_create_table.py
[2025-03-11T05:04:50.211+0000] {logging_mixin.py:190} INFO - [2025-03-11T05:04:50.211+0000] {dag.py:3239} INFO - Sync 1 DAGs
[2025-03-11T05:04:50.226+0000] {logging_mixin.py:190} INFO - [2025-03-11T05:04:50.226+0000] {dag.py:4180} INFO - Setting next_dagrun for dag_create_table to 2025-03-10T08:00:00+00:00, run_after=2025-03-11T08:00:00+00:00
[2025-03-11T05:04:50.238+0000] {processor.py:208} INFO - Processing /opt/airflow/dags/dag_create_table.py took 0.182 seconds
[2025-03-11T05:05:20.934+0000] {processor.py:186} INFO - Started process (PID=1373) to work on /opt/airflow/dags/dag_create_table.py
[2025-03-11T05:05:20.937+0000] {processor.py:914} INFO - Processing file /opt/airflow/dags/dag_create_table.py for tasks to queue
[2025-03-11T05:05:20.940+0000] {logging_mixin.py:190} INFO - [2025-03-11T05:05:20.940+0000] {dagbag.py:588} INFO - Filling up the DagBag from /opt/airflow/dags/dag_create_table.py
[2025-03-11T05:05:20.972+0000] {processor.py:925} INFO - DAG(s) 'dag_create_table' retrieved from /opt/airflow/dags/dag_create_table.py
[2025-03-11T05:05:21.036+0000] {logging_mixin.py:190} INFO - [2025-03-11T05:05:21.036+0000] {dag.py:3239} INFO - Sync 1 DAGs
[2025-03-11T05:05:21.052+0000] {logging_mixin.py:190} INFO - [2025-03-11T05:05:21.052+0000] {dag.py:4180} INFO - Setting next_dagrun for dag_create_table to 2025-03-10T08:00:00+00:00, run_after=2025-03-11T08:00:00+00:00
[2025-03-11T05:05:21.068+0000] {processor.py:208} INFO - Processing /opt/airflow/dags/dag_create_table.py took 0.152 seconds
[2025-03-11T05:05:51.686+0000] {processor.py:186} INFO - Started process (PID=1403) to work on /opt/airflow/dags/dag_create_table.py
[2025-03-11T05:05:51.688+0000] {processor.py:914} INFO - Processing file /opt/airflow/dags/dag_create_table.py for tasks to queue
[2025-03-11T05:05:51.692+0000] {logging_mixin.py:190} INFO - [2025-03-11T05:05:51.692+0000] {dagbag.py:588} INFO - Filling up the DagBag from /opt/airflow/dags/dag_create_table.py
[2025-03-11T05:05:51.720+0000] {processor.py:925} INFO - DAG(s) 'dag_create_table' retrieved from /opt/airflow/dags/dag_create_table.py
[2025-03-11T05:05:51.798+0000] {logging_mixin.py:190} INFO - [2025-03-11T05:05:51.797+0000] {dag.py:3239} INFO - Sync 1 DAGs
[2025-03-11T05:05:51.814+0000] {logging_mixin.py:190} INFO - [2025-03-11T05:05:51.814+0000] {dag.py:4180} INFO - Setting next_dagrun for dag_create_table to 2025-03-10T08:00:00+00:00, run_after=2025-03-11T08:00:00+00:00
[2025-03-11T05:05:51.829+0000] {processor.py:208} INFO - Processing /opt/airflow/dags/dag_create_table.py took 0.162 seconds
[2025-03-11T05:06:22.504+0000] {processor.py:186} INFO - Started process (PID=1433) to work on /opt/airflow/dags/dag_create_table.py
[2025-03-11T05:06:22.507+0000] {processor.py:914} INFO - Processing file /opt/airflow/dags/dag_create_table.py for tasks to queue
[2025-03-11T05:06:22.510+0000] {logging_mixin.py:190} INFO - [2025-03-11T05:06:22.510+0000] {dagbag.py:588} INFO - Filling up the DagBag from /opt/airflow/dags/dag_create_table.py
[2025-03-11T05:06:22.538+0000] {processor.py:925} INFO - DAG(s) 'dag_create_table' retrieved from /opt/airflow/dags/dag_create_table.py
[2025-03-11T05:06:22.618+0000] {logging_mixin.py:190} INFO - [2025-03-11T05:06:22.618+0000] {dag.py:3239} INFO - Sync 1 DAGs
[2025-03-11T05:06:22.639+0000] {logging_mixin.py:190} INFO - [2025-03-11T05:06:22.639+0000] {dag.py:4180} INFO - Setting next_dagrun for dag_create_table to 2025-03-10T08:00:00+00:00, run_after=2025-03-11T08:00:00+00:00
[2025-03-11T05:06:22.677+0000] {processor.py:208} INFO - Processing /opt/airflow/dags/dag_create_table.py took 0.204 seconds
[2025-03-11T05:06:53.379+0000] {processor.py:186} INFO - Started process (PID=1463) to work on /opt/airflow/dags/dag_create_table.py
[2025-03-11T05:06:53.384+0000] {processor.py:914} INFO - Processing file /opt/airflow/dags/dag_create_table.py for tasks to queue
[2025-03-11T05:06:53.387+0000] {logging_mixin.py:190} INFO - [2025-03-11T05:06:53.387+0000] {dagbag.py:588} INFO - Filling up the DagBag from /opt/airflow/dags/dag_create_table.py
[2025-03-11T05:06:53.415+0000] {processor.py:925} INFO - DAG(s) 'dag_create_table' retrieved from /opt/airflow/dags/dag_create_table.py
[2025-03-11T05:06:53.491+0000] {logging_mixin.py:190} INFO - [2025-03-11T05:06:53.491+0000] {dag.py:3239} INFO - Sync 1 DAGs
[2025-03-11T05:06:53.507+0000] {logging_mixin.py:190} INFO - [2025-03-11T05:06:53.507+0000] {dag.py:4180} INFO - Setting next_dagrun for dag_create_table to 2025-03-10T08:00:00+00:00, run_after=2025-03-11T08:00:00+00:00
[2025-03-11T05:06:53.522+0000] {processor.py:208} INFO - Processing /opt/airflow/dags/dag_create_table.py took 0.159 seconds
[2025-03-11T05:07:24.213+0000] {processor.py:186} INFO - Started process (PID=1493) to work on /opt/airflow/dags/dag_create_table.py
[2025-03-11T05:07:24.216+0000] {processor.py:914} INFO - Processing file /opt/airflow/dags/dag_create_table.py for tasks to queue
[2025-03-11T05:07:24.220+0000] {logging_mixin.py:190} INFO - [2025-03-11T05:07:24.219+0000] {dagbag.py:588} INFO - Filling up the DagBag from /opt/airflow/dags/dag_create_table.py
[2025-03-11T05:07:24.245+0000] {processor.py:925} INFO - DAG(s) 'dag_create_table' retrieved from /opt/airflow/dags/dag_create_table.py
[2025-03-11T05:07:24.318+0000] {logging_mixin.py:190} INFO - [2025-03-11T05:07:24.318+0000] {dag.py:3239} INFO - Sync 1 DAGs
[2025-03-11T05:07:24.333+0000] {logging_mixin.py:190} INFO - [2025-03-11T05:07:24.333+0000] {dag.py:4180} INFO - Setting next_dagrun for dag_create_table to 2025-03-10T08:00:00+00:00, run_after=2025-03-11T08:00:00+00:00
[2025-03-11T05:07:24.347+0000] {processor.py:208} INFO - Processing /opt/airflow/dags/dag_create_table.py took 0.152 seconds
[2025-03-11T05:07:55.019+0000] {processor.py:186} INFO - Started process (PID=1523) to work on /opt/airflow/dags/dag_create_table.py
[2025-03-11T05:07:55.021+0000] {processor.py:914} INFO - Processing file /opt/airflow/dags/dag_create_table.py for tasks to queue
[2025-03-11T05:07:55.025+0000] {logging_mixin.py:190} INFO - [2025-03-11T05:07:55.025+0000] {dagbag.py:588} INFO - Filling up the DagBag from /opt/airflow/dags/dag_create_table.py
[2025-03-11T05:07:55.051+0000] {processor.py:925} INFO - DAG(s) 'dag_create_table' retrieved from /opt/airflow/dags/dag_create_table.py
[2025-03-11T05:07:55.126+0000] {logging_mixin.py:190} INFO - [2025-03-11T05:07:55.126+0000] {dag.py:3239} INFO - Sync 1 DAGs
[2025-03-11T05:07:55.140+0000] {logging_mixin.py:190} INFO - [2025-03-11T05:07:55.140+0000] {dag.py:4180} INFO - Setting next_dagrun for dag_create_table to 2025-03-10T08:00:00+00:00, run_after=2025-03-11T08:00:00+00:00
[2025-03-11T05:07:55.154+0000] {processor.py:208} INFO - Processing /opt/airflow/dags/dag_create_table.py took 0.150 seconds
[2025-03-11T05:08:25.815+0000] {processor.py:186} INFO - Started process (PID=1553) to work on /opt/airflow/dags/dag_create_table.py
[2025-03-11T05:08:25.818+0000] {processor.py:914} INFO - Processing file /opt/airflow/dags/dag_create_table.py for tasks to queue
[2025-03-11T05:08:25.828+0000] {logging_mixin.py:190} INFO - [2025-03-11T05:08:25.827+0000] {dagbag.py:588} INFO - Filling up the DagBag from /opt/airflow/dags/dag_create_table.py
[2025-03-11T05:08:25.848+0000] {processor.py:925} INFO - DAG(s) 'dag_create_table' retrieved from /opt/airflow/dags/dag_create_table.py
[2025-03-11T05:08:25.923+0000] {logging_mixin.py:190} INFO - [2025-03-11T05:08:25.923+0000] {dag.py:3239} INFO - Sync 1 DAGs
[2025-03-11T05:08:25.940+0000] {logging_mixin.py:190} INFO - [2025-03-11T05:08:25.940+0000] {dag.py:4180} INFO - Setting next_dagrun for dag_create_table to 2025-03-10T08:00:00+00:00, run_after=2025-03-11T08:00:00+00:00
[2025-03-11T05:08:25.954+0000] {processor.py:208} INFO - Processing /opt/airflow/dags/dag_create_table.py took 0.166 seconds
[2025-03-11T05:08:56.677+0000] {processor.py:186} INFO - Started process (PID=1583) to work on /opt/airflow/dags/dag_create_table.py
[2025-03-11T05:08:56.679+0000] {processor.py:914} INFO - Processing file /opt/airflow/dags/dag_create_table.py for tasks to queue
[2025-03-11T05:08:56.684+0000] {logging_mixin.py:190} INFO - [2025-03-11T05:08:56.683+0000] {dagbag.py:588} INFO - Filling up the DagBag from /opt/airflow/dags/dag_create_table.py
[2025-03-11T05:08:56.717+0000] {processor.py:925} INFO - DAG(s) 'dag_create_table' retrieved from /opt/airflow/dags/dag_create_table.py
[2025-03-11T05:08:56.820+0000] {logging_mixin.py:190} INFO - [2025-03-11T05:08:56.820+0000] {dag.py:3239} INFO - Sync 1 DAGs
[2025-03-11T05:08:56.836+0000] {logging_mixin.py:190} INFO - [2025-03-11T05:08:56.836+0000] {dag.py:4180} INFO - Setting next_dagrun for dag_create_table to 2025-03-10T08:00:00+00:00, run_after=2025-03-11T08:00:00+00:00
[2025-03-11T05:08:56.851+0000] {processor.py:208} INFO - Processing /opt/airflow/dags/dag_create_table.py took 0.194 seconds
[2025-03-11T05:09:27.572+0000] {processor.py:186} INFO - Started process (PID=1613) to work on /opt/airflow/dags/dag_create_table.py
[2025-03-11T05:09:27.576+0000] {processor.py:914} INFO - Processing file /opt/airflow/dags/dag_create_table.py for tasks to queue
[2025-03-11T05:09:27.586+0000] {logging_mixin.py:190} INFO - [2025-03-11T05:09:27.586+0000] {dagbag.py:588} INFO - Filling up the DagBag from /opt/airflow/dags/dag_create_table.py
[2025-03-11T05:09:27.610+0000] {processor.py:925} INFO - DAG(s) 'dag_create_table' retrieved from /opt/airflow/dags/dag_create_table.py
[2025-03-11T05:09:27.692+0000] {logging_mixin.py:190} INFO - [2025-03-11T05:09:27.692+0000] {dag.py:3239} INFO - Sync 1 DAGs
[2025-03-11T05:09:27.708+0000] {logging_mixin.py:190} INFO - [2025-03-11T05:09:27.708+0000] {dag.py:4180} INFO - Setting next_dagrun for dag_create_table to 2025-03-10T08:00:00+00:00, run_after=2025-03-11T08:00:00+00:00
[2025-03-11T05:09:27.720+0000] {processor.py:208} INFO - Processing /opt/airflow/dags/dag_create_table.py took 0.163 seconds
[2025-03-11T05:09:58.439+0000] {processor.py:186} INFO - Started process (PID=1643) to work on /opt/airflow/dags/dag_create_table.py
[2025-03-11T05:09:58.441+0000] {processor.py:914} INFO - Processing file /opt/airflow/dags/dag_create_table.py for tasks to queue
[2025-03-11T05:09:58.450+0000] {logging_mixin.py:190} INFO - [2025-03-11T05:09:58.449+0000] {dagbag.py:588} INFO - Filling up the DagBag from /opt/airflow/dags/dag_create_table.py
[2025-03-11T05:09:58.480+0000] {processor.py:925} INFO - DAG(s) 'dag_create_table' retrieved from /opt/airflow/dags/dag_create_table.py
[2025-03-11T05:09:58.558+0000] {logging_mixin.py:190} INFO - [2025-03-11T05:09:58.558+0000] {dag.py:3239} INFO - Sync 1 DAGs
[2025-03-11T05:09:58.571+0000] {logging_mixin.py:190} INFO - [2025-03-11T05:09:58.571+0000] {dag.py:4180} INFO - Setting next_dagrun for dag_create_table to 2025-03-10T08:00:00+00:00, run_after=2025-03-11T08:00:00+00:00
[2025-03-11T05:09:58.585+0000] {processor.py:208} INFO - Processing /opt/airflow/dags/dag_create_table.py took 0.163 seconds
[2025-03-11T05:10:29.328+0000] {processor.py:186} INFO - Started process (PID=1673) to work on /opt/airflow/dags/dag_create_table.py
[2025-03-11T05:10:29.331+0000] {processor.py:914} INFO - Processing file /opt/airflow/dags/dag_create_table.py for tasks to queue
[2025-03-11T05:10:29.337+0000] {logging_mixin.py:190} INFO - [2025-03-11T05:10:29.336+0000] {dagbag.py:588} INFO - Filling up the DagBag from /opt/airflow/dags/dag_create_table.py
[2025-03-11T05:10:29.370+0000] {processor.py:925} INFO - DAG(s) 'dag_create_table' retrieved from /opt/airflow/dags/dag_create_table.py
[2025-03-11T05:10:29.454+0000] {logging_mixin.py:190} INFO - [2025-03-11T05:10:29.454+0000] {dag.py:3239} INFO - Sync 1 DAGs
[2025-03-11T05:10:29.469+0000] {logging_mixin.py:190} INFO - [2025-03-11T05:10:29.469+0000] {dag.py:4180} INFO - Setting next_dagrun for dag_create_table to 2025-03-10T08:00:00+00:00, run_after=2025-03-11T08:00:00+00:00
[2025-03-11T05:10:29.482+0000] {processor.py:208} INFO - Processing /opt/airflow/dags/dag_create_table.py took 0.176 seconds
[2025-03-11T05:11:00.227+0000] {processor.py:186} INFO - Started process (PID=1703) to work on /opt/airflow/dags/dag_create_table.py
[2025-03-11T05:11:00.230+0000] {processor.py:914} INFO - Processing file /opt/airflow/dags/dag_create_table.py for tasks to queue
[2025-03-11T05:11:00.236+0000] {logging_mixin.py:190} INFO - [2025-03-11T05:11:00.235+0000] {dagbag.py:588} INFO - Filling up the DagBag from /opt/airflow/dags/dag_create_table.py
[2025-03-11T05:11:00.265+0000] {processor.py:925} INFO - DAG(s) 'dag_create_table' retrieved from /opt/airflow/dags/dag_create_table.py
[2025-03-11T05:11:00.342+0000] {logging_mixin.py:190} INFO - [2025-03-11T05:11:00.342+0000] {dag.py:3239} INFO - Sync 1 DAGs
[2025-03-11T05:11:00.358+0000] {logging_mixin.py:190} INFO - [2025-03-11T05:11:00.358+0000] {dag.py:4180} INFO - Setting next_dagrun for dag_create_table to 2025-03-10T08:00:00+00:00, run_after=2025-03-11T08:00:00+00:00
[2025-03-11T05:11:00.371+0000] {processor.py:208} INFO - Processing /opt/airflow/dags/dag_create_table.py took 0.165 seconds
[2025-03-11T05:11:31.165+0000] {processor.py:186} INFO - Started process (PID=1733) to work on /opt/airflow/dags/dag_create_table.py
[2025-03-11T05:11:31.171+0000] {processor.py:914} INFO - Processing file /opt/airflow/dags/dag_create_table.py for tasks to queue
[2025-03-11T05:11:31.176+0000] {logging_mixin.py:190} INFO - [2025-03-11T05:11:31.176+0000] {dagbag.py:588} INFO - Filling up the DagBag from /opt/airflow/dags/dag_create_table.py
[2025-03-11T05:11:31.207+0000] {processor.py:925} INFO - DAG(s) 'dag_create_table' retrieved from /opt/airflow/dags/dag_create_table.py
[2025-03-11T05:11:31.287+0000] {logging_mixin.py:190} INFO - [2025-03-11T05:11:31.287+0000] {dag.py:3239} INFO - Sync 1 DAGs
[2025-03-11T05:11:31.307+0000] {logging_mixin.py:190} INFO - [2025-03-11T05:11:31.307+0000] {dag.py:4180} INFO - Setting next_dagrun for dag_create_table to 2025-03-10T08:00:00+00:00, run_after=2025-03-11T08:00:00+00:00
[2025-03-11T05:11:31.323+0000] {processor.py:208} INFO - Processing /opt/airflow/dags/dag_create_table.py took 0.176 seconds
[2025-03-11T05:12:02.117+0000] {processor.py:186} INFO - Started process (PID=1763) to work on /opt/airflow/dags/dag_create_table.py
[2025-03-11T05:12:02.119+0000] {processor.py:914} INFO - Processing file /opt/airflow/dags/dag_create_table.py for tasks to queue
[2025-03-11T05:12:02.124+0000] {logging_mixin.py:190} INFO - [2025-03-11T05:12:02.124+0000] {dagbag.py:588} INFO - Filling up the DagBag from /opt/airflow/dags/dag_create_table.py
[2025-03-11T05:12:02.165+0000] {processor.py:925} INFO - DAG(s) 'dag_create_table' retrieved from /opt/airflow/dags/dag_create_table.py
[2025-03-11T05:12:02.252+0000] {logging_mixin.py:190} INFO - [2025-03-11T05:12:02.252+0000] {dag.py:3239} INFO - Sync 1 DAGs
[2025-03-11T05:12:02.270+0000] {logging_mixin.py:190} INFO - [2025-03-11T05:12:02.270+0000] {dag.py:4180} INFO - Setting next_dagrun for dag_create_table to 2025-03-10T08:00:00+00:00, run_after=2025-03-11T08:00:00+00:00
[2025-03-11T05:12:02.285+0000] {processor.py:208} INFO - Processing /opt/airflow/dags/dag_create_table.py took 0.194 seconds
[2025-03-11T05:12:32.980+0000] {processor.py:186} INFO - Started process (PID=1793) to work on /opt/airflow/dags/dag_create_table.py
[2025-03-11T05:12:32.982+0000] {processor.py:914} INFO - Processing file /opt/airflow/dags/dag_create_table.py for tasks to queue
[2025-03-11T05:12:32.985+0000] {logging_mixin.py:190} INFO - [2025-03-11T05:12:32.985+0000] {dagbag.py:588} INFO - Filling up the DagBag from /opt/airflow/dags/dag_create_table.py
[2025-03-11T05:12:33.008+0000] {processor.py:925} INFO - DAG(s) 'dag_create_table' retrieved from /opt/airflow/dags/dag_create_table.py
[2025-03-11T05:12:33.089+0000] {logging_mixin.py:190} INFO - [2025-03-11T05:12:33.089+0000] {dag.py:3239} INFO - Sync 1 DAGs
[2025-03-11T05:12:33.102+0000] {logging_mixin.py:190} INFO - [2025-03-11T05:12:33.102+0000] {dag.py:4180} INFO - Setting next_dagrun for dag_create_table to 2025-03-10T08:00:00+00:00, run_after=2025-03-11T08:00:00+00:00
[2025-03-11T05:12:33.116+0000] {processor.py:208} INFO - Processing /opt/airflow/dags/dag_create_table.py took 0.147 seconds
[2025-03-11T05:13:03.871+0000] {processor.py:186} INFO - Started process (PID=1823) to work on /opt/airflow/dags/dag_create_table.py
[2025-03-11T05:13:03.873+0000] {processor.py:914} INFO - Processing file /opt/airflow/dags/dag_create_table.py for tasks to queue
[2025-03-11T05:13:03.876+0000] {logging_mixin.py:190} INFO - [2025-03-11T05:13:03.876+0000] {dagbag.py:588} INFO - Filling up the DagBag from /opt/airflow/dags/dag_create_table.py
[2025-03-11T05:13:03.902+0000] {processor.py:925} INFO - DAG(s) 'dag_create_table' retrieved from /opt/airflow/dags/dag_create_table.py
[2025-03-11T05:13:03.976+0000] {logging_mixin.py:190} INFO - [2025-03-11T05:13:03.976+0000] {dag.py:3239} INFO - Sync 1 DAGs
[2025-03-11T05:13:03.990+0000] {logging_mixin.py:190} INFO - [2025-03-11T05:13:03.990+0000] {dag.py:4180} INFO - Setting next_dagrun for dag_create_table to 2025-03-10T08:00:00+00:00, run_after=2025-03-11T08:00:00+00:00
[2025-03-11T05:13:04.003+0000] {processor.py:208} INFO - Processing /opt/airflow/dags/dag_create_table.py took 0.147 seconds
[2025-03-11T05:13:34.674+0000] {processor.py:186} INFO - Started process (PID=1853) to work on /opt/airflow/dags/dag_create_table.py
[2025-03-11T05:13:34.676+0000] {processor.py:914} INFO - Processing file /opt/airflow/dags/dag_create_table.py for tasks to queue
[2025-03-11T05:13:34.680+0000] {logging_mixin.py:190} INFO - [2025-03-11T05:13:34.679+0000] {dagbag.py:588} INFO - Filling up the DagBag from /opt/airflow/dags/dag_create_table.py
[2025-03-11T05:13:34.721+0000] {processor.py:925} INFO - DAG(s) 'dag_create_table' retrieved from /opt/airflow/dags/dag_create_table.py
[2025-03-11T05:13:34.782+0000] {logging_mixin.py:190} INFO - [2025-03-11T05:13:34.782+0000] {dag.py:3239} INFO - Sync 1 DAGs
[2025-03-11T05:13:34.795+0000] {logging_mixin.py:190} INFO - [2025-03-11T05:13:34.794+0000] {dag.py:4180} INFO - Setting next_dagrun for dag_create_table to 2025-03-10T08:00:00+00:00, run_after=2025-03-11T08:00:00+00:00
[2025-03-11T05:13:34.807+0000] {processor.py:208} INFO - Processing /opt/airflow/dags/dag_create_table.py took 0.150 seconds
[2025-03-11T05:14:05.466+0000] {processor.py:186} INFO - Started process (PID=1883) to work on /opt/airflow/dags/dag_create_table.py
[2025-03-11T05:14:05.468+0000] {processor.py:914} INFO - Processing file /opt/airflow/dags/dag_create_table.py for tasks to queue
[2025-03-11T05:14:05.473+0000] {logging_mixin.py:190} INFO - [2025-03-11T05:14:05.472+0000] {dagbag.py:588} INFO - Filling up the DagBag from /opt/airflow/dags/dag_create_table.py
[2025-03-11T05:14:05.497+0000] {processor.py:925} INFO - DAG(s) 'dag_create_table' retrieved from /opt/airflow/dags/dag_create_table.py
[2025-03-11T05:14:05.566+0000] {logging_mixin.py:190} INFO - [2025-03-11T05:14:05.566+0000] {dag.py:3239} INFO - Sync 1 DAGs
[2025-03-11T05:14:05.579+0000] {logging_mixin.py:190} INFO - [2025-03-11T05:14:05.579+0000] {dag.py:4180} INFO - Setting next_dagrun for dag_create_table to 2025-03-10T08:00:00+00:00, run_after=2025-03-11T08:00:00+00:00
[2025-03-11T05:14:05.593+0000] {processor.py:208} INFO - Processing /opt/airflow/dags/dag_create_table.py took 0.141 seconds
[2025-03-11T05:14:36.292+0000] {processor.py:186} INFO - Started process (PID=1913) to work on /opt/airflow/dags/dag_create_table.py
[2025-03-11T05:14:36.293+0000] {processor.py:914} INFO - Processing file /opt/airflow/dags/dag_create_table.py for tasks to queue
[2025-03-11T05:14:36.298+0000] {logging_mixin.py:190} INFO - [2025-03-11T05:14:36.297+0000] {dagbag.py:588} INFO - Filling up the DagBag from /opt/airflow/dags/dag_create_table.py
[2025-03-11T05:14:36.321+0000] {processor.py:925} INFO - DAG(s) 'dag_create_table' retrieved from /opt/airflow/dags/dag_create_table.py
[2025-03-11T05:14:36.405+0000] {logging_mixin.py:190} INFO - [2025-03-11T05:14:36.405+0000] {dag.py:3239} INFO - Sync 1 DAGs
[2025-03-11T05:14:36.419+0000] {logging_mixin.py:190} INFO - [2025-03-11T05:14:36.419+0000] {dag.py:4180} INFO - Setting next_dagrun for dag_create_table to 2025-03-10T08:00:00+00:00, run_after=2025-03-11T08:00:00+00:00
[2025-03-11T05:14:36.433+0000] {processor.py:208} INFO - Processing /opt/airflow/dags/dag_create_table.py took 0.162 seconds
[2025-03-11T05:15:07.221+0000] {processor.py:186} INFO - Started process (PID=1943) to work on /opt/airflow/dags/dag_create_table.py
[2025-03-11T05:15:07.223+0000] {processor.py:914} INFO - Processing file /opt/airflow/dags/dag_create_table.py for tasks to queue
[2025-03-11T05:15:07.228+0000] {logging_mixin.py:190} INFO - [2025-03-11T05:15:07.226+0000] {dagbag.py:588} INFO - Filling up the DagBag from /opt/airflow/dags/dag_create_table.py
[2025-03-11T05:15:07.254+0000] {processor.py:925} INFO - DAG(s) 'dag_create_table' retrieved from /opt/airflow/dags/dag_create_table.py
[2025-03-11T05:15:07.336+0000] {logging_mixin.py:190} INFO - [2025-03-11T05:15:07.336+0000] {dag.py:3239} INFO - Sync 1 DAGs
[2025-03-11T05:15:07.351+0000] {logging_mixin.py:190} INFO - [2025-03-11T05:15:07.350+0000] {dag.py:4180} INFO - Setting next_dagrun for dag_create_table to 2025-03-10T08:00:00+00:00, run_after=2025-03-11T08:00:00+00:00
[2025-03-11T05:15:07.366+0000] {processor.py:208} INFO - Processing /opt/airflow/dags/dag_create_table.py took 0.166 seconds
[2025-03-11T05:15:38.019+0000] {processor.py:186} INFO - Started process (PID=1973) to work on /opt/airflow/dags/dag_create_table.py
[2025-03-11T05:15:38.021+0000] {processor.py:914} INFO - Processing file /opt/airflow/dags/dag_create_table.py for tasks to queue
[2025-03-11T05:15:38.025+0000] {logging_mixin.py:190} INFO - [2025-03-11T05:15:38.025+0000] {dagbag.py:588} INFO - Filling up the DagBag from /opt/airflow/dags/dag_create_table.py
[2025-03-11T05:15:38.059+0000] {processor.py:925} INFO - DAG(s) 'dag_create_table' retrieved from /opt/airflow/dags/dag_create_table.py
[2025-03-11T05:15:38.139+0000] {logging_mixin.py:190} INFO - [2025-03-11T05:15:38.138+0000] {dag.py:3239} INFO - Sync 1 DAGs
[2025-03-11T05:15:38.158+0000] {logging_mixin.py:190} INFO - [2025-03-11T05:15:38.158+0000] {dag.py:4180} INFO - Setting next_dagrun for dag_create_table to 2025-03-10T08:00:00+00:00, run_after=2025-03-11T08:00:00+00:00
[2025-03-11T05:15:38.174+0000] {processor.py:208} INFO - Processing /opt/airflow/dags/dag_create_table.py took 0.176 seconds
[2025-03-11T05:16:08.927+0000] {processor.py:186} INFO - Started process (PID=2003) to work on /opt/airflow/dags/dag_create_table.py
[2025-03-11T05:16:08.932+0000] {processor.py:914} INFO - Processing file /opt/airflow/dags/dag_create_table.py for tasks to queue
[2025-03-11T05:16:08.936+0000] {logging_mixin.py:190} INFO - [2025-03-11T05:16:08.935+0000] {dagbag.py:588} INFO - Filling up the DagBag from /opt/airflow/dags/dag_create_table.py
[2025-03-11T05:16:08.977+0000] {processor.py:925} INFO - DAG(s) 'dag_create_table' retrieved from /opt/airflow/dags/dag_create_table.py
[2025-03-11T05:16:09.048+0000] {logging_mixin.py:190} INFO - [2025-03-11T05:16:09.048+0000] {dag.py:3239} INFO - Sync 1 DAGs
[2025-03-11T05:16:09.062+0000] {logging_mixin.py:190} INFO - [2025-03-11T05:16:09.062+0000] {dag.py:4180} INFO - Setting next_dagrun for dag_create_table to 2025-03-10T08:00:00+00:00, run_after=2025-03-11T08:00:00+00:00
[2025-03-11T05:16:09.076+0000] {processor.py:208} INFO - Processing /opt/airflow/dags/dag_create_table.py took 0.172 seconds
[2025-03-11T05:16:39.733+0000] {processor.py:186} INFO - Started process (PID=2033) to work on /opt/airflow/dags/dag_create_table.py
[2025-03-11T05:16:39.734+0000] {processor.py:914} INFO - Processing file /opt/airflow/dags/dag_create_table.py for tasks to queue
[2025-03-11T05:16:39.739+0000] {logging_mixin.py:190} INFO - [2025-03-11T05:16:39.739+0000] {dagbag.py:588} INFO - Filling up the DagBag from /opt/airflow/dags/dag_create_table.py
[2025-03-11T05:16:39.774+0000] {processor.py:925} INFO - DAG(s) 'dag_create_table' retrieved from /opt/airflow/dags/dag_create_table.py
[2025-03-11T05:16:39.870+0000] {logging_mixin.py:190} INFO - [2025-03-11T05:16:39.870+0000] {dag.py:3239} INFO - Sync 1 DAGs
[2025-03-11T05:16:39.914+0000] {logging_mixin.py:190} INFO - [2025-03-11T05:16:39.914+0000] {dag.py:4180} INFO - Setting next_dagrun for dag_create_table to 2025-03-10T08:00:00+00:00, run_after=2025-03-11T08:00:00+00:00
[2025-03-11T05:16:39.955+0000] {processor.py:208} INFO - Processing /opt/airflow/dags/dag_create_table.py took 0.242 seconds
[2025-03-11T05:17:10.785+0000] {processor.py:186} INFO - Started process (PID=2063) to work on /opt/airflow/dags/dag_create_table.py
[2025-03-11T05:17:10.787+0000] {processor.py:914} INFO - Processing file /opt/airflow/dags/dag_create_table.py for tasks to queue
[2025-03-11T05:17:10.793+0000] {logging_mixin.py:190} INFO - [2025-03-11T05:17:10.793+0000] {dagbag.py:588} INFO - Filling up the DagBag from /opt/airflow/dags/dag_create_table.py
[2025-03-11T05:17:10.822+0000] {processor.py:925} INFO - DAG(s) 'dag_create_table' retrieved from /opt/airflow/dags/dag_create_table.py
[2025-03-11T05:17:10.917+0000] {logging_mixin.py:190} INFO - [2025-03-11T05:17:10.917+0000] {dag.py:3239} INFO - Sync 1 DAGs
[2025-03-11T05:17:10.934+0000] {logging_mixin.py:190} INFO - [2025-03-11T05:17:10.933+0000] {dag.py:4180} INFO - Setting next_dagrun for dag_create_table to 2025-03-10T08:00:00+00:00, run_after=2025-03-11T08:00:00+00:00
[2025-03-11T05:17:10.947+0000] {processor.py:208} INFO - Processing /opt/airflow/dags/dag_create_table.py took 0.189 seconds
[2025-03-11T05:17:41.748+0000] {processor.py:186} INFO - Started process (PID=2093) to work on /opt/airflow/dags/dag_create_table.py
[2025-03-11T05:17:41.752+0000] {processor.py:914} INFO - Processing file /opt/airflow/dags/dag_create_table.py for tasks to queue
[2025-03-11T05:17:41.764+0000] {logging_mixin.py:190} INFO - [2025-03-11T05:17:41.763+0000] {dagbag.py:588} INFO - Filling up the DagBag from /opt/airflow/dags/dag_create_table.py
[2025-03-11T05:17:41.802+0000] {processor.py:925} INFO - DAG(s) 'dag_create_table' retrieved from /opt/airflow/dags/dag_create_table.py
[2025-03-11T05:17:41.955+0000] {logging_mixin.py:190} INFO - [2025-03-11T05:17:41.955+0000] {dag.py:3239} INFO - Sync 1 DAGs
[2025-03-11T05:17:41.986+0000] {logging_mixin.py:190} INFO - [2025-03-11T05:17:41.986+0000] {dag.py:4180} INFO - Setting next_dagrun for dag_create_table to 2025-03-10T08:00:00+00:00, run_after=2025-03-11T08:00:00+00:00
[2025-03-11T05:17:42.008+0000] {processor.py:208} INFO - Processing /opt/airflow/dags/dag_create_table.py took 0.285 seconds
[2025-03-11T05:18:12.914+0000] {processor.py:186} INFO - Started process (PID=2123) to work on /opt/airflow/dags/dag_create_table.py
[2025-03-11T05:18:12.917+0000] {processor.py:914} INFO - Processing file /opt/airflow/dags/dag_create_table.py for tasks to queue
[2025-03-11T05:18:12.921+0000] {logging_mixin.py:190} INFO - [2025-03-11T05:18:12.921+0000] {dagbag.py:588} INFO - Filling up the DagBag from /opt/airflow/dags/dag_create_table.py
[2025-03-11T05:18:12.947+0000] {processor.py:925} INFO - DAG(s) 'dag_create_table' retrieved from /opt/airflow/dags/dag_create_table.py
[2025-03-11T05:18:13.024+0000] {logging_mixin.py:190} INFO - [2025-03-11T05:18:13.024+0000] {dag.py:3239} INFO - Sync 1 DAGs
[2025-03-11T05:18:13.041+0000] {logging_mixin.py:190} INFO - [2025-03-11T05:18:13.040+0000] {dag.py:4180} INFO - Setting next_dagrun for dag_create_table to 2025-03-10T08:00:00+00:00, run_after=2025-03-11T08:00:00+00:00
[2025-03-11T05:18:13.053+0000] {processor.py:208} INFO - Processing /opt/airflow/dags/dag_create_table.py took 0.185 seconds
[2025-03-11T05:18:43.746+0000] {processor.py:186} INFO - Started process (PID=2153) to work on /opt/airflow/dags/dag_create_table.py
[2025-03-11T05:18:43.747+0000] {processor.py:914} INFO - Processing file /opt/airflow/dags/dag_create_table.py for tasks to queue
[2025-03-11T05:18:43.752+0000] {logging_mixin.py:190} INFO - [2025-03-11T05:18:43.751+0000] {dagbag.py:588} INFO - Filling up the DagBag from /opt/airflow/dags/dag_create_table.py
[2025-03-11T05:18:43.795+0000] {processor.py:925} INFO - DAG(s) 'dag_create_table' retrieved from /opt/airflow/dags/dag_create_table.py
[2025-03-11T05:18:43.868+0000] {logging_mixin.py:190} INFO - [2025-03-11T05:18:43.867+0000] {dag.py:3239} INFO - Sync 1 DAGs
[2025-03-11T05:18:43.888+0000] {logging_mixin.py:190} INFO - [2025-03-11T05:18:43.888+0000] {dag.py:4180} INFO - Setting next_dagrun for dag_create_table to 2025-03-10T08:00:00+00:00, run_after=2025-03-11T08:00:00+00:00
[2025-03-11T05:18:43.907+0000] {processor.py:208} INFO - Processing /opt/airflow/dags/dag_create_table.py took 0.172 seconds
