[2025-03-23T19:09:39.802+0000] {local_task_job_runner.py:123} INFO - ::group::Pre task execution logs
[2025-03-23T19:09:39.818+0000] {taskinstance.py:2614} INFO - Dependencies all met for dep_context=non-requeueable deps ti=<TaskInstance: schedule.move_cloud_clientes_produtos manual__2025-03-23T19:09:37.420384+00:00 [queued]>
[2025-03-23T19:09:39.827+0000] {taskinstance.py:2614} INFO - Dependencies all met for dep_context=requeueable deps ti=<TaskInstance: schedule.move_cloud_clientes_produtos manual__2025-03-23T19:09:37.420384+00:00 [queued]>
[2025-03-23T19:09:39.828+0000] {taskinstance.py:2867} INFO - Starting attempt 1 of 1
[2025-03-23T19:09:39.837+0000] {taskinstance.py:2890} INFO - Executing <Task(BashOperator): move_cloud_clientes_produtos> on 2025-03-23 19:09:37.420384+00:00
[2025-03-23T19:09:39.841+0000] {standard_task_runner.py:72} INFO - Started process 2372 to run task
[2025-03-23T19:09:39.844+0000] {standard_task_runner.py:104} INFO - Running: ['airflow', 'tasks', 'run', 'schedule', 'move_cloud_clientes_produtos', 'manual__2025-03-23T19:09:37.420384+00:00', '--job-id', '1919', '--raw', '--subdir', 'DAGS_FOLDER/dag_master.py', '--cfg-path', '/tmp/tmpf2il6dt9']
[2025-03-23T19:09:39.846+0000] {standard_task_runner.py:105} INFO - Job 1919: Subtask move_cloud_clientes_produtos
[2025-03-23T19:09:39.864+0000] {logging_mixin.py:190} WARNING - /home/airflow/.local/lib/python3.8/site-packages/airflow/settings.py:209 DeprecationWarning: The sql_alchemy_conn option in [core] has been moved to the sql_alchemy_conn option in [database] - the old setting has been used, but please update your config.
[2025-03-23T19:09:39.891+0000] {task_command.py:467} INFO - Running <TaskInstance: schedule.move_cloud_clientes_produtos manual__2025-03-23T19:09:37.420384+00:00 [running]> on host b612e1a2c49c
[2025-03-23T19:09:39.958+0000] {taskinstance.py:3134} INFO - Exporting env vars: AIRFLOW_CTX_DAG_OWNER='airflow' AIRFLOW_CTX_DAG_ID='schedule' AIRFLOW_CTX_TASK_ID='move_cloud_clientes_produtos' AIRFLOW_CTX_EXECUTION_DATE='2025-03-23T19:09:37.420384+00:00' AIRFLOW_CTX_TRY_NUMBER='1' AIRFLOW_CTX_DAG_RUN_ID='manual__2025-03-23T19:09:37.420384+00:00'
[2025-03-23T19:09:39.960+0000] {taskinstance.py:732} INFO - ::endgroup::
[2025-03-23T19:09:39.968+0000] {subprocess.py:78} INFO - Tmp dir root location: /tmp
[2025-03-23T19:09:39.969+0000] {subprocess.py:88} INFO - Running command: ['/bin/bash', '-c', 'docker exec linux_python /bin/bash -c \'/workspace/scripts/run_move_file.sh /path/to/move_cloud/clientes_produtos/clientes_produtos.csv table_ingestion_files/clientesxprod/20250323/clientes_produtos_1742756979.csv && echo "Script Executado com Sucesso!"\'']
[2025-03-23T19:09:39.974+0000] {subprocess.py:99} INFO - Output:
[2025-03-23T19:09:40.258+0000] {subprocess.py:106} INFO - 2025-03-23 19:09:40,257 - INFO - Iniciando o upload do arquivo '/path/to/move_cloud/clientes_produtos/clientes_produtos.csv' para o blob 'table_ingestion_files/clientesxprod/20250323/clientes_produtos_1742756979.csv' no container 'filedataimport'.
[2025-03-23T19:09:40.259+0000] {subprocess.py:106} INFO - 2025-03-23 19:09:40,257 - INFO - Blob URL gerada: https://stagedatamaster.blob.core.windows.net/filedataimport/table_ingestion_files/clientesxprod/20250323/clientes_produtos_1742756979.csv?sp=cw&st=2024-10-20T02:42:12Z&se=2026-10-20T10:42:12Z&spr=https&sv=2022-11-02&sr=c&sig=MaoRwZWwtKEx5vDafwkbeHkx1Rir6bWRYy0FB3OOs58%3D
[2025-03-23T19:09:40.263+0000] {subprocess.py:106} INFO - 2025-03-23 19:09:40,258 - INFO - Enviando o arquivo '/path/to/move_cloud/clientes_produtos/clientes_produtos.csv' para o Azure Blob Storage.
[2025-03-23T19:09:40.263+0000] {subprocess.py:106} INFO - 2025-03-23 19:09:40,259 - INFO - Request URL: 'https://stagedatamaster.blob.core.windows.net/filedataimport/table_ingestion_files/clientesxprod/20250323/clientes_produtos_1742756979.csv?sp=REDACTED&st=REDACTED&se=REDACTED&spr=REDACTED&sv=REDACTED&sr=REDACTED&sig=REDACTED'
[2025-03-23T19:09:40.263+0000] {subprocess.py:106} INFO - Request method: 'PUT'
[2025-03-23T19:09:40.264+0000] {subprocess.py:106} INFO - Request headers:
[2025-03-23T19:09:40.264+0000] {subprocess.py:106} INFO -     'Content-Length': '157128'
[2025-03-23T19:09:40.264+0000] {subprocess.py:106} INFO -     'x-ms-blob-type': 'REDACTED'
[2025-03-23T19:09:40.264+0000] {subprocess.py:106} INFO -     'If-None-Match': '*'
[2025-03-23T19:09:40.264+0000] {subprocess.py:106} INFO -     'x-ms-version': 'REDACTED'
[2025-03-23T19:09:40.265+0000] {subprocess.py:106} INFO -     'Content-Type': 'application/octet-stream'
[2025-03-23T19:09:40.265+0000] {subprocess.py:106} INFO -     'Accept': 'application/xml'
[2025-03-23T19:09:40.265+0000] {subprocess.py:106} INFO -     'User-Agent': 'azsdk-python-storage-blob/12.24.1 Python/3.12.9 (Linux-6.10.14-linuxkit-aarch64-with-glibc2.36)'
[2025-03-23T19:09:40.265+0000] {subprocess.py:106} INFO -     'x-ms-date': 'REDACTED'
[2025-03-23T19:09:40.265+0000] {subprocess.py:106} INFO -     'x-ms-client-request-id': '5ee30f7c-081a-11f0-b6d3-0242ac120004'
[2025-03-23T19:09:40.265+0000] {subprocess.py:106} INFO - A body is sent with the request
[2025-03-23T19:09:40.537+0000] {subprocess.py:106} INFO - 2025-03-23 19:09:40,536 - INFO - Response status: 201
[2025-03-23T19:09:40.537+0000] {subprocess.py:106} INFO - Response headers:
[2025-03-23T19:09:40.538+0000] {subprocess.py:106} INFO -     'Content-Length': '0'
[2025-03-23T19:09:40.538+0000] {subprocess.py:106} INFO -     'Content-MD5': 'REDACTED'
[2025-03-23T19:09:40.539+0000] {subprocess.py:106} INFO -     'Last-Modified': 'Sun, 23 Mar 2025 19:09:40 GMT'
[2025-03-23T19:09:40.539+0000] {subprocess.py:106} INFO -     'ETag': '"0x8DD6A3E43377FF3"'
[2025-03-23T19:09:40.539+0000] {subprocess.py:106} INFO -     'Server': 'Windows-Azure-Blob/1.0 Microsoft-HTTPAPI/2.0'
[2025-03-23T19:09:40.539+0000] {subprocess.py:106} INFO -     'x-ms-request-id': '7695483a-801e-0001-7027-9cb152000000'
[2025-03-23T19:09:40.539+0000] {subprocess.py:106} INFO -     'x-ms-client-request-id': '5ee30f7c-081a-11f0-b6d3-0242ac120004'
[2025-03-23T19:09:40.539+0000] {subprocess.py:106} INFO -     'x-ms-version': 'REDACTED'
[2025-03-23T19:09:40.540+0000] {subprocess.py:106} INFO -     'x-ms-content-crc64': 'REDACTED'
[2025-03-23T19:09:40.540+0000] {subprocess.py:106} INFO -     'x-ms-request-server-encrypted': 'REDACTED'
[2025-03-23T19:09:40.540+0000] {subprocess.py:106} INFO -     'Date': 'Sun, 23 Mar 2025 19:09:39 GMT'
[2025-03-23T19:09:40.540+0000] {subprocess.py:106} INFO - 2025-03-23 19:09:40,536 - INFO - Arquivo '/path/to/move_cloud/clientes_produtos/clientes_produtos.csv' enviado com sucesso para o Azure Blob Storage no blob 'table_ingestion_files/clientesxprod/20250323/clientes_produtos_1742756979.csv'.
[2025-03-23T19:09:40.578+0000] {subprocess.py:106} INFO - Script Executado com Sucesso!
[2025-03-23T19:09:40.583+0000] {subprocess.py:110} INFO - Command exited with return code 0
[2025-03-23T19:09:40.610+0000] {taskinstance.py:341} INFO - ::group::Post task execution logs
[2025-03-23T19:09:40.611+0000] {taskinstance.py:353} INFO - Marking task as SUCCESS. dag_id=schedule, task_id=move_cloud_clientes_produtos, run_id=manual__2025-03-23T19:09:37.420384+00:00, execution_date=20250323T190937, start_date=20250323T190939, end_date=20250323T190940
[2025-03-23T19:09:40.650+0000] {local_task_job_runner.py:266} INFO - Task exited with return code 0
[2025-03-23T19:09:40.688+0000] {taskinstance.py:3901} INFO - 1 downstream tasks scheduled from follow-on schedule check
[2025-03-23T19:09:40.689+0000] {local_task_job_runner.py:245} INFO - ::endgroup::
