[2025-04-10T05:31:18.341+0000] {local_task_job_runner.py:123} INFO - ::group::Pre task execution logs
[2025-04-10T05:31:18.355+0000] {taskinstance.py:2614} INFO - Dependencies all met for dep_context=non-requeueable deps ti=<TaskInstance: schedule_data_master.silver_clie_limit manual__2025-04-10T05:28:32.328983+00:00 [queued]>
[2025-04-10T05:31:18.362+0000] {taskinstance.py:2614} INFO - Dependencies all met for dep_context=requeueable deps ti=<TaskInstance: schedule_data_master.silver_clie_limit manual__2025-04-10T05:28:32.328983+00:00 [queued]>
[2025-04-10T05:31:18.362+0000] {taskinstance.py:2867} INFO - Starting attempt 1 of 1
[2025-04-10T05:31:18.371+0000] {taskinstance.py:2890} INFO - Executing <Task(PythonOperator): silver_clie_limit> on 2025-04-10 05:28:32.328983+00:00
[2025-04-10T05:31:18.374+0000] {standard_task_runner.py:72} INFO - Started process 390 to run task
[2025-04-10T05:31:18.378+0000] {standard_task_runner.py:104} INFO - Running: ['airflow', 'tasks', 'run', 'schedule_data_master', 'silver_clie_limit', 'manual__2025-04-10T05:28:32.328983+00:00', '--job-id', '2168', '--raw', '--subdir', 'DAGS_FOLDER/dag_master.py', '--cfg-path', '/tmp/tmp8n1hp7uz']
[2025-04-10T05:31:18.379+0000] {standard_task_runner.py:105} INFO - Job 2168: Subtask silver_clie_limit
[2025-04-10T05:31:18.389+0000] {logging_mixin.py:190} WARNING - /home/airflow/.local/lib/python3.8/site-packages/airflow/settings.py:209 DeprecationWarning: The sql_alchemy_conn option in [core] has been moved to the sql_alchemy_conn option in [database] - the old setting has been used, but please update your config.
[2025-04-10T05:31:18.409+0000] {task_command.py:467} INFO - Running <TaskInstance: schedule_data_master.silver_clie_limit manual__2025-04-10T05:28:32.328983+00:00 [running]> on host 9cff51709f67
[2025-04-10T05:31:18.452+0000] {taskinstance.py:3134} INFO - Exporting env vars: AIRFLOW_CTX_DAG_OWNER='airflow' AIRFLOW_CTX_DAG_ID='schedule_data_master' AIRFLOW_CTX_TASK_ID='silver_clie_limit' AIRFLOW_CTX_EXECUTION_DATE='2025-04-10T05:28:32.328983+00:00' AIRFLOW_CTX_TRY_NUMBER='1' AIRFLOW_CTX_DAG_RUN_ID='manual__2025-04-10T05:28:32.328983+00:00'
[2025-04-10T05:31:18.453+0000] {taskinstance.py:732} INFO - ::endgroup::
[2025-04-10T05:31:18.942+0000] {logging_mixin.py:190} INFO - Job iniciado com sucesso. Run ID: 83110870440654
[2025-04-10T05:31:59.984+0000] {logging_mixin.py:190} INFO - Job finalizado com sucesso. Detalhes: {'job_id': 281100647508288, 'run_id': 83110870440654, 'creator_user_name': 'maria_apmattos@hotmail.com', 'number_in_job': 83110870440654, 'original_attempt_run_id': 83110870440654, 'state': {'life_cycle_state': 'TERMINATED', 'result_state': 'SUCCESS', 'state_message': '', 'user_cancelled_or_timedout': False}, 'task': {'notebook_task': {'notebook_path': '/Workspace/Users/maria_apmattos@hotmail.com/data_master/TemplatesDatabricks/Camada Silver', 'base_parameters': {'param1': 's_vend', 'param2': 'clie_limit', 'param3': '20250207'}, 'source': 'WORKSPACE'}}, 'cluster_spec': {'existing_cluster_id': '0129-031548-z9ttog72'}, 'cluster_instance': {'cluster_id': '0129-031548-z9ttog72', 'spark_context_id': '5011008703378077182'}, 'overriding_parameters': {'notebook_params': {'param1': 's_vend', 'param2': 'clie_limit', 'param3': '20250410'}}, 'start_time': 1744263079041, 'setup_duration': 2000, 'execution_duration': 32000, 'cleanup_duration': 0, 'end_time': 1744263113791, 'run_duration': 34750, 'trigger': 'ONE_TIME', 'run_name': 'Cama Silver - Tabela s_vend.clie_limit', 'run_page_url': 'https://adb-2740266284098548.8.azuredatabricks.net/?o=2740266284098548#job/281100647508288/run/83110870440654', 'run_type': 'JOB_RUN', 'attempt_number': 0, 'format': 'SINGLE_TASK', 'status': {'state': 'TERMINATED', 'termination_details': {'code': 'SUCCESS', 'type': 'SUCCESS', 'message': ''}}, 'job_run_id': 83110870440654}
[2025-04-10T05:31:59.992+0000] {python.py:240} INFO - Done. Returned value was: None
[2025-04-10T05:32:00.042+0000] {taskinstance.py:341} INFO - ::group::Post task execution logs
[2025-04-10T05:32:00.044+0000] {taskinstance.py:353} INFO - Marking task as SUCCESS. dag_id=schedule_data_master, task_id=silver_clie_limit, run_id=manual__2025-04-10T05:28:32.328983+00:00, execution_date=20250410T052832, start_date=20250410T053118, end_date=20250410T053200
[2025-04-10T05:32:00.146+0000] {local_task_job_runner.py:266} INFO - Task exited with return code 0
[2025-04-10T05:32:00.169+0000] {taskinstance.py:3901} INFO - 1 downstream tasks scheduled from follow-on schedule check
[2025-04-10T05:32:00.170+0000] {local_task_job_runner.py:245} INFO - ::endgroup::
