[2025-04-03T05:16:30.500+0000] {local_task_job_runner.py:123} INFO - ::group::Pre task execution logs
[2025-04-03T05:16:30.523+0000] {taskinstance.py:2614} INFO - Dependencies all met for dep_context=non-requeueable deps ti=<TaskInstance: schedule.move_cloud_clientes_produtos manual__2025-04-03T05:16:26.926041+00:00 [queued]>
[2025-04-03T05:16:30.531+0000] {taskinstance.py:2614} INFO - Dependencies all met for dep_context=requeueable deps ti=<TaskInstance: schedule.move_cloud_clientes_produtos manual__2025-04-03T05:16:26.926041+00:00 [queued]>
[2025-04-03T05:16:30.531+0000] {taskinstance.py:2867} INFO - Starting attempt 1 of 1
[2025-04-03T05:16:30.540+0000] {taskinstance.py:2890} INFO - Executing <Task(BashOperator): move_cloud_clientes_produtos> on 2025-04-03 05:16:26.926041+00:00
[2025-04-03T05:16:30.542+0000] {standard_task_runner.py:72} INFO - Started process 1525 to run task
[2025-04-03T05:16:30.545+0000] {standard_task_runner.py:104} INFO - Running: ['airflow', 'tasks', 'run', 'schedule', 'move_cloud_clientes_produtos', 'manual__2025-04-03T05:16:26.926041+00:00', '--job-id', '2006', '--raw', '--subdir', 'DAGS_FOLDER/dag_master.py', '--cfg-path', '/tmp/tmp38tg4y8r']
[2025-04-03T05:16:30.547+0000] {standard_task_runner.py:105} INFO - Job 2006: Subtask move_cloud_clientes_produtos
[2025-04-03T05:16:30.601+0000] {logging_mixin.py:190} WARNING - /home/airflow/.local/lib/python3.8/site-packages/airflow/settings.py:209 DeprecationWarning: The sql_alchemy_conn option in [core] has been moved to the sql_alchemy_conn option in [database] - the old setting has been used, but please update your config.
[2025-04-03T05:16:30.651+0000] {task_command.py:467} INFO - Running <TaskInstance: schedule.move_cloud_clientes_produtos manual__2025-04-03T05:16:26.926041+00:00 [running]> on host 11605a72ff70
[2025-04-03T05:16:30.866+0000] {taskinstance.py:3134} INFO - Exporting env vars: AIRFLOW_CTX_DAG_OWNER='airflow' AIRFLOW_CTX_DAG_ID='schedule' AIRFLOW_CTX_TASK_ID='move_cloud_clientes_produtos' AIRFLOW_CTX_EXECUTION_DATE='2025-04-03T05:16:26.926041+00:00' AIRFLOW_CTX_TRY_NUMBER='1' AIRFLOW_CTX_DAG_RUN_ID='manual__2025-04-03T05:16:26.926041+00:00'
[2025-04-03T05:16:30.871+0000] {taskinstance.py:732} INFO - ::endgroup::
[2025-04-03T05:16:30.898+0000] {subprocess.py:78} INFO - Tmp dir root location: /tmp
[2025-04-03T05:16:30.902+0000] {subprocess.py:88} INFO - Running command: ['/bin/bash', '-c', 'docker exec linux_python /bin/bash -c \'/workspace/scripts/run_move_file.sh /path/to/move_cloud/clientes_produtos/clientes_produtos.csv table_ingestion_files/clientesxprod/20250403/clientes_produtos_1743657390.csv && echo "Script Executado com Sucesso!"\'']
[2025-04-03T05:16:30.916+0000] {subprocess.py:99} INFO - Output:
[2025-04-03T05:16:31.584+0000] {subprocess.py:106} INFO - 2025-04-03 05:16:31,580 - INFO - Iniciando o upload do arquivo '/path/to/move_cloud/clientes_produtos/clientes_produtos.csv' para o blob 'table_ingestion_files/clientesxprod/20250403/clientes_produtos_1743657390.csv' no container 'filedataimport'.
[2025-04-03T05:16:31.588+0000] {subprocess.py:106} INFO - 2025-04-03 05:16:31,580 - INFO - Blob URL gerada: https://stagedatamaster.blob.core.windows.net/filedataimport/table_ingestion_files/clientesxprod/20250403/clientes_produtos_1743657390.csv?sp=cw&st=2024-10-20T02:42:12Z&se=2026-10-20T10:42:12Z&spr=https&sv=2022-11-02&sr=c&sig=MaoRwZWwtKEx5vDafwkbeHkx1Rir6bWRYy0FB3OOs58%3D
[2025-04-03T05:16:31.588+0000] {subprocess.py:106} INFO - 2025-04-03 05:16:31,584 - INFO - Enviando o arquivo '/path/to/move_cloud/clientes_produtos/clientes_produtos.csv' para o Azure Blob Storage.
[2025-04-03T05:16:31.589+0000] {subprocess.py:106} INFO - 2025-04-03 05:16:31,587 - INFO - Request URL: 'https://stagedatamaster.blob.core.windows.net/filedataimport/table_ingestion_files/clientesxprod/20250403/clientes_produtos_1743657390.csv?sp=REDACTED&st=REDACTED&se=REDACTED&spr=REDACTED&sv=REDACTED&sr=REDACTED&sig=REDACTED'
[2025-04-03T05:16:31.589+0000] {subprocess.py:106} INFO - Request method: 'PUT'
[2025-04-03T05:16:31.590+0000] {subprocess.py:106} INFO - Request headers:
[2025-04-03T05:16:31.590+0000] {subprocess.py:106} INFO -     'Content-Length': '157128'
[2025-04-03T05:16:31.590+0000] {subprocess.py:106} INFO -     'x-ms-blob-type': 'REDACTED'
[2025-04-03T05:16:31.590+0000] {subprocess.py:106} INFO -     'If-None-Match': '*'
[2025-04-03T05:16:31.590+0000] {subprocess.py:106} INFO -     'x-ms-version': 'REDACTED'
[2025-04-03T05:16:31.591+0000] {subprocess.py:106} INFO -     'Content-Type': 'application/octet-stream'
[2025-04-03T05:16:31.591+0000] {subprocess.py:106} INFO -     'Accept': 'application/xml'
[2025-04-03T05:16:31.592+0000] {subprocess.py:106} INFO -     'User-Agent': 'azsdk-python-storage-blob/12.24.1 Python/3.12.9 (Linux-6.10.14-linuxkit-aarch64-with-glibc2.36)'
[2025-04-03T05:16:31.593+0000] {subprocess.py:106} INFO -     'x-ms-date': 'REDACTED'
[2025-04-03T05:16:31.593+0000] {subprocess.py:106} INFO -     'x-ms-client-request-id': 'cddc4212-104a-11f0-a19b-0242ac120004'
[2025-04-03T05:16:31.594+0000] {subprocess.py:106} INFO - A body is sent with the request
[2025-04-03T05:16:31.982+0000] {subprocess.py:106} INFO - 2025-04-03 05:16:31,980 - INFO - Response status: 201
[2025-04-03T05:16:31.983+0000] {subprocess.py:106} INFO - Response headers:
[2025-04-03T05:16:31.984+0000] {subprocess.py:106} INFO -     'Content-Length': '0'
[2025-04-03T05:16:31.984+0000] {subprocess.py:106} INFO -     'Content-MD5': 'REDACTED'
[2025-04-03T05:16:31.985+0000] {subprocess.py:106} INFO -     'Last-Modified': 'Thu, 03 Apr 2025 05:16:31 GMT'
[2025-04-03T05:16:31.985+0000] {subprocess.py:106} INFO -     'ETag': '"0x8DD726EB24A30B2"'
[2025-04-03T05:16:31.986+0000] {subprocess.py:106} INFO -     'Server': 'Windows-Azure-Blob/1.0 Microsoft-HTTPAPI/2.0'
[2025-04-03T05:16:31.987+0000] {subprocess.py:106} INFO -     'x-ms-request-id': '0b922729-301e-002b-0757-a46e42000000'
[2025-04-03T05:16:31.987+0000] {subprocess.py:106} INFO -     'x-ms-client-request-id': 'cddc4212-104a-11f0-a19b-0242ac120004'
[2025-04-03T05:16:31.988+0000] {subprocess.py:106} INFO -     'x-ms-version': 'REDACTED'
[2025-04-03T05:16:31.988+0000] {subprocess.py:106} INFO -     'x-ms-content-crc64': 'REDACTED'
[2025-04-03T05:16:31.988+0000] {subprocess.py:106} INFO -     'x-ms-request-server-encrypted': 'REDACTED'
[2025-04-03T05:16:31.989+0000] {subprocess.py:106} INFO -     'Date': 'Thu, 03 Apr 2025 05:16:31 GMT'
[2025-04-03T05:16:31.989+0000] {subprocess.py:106} INFO - 2025-04-03 05:16:31,981 - INFO - Arquivo '/path/to/move_cloud/clientes_produtos/clientes_produtos.csv' enviado com sucesso para o Azure Blob Storage no blob 'table_ingestion_files/clientesxprod/20250403/clientes_produtos_1743657390.csv'.
[2025-04-03T05:16:32.035+0000] {subprocess.py:106} INFO - Script Executado com Sucesso!
[2025-04-03T05:16:32.062+0000] {subprocess.py:110} INFO - Command exited with return code 0
[2025-04-03T05:16:32.173+0000] {taskinstance.py:341} INFO - ::group::Post task execution logs
[2025-04-03T05:16:32.175+0000] {taskinstance.py:353} INFO - Marking task as SUCCESS. dag_id=schedule, task_id=move_cloud_clientes_produtos, run_id=manual__2025-04-03T05:16:26.926041+00:00, execution_date=20250403T051626, start_date=20250403T051630, end_date=20250403T051632
[2025-04-03T05:16:32.268+0000] {local_task_job_runner.py:266} INFO - Task exited with return code 0
[2025-04-03T05:16:32.307+0000] {local_task_job_runner.py:245} INFO - ::endgroup::
