[2025-04-03T05:16:59.673+0000] {local_task_job_runner.py:123} INFO - ::group::Pre task execution logs
[2025-04-03T05:16:59.699+0000] {taskinstance.py:2614} INFO - Dependencies all met for dep_context=non-requeueable deps ti=<TaskInstance: schedule.move_cloud_produtos_bancarios manual__2025-04-03T05:16:57.388416+00:00 [queued]>
[2025-04-03T05:16:59.707+0000] {taskinstance.py:2614} INFO - Dependencies all met for dep_context=requeueable deps ti=<TaskInstance: schedule.move_cloud_produtos_bancarios manual__2025-04-03T05:16:57.388416+00:00 [queued]>
[2025-04-03T05:16:59.707+0000] {taskinstance.py:2867} INFO - Starting attempt 1 of 1
[2025-04-03T05:16:59.718+0000] {taskinstance.py:2890} INFO - Executing <Task(BashOperator): move_cloud_produtos_bancarios> on 2025-04-03 05:16:57.388416+00:00
[2025-04-03T05:16:59.720+0000] {standard_task_runner.py:72} INFO - Started process 1676 to run task
[2025-04-03T05:16:59.723+0000] {standard_task_runner.py:104} INFO - Running: ['airflow', 'tasks', 'run', 'schedule', 'move_cloud_produtos_bancarios', 'manual__2025-04-03T05:16:57.388416+00:00', '--job-id', '2018', '--raw', '--subdir', 'DAGS_FOLDER/dag_master.py', '--cfg-path', '/tmp/tmpmt18d4hj']
[2025-04-03T05:16:59.724+0000] {standard_task_runner.py:105} INFO - Job 2018: Subtask move_cloud_produtos_bancarios
[2025-04-03T05:16:59.736+0000] {logging_mixin.py:190} WARNING - /home/airflow/.local/lib/python3.8/site-packages/airflow/settings.py:209 DeprecationWarning: The sql_alchemy_conn option in [core] has been moved to the sql_alchemy_conn option in [database] - the old setting has been used, but please update your config.
[2025-04-03T05:16:59.758+0000] {task_command.py:467} INFO - Running <TaskInstance: schedule.move_cloud_produtos_bancarios manual__2025-04-03T05:16:57.388416+00:00 [running]> on host 11605a72ff70
[2025-04-03T05:16:59.816+0000] {taskinstance.py:3134} INFO - Exporting env vars: AIRFLOW_CTX_DAG_OWNER='airflow' AIRFLOW_CTX_DAG_ID='schedule' AIRFLOW_CTX_TASK_ID='move_cloud_produtos_bancarios' AIRFLOW_CTX_EXECUTION_DATE='2025-04-03T05:16:57.388416+00:00' AIRFLOW_CTX_TRY_NUMBER='1' AIRFLOW_CTX_DAG_RUN_ID='manual__2025-04-03T05:16:57.388416+00:00'
[2025-04-03T05:16:59.817+0000] {taskinstance.py:732} INFO - ::endgroup::
[2025-04-03T05:16:59.824+0000] {subprocess.py:78} INFO - Tmp dir root location: /tmp
[2025-04-03T05:16:59.824+0000] {subprocess.py:88} INFO - Running command: ['/bin/bash', '-c', 'docker exec linux_python /bin/bash -c \'/workspace/scripts/run_move_file.sh /path/to/move_cloud/produtos_bancarios/produtos_bancarios.csv table_ingestion_files/produtos/20250403/produtos_1743657419.csv && echo "Script Executado com Sucesso!"\'']
[2025-04-03T05:16:59.829+0000] {subprocess.py:99} INFO - Output:
[2025-04-03T05:17:00.206+0000] {subprocess.py:106} INFO - 2025-04-03 05:17:00,202 - INFO - Iniciando o upload do arquivo '/path/to/move_cloud/produtos_bancarios/produtos_bancarios.csv' para o blob 'table_ingestion_files/produtos/20250403/produtos_1743657419.csv' no container 'filedataimport'.
[2025-04-03T05:17:00.210+0000] {subprocess.py:106} INFO - 2025-04-03 05:17:00,203 - INFO - Blob URL gerada: https://stagedatamaster.blob.core.windows.net/filedataimport/table_ingestion_files/produtos/20250403/produtos_1743657419.csv?sp=cw&st=2024-10-20T02:42:12Z&se=2026-10-20T10:42:12Z&spr=https&sv=2022-11-02&sr=c&sig=MaoRwZWwtKEx5vDafwkbeHkx1Rir6bWRYy0FB3OOs58%3D
[2025-04-03T05:17:00.211+0000] {subprocess.py:106} INFO - 2025-04-03 05:17:00,207 - INFO - Enviando o arquivo '/path/to/move_cloud/produtos_bancarios/produtos_bancarios.csv' para o Azure Blob Storage.
[2025-04-03T05:17:00.211+0000] {subprocess.py:106} INFO - 2025-04-03 05:17:00,210 - INFO - Request URL: 'https://stagedatamaster.blob.core.windows.net/filedataimport/table_ingestion_files/produtos/20250403/produtos_1743657419.csv?sp=REDACTED&st=REDACTED&se=REDACTED&spr=REDACTED&sv=REDACTED&sr=REDACTED&sig=REDACTED'
[2025-04-03T05:17:00.212+0000] {subprocess.py:106} INFO - Request method: 'PUT'
[2025-04-03T05:17:00.212+0000] {subprocess.py:106} INFO - Request headers:
[2025-04-03T05:17:00.213+0000] {subprocess.py:106} INFO -     'Content-Length': '8060'
[2025-04-03T05:17:00.213+0000] {subprocess.py:106} INFO -     'x-ms-blob-type': 'REDACTED'
[2025-04-03T05:17:00.213+0000] {subprocess.py:106} INFO -     'If-None-Match': '*'
[2025-04-03T05:17:00.213+0000] {subprocess.py:106} INFO -     'x-ms-version': 'REDACTED'
[2025-04-03T05:17:00.213+0000] {subprocess.py:106} INFO -     'Content-Type': 'application/octet-stream'
[2025-04-03T05:17:00.213+0000] {subprocess.py:106} INFO -     'Accept': 'application/xml'
[2025-04-03T05:17:00.214+0000] {subprocess.py:106} INFO -     'User-Agent': 'azsdk-python-storage-blob/12.24.1 Python/3.12.9 (Linux-6.10.14-linuxkit-aarch64-with-glibc2.36)'
[2025-04-03T05:17:00.215+0000] {subprocess.py:106} INFO -     'x-ms-date': 'REDACTED'
[2025-04-03T05:17:00.215+0000] {subprocess.py:106} INFO -     'x-ms-client-request-id': 'deebc29e-104a-11f0-b184-0242ac120004'
[2025-04-03T05:17:00.216+0000] {subprocess.py:106} INFO - A body is sent with the request
[2025-04-03T05:17:00.296+0000] {subprocess.py:106} INFO - 2025-04-03 05:17:00,295 - INFO - Response status: 201
[2025-04-03T05:17:00.299+0000] {subprocess.py:106} INFO - Response headers:
[2025-04-03T05:17:00.300+0000] {subprocess.py:106} INFO -     'Content-Length': '0'
[2025-04-03T05:17:00.300+0000] {subprocess.py:106} INFO -     'Content-MD5': 'REDACTED'
[2025-04-03T05:17:00.300+0000] {subprocess.py:106} INFO -     'Last-Modified': 'Thu, 03 Apr 2025 05:17:00 GMT'
[2025-04-03T05:17:00.300+0000] {subprocess.py:106} INFO -     'ETag': '"0x8DD726EC32CA01F"'
[2025-04-03T05:17:00.300+0000] {subprocess.py:106} INFO -     'Server': 'Windows-Azure-Blob/1.0 Microsoft-HTTPAPI/2.0'
[2025-04-03T05:17:00.300+0000] {subprocess.py:106} INFO -     'x-ms-request-id': 'ef9425dc-501e-0060-2f57-a49211000000'
[2025-04-03T05:17:00.300+0000] {subprocess.py:106} INFO -     'x-ms-client-request-id': 'deebc29e-104a-11f0-b184-0242ac120004'
[2025-04-03T05:17:00.300+0000] {subprocess.py:106} INFO -     'x-ms-version': 'REDACTED'
[2025-04-03T05:17:00.300+0000] {subprocess.py:106} INFO -     'x-ms-content-crc64': 'REDACTED'
[2025-04-03T05:17:00.301+0000] {subprocess.py:106} INFO -     'x-ms-request-server-encrypted': 'REDACTED'
[2025-04-03T05:17:00.301+0000] {subprocess.py:106} INFO -     'Date': 'Thu, 03 Apr 2025 05:16:59 GMT'
[2025-04-03T05:17:00.301+0000] {subprocess.py:106} INFO - 2025-04-03 05:17:00,295 - INFO - Arquivo '/path/to/move_cloud/produtos_bancarios/produtos_bancarios.csv' enviado com sucesso para o Azure Blob Storage no blob 'table_ingestion_files/produtos/20250403/produtos_1743657419.csv'.
[2025-04-03T05:17:00.323+0000] {subprocess.py:106} INFO - Script Executado com Sucesso!
[2025-04-03T05:17:00.330+0000] {subprocess.py:110} INFO - Command exited with return code 0
[2025-04-03T05:17:00.373+0000] {taskinstance.py:341} INFO - ::group::Post task execution logs
[2025-04-03T05:17:00.374+0000] {taskinstance.py:353} INFO - Marking task as SUCCESS. dag_id=schedule, task_id=move_cloud_produtos_bancarios, run_id=manual__2025-04-03T05:16:57.388416+00:00, execution_date=20250403T051657, start_date=20250403T051659, end_date=20250403T051700
[2025-04-03T05:17:00.443+0000] {local_task_job_runner.py:266} INFO - Task exited with return code 0
[2025-04-03T05:17:00.499+0000] {taskinstance.py:3901} INFO - 0 downstream tasks scheduled from follow-on schedule check
[2025-04-03T05:17:00.502+0000] {local_task_job_runner.py:245} INFO - ::endgroup::
