[2025-04-16T03:53:01.983+0000] {local_task_job_runner.py:123} INFO - ::group::Pre task execution logs
[2025-04-16T03:53:01.999+0000] {taskinstance.py:2614} INFO - Dependencies all met for dep_context=non-requeueable deps ti=<TaskInstance: schedule_data_master.move_cloud_produtos_bancarios manual__2025-04-16T03:52:58.712158+00:00 [queued]>
[2025-04-16T03:53:02.005+0000] {taskinstance.py:2614} INFO - Dependencies all met for dep_context=requeueable deps ti=<TaskInstance: schedule_data_master.move_cloud_produtos_bancarios manual__2025-04-16T03:52:58.712158+00:00 [queued]>
[2025-04-16T03:53:02.005+0000] {taskinstance.py:2867} INFO - Starting attempt 1 of 1
[2025-04-16T03:53:02.012+0000] {taskinstance.py:2890} INFO - Executing <Task(BashOperator): move_cloud_produtos_bancarios> on 2025-04-16 03:52:58.712158+00:00
[2025-04-16T03:53:02.014+0000] {standard_task_runner.py:72} INFO - Started process 256 to run task
[2025-04-16T03:53:02.017+0000] {standard_task_runner.py:104} INFO - Running: ['airflow', 'tasks', 'run', 'schedule_data_master', 'move_cloud_produtos_bancarios', 'manual__2025-04-16T03:52:58.712158+00:00', '--job-id', '2196', '--raw', '--subdir', 'DAGS_FOLDER/dag_master.py', '--cfg-path', '/tmp/tmpp390bs_1']
[2025-04-16T03:53:02.018+0000] {standard_task_runner.py:105} INFO - Job 2196: Subtask move_cloud_produtos_bancarios
[2025-04-16T03:53:02.030+0000] {logging_mixin.py:190} WARNING - /home/airflow/.local/lib/python3.8/site-packages/airflow/settings.py:209 DeprecationWarning: The sql_alchemy_conn option in [core] has been moved to the sql_alchemy_conn option in [database] - the old setting has been used, but please update your config.
[2025-04-16T03:53:02.053+0000] {task_command.py:467} INFO - Running <TaskInstance: schedule_data_master.move_cloud_produtos_bancarios manual__2025-04-16T03:52:58.712158+00:00 [running]> on host 14cd87e75c31
[2025-04-16T03:53:02.103+0000] {taskinstance.py:3134} INFO - Exporting env vars: AIRFLOW_CTX_DAG_OWNER='airflow' AIRFLOW_CTX_DAG_ID='schedule_data_master' AIRFLOW_CTX_TASK_ID='move_cloud_produtos_bancarios' AIRFLOW_CTX_EXECUTION_DATE='2025-04-16T03:52:58.712158+00:00' AIRFLOW_CTX_TRY_NUMBER='1' AIRFLOW_CTX_DAG_RUN_ID='manual__2025-04-16T03:52:58.712158+00:00'
[2025-04-16T03:53:02.103+0000] {taskinstance.py:732} INFO - ::endgroup::
[2025-04-16T03:53:02.109+0000] {subprocess.py:78} INFO - Tmp dir root location: /tmp
[2025-04-16T03:53:02.110+0000] {subprocess.py:88} INFO - Running command: ['/bin/bash', '-c', 'docker exec linux_python /bin/bash -c \'/workspace/scripts/run_move_file.sh /path/to/move_cloud/produtos_bancarios/produtos_bancarios.csv table_ingestion_files/produtos/20250416/produtos_1744775581.csv && echo "Script Executado com Sucesso!"\'']
[2025-04-16T03:53:02.116+0000] {subprocess.py:99} INFO - Output:
[2025-04-16T03:53:02.481+0000] {subprocess.py:106} INFO - 2025-04-16 03:53:02,479 - INFO - Iniciando o upload do arquivo '/path/to/move_cloud/produtos_bancarios/produtos_bancarios.csv' para o blob 'table_ingestion_files/produtos/20250416/produtos_1744775581.csv' no container 'filedataimport'.
[2025-04-16T03:53:02.482+0000] {subprocess.py:106} INFO - 2025-04-16 03:53:02,479 - INFO - Blob URL gerada: https://stagedatamaster.blob.core.windows.net/filedataimport/table_ingestion_files/produtos/20250416/produtos_1744775581.csv?sp=cw&st=2024-10-20T02:42:12Z&se=2026-10-20T10:42:12Z&spr=https&sv=2022-11-02&sr=c&sig=MaoRwZWwtKEx5vDafwkbeHkx1Rir6bWRYy0FB3OOs58%3D
[2025-04-16T03:53:02.485+0000] {subprocess.py:106} INFO - 2025-04-16 03:53:02,482 - INFO - Enviando o arquivo '/path/to/move_cloud/produtos_bancarios/produtos_bancarios.csv' para o Azure Blob Storage.
[2025-04-16T03:53:02.486+0000] {subprocess.py:106} INFO - 2025-04-16 03:53:02,483 - INFO - Request URL: 'https://stagedatamaster.blob.core.windows.net/filedataimport/table_ingestion_files/produtos/20250416/produtos_1744775581.csv?sp=REDACTED&st=REDACTED&se=REDACTED&spr=REDACTED&sv=REDACTED&sr=REDACTED&sig=REDACTED'
[2025-04-16T03:53:02.487+0000] {subprocess.py:106} INFO - Request method: 'PUT'
[2025-04-16T03:53:02.487+0000] {subprocess.py:106} INFO - Request headers:
[2025-04-16T03:53:02.491+0000] {subprocess.py:106} INFO -     'Content-Length': '8060'
[2025-04-16T03:53:02.492+0000] {subprocess.py:106} INFO -     'x-ms-blob-type': 'REDACTED'
[2025-04-16T03:53:02.492+0000] {subprocess.py:106} INFO -     'If-None-Match': '*'
[2025-04-16T03:53:02.492+0000] {subprocess.py:106} INFO -     'x-ms-version': 'REDACTED'
[2025-04-16T03:53:02.492+0000] {subprocess.py:106} INFO -     'Content-Type': 'application/octet-stream'
[2025-04-16T03:53:02.493+0000] {subprocess.py:106} INFO -     'Accept': 'application/xml'
[2025-04-16T03:53:02.493+0000] {subprocess.py:106} INFO -     'User-Agent': 'azsdk-python-storage-blob/12.24.1 Python/3.12.10 (Linux-6.10.14-linuxkit-aarch64-with-glibc2.36)'
[2025-04-16T03:53:02.493+0000] {subprocess.py:106} INFO -     'x-ms-date': 'REDACTED'
[2025-04-16T03:53:02.494+0000] {subprocess.py:106} INFO -     'x-ms-client-request-id': '4b926bd4-1a76-11f0-8bf8-0242ac120005'
[2025-04-16T03:53:02.494+0000] {subprocess.py:106} INFO - A body is sent with the request
[2025-04-16T03:53:02.587+0000] {subprocess.py:106} INFO - 2025-04-16 03:53:02,587 - INFO - Response status: 201
[2025-04-16T03:53:02.588+0000] {subprocess.py:106} INFO - Response headers:
[2025-04-16T03:53:02.588+0000] {subprocess.py:106} INFO -     'Content-Length': '0'
[2025-04-16T03:53:02.588+0000] {subprocess.py:106} INFO -     'Content-MD5': 'REDACTED'
[2025-04-16T03:53:02.588+0000] {subprocess.py:106} INFO -     'Last-Modified': 'Wed, 16 Apr 2025 03:53:02 GMT'
[2025-04-16T03:53:02.589+0000] {subprocess.py:106} INFO -     'ETag': '"0x8DD7C9A2FD55601"'
[2025-04-16T03:53:02.589+0000] {subprocess.py:106} INFO -     'Server': 'Windows-Azure-Blob/1.0 Microsoft-HTTPAPI/2.0'
[2025-04-16T03:53:02.589+0000] {subprocess.py:106} INFO -     'x-ms-request-id': 'b448be8a-b01e-0068-7483-ae881e000000'
[2025-04-16T03:53:02.589+0000] {subprocess.py:106} INFO -     'x-ms-client-request-id': '4b926bd4-1a76-11f0-8bf8-0242ac120005'
[2025-04-16T03:53:02.589+0000] {subprocess.py:106} INFO -     'x-ms-version': 'REDACTED'
[2025-04-16T03:53:02.590+0000] {subprocess.py:106} INFO -     'x-ms-content-crc64': 'REDACTED'
[2025-04-16T03:53:02.590+0000] {subprocess.py:106} INFO -     'x-ms-request-server-encrypted': 'REDACTED'
[2025-04-16T03:53:02.590+0000] {subprocess.py:106} INFO -     'Date': 'Wed, 16 Apr 2025 03:53:02 GMT'
[2025-04-16T03:53:02.590+0000] {subprocess.py:106} INFO - 2025-04-16 03:53:02,587 - INFO - Arquivo '/path/to/move_cloud/produtos_bancarios/produtos_bancarios.csv' enviado com sucesso para o Azure Blob Storage no blob 'table_ingestion_files/produtos/20250416/produtos_1744775581.csv'.
[2025-04-16T03:53:02.614+0000] {subprocess.py:106} INFO - Script Executado com Sucesso!
[2025-04-16T03:53:02.619+0000] {subprocess.py:110} INFO - Command exited with return code 0
[2025-04-16T03:53:02.650+0000] {taskinstance.py:341} INFO - ::group::Post task execution logs
[2025-04-16T03:53:02.651+0000] {taskinstance.py:353} INFO - Marking task as SUCCESS. dag_id=schedule_data_master, task_id=move_cloud_produtos_bancarios, run_id=manual__2025-04-16T03:52:58.712158+00:00, execution_date=20250416T035258, start_date=20250416T035301, end_date=20250416T035302
[2025-04-16T03:53:02.696+0000] {local_task_job_runner.py:266} INFO - Task exited with return code 0
[2025-04-16T03:53:02.715+0000] {local_task_job_runner.py:245} INFO - ::endgroup::
