[2025-03-09T19:41:13.163+0000] {processor.py:186} INFO - Started process (PID=174) to work on /opt/airflow/dags/dag_b_clientesxprod.py
[2025-03-09T19:41:13.165+0000] {processor.py:914} INFO - Processing file /opt/airflow/dags/dag_b_clientesxprod.py for tasks to queue
[2025-03-09T19:41:13.170+0000] {logging_mixin.py:190} INFO - [2025-03-09T19:41:13.169+0000] {dagbag.py:588} INFO - Filling up the DagBag from /opt/airflow/dags/dag_b_clientesxprod.py
[2025-03-09T19:41:13.200+0000] {logging_mixin.py:190} INFO - [2025-03-09T19:41:13.198+0000] {dagbag.py:387} ERROR - Failed to import: /opt/airflow/dags/dag_b_clientesxprod.py
Traceback (most recent call last):
  File "/home/airflow/.local/lib/python3.8/site-packages/airflow/models/dagbag.py", line 383, in parse
    loader.exec_module(new_module)
  File "<frozen importlib._bootstrap_external>", line 843, in exec_module
  File "<frozen importlib._bootstrap>", line 219, in _call_with_frames_removed
  File "/opt/airflow/dags/dag_b_clientesxprod.py", line 9, in <module>
    from airflow.dags.conf.utils import start_databricks_job, wait_for_job_to_finish
ModuleNotFoundError: No module named 'airflow.dags'
[2025-03-09T19:41:13.201+0000] {processor.py:927} WARNING - No viable dags retrieved from /opt/airflow/dags/dag_b_clientesxprod.py
[2025-03-09T19:41:13.218+0000] {processor.py:208} INFO - Processing /opt/airflow/dags/dag_b_clientesxprod.py took 0.064 seconds
[2025-03-09T19:41:44.209+0000] {processor.py:186} INFO - Started process (PID=207) to work on /opt/airflow/dags/dag_b_clientesxprod.py
[2025-03-09T19:41:44.217+0000] {processor.py:914} INFO - Processing file /opt/airflow/dags/dag_b_clientesxprod.py for tasks to queue
[2025-03-09T19:41:44.234+0000] {logging_mixin.py:190} INFO - [2025-03-09T19:41:44.233+0000] {dagbag.py:588} INFO - Filling up the DagBag from /opt/airflow/dags/dag_b_clientesxprod.py
[2025-03-09T19:41:44.331+0000] {logging_mixin.py:190} INFO - [2025-03-09T19:41:44.324+0000] {dagbag.py:387} ERROR - Failed to import: /opt/airflow/dags/dag_b_clientesxprod.py
Traceback (most recent call last):
  File "/home/airflow/.local/lib/python3.8/site-packages/airflow/models/dagbag.py", line 383, in parse
    loader.exec_module(new_module)
  File "<frozen importlib._bootstrap_external>", line 843, in exec_module
  File "<frozen importlib._bootstrap>", line 219, in _call_with_frames_removed
  File "/opt/airflow/dags/dag_b_clientesxprod.py", line 9, in <module>
    from airflow.dags.conf.utils import start_databricks_job, wait_for_job_to_finish
ModuleNotFoundError: No module named 'airflow.dags'
[2025-03-09T19:41:44.332+0000] {processor.py:927} WARNING - No viable dags retrieved from /opt/airflow/dags/dag_b_clientesxprod.py
[2025-03-09T19:41:44.481+0000] {processor.py:208} INFO - Processing /opt/airflow/dags/dag_b_clientesxprod.py took 0.313 seconds
[2025-03-09T19:42:14.833+0000] {processor.py:186} INFO - Started process (PID=231) to work on /opt/airflow/dags/dag_b_clientesxprod.py
[2025-03-09T19:42:14.846+0000] {processor.py:914} INFO - Processing file /opt/airflow/dags/dag_b_clientesxprod.py for tasks to queue
[2025-03-09T19:42:14.864+0000] {logging_mixin.py:190} INFO - [2025-03-09T19:42:14.862+0000] {dagbag.py:588} INFO - Filling up the DagBag from /opt/airflow/dags/dag_b_clientesxprod.py
[2025-03-09T19:42:14.899+0000] {logging_mixin.py:190} INFO - [2025-03-09T19:42:14.898+0000] {dagbag.py:387} ERROR - Failed to import: /opt/airflow/dags/dag_b_clientesxprod.py
Traceback (most recent call last):
  File "/home/airflow/.local/lib/python3.8/site-packages/airflow/models/dagbag.py", line 383, in parse
    loader.exec_module(new_module)
  File "<frozen importlib._bootstrap_external>", line 843, in exec_module
  File "<frozen importlib._bootstrap>", line 219, in _call_with_frames_removed
  File "/opt/airflow/dags/dag_b_clientesxprod.py", line 9, in <module>
    from airflow.dags.conf.utils import start_databricks_job, wait_for_job_to_finish
ModuleNotFoundError: No module named 'airflow.dags'
[2025-03-09T19:42:14.900+0000] {processor.py:927} WARNING - No viable dags retrieved from /opt/airflow/dags/dag_b_clientesxprod.py
[2025-03-09T19:42:14.993+0000] {processor.py:208} INFO - Processing /opt/airflow/dags/dag_b_clientesxprod.py took 0.227 seconds
[2025-03-09T19:42:45.502+0000] {processor.py:186} INFO - Started process (PID=248) to work on /opt/airflow/dags/dag_b_clientesxprod.py
[2025-03-09T19:42:45.504+0000] {processor.py:914} INFO - Processing file /opt/airflow/dags/dag_b_clientesxprod.py for tasks to queue
[2025-03-09T19:42:45.509+0000] {logging_mixin.py:190} INFO - [2025-03-09T19:42:45.509+0000] {dagbag.py:588} INFO - Filling up the DagBag from /opt/airflow/dags/dag_b_clientesxprod.py
[2025-03-09T19:42:45.527+0000] {logging_mixin.py:190} INFO - [2025-03-09T19:42:45.526+0000] {dagbag.py:387} ERROR - Failed to import: /opt/airflow/dags/dag_b_clientesxprod.py
Traceback (most recent call last):
  File "/home/airflow/.local/lib/python3.8/site-packages/airflow/models/dagbag.py", line 383, in parse
    loader.exec_module(new_module)
  File "<frozen importlib._bootstrap_external>", line 843, in exec_module
  File "<frozen importlib._bootstrap>", line 219, in _call_with_frames_removed
  File "/opt/airflow/dags/dag_b_clientesxprod.py", line 9, in <module>
    from airflow.dags.conf.utils import start_databricks_job, wait_for_job_to_finish
ModuleNotFoundError: No module named 'airflow.dags'
[2025-03-09T19:42:45.527+0000] {processor.py:927} WARNING - No viable dags retrieved from /opt/airflow/dags/dag_b_clientesxprod.py
[2025-03-09T19:42:45.576+0000] {processor.py:208} INFO - Processing /opt/airflow/dags/dag_b_clientesxprod.py took 0.089 seconds
[2025-03-09T19:43:16.011+0000] {processor.py:186} INFO - Started process (PID=268) to work on /opt/airflow/dags/dag_b_clientesxprod.py
[2025-03-09T19:43:16.012+0000] {processor.py:914} INFO - Processing file /opt/airflow/dags/dag_b_clientesxprod.py for tasks to queue
[2025-03-09T19:43:16.014+0000] {logging_mixin.py:190} INFO - [2025-03-09T19:43:16.014+0000] {dagbag.py:588} INFO - Filling up the DagBag from /opt/airflow/dags/dag_b_clientesxprod.py
[2025-03-09T19:43:16.035+0000] {logging_mixin.py:190} INFO - [2025-03-09T19:43:16.027+0000] {dagbag.py:387} ERROR - Failed to import: /opt/airflow/dags/dag_b_clientesxprod.py
Traceback (most recent call last):
  File "/home/airflow/.local/lib/python3.8/site-packages/airflow/models/dagbag.py", line 383, in parse
    loader.exec_module(new_module)
  File "<frozen importlib._bootstrap_external>", line 843, in exec_module
  File "<frozen importlib._bootstrap>", line 219, in _call_with_frames_removed
  File "/opt/airflow/dags/dag_b_clientesxprod.py", line 9, in <module>
    from airflow.dags.conf.utils import start_databricks_job, wait_for_job_to_finish
ModuleNotFoundError: No module named 'airflow.dags'
[2025-03-09T19:43:16.036+0000] {processor.py:927} WARNING - No viable dags retrieved from /opt/airflow/dags/dag_b_clientesxprod.py
[2025-03-09T19:43:16.052+0000] {processor.py:208} INFO - Processing /opt/airflow/dags/dag_b_clientesxprod.py took 0.050 seconds
[2025-03-09T19:43:46.479+0000] {processor.py:186} INFO - Started process (PID=288) to work on /opt/airflow/dags/dag_b_clientesxprod.py
[2025-03-09T19:43:46.481+0000] {processor.py:914} INFO - Processing file /opt/airflow/dags/dag_b_clientesxprod.py for tasks to queue
[2025-03-09T19:43:46.484+0000] {logging_mixin.py:190} INFO - [2025-03-09T19:43:46.484+0000] {dagbag.py:588} INFO - Filling up the DagBag from /opt/airflow/dags/dag_b_clientesxprod.py
[2025-03-09T19:43:46.503+0000] {logging_mixin.py:190} INFO - [2025-03-09T19:43:46.501+0000] {dagbag.py:387} ERROR - Failed to import: /opt/airflow/dags/dag_b_clientesxprod.py
Traceback (most recent call last):
  File "/home/airflow/.local/lib/python3.8/site-packages/airflow/models/dagbag.py", line 383, in parse
    loader.exec_module(new_module)
  File "<frozen importlib._bootstrap_external>", line 843, in exec_module
  File "<frozen importlib._bootstrap>", line 219, in _call_with_frames_removed
  File "/opt/airflow/dags/dag_b_clientesxprod.py", line 9, in <module>
    from airflow.dags.conf.utils import start_databricks_job, wait_for_job_to_finish
ModuleNotFoundError: No module named 'airflow.dags'
[2025-03-09T19:43:46.503+0000] {processor.py:927} WARNING - No viable dags retrieved from /opt/airflow/dags/dag_b_clientesxprod.py
[2025-03-09T19:43:46.530+0000] {processor.py:208} INFO - Processing /opt/airflow/dags/dag_b_clientesxprod.py took 0.062 seconds
[2025-03-09T19:44:16.937+0000] {processor.py:186} INFO - Started process (PID=308) to work on /opt/airflow/dags/dag_b_clientesxprod.py
[2025-03-09T19:44:16.938+0000] {processor.py:914} INFO - Processing file /opt/airflow/dags/dag_b_clientesxprod.py for tasks to queue
[2025-03-09T19:44:16.942+0000] {logging_mixin.py:190} INFO - [2025-03-09T19:44:16.942+0000] {dagbag.py:588} INFO - Filling up the DagBag from /opt/airflow/dags/dag_b_clientesxprod.py
[2025-03-09T19:44:16.962+0000] {logging_mixin.py:190} INFO - [2025-03-09T19:44:16.960+0000] {dagbag.py:387} ERROR - Failed to import: /opt/airflow/dags/dag_b_clientesxprod.py
Traceback (most recent call last):
  File "/home/airflow/.local/lib/python3.8/site-packages/airflow/models/dagbag.py", line 383, in parse
    loader.exec_module(new_module)
  File "<frozen importlib._bootstrap_external>", line 843, in exec_module
  File "<frozen importlib._bootstrap>", line 219, in _call_with_frames_removed
  File "/opt/airflow/dags/dag_b_clientesxprod.py", line 9, in <module>
    from airflow.dags.conf.utils import start_databricks_job, wait_for_job_to_finish
ModuleNotFoundError: No module named 'airflow.dags'
[2025-03-09T19:44:16.965+0000] {processor.py:927} WARNING - No viable dags retrieved from /opt/airflow/dags/dag_b_clientesxprod.py
[2025-03-09T19:44:16.984+0000] {processor.py:208} INFO - Processing /opt/airflow/dags/dag_b_clientesxprod.py took 0.055 seconds
[2025-03-09T19:44:47.405+0000] {processor.py:186} INFO - Started process (PID=328) to work on /opt/airflow/dags/dag_b_clientesxprod.py
[2025-03-09T19:44:47.406+0000] {processor.py:914} INFO - Processing file /opt/airflow/dags/dag_b_clientesxprod.py for tasks to queue
[2025-03-09T19:44:47.409+0000] {logging_mixin.py:190} INFO - [2025-03-09T19:44:47.408+0000] {dagbag.py:588} INFO - Filling up the DagBag from /opt/airflow/dags/dag_b_clientesxprod.py
[2025-03-09T19:44:47.423+0000] {logging_mixin.py:190} INFO - [2025-03-09T19:44:47.421+0000] {dagbag.py:387} ERROR - Failed to import: /opt/airflow/dags/dag_b_clientesxprod.py
Traceback (most recent call last):
  File "/home/airflow/.local/lib/python3.8/site-packages/airflow/models/dagbag.py", line 383, in parse
    loader.exec_module(new_module)
  File "<frozen importlib._bootstrap_external>", line 843, in exec_module
  File "<frozen importlib._bootstrap>", line 219, in _call_with_frames_removed
  File "/opt/airflow/dags/dag_b_clientesxprod.py", line 9, in <module>
    from airflow.dags.conf.utils import start_databricks_job, wait_for_job_to_finish
ModuleNotFoundError: No module named 'airflow.dags'
[2025-03-09T19:44:47.423+0000] {processor.py:927} WARNING - No viable dags retrieved from /opt/airflow/dags/dag_b_clientesxprod.py
[2025-03-09T19:44:47.489+0000] {processor.py:208} INFO - Processing /opt/airflow/dags/dag_b_clientesxprod.py took 0.093 seconds
[2025-03-09T19:45:17.908+0000] {processor.py:186} INFO - Started process (PID=348) to work on /opt/airflow/dags/dag_b_clientesxprod.py
[2025-03-09T19:45:17.909+0000] {processor.py:914} INFO - Processing file /opt/airflow/dags/dag_b_clientesxprod.py for tasks to queue
[2025-03-09T19:45:17.912+0000] {logging_mixin.py:190} INFO - [2025-03-09T19:45:17.911+0000] {dagbag.py:588} INFO - Filling up the DagBag from /opt/airflow/dags/dag_b_clientesxprod.py
[2025-03-09T19:45:17.929+0000] {logging_mixin.py:190} INFO - [2025-03-09T19:45:17.927+0000] {dagbag.py:387} ERROR - Failed to import: /opt/airflow/dags/dag_b_clientesxprod.py
Traceback (most recent call last):
  File "/home/airflow/.local/lib/python3.8/site-packages/airflow/models/dagbag.py", line 383, in parse
    loader.exec_module(new_module)
  File "<frozen importlib._bootstrap_external>", line 843, in exec_module
  File "<frozen importlib._bootstrap>", line 219, in _call_with_frames_removed
  File "/opt/airflow/dags/dag_b_clientesxprod.py", line 9, in <module>
    from airflow.dags.conf.utils import start_databricks_job, wait_for_job_to_finish
ModuleNotFoundError: No module named 'airflow.dags'
[2025-03-09T19:45:17.929+0000] {processor.py:927} WARNING - No viable dags retrieved from /opt/airflow/dags/dag_b_clientesxprod.py
[2025-03-09T19:45:17.960+0000] {processor.py:208} INFO - Processing /opt/airflow/dags/dag_b_clientesxprod.py took 0.062 seconds
[2025-03-09T19:45:28.872+0000] {processor.py:186} INFO - Started process (PID=383) to work on /opt/airflow/dags/dag_b_clientesxprod.py
[2025-03-09T19:45:28.873+0000] {processor.py:914} INFO - Processing file /opt/airflow/dags/dag_b_clientesxprod.py for tasks to queue
[2025-03-09T19:45:28.874+0000] {logging_mixin.py:190} INFO - [2025-03-09T19:45:28.874+0000] {dagbag.py:588} INFO - Filling up the DagBag from /opt/airflow/dags/dag_b_clientesxprod.py
[2025-03-09T19:45:28.885+0000] {processor.py:925} INFO - DAG(s) 'schedule_clientes_produtos' retrieved from /opt/airflow/dags/dag_b_clientesxprod.py
[2025-03-09T19:45:28.919+0000] {logging_mixin.py:190} INFO - [2025-03-09T19:45:28.919+0000] {dag.py:3239} INFO - Sync 1 DAGs
[2025-03-09T19:45:28.987+0000] {logging_mixin.py:190} INFO - [2025-03-09T19:45:28.986+0000] {dag.py:4180} INFO - Setting next_dagrun for schedule_clientes_produtos to 2025-03-08T06:22:00+00:00, run_after=2025-03-09T06:22:00+00:00
[2025-03-09T19:45:28.996+0000] {processor.py:208} INFO - Processing /opt/airflow/dags/dag_b_clientesxprod.py took 0.126 seconds
[2025-03-09T19:46:09.667+0000] {processor.py:186} INFO - Started process (PID=189) to work on /opt/airflow/dags/dag_b_clientesxprod.py
[2025-03-09T19:46:09.668+0000] {processor.py:914} INFO - Processing file /opt/airflow/dags/dag_b_clientesxprod.py for tasks to queue
[2025-03-09T19:46:09.669+0000] {logging_mixin.py:190} INFO - [2025-03-09T19:46:09.669+0000] {dagbag.py:588} INFO - Filling up the DagBag from /opt/airflow/dags/dag_b_clientesxprod.py
[2025-03-09T19:46:09.684+0000] {processor.py:925} INFO - DAG(s) 'schedule_clientes_produtos' retrieved from /opt/airflow/dags/dag_b_clientesxprod.py
[2025-03-09T19:46:09.747+0000] {logging_mixin.py:190} INFO - [2025-03-09T19:46:09.747+0000] {dag.py:3239} INFO - Sync 1 DAGs
[2025-03-09T19:46:09.766+0000] {logging_mixin.py:190} INFO - [2025-03-09T19:46:09.766+0000] {dag.py:4180} INFO - Setting next_dagrun for schedule_clientes_produtos to 2025-03-09T06:22:00+00:00, run_after=2025-03-10T06:22:00+00:00
[2025-03-09T19:46:09.784+0000] {processor.py:208} INFO - Processing /opt/airflow/dags/dag_b_clientesxprod.py took 0.128 seconds
[2025-03-09T19:46:41.004+0000] {processor.py:186} INFO - Started process (PID=219) to work on /opt/airflow/dags/dag_b_clientesxprod.py
[2025-03-09T19:46:41.005+0000] {processor.py:914} INFO - Processing file /opt/airflow/dags/dag_b_clientesxprod.py for tasks to queue
[2025-03-09T19:46:41.008+0000] {logging_mixin.py:190} INFO - [2025-03-09T19:46:41.008+0000] {dagbag.py:588} INFO - Filling up the DagBag from /opt/airflow/dags/dag_b_clientesxprod.py
[2025-03-09T19:46:41.057+0000] {processor.py:925} INFO - DAG(s) 'schedule_clientes_produtos' retrieved from /opt/airflow/dags/dag_b_clientesxprod.py
[2025-03-09T19:46:41.137+0000] {logging_mixin.py:190} INFO - [2025-03-09T19:46:41.137+0000] {dag.py:3239} INFO - Sync 1 DAGs
[2025-03-09T19:46:41.160+0000] {logging_mixin.py:190} INFO - [2025-03-09T19:46:41.160+0000] {dag.py:4180} INFO - Setting next_dagrun for schedule_clientes_produtos to 2025-03-09T06:22:00+00:00, run_after=2025-03-10T06:22:00+00:00
[2025-03-09T19:46:41.193+0000] {processor.py:208} INFO - Processing /opt/airflow/dags/dag_b_clientesxprod.py took 0.195 seconds
[2025-03-09T19:47:12.087+0000] {processor.py:186} INFO - Started process (PID=239) to work on /opt/airflow/dags/dag_b_clientesxprod.py
[2025-03-09T19:47:12.100+0000] {processor.py:914} INFO - Processing file /opt/airflow/dags/dag_b_clientesxprod.py for tasks to queue
[2025-03-09T19:47:12.102+0000] {logging_mixin.py:190} INFO - [2025-03-09T19:47:12.102+0000] {dagbag.py:588} INFO - Filling up the DagBag from /opt/airflow/dags/dag_b_clientesxprod.py
[2025-03-09T19:47:12.129+0000] {processor.py:925} INFO - DAG(s) 'schedule_clientes_produtos' retrieved from /opt/airflow/dags/dag_b_clientesxprod.py
[2025-03-09T19:47:12.188+0000] {logging_mixin.py:190} INFO - [2025-03-09T19:47:12.188+0000] {dag.py:3239} INFO - Sync 1 DAGs
[2025-03-09T19:47:12.204+0000] {logging_mixin.py:190} INFO - [2025-03-09T19:47:12.204+0000] {dag.py:4180} INFO - Setting next_dagrun for schedule_clientes_produtos to 2025-03-09T06:22:00+00:00, run_after=2025-03-10T06:22:00+00:00
[2025-03-09T19:47:12.218+0000] {processor.py:208} INFO - Processing /opt/airflow/dags/dag_b_clientesxprod.py took 0.135 seconds
[2025-03-09T19:47:42.767+0000] {processor.py:186} INFO - Started process (PID=259) to work on /opt/airflow/dags/dag_b_clientesxprod.py
[2025-03-09T19:47:42.768+0000] {processor.py:914} INFO - Processing file /opt/airflow/dags/dag_b_clientesxprod.py for tasks to queue
[2025-03-09T19:47:42.769+0000] {logging_mixin.py:190} INFO - [2025-03-09T19:47:42.769+0000] {dagbag.py:588} INFO - Filling up the DagBag from /opt/airflow/dags/dag_b_clientesxprod.py
[2025-03-09T19:47:42.788+0000] {processor.py:925} INFO - DAG(s) 'schedule_clientes_produtos' retrieved from /opt/airflow/dags/dag_b_clientesxprod.py
[2025-03-09T19:47:42.834+0000] {logging_mixin.py:190} INFO - [2025-03-09T19:47:42.834+0000] {dag.py:3239} INFO - Sync 1 DAGs
[2025-03-09T19:47:42.845+0000] {logging_mixin.py:190} INFO - [2025-03-09T19:47:42.845+0000] {dag.py:4180} INFO - Setting next_dagrun for schedule_clientes_produtos to 2025-03-09T06:22:00+00:00, run_after=2025-03-10T06:22:00+00:00
[2025-03-09T19:47:42.857+0000] {processor.py:208} INFO - Processing /opt/airflow/dags/dag_b_clientesxprod.py took 0.096 seconds
[2025-03-09T19:48:13.410+0000] {processor.py:186} INFO - Started process (PID=279) to work on /opt/airflow/dags/dag_b_clientesxprod.py
[2025-03-09T19:48:13.411+0000] {processor.py:914} INFO - Processing file /opt/airflow/dags/dag_b_clientesxprod.py for tasks to queue
[2025-03-09T19:48:13.412+0000] {logging_mixin.py:190} INFO - [2025-03-09T19:48:13.412+0000] {dagbag.py:588} INFO - Filling up the DagBag from /opt/airflow/dags/dag_b_clientesxprod.py
[2025-03-09T19:48:13.423+0000] {processor.py:925} INFO - DAG(s) 'schedule_clientes_produtos' retrieved from /opt/airflow/dags/dag_b_clientesxprod.py
[2025-03-09T19:48:13.471+0000] {logging_mixin.py:190} INFO - [2025-03-09T19:48:13.471+0000] {dag.py:3239} INFO - Sync 1 DAGs
[2025-03-09T19:48:13.482+0000] {logging_mixin.py:190} INFO - [2025-03-09T19:48:13.482+0000] {dag.py:4180} INFO - Setting next_dagrun for schedule_clientes_produtos to 2025-03-09T06:22:00+00:00, run_after=2025-03-10T06:22:00+00:00
[2025-03-09T19:48:13.489+0000] {processor.py:208} INFO - Processing /opt/airflow/dags/dag_b_clientesxprod.py took 0.083 seconds
[2025-03-09T19:48:43.925+0000] {processor.py:186} INFO - Started process (PID=299) to work on /opt/airflow/dags/dag_b_clientesxprod.py
[2025-03-09T19:48:43.925+0000] {processor.py:914} INFO - Processing file /opt/airflow/dags/dag_b_clientesxprod.py for tasks to queue
[2025-03-09T19:48:43.926+0000] {logging_mixin.py:190} INFO - [2025-03-09T19:48:43.926+0000] {dagbag.py:588} INFO - Filling up the DagBag from /opt/airflow/dags/dag_b_clientesxprod.py
[2025-03-09T19:48:43.937+0000] {processor.py:925} INFO - DAG(s) 'schedule_clientes_produtos' retrieved from /opt/airflow/dags/dag_b_clientesxprod.py
[2025-03-09T19:48:43.973+0000] {logging_mixin.py:190} INFO - [2025-03-09T19:48:43.973+0000] {dag.py:3239} INFO - Sync 1 DAGs
[2025-03-09T19:48:43.983+0000] {logging_mixin.py:190} INFO - [2025-03-09T19:48:43.983+0000] {dag.py:4180} INFO - Setting next_dagrun for schedule_clientes_produtos to 2025-03-09T06:22:00+00:00, run_after=2025-03-10T06:22:00+00:00
[2025-03-09T19:48:43.993+0000] {processor.py:208} INFO - Processing /opt/airflow/dags/dag_b_clientesxprod.py took 0.071 seconds
[2025-03-09T19:49:14.894+0000] {processor.py:186} INFO - Started process (PID=322) to work on /opt/airflow/dags/dag_b_clientesxprod.py
[2025-03-09T19:49:14.894+0000] {processor.py:914} INFO - Processing file /opt/airflow/dags/dag_b_clientesxprod.py for tasks to queue
[2025-03-09T19:49:14.895+0000] {logging_mixin.py:190} INFO - [2025-03-09T19:49:14.895+0000] {dagbag.py:588} INFO - Filling up the DagBag from /opt/airflow/dags/dag_b_clientesxprod.py
[2025-03-09T19:49:14.905+0000] {processor.py:925} INFO - DAG(s) 'schedule_clientes_produtos' retrieved from /opt/airflow/dags/dag_b_clientesxprod.py
[2025-03-09T19:49:14.939+0000] {logging_mixin.py:190} INFO - [2025-03-09T19:49:14.938+0000] {dag.py:3239} INFO - Sync 1 DAGs
[2025-03-09T19:49:14.948+0000] {logging_mixin.py:190} INFO - [2025-03-09T19:49:14.948+0000] {dag.py:4180} INFO - Setting next_dagrun for schedule_clientes_produtos to 2025-03-09T06:22:00+00:00, run_after=2025-03-10T06:22:00+00:00
[2025-03-09T19:49:14.956+0000] {processor.py:208} INFO - Processing /opt/airflow/dags/dag_b_clientesxprod.py took 0.066 seconds
[2025-03-09T19:49:45.408+0000] {processor.py:186} INFO - Started process (PID=340) to work on /opt/airflow/dags/dag_b_clientesxprod.py
[2025-03-09T19:49:45.409+0000] {processor.py:914} INFO - Processing file /opt/airflow/dags/dag_b_clientesxprod.py for tasks to queue
[2025-03-09T19:49:45.410+0000] {logging_mixin.py:190} INFO - [2025-03-09T19:49:45.410+0000] {dagbag.py:588} INFO - Filling up the DagBag from /opt/airflow/dags/dag_b_clientesxprod.py
[2025-03-09T19:49:45.427+0000] {processor.py:925} INFO - DAG(s) 'schedule_clientes_produtos' retrieved from /opt/airflow/dags/dag_b_clientesxprod.py
[2025-03-09T19:49:45.472+0000] {logging_mixin.py:190} INFO - [2025-03-09T19:49:45.472+0000] {dag.py:3239} INFO - Sync 1 DAGs
[2025-03-09T19:49:45.483+0000] {logging_mixin.py:190} INFO - [2025-03-09T19:49:45.483+0000] {dag.py:4180} INFO - Setting next_dagrun for schedule_clientes_produtos to 2025-03-09T06:22:00+00:00, run_after=2025-03-10T06:22:00+00:00
[2025-03-09T19:49:45.492+0000] {processor.py:208} INFO - Processing /opt/airflow/dags/dag_b_clientesxprod.py took 0.087 seconds
[2025-03-09T19:50:16.398+0000] {processor.py:186} INFO - Started process (PID=362) to work on /opt/airflow/dags/dag_b_clientesxprod.py
[2025-03-09T19:50:16.399+0000] {processor.py:914} INFO - Processing file /opt/airflow/dags/dag_b_clientesxprod.py for tasks to queue
[2025-03-09T19:50:16.400+0000] {logging_mixin.py:190} INFO - [2025-03-09T19:50:16.399+0000] {dagbag.py:588} INFO - Filling up the DagBag from /opt/airflow/dags/dag_b_clientesxprod.py
[2025-03-09T19:50:16.409+0000] {processor.py:925} INFO - DAG(s) 'schedule_clientes_produtos' retrieved from /opt/airflow/dags/dag_b_clientesxprod.py
[2025-03-09T19:50:16.443+0000] {logging_mixin.py:190} INFO - [2025-03-09T19:50:16.443+0000] {dag.py:3239} INFO - Sync 1 DAGs
[2025-03-09T19:50:16.511+0000] {logging_mixin.py:190} INFO - [2025-03-09T19:50:16.511+0000] {dag.py:4180} INFO - Setting next_dagrun for schedule_clientes_produtos to 2025-03-09T06:22:00+00:00, run_after=2025-03-10T06:22:00+00:00
[2025-03-09T19:50:16.519+0000] {processor.py:208} INFO - Processing /opt/airflow/dags/dag_b_clientesxprod.py took 0.126 seconds
[2025-03-09T19:50:47.313+0000] {processor.py:186} INFO - Started process (PID=382) to work on /opt/airflow/dags/dag_b_clientesxprod.py
[2025-03-09T19:50:47.314+0000] {processor.py:914} INFO - Processing file /opt/airflow/dags/dag_b_clientesxprod.py for tasks to queue
[2025-03-09T19:50:47.315+0000] {logging_mixin.py:190} INFO - [2025-03-09T19:50:47.315+0000] {dagbag.py:588} INFO - Filling up the DagBag from /opt/airflow/dags/dag_b_clientesxprod.py
[2025-03-09T19:50:47.325+0000] {processor.py:925} INFO - DAG(s) 'schedule_clientes_produtos' retrieved from /opt/airflow/dags/dag_b_clientesxprod.py
[2025-03-09T19:50:47.361+0000] {logging_mixin.py:190} INFO - [2025-03-09T19:50:47.361+0000] {dag.py:3239} INFO - Sync 1 DAGs
[2025-03-09T19:50:47.428+0000] {logging_mixin.py:190} INFO - [2025-03-09T19:50:47.428+0000] {dag.py:4180} INFO - Setting next_dagrun for schedule_clientes_produtos to 2025-03-09T06:22:00+00:00, run_after=2025-03-10T06:22:00+00:00
[2025-03-09T19:50:47.438+0000] {processor.py:208} INFO - Processing /opt/airflow/dags/dag_b_clientesxprod.py took 0.129 seconds
[2025-03-09T19:51:18.228+0000] {processor.py:186} INFO - Started process (PID=402) to work on /opt/airflow/dags/dag_b_clientesxprod.py
[2025-03-09T19:51:18.228+0000] {processor.py:914} INFO - Processing file /opt/airflow/dags/dag_b_clientesxprod.py for tasks to queue
[2025-03-09T19:51:18.229+0000] {logging_mixin.py:190} INFO - [2025-03-09T19:51:18.229+0000] {dagbag.py:588} INFO - Filling up the DagBag from /opt/airflow/dags/dag_b_clientesxprod.py
[2025-03-09T19:51:18.240+0000] {processor.py:925} INFO - DAG(s) 'schedule_clientes_produtos' retrieved from /opt/airflow/dags/dag_b_clientesxprod.py
[2025-03-09T19:51:18.342+0000] {logging_mixin.py:190} INFO - [2025-03-09T19:51:18.342+0000] {dag.py:3239} INFO - Sync 1 DAGs
[2025-03-09T19:51:18.351+0000] {logging_mixin.py:190} INFO - [2025-03-09T19:51:18.351+0000] {dag.py:4180} INFO - Setting next_dagrun for schedule_clientes_produtos to 2025-03-09T06:22:00+00:00, run_after=2025-03-10T06:22:00+00:00
[2025-03-09T19:51:18.359+0000] {processor.py:208} INFO - Processing /opt/airflow/dags/dag_b_clientesxprod.py took 0.135 seconds
[2025-03-09T19:51:49.092+0000] {processor.py:186} INFO - Started process (PID=422) to work on /opt/airflow/dags/dag_b_clientesxprod.py
[2025-03-09T19:51:49.093+0000] {processor.py:914} INFO - Processing file /opt/airflow/dags/dag_b_clientesxprod.py for tasks to queue
[2025-03-09T19:51:49.093+0000] {logging_mixin.py:190} INFO - [2025-03-09T19:51:49.093+0000] {dagbag.py:588} INFO - Filling up the DagBag from /opt/airflow/dags/dag_b_clientesxprod.py
[2025-03-09T19:51:49.103+0000] {processor.py:925} INFO - DAG(s) 'schedule_clientes_produtos' retrieved from /opt/airflow/dags/dag_b_clientesxprod.py
[2025-03-09T19:51:49.194+0000] {logging_mixin.py:190} INFO - [2025-03-09T19:51:49.193+0000] {dag.py:3239} INFO - Sync 1 DAGs
[2025-03-09T19:51:49.202+0000] {logging_mixin.py:190} INFO - [2025-03-09T19:51:49.202+0000] {dag.py:4180} INFO - Setting next_dagrun for schedule_clientes_produtos to 2025-03-09T06:22:00+00:00, run_after=2025-03-10T06:22:00+00:00
[2025-03-09T19:51:49.211+0000] {processor.py:208} INFO - Processing /opt/airflow/dags/dag_b_clientesxprod.py took 0.122 seconds
[2025-03-09T19:52:19.951+0000] {processor.py:186} INFO - Started process (PID=442) to work on /opt/airflow/dags/dag_b_clientesxprod.py
[2025-03-09T19:52:19.952+0000] {processor.py:914} INFO - Processing file /opt/airflow/dags/dag_b_clientesxprod.py for tasks to queue
[2025-03-09T19:52:19.953+0000] {logging_mixin.py:190} INFO - [2025-03-09T19:52:19.953+0000] {dagbag.py:588} INFO - Filling up the DagBag from /opt/airflow/dags/dag_b_clientesxprod.py
[2025-03-09T19:52:19.965+0000] {processor.py:925} INFO - DAG(s) 'schedule_clientes_produtos' retrieved from /opt/airflow/dags/dag_b_clientesxprod.py
[2025-03-09T19:52:20.071+0000] {logging_mixin.py:190} INFO - [2025-03-09T19:52:20.070+0000] {dag.py:3239} INFO - Sync 1 DAGs
[2025-03-09T19:52:20.081+0000] {logging_mixin.py:190} INFO - [2025-03-09T19:52:20.081+0000] {dag.py:4180} INFO - Setting next_dagrun for schedule_clientes_produtos to 2025-03-09T06:22:00+00:00, run_after=2025-03-10T06:22:00+00:00
[2025-03-09T19:52:20.088+0000] {processor.py:208} INFO - Processing /opt/airflow/dags/dag_b_clientesxprod.py took 0.140 seconds
[2025-03-09T19:52:50.472+0000] {processor.py:186} INFO - Started process (PID=460) to work on /opt/airflow/dags/dag_b_clientesxprod.py
[2025-03-09T19:52:50.475+0000] {processor.py:914} INFO - Processing file /opt/airflow/dags/dag_b_clientesxprod.py for tasks to queue
[2025-03-09T19:52:50.476+0000] {logging_mixin.py:190} INFO - [2025-03-09T19:52:50.476+0000] {dagbag.py:588} INFO - Filling up the DagBag from /opt/airflow/dags/dag_b_clientesxprod.py
[2025-03-09T19:52:50.555+0000] {processor.py:925} INFO - DAG(s) 'schedule_clientes_produtos' retrieved from /opt/airflow/dags/dag_b_clientesxprod.py
[2025-03-09T19:52:50.597+0000] {logging_mixin.py:190} INFO - [2025-03-09T19:52:50.597+0000] {dag.py:3239} INFO - Sync 1 DAGs
[2025-03-09T19:52:50.609+0000] {logging_mixin.py:190} INFO - [2025-03-09T19:52:50.609+0000] {dag.py:4180} INFO - Setting next_dagrun for schedule_clientes_produtos to 2025-03-09T06:22:00+00:00, run_after=2025-03-10T06:22:00+00:00
[2025-03-09T19:52:50.616+0000] {processor.py:208} INFO - Processing /opt/airflow/dags/dag_b_clientesxprod.py took 0.149 seconds
[2025-03-09T19:53:21.362+0000] {processor.py:186} INFO - Started process (PID=480) to work on /opt/airflow/dags/dag_b_clientesxprod.py
[2025-03-09T19:53:21.363+0000] {processor.py:914} INFO - Processing file /opt/airflow/dags/dag_b_clientesxprod.py for tasks to queue
[2025-03-09T19:53:21.364+0000] {logging_mixin.py:190} INFO - [2025-03-09T19:53:21.364+0000] {dagbag.py:588} INFO - Filling up the DagBag from /opt/airflow/dags/dag_b_clientesxprod.py
[2025-03-09T19:53:21.375+0000] {processor.py:925} INFO - DAG(s) 'schedule_clientes_produtos' retrieved from /opt/airflow/dags/dag_b_clientesxprod.py
[2025-03-09T19:53:21.416+0000] {logging_mixin.py:190} INFO - [2025-03-09T19:53:21.415+0000] {dag.py:3239} INFO - Sync 1 DAGs
[2025-03-09T19:53:21.428+0000] {logging_mixin.py:190} INFO - [2025-03-09T19:53:21.428+0000] {dag.py:4180} INFO - Setting next_dagrun for schedule_clientes_produtos to 2025-03-09T06:22:00+00:00, run_after=2025-03-10T06:22:00+00:00
[2025-03-09T19:53:21.440+0000] {processor.py:208} INFO - Processing /opt/airflow/dags/dag_b_clientesxprod.py took 0.082 seconds
[2025-03-09T19:53:52.139+0000] {processor.py:186} INFO - Started process (PID=502) to work on /opt/airflow/dags/dag_b_clientesxprod.py
[2025-03-09T19:53:52.140+0000] {processor.py:914} INFO - Processing file /opt/airflow/dags/dag_b_clientesxprod.py for tasks to queue
[2025-03-09T19:53:52.141+0000] {logging_mixin.py:190} INFO - [2025-03-09T19:53:52.141+0000] {dagbag.py:588} INFO - Filling up the DagBag from /opt/airflow/dags/dag_b_clientesxprod.py
[2025-03-09T19:53:52.151+0000] {processor.py:925} INFO - DAG(s) 'schedule_clientes_produtos' retrieved from /opt/airflow/dags/dag_b_clientesxprod.py
[2025-03-09T19:53:52.186+0000] {logging_mixin.py:190} INFO - [2025-03-09T19:53:52.185+0000] {dag.py:3239} INFO - Sync 1 DAGs
[2025-03-09T19:53:52.195+0000] {logging_mixin.py:190} INFO - [2025-03-09T19:53:52.195+0000] {dag.py:4180} INFO - Setting next_dagrun for schedule_clientes_produtos to 2025-03-09T06:22:00+00:00, run_after=2025-03-10T06:22:00+00:00
[2025-03-09T19:53:52.204+0000] {processor.py:208} INFO - Processing /opt/airflow/dags/dag_b_clientesxprod.py took 0.069 seconds
[2025-03-09T19:54:22.827+0000] {processor.py:186} INFO - Started process (PID=522) to work on /opt/airflow/dags/dag_b_clientesxprod.py
[2025-03-09T19:54:22.827+0000] {processor.py:914} INFO - Processing file /opt/airflow/dags/dag_b_clientesxprod.py for tasks to queue
[2025-03-09T19:54:22.828+0000] {logging_mixin.py:190} INFO - [2025-03-09T19:54:22.828+0000] {dagbag.py:588} INFO - Filling up the DagBag from /opt/airflow/dags/dag_b_clientesxprod.py
[2025-03-09T19:54:22.838+0000] {processor.py:925} INFO - DAG(s) 'schedule_clientes_produtos' retrieved from /opt/airflow/dags/dag_b_clientesxprod.py
[2025-03-09T19:54:22.873+0000] {logging_mixin.py:190} INFO - [2025-03-09T19:54:22.873+0000] {dag.py:3239} INFO - Sync 1 DAGs
[2025-03-09T19:54:22.883+0000] {logging_mixin.py:190} INFO - [2025-03-09T19:54:22.883+0000] {dag.py:4180} INFO - Setting next_dagrun for schedule_clientes_produtos to 2025-03-09T06:22:00+00:00, run_after=2025-03-10T06:22:00+00:00
[2025-03-09T19:54:22.891+0000] {processor.py:208} INFO - Processing /opt/airflow/dags/dag_b_clientesxprod.py took 0.069 seconds
[2025-03-09T19:54:53.353+0000] {processor.py:186} INFO - Started process (PID=540) to work on /opt/airflow/dags/dag_b_clientesxprod.py
[2025-03-09T19:54:53.356+0000] {processor.py:914} INFO - Processing file /opt/airflow/dags/dag_b_clientesxprod.py for tasks to queue
[2025-03-09T19:54:53.358+0000] {logging_mixin.py:190} INFO - [2025-03-09T19:54:53.358+0000] {dagbag.py:588} INFO - Filling up the DagBag from /opt/airflow/dags/dag_b_clientesxprod.py
[2025-03-09T19:54:53.371+0000] {processor.py:925} INFO - DAG(s) 'schedule_clientes_produtos' retrieved from /opt/airflow/dags/dag_b_clientesxprod.py
[2025-03-09T19:54:53.416+0000] {logging_mixin.py:190} INFO - [2025-03-09T19:54:53.416+0000] {dag.py:3239} INFO - Sync 1 DAGs
[2025-03-09T19:54:53.428+0000] {logging_mixin.py:190} INFO - [2025-03-09T19:54:53.428+0000] {dag.py:4180} INFO - Setting next_dagrun for schedule_clientes_produtos to 2025-03-09T06:22:00+00:00, run_after=2025-03-10T06:22:00+00:00
[2025-03-09T19:54:53.436+0000] {processor.py:208} INFO - Processing /opt/airflow/dags/dag_b_clientesxprod.py took 0.088 seconds
[2025-03-09T19:55:24.148+0000] {processor.py:186} INFO - Started process (PID=562) to work on /opt/airflow/dags/dag_b_clientesxprod.py
[2025-03-09T19:55:24.149+0000] {processor.py:914} INFO - Processing file /opt/airflow/dags/dag_b_clientesxprod.py for tasks to queue
[2025-03-09T19:55:24.150+0000] {logging_mixin.py:190} INFO - [2025-03-09T19:55:24.150+0000] {dagbag.py:588} INFO - Filling up the DagBag from /opt/airflow/dags/dag_b_clientesxprod.py
[2025-03-09T19:55:24.160+0000] {processor.py:925} INFO - DAG(s) 'schedule_clientes_produtos' retrieved from /opt/airflow/dags/dag_b_clientesxprod.py
[2025-03-09T19:55:24.195+0000] {logging_mixin.py:190} INFO - [2025-03-09T19:55:24.195+0000] {dag.py:3239} INFO - Sync 1 DAGs
[2025-03-09T19:55:24.205+0000] {logging_mixin.py:190} INFO - [2025-03-09T19:55:24.205+0000] {dag.py:4180} INFO - Setting next_dagrun for schedule_clientes_produtos to 2025-03-09T06:22:00+00:00, run_after=2025-03-10T06:22:00+00:00
[2025-03-09T19:55:24.214+0000] {processor.py:208} INFO - Processing /opt/airflow/dags/dag_b_clientesxprod.py took 0.069 seconds
[2025-03-09T19:55:54.842+0000] {processor.py:186} INFO - Started process (PID=582) to work on /opt/airflow/dags/dag_b_clientesxprod.py
[2025-03-09T19:55:54.843+0000] {processor.py:914} INFO - Processing file /opt/airflow/dags/dag_b_clientesxprod.py for tasks to queue
[2025-03-09T19:55:54.844+0000] {logging_mixin.py:190} INFO - [2025-03-09T19:55:54.844+0000] {dagbag.py:588} INFO - Filling up the DagBag from /opt/airflow/dags/dag_b_clientesxprod.py
[2025-03-09T19:55:54.856+0000] {processor.py:925} INFO - DAG(s) 'schedule_clientes_produtos' retrieved from /opt/airflow/dags/dag_b_clientesxprod.py
[2025-03-09T19:55:54.892+0000] {logging_mixin.py:190} INFO - [2025-03-09T19:55:54.892+0000] {dag.py:3239} INFO - Sync 1 DAGs
[2025-03-09T19:55:54.901+0000] {logging_mixin.py:190} INFO - [2025-03-09T19:55:54.901+0000] {dag.py:4180} INFO - Setting next_dagrun for schedule_clientes_produtos to 2025-03-09T06:22:00+00:00, run_after=2025-03-10T06:22:00+00:00
[2025-03-09T19:55:54.910+0000] {processor.py:208} INFO - Processing /opt/airflow/dags/dag_b_clientesxprod.py took 0.070 seconds
[2025-03-09T19:56:25.694+0000] {processor.py:186} INFO - Started process (PID=722) to work on /opt/airflow/dags/dag_b_clientesxprod.py
[2025-03-09T19:56:25.695+0000] {processor.py:914} INFO - Processing file /opt/airflow/dags/dag_b_clientesxprod.py for tasks to queue
[2025-03-09T19:56:25.696+0000] {logging_mixin.py:190} INFO - [2025-03-09T19:56:25.696+0000] {dagbag.py:588} INFO - Filling up the DagBag from /opt/airflow/dags/dag_b_clientesxprod.py
[2025-03-09T19:56:25.706+0000] {processor.py:925} INFO - DAG(s) 'schedule_clientes_produtos' retrieved from /opt/airflow/dags/dag_b_clientesxprod.py
[2025-03-09T19:56:25.742+0000] {logging_mixin.py:190} INFO - [2025-03-09T19:56:25.742+0000] {dag.py:3239} INFO - Sync 1 DAGs
[2025-03-09T19:56:25.753+0000] {logging_mixin.py:190} INFO - [2025-03-09T19:56:25.753+0000] {dag.py:4180} INFO - Setting next_dagrun for schedule_clientes_produtos to 2025-03-09T06:22:00+00:00, run_after=2025-03-10T06:22:00+00:00
[2025-03-09T19:56:25.762+0000] {processor.py:208} INFO - Processing /opt/airflow/dags/dag_b_clientesxprod.py took 0.071 seconds
[2025-03-09T19:56:56.260+0000] {processor.py:186} INFO - Started process (PID=742) to work on /opt/airflow/dags/dag_b_clientesxprod.py
[2025-03-09T19:56:56.261+0000] {processor.py:914} INFO - Processing file /opt/airflow/dags/dag_b_clientesxprod.py for tasks to queue
[2025-03-09T19:56:56.262+0000] {logging_mixin.py:190} INFO - [2025-03-09T19:56:56.262+0000] {dagbag.py:588} INFO - Filling up the DagBag from /opt/airflow/dags/dag_b_clientesxprod.py
[2025-03-09T19:56:56.272+0000] {processor.py:925} INFO - DAG(s) 'schedule_clientes_produtos' retrieved from /opt/airflow/dags/dag_b_clientesxprod.py
[2025-03-09T19:56:56.307+0000] {logging_mixin.py:190} INFO - [2025-03-09T19:56:56.307+0000] {dag.py:3239} INFO - Sync 1 DAGs
[2025-03-09T19:56:56.316+0000] {logging_mixin.py:190} INFO - [2025-03-09T19:56:56.316+0000] {dag.py:4180} INFO - Setting next_dagrun for schedule_clientes_produtos to 2025-03-09T06:22:00+00:00, run_after=2025-03-10T06:22:00+00:00
[2025-03-09T19:56:56.324+0000] {processor.py:208} INFO - Processing /opt/airflow/dags/dag_b_clientesxprod.py took 0.067 seconds
[2025-03-09T19:57:26.963+0000] {processor.py:186} INFO - Started process (PID=768) to work on /opt/airflow/dags/dag_b_clientesxprod.py
[2025-03-09T19:57:26.964+0000] {processor.py:914} INFO - Processing file /opt/airflow/dags/dag_b_clientesxprod.py for tasks to queue
[2025-03-09T19:57:26.965+0000] {logging_mixin.py:190} INFO - [2025-03-09T19:57:26.965+0000] {dagbag.py:588} INFO - Filling up the DagBag from /opt/airflow/dags/dag_b_clientesxprod.py
[2025-03-09T19:57:26.975+0000] {processor.py:925} INFO - DAG(s) 'schedule_clientes_produtos' retrieved from /opt/airflow/dags/dag_b_clientesxprod.py
[2025-03-09T19:57:27.010+0000] {logging_mixin.py:190} INFO - [2025-03-09T19:57:27.009+0000] {dag.py:3239} INFO - Sync 1 DAGs
[2025-03-09T19:57:27.019+0000] {logging_mixin.py:190} INFO - [2025-03-09T19:57:27.019+0000] {dag.py:4180} INFO - Setting next_dagrun for schedule_clientes_produtos to 2025-03-09T06:22:00+00:00, run_after=2025-03-10T06:22:00+00:00
[2025-03-09T19:57:27.027+0000] {processor.py:208} INFO - Processing /opt/airflow/dags/dag_b_clientesxprod.py took 0.067 seconds
[2025-03-09T19:57:57.715+0000] {processor.py:186} INFO - Started process (PID=788) to work on /opt/airflow/dags/dag_b_clientesxprod.py
[2025-03-09T19:57:57.717+0000] {processor.py:914} INFO - Processing file /opt/airflow/dags/dag_b_clientesxprod.py for tasks to queue
[2025-03-09T19:57:57.718+0000] {logging_mixin.py:190} INFO - [2025-03-09T19:57:57.718+0000] {dagbag.py:588} INFO - Filling up the DagBag from /opt/airflow/dags/dag_b_clientesxprod.py
[2025-03-09T19:57:57.728+0000] {processor.py:925} INFO - DAG(s) 'schedule_clientes_produtos' retrieved from /opt/airflow/dags/dag_b_clientesxprod.py
[2025-03-09T19:57:57.763+0000] {logging_mixin.py:190} INFO - [2025-03-09T19:57:57.763+0000] {dag.py:3239} INFO - Sync 1 DAGs
[2025-03-09T19:57:57.772+0000] {logging_mixin.py:190} INFO - [2025-03-09T19:57:57.772+0000] {dag.py:4180} INFO - Setting next_dagrun for schedule_clientes_produtos to 2025-03-09T06:22:00+00:00, run_after=2025-03-10T06:22:00+00:00
[2025-03-09T19:57:57.782+0000] {processor.py:208} INFO - Processing /opt/airflow/dags/dag_b_clientesxprod.py took 0.071 seconds
[2025-03-09T19:58:28.400+0000] {processor.py:186} INFO - Started process (PID=808) to work on /opt/airflow/dags/dag_b_clientesxprod.py
[2025-03-09T19:58:28.401+0000] {processor.py:914} INFO - Processing file /opt/airflow/dags/dag_b_clientesxprod.py for tasks to queue
[2025-03-09T19:58:28.402+0000] {logging_mixin.py:190} INFO - [2025-03-09T19:58:28.402+0000] {dagbag.py:588} INFO - Filling up the DagBag from /opt/airflow/dags/dag_b_clientesxprod.py
[2025-03-09T19:58:28.412+0000] {processor.py:925} INFO - DAG(s) 'schedule_clientes_produtos' retrieved from /opt/airflow/dags/dag_b_clientesxprod.py
[2025-03-09T19:58:28.447+0000] {logging_mixin.py:190} INFO - [2025-03-09T19:58:28.447+0000] {dag.py:3239} INFO - Sync 1 DAGs
[2025-03-09T19:58:28.457+0000] {logging_mixin.py:190} INFO - [2025-03-09T19:58:28.457+0000] {dag.py:4180} INFO - Setting next_dagrun for schedule_clientes_produtos to 2025-03-09T06:22:00+00:00, run_after=2025-03-10T06:22:00+00:00
[2025-03-09T19:58:28.465+0000] {processor.py:208} INFO - Processing /opt/airflow/dags/dag_b_clientesxprod.py took 0.069 seconds
[2025-03-09T19:58:59.189+0000] {processor.py:186} INFO - Started process (PID=828) to work on /opt/airflow/dags/dag_b_clientesxprod.py
[2025-03-09T19:58:59.190+0000] {processor.py:914} INFO - Processing file /opt/airflow/dags/dag_b_clientesxprod.py for tasks to queue
[2025-03-09T19:58:59.191+0000] {logging_mixin.py:190} INFO - [2025-03-09T19:58:59.191+0000] {dagbag.py:588} INFO - Filling up the DagBag from /opt/airflow/dags/dag_b_clientesxprod.py
[2025-03-09T19:58:59.201+0000] {processor.py:925} INFO - DAG(s) 'schedule_clientes_produtos' retrieved from /opt/airflow/dags/dag_b_clientesxprod.py
[2025-03-09T19:58:59.236+0000] {logging_mixin.py:190} INFO - [2025-03-09T19:58:59.236+0000] {dag.py:3239} INFO - Sync 1 DAGs
[2025-03-09T19:58:59.245+0000] {logging_mixin.py:190} INFO - [2025-03-09T19:58:59.245+0000] {dag.py:4180} INFO - Setting next_dagrun for schedule_clientes_produtos to 2025-03-09T06:22:00+00:00, run_after=2025-03-10T06:22:00+00:00
[2025-03-09T19:58:59.253+0000] {processor.py:208} INFO - Processing /opt/airflow/dags/dag_b_clientesxprod.py took 0.067 seconds
[2025-03-09T19:59:29.735+0000] {processor.py:186} INFO - Started process (PID=846) to work on /opt/airflow/dags/dag_b_clientesxprod.py
[2025-03-09T19:59:29.735+0000] {processor.py:914} INFO - Processing file /opt/airflow/dags/dag_b_clientesxprod.py for tasks to queue
[2025-03-09T19:59:29.736+0000] {logging_mixin.py:190} INFO - [2025-03-09T19:59:29.736+0000] {dagbag.py:588} INFO - Filling up the DagBag from /opt/airflow/dags/dag_b_clientesxprod.py
[2025-03-09T19:59:29.747+0000] {processor.py:925} INFO - DAG(s) 'schedule_clientes_produtos' retrieved from /opt/airflow/dags/dag_b_clientesxprod.py
[2025-03-09T19:59:29.793+0000] {logging_mixin.py:190} INFO - [2025-03-09T19:59:29.793+0000] {dag.py:3239} INFO - Sync 1 DAGs
[2025-03-09T19:59:29.803+0000] {logging_mixin.py:190} INFO - [2025-03-09T19:59:29.803+0000] {dag.py:4180} INFO - Setting next_dagrun for schedule_clientes_produtos to 2025-03-09T06:22:00+00:00, run_after=2025-03-10T06:22:00+00:00
[2025-03-09T19:59:29.810+0000] {processor.py:208} INFO - Processing /opt/airflow/dags/dag_b_clientesxprod.py took 0.079 seconds
[2025-03-09T20:00:00.487+0000] {processor.py:186} INFO - Started process (PID=868) to work on /opt/airflow/dags/dag_b_clientesxprod.py
[2025-03-09T20:00:00.487+0000] {processor.py:914} INFO - Processing file /opt/airflow/dags/dag_b_clientesxprod.py for tasks to queue
[2025-03-09T20:00:00.489+0000] {logging_mixin.py:190} INFO - [2025-03-09T20:00:00.489+0000] {dagbag.py:588} INFO - Filling up the DagBag from /opt/airflow/dags/dag_b_clientesxprod.py
[2025-03-09T20:00:00.499+0000] {processor.py:925} INFO - DAG(s) 'schedule_clientes_produtos' retrieved from /opt/airflow/dags/dag_b_clientesxprod.py
[2025-03-09T20:00:00.533+0000] {logging_mixin.py:190} INFO - [2025-03-09T20:00:00.533+0000] {dag.py:3239} INFO - Sync 1 DAGs
[2025-03-09T20:00:00.543+0000] {logging_mixin.py:190} INFO - [2025-03-09T20:00:00.543+0000] {dag.py:4180} INFO - Setting next_dagrun for schedule_clientes_produtos to 2025-03-09T06:22:00+00:00, run_after=2025-03-10T06:22:00+00:00
[2025-03-09T20:00:00.551+0000] {processor.py:208} INFO - Processing /opt/airflow/dags/dag_b_clientesxprod.py took 0.068 seconds
[2025-03-09T20:00:31.232+0000] {processor.py:186} INFO - Started process (PID=888) to work on /opt/airflow/dags/dag_b_clientesxprod.py
[2025-03-09T20:00:31.233+0000] {processor.py:914} INFO - Processing file /opt/airflow/dags/dag_b_clientesxprod.py for tasks to queue
[2025-03-09T20:00:31.234+0000] {logging_mixin.py:190} INFO - [2025-03-09T20:00:31.234+0000] {dagbag.py:588} INFO - Filling up the DagBag from /opt/airflow/dags/dag_b_clientesxprod.py
[2025-03-09T20:00:31.246+0000] {processor.py:925} INFO - DAG(s) 'schedule_clientes_produtos' retrieved from /opt/airflow/dags/dag_b_clientesxprod.py
[2025-03-09T20:00:31.289+0000] {logging_mixin.py:190} INFO - [2025-03-09T20:00:31.289+0000] {dag.py:3239} INFO - Sync 1 DAGs
[2025-03-09T20:00:31.300+0000] {logging_mixin.py:190} INFO - [2025-03-09T20:00:31.300+0000] {dag.py:4180} INFO - Setting next_dagrun for schedule_clientes_produtos to 2025-03-09T06:22:00+00:00, run_after=2025-03-10T06:22:00+00:00
[2025-03-09T20:00:31.308+0000] {processor.py:208} INFO - Processing /opt/airflow/dags/dag_b_clientesxprod.py took 0.080 seconds
[2025-03-09T20:01:01.875+0000] {processor.py:186} INFO - Started process (PID=906) to work on /opt/airflow/dags/dag_b_clientesxprod.py
[2025-03-09T20:01:01.876+0000] {processor.py:914} INFO - Processing file /opt/airflow/dags/dag_b_clientesxprod.py for tasks to queue
[2025-03-09T20:01:01.877+0000] {logging_mixin.py:190} INFO - [2025-03-09T20:01:01.876+0000] {dagbag.py:588} INFO - Filling up the DagBag from /opt/airflow/dags/dag_b_clientesxprod.py
[2025-03-09T20:01:01.897+0000] {processor.py:925} INFO - DAG(s) 'schedule_clientes_produtos' retrieved from /opt/airflow/dags/dag_b_clientesxprod.py
[2025-03-09T20:01:01.957+0000] {logging_mixin.py:190} INFO - [2025-03-09T20:01:01.957+0000] {dag.py:3239} INFO - Sync 1 DAGs
[2025-03-09T20:01:01.968+0000] {logging_mixin.py:190} INFO - [2025-03-09T20:01:01.968+0000] {dag.py:4180} INFO - Setting next_dagrun for schedule_clientes_produtos to 2025-03-09T06:22:00+00:00, run_after=2025-03-10T06:22:00+00:00
[2025-03-09T20:01:01.980+0000] {processor.py:208} INFO - Processing /opt/airflow/dags/dag_b_clientesxprod.py took 0.108 seconds
[2025-03-09T20:01:32.784+0000] {processor.py:186} INFO - Started process (PID=928) to work on /opt/airflow/dags/dag_b_clientesxprod.py
[2025-03-09T20:01:32.785+0000] {processor.py:914} INFO - Processing file /opt/airflow/dags/dag_b_clientesxprod.py for tasks to queue
[2025-03-09T20:01:32.786+0000] {logging_mixin.py:190} INFO - [2025-03-09T20:01:32.785+0000] {dagbag.py:588} INFO - Filling up the DagBag from /opt/airflow/dags/dag_b_clientesxprod.py
[2025-03-09T20:01:32.796+0000] {processor.py:925} INFO - DAG(s) 'schedule_clientes_produtos' retrieved from /opt/airflow/dags/dag_b_clientesxprod.py
[2025-03-09T20:01:32.837+0000] {logging_mixin.py:190} INFO - [2025-03-09T20:01:32.837+0000] {dag.py:3239} INFO - Sync 1 DAGs
[2025-03-09T20:01:32.849+0000] {logging_mixin.py:190} INFO - [2025-03-09T20:01:32.849+0000] {dag.py:4180} INFO - Setting next_dagrun for schedule_clientes_produtos to 2025-03-09T06:22:00+00:00, run_after=2025-03-10T06:22:00+00:00
[2025-03-09T20:01:32.873+0000] {processor.py:208} INFO - Processing /opt/airflow/dags/dag_b_clientesxprod.py took 0.094 seconds
[2025-03-09T20:02:03.496+0000] {processor.py:186} INFO - Started process (PID=948) to work on /opt/airflow/dags/dag_b_clientesxprod.py
[2025-03-09T20:02:03.496+0000] {processor.py:914} INFO - Processing file /opt/airflow/dags/dag_b_clientesxprod.py for tasks to queue
[2025-03-09T20:02:03.498+0000] {logging_mixin.py:190} INFO - [2025-03-09T20:02:03.498+0000] {dagbag.py:588} INFO - Filling up the DagBag from /opt/airflow/dags/dag_b_clientesxprod.py
[2025-03-09T20:02:03.508+0000] {processor.py:925} INFO - DAG(s) 'schedule_clientes_produtos' retrieved from /opt/airflow/dags/dag_b_clientesxprod.py
[2025-03-09T20:02:03.543+0000] {logging_mixin.py:190} INFO - [2025-03-09T20:02:03.542+0000] {dag.py:3239} INFO - Sync 1 DAGs
[2025-03-09T20:02:03.552+0000] {logging_mixin.py:190} INFO - [2025-03-09T20:02:03.552+0000] {dag.py:4180} INFO - Setting next_dagrun for schedule_clientes_produtos to 2025-03-09T06:22:00+00:00, run_after=2025-03-10T06:22:00+00:00
[2025-03-09T20:02:03.560+0000] {processor.py:208} INFO - Processing /opt/airflow/dags/dag_b_clientesxprod.py took 0.068 seconds
[2025-03-09T20:02:34.310+0000] {processor.py:186} INFO - Started process (PID=968) to work on /opt/airflow/dags/dag_b_clientesxprod.py
[2025-03-09T20:02:34.311+0000] {processor.py:914} INFO - Processing file /opt/airflow/dags/dag_b_clientesxprod.py for tasks to queue
[2025-03-09T20:02:34.313+0000] {logging_mixin.py:190} INFO - [2025-03-09T20:02:34.312+0000] {dagbag.py:588} INFO - Filling up the DagBag from /opt/airflow/dags/dag_b_clientesxprod.py
[2025-03-09T20:02:34.323+0000] {processor.py:925} INFO - DAG(s) 'schedule_clientes_produtos' retrieved from /opt/airflow/dags/dag_b_clientesxprod.py
[2025-03-09T20:02:34.358+0000] {logging_mixin.py:190} INFO - [2025-03-09T20:02:34.358+0000] {dag.py:3239} INFO - Sync 1 DAGs
[2025-03-09T20:02:34.368+0000] {logging_mixin.py:190} INFO - [2025-03-09T20:02:34.368+0000] {dag.py:4180} INFO - Setting next_dagrun for schedule_clientes_produtos to 2025-03-09T06:22:00+00:00, run_after=2025-03-10T06:22:00+00:00
[2025-03-09T20:02:34.376+0000] {processor.py:208} INFO - Processing /opt/airflow/dags/dag_b_clientesxprod.py took 0.069 seconds
[2025-03-09T20:03:05.086+0000] {processor.py:186} INFO - Started process (PID=988) to work on /opt/airflow/dags/dag_b_clientesxprod.py
[2025-03-09T20:03:05.087+0000] {processor.py:914} INFO - Processing file /opt/airflow/dags/dag_b_clientesxprod.py for tasks to queue
[2025-03-09T20:03:05.088+0000] {logging_mixin.py:190} INFO - [2025-03-09T20:03:05.088+0000] {dagbag.py:588} INFO - Filling up the DagBag from /opt/airflow/dags/dag_b_clientesxprod.py
[2025-03-09T20:03:05.100+0000] {processor.py:925} INFO - DAG(s) 'schedule_clientes_produtos' retrieved from /opt/airflow/dags/dag_b_clientesxprod.py
[2025-03-09T20:03:05.136+0000] {logging_mixin.py:190} INFO - [2025-03-09T20:03:05.136+0000] {dag.py:3239} INFO - Sync 1 DAGs
[2025-03-09T20:03:05.145+0000] {logging_mixin.py:190} INFO - [2025-03-09T20:03:05.145+0000] {dag.py:4180} INFO - Setting next_dagrun for schedule_clientes_produtos to 2025-03-09T06:22:00+00:00, run_after=2025-03-10T06:22:00+00:00
[2025-03-09T20:03:05.153+0000] {processor.py:208} INFO - Processing /opt/airflow/dags/dag_b_clientesxprod.py took 0.070 seconds
[2025-03-09T20:03:35.841+0000] {processor.py:186} INFO - Started process (PID=1008) to work on /opt/airflow/dags/dag_b_clientesxprod.py
[2025-03-09T20:03:35.842+0000] {processor.py:914} INFO - Processing file /opt/airflow/dags/dag_b_clientesxprod.py for tasks to queue
[2025-03-09T20:03:35.843+0000] {logging_mixin.py:190} INFO - [2025-03-09T20:03:35.843+0000] {dagbag.py:588} INFO - Filling up the DagBag from /opt/airflow/dags/dag_b_clientesxprod.py
[2025-03-09T20:03:35.853+0000] {processor.py:925} INFO - DAG(s) 'schedule_clientes_produtos' retrieved from /opt/airflow/dags/dag_b_clientesxprod.py
[2025-03-09T20:03:35.888+0000] {logging_mixin.py:190} INFO - [2025-03-09T20:03:35.887+0000] {dag.py:3239} INFO - Sync 1 DAGs
[2025-03-09T20:03:35.897+0000] {logging_mixin.py:190} INFO - [2025-03-09T20:03:35.896+0000] {dag.py:4180} INFO - Setting next_dagrun for schedule_clientes_produtos to 2025-03-09T06:22:00+00:00, run_after=2025-03-10T06:22:00+00:00
[2025-03-09T20:03:35.905+0000] {processor.py:208} INFO - Processing /opt/airflow/dags/dag_b_clientesxprod.py took 0.067 seconds
[2025-03-09T20:04:06.635+0000] {processor.py:186} INFO - Started process (PID=1028) to work on /opt/airflow/dags/dag_b_clientesxprod.py
[2025-03-09T20:04:06.636+0000] {processor.py:914} INFO - Processing file /opt/airflow/dags/dag_b_clientesxprod.py for tasks to queue
[2025-03-09T20:04:06.637+0000] {logging_mixin.py:190} INFO - [2025-03-09T20:04:06.637+0000] {dagbag.py:588} INFO - Filling up the DagBag from /opt/airflow/dags/dag_b_clientesxprod.py
[2025-03-09T20:04:06.647+0000] {processor.py:925} INFO - DAG(s) 'schedule_clientes_produtos' retrieved from /opt/airflow/dags/dag_b_clientesxprod.py
[2025-03-09T20:04:06.682+0000] {logging_mixin.py:190} INFO - [2025-03-09T20:04:06.682+0000] {dag.py:3239} INFO - Sync 1 DAGs
[2025-03-09T20:04:06.691+0000] {logging_mixin.py:190} INFO - [2025-03-09T20:04:06.691+0000] {dag.py:4180} INFO - Setting next_dagrun for schedule_clientes_produtos to 2025-03-09T06:22:00+00:00, run_after=2025-03-10T06:22:00+00:00
[2025-03-09T20:04:06.700+0000] {processor.py:208} INFO - Processing /opt/airflow/dags/dag_b_clientesxprod.py took 0.073 seconds
[2025-03-09T20:04:37.391+0000] {processor.py:186} INFO - Started process (PID=1048) to work on /opt/airflow/dags/dag_b_clientesxprod.py
[2025-03-09T20:04:37.393+0000] {processor.py:914} INFO - Processing file /opt/airflow/dags/dag_b_clientesxprod.py for tasks to queue
[2025-03-09T20:04:37.394+0000] {logging_mixin.py:190} INFO - [2025-03-09T20:04:37.394+0000] {dagbag.py:588} INFO - Filling up the DagBag from /opt/airflow/dags/dag_b_clientesxprod.py
[2025-03-09T20:04:37.404+0000] {processor.py:925} INFO - DAG(s) 'schedule_clientes_produtos' retrieved from /opt/airflow/dags/dag_b_clientesxprod.py
[2025-03-09T20:04:37.442+0000] {logging_mixin.py:190} INFO - [2025-03-09T20:04:37.441+0000] {dag.py:3239} INFO - Sync 1 DAGs
[2025-03-09T20:04:37.451+0000] {logging_mixin.py:190} INFO - [2025-03-09T20:04:37.451+0000] {dag.py:4180} INFO - Setting next_dagrun for schedule_clientes_produtos to 2025-03-09T06:22:00+00:00, run_after=2025-03-10T06:22:00+00:00
[2025-03-09T20:04:37.460+0000] {processor.py:208} INFO - Processing /opt/airflow/dags/dag_b_clientesxprod.py took 0.074 seconds
[2025-03-09T20:05:08.143+0000] {processor.py:186} INFO - Started process (PID=1068) to work on /opt/airflow/dags/dag_b_clientesxprod.py
[2025-03-09T20:05:08.144+0000] {processor.py:914} INFO - Processing file /opt/airflow/dags/dag_b_clientesxprod.py for tasks to queue
[2025-03-09T20:05:08.145+0000] {logging_mixin.py:190} INFO - [2025-03-09T20:05:08.145+0000] {dagbag.py:588} INFO - Filling up the DagBag from /opt/airflow/dags/dag_b_clientesxprod.py
[2025-03-09T20:05:08.158+0000] {processor.py:925} INFO - DAG(s) 'schedule_clientes_produtos' retrieved from /opt/airflow/dags/dag_b_clientesxprod.py
[2025-03-09T20:05:08.195+0000] {logging_mixin.py:190} INFO - [2025-03-09T20:05:08.195+0000] {dag.py:3239} INFO - Sync 1 DAGs
[2025-03-09T20:05:08.204+0000] {logging_mixin.py:190} INFO - [2025-03-09T20:05:08.204+0000] {dag.py:4180} INFO - Setting next_dagrun for schedule_clientes_produtos to 2025-03-09T06:22:00+00:00, run_after=2025-03-10T06:22:00+00:00
[2025-03-09T20:05:08.212+0000] {processor.py:208} INFO - Processing /opt/airflow/dags/dag_b_clientesxprod.py took 0.077 seconds
[2025-03-09T20:05:38.990+0000] {processor.py:186} INFO - Started process (PID=1088) to work on /opt/airflow/dags/dag_b_clientesxprod.py
[2025-03-09T20:05:38.991+0000] {processor.py:914} INFO - Processing file /opt/airflow/dags/dag_b_clientesxprod.py for tasks to queue
[2025-03-09T20:05:38.992+0000] {logging_mixin.py:190} INFO - [2025-03-09T20:05:38.992+0000] {dagbag.py:588} INFO - Filling up the DagBag from /opt/airflow/dags/dag_b_clientesxprod.py
[2025-03-09T20:05:39.004+0000] {processor.py:925} INFO - DAG(s) 'schedule_clientes_produtos' retrieved from /opt/airflow/dags/dag_b_clientesxprod.py
[2025-03-09T20:05:39.041+0000] {logging_mixin.py:190} INFO - [2025-03-09T20:05:39.041+0000] {dag.py:3239} INFO - Sync 1 DAGs
[2025-03-09T20:05:39.050+0000] {logging_mixin.py:190} INFO - [2025-03-09T20:05:39.050+0000] {dag.py:4180} INFO - Setting next_dagrun for schedule_clientes_produtos to 2025-03-09T06:22:00+00:00, run_after=2025-03-10T06:22:00+00:00
[2025-03-09T20:05:39.059+0000] {processor.py:208} INFO - Processing /opt/airflow/dags/dag_b_clientesxprod.py took 0.074 seconds
[2025-03-09T20:06:09.709+0000] {processor.py:186} INFO - Started process (PID=1108) to work on /opt/airflow/dags/dag_b_clientesxprod.py
[2025-03-09T20:06:09.710+0000] {processor.py:914} INFO - Processing file /opt/airflow/dags/dag_b_clientesxprod.py for tasks to queue
[2025-03-09T20:06:09.711+0000] {logging_mixin.py:190} INFO - [2025-03-09T20:06:09.711+0000] {dagbag.py:588} INFO - Filling up the DagBag from /opt/airflow/dags/dag_b_clientesxprod.py
[2025-03-09T20:06:09.722+0000] {processor.py:925} INFO - DAG(s) 'schedule_clientes_produtos' retrieved from /opt/airflow/dags/dag_b_clientesxprod.py
[2025-03-09T20:06:09.760+0000] {logging_mixin.py:190} INFO - [2025-03-09T20:06:09.760+0000] {dag.py:3239} INFO - Sync 1 DAGs
[2025-03-09T20:06:09.770+0000] {logging_mixin.py:190} INFO - [2025-03-09T20:06:09.770+0000] {dag.py:4180} INFO - Setting next_dagrun for schedule_clientes_produtos to 2025-03-09T06:22:00+00:00, run_after=2025-03-10T06:22:00+00:00
[2025-03-09T20:06:09.779+0000] {processor.py:208} INFO - Processing /opt/airflow/dags/dag_b_clientesxprod.py took 0.077 seconds
[2025-03-09T20:06:40.436+0000] {processor.py:186} INFO - Started process (PID=1128) to work on /opt/airflow/dags/dag_b_clientesxprod.py
[2025-03-09T20:06:40.436+0000] {processor.py:914} INFO - Processing file /opt/airflow/dags/dag_b_clientesxprod.py for tasks to queue
[2025-03-09T20:06:40.438+0000] {logging_mixin.py:190} INFO - [2025-03-09T20:06:40.438+0000] {dagbag.py:588} INFO - Filling up the DagBag from /opt/airflow/dags/dag_b_clientesxprod.py
[2025-03-09T20:06:40.448+0000] {processor.py:925} INFO - DAG(s) 'schedule_clientes_produtos' retrieved from /opt/airflow/dags/dag_b_clientesxprod.py
[2025-03-09T20:06:40.483+0000] {logging_mixin.py:190} INFO - [2025-03-09T20:06:40.482+0000] {dag.py:3239} INFO - Sync 1 DAGs
[2025-03-09T20:06:40.492+0000] {logging_mixin.py:190} INFO - [2025-03-09T20:06:40.492+0000] {dag.py:4180} INFO - Setting next_dagrun for schedule_clientes_produtos to 2025-03-09T06:22:00+00:00, run_after=2025-03-10T06:22:00+00:00
[2025-03-09T20:06:40.500+0000] {processor.py:208} INFO - Processing /opt/airflow/dags/dag_b_clientesxprod.py took 0.067 seconds
