[2025-03-09T19:41:13.175+0000] {processor.py:186} INFO - Started process (PID=177) to work on /opt/airflow/dags/dag_s_clie_limit.py
[2025-03-09T19:41:13.178+0000] {processor.py:914} INFO - Processing file /opt/airflow/dags/dag_s_clie_limit.py for tasks to queue
[2025-03-09T19:41:13.186+0000] {logging_mixin.py:190} INFO - [2025-03-09T19:41:13.185+0000] {dagbag.py:588} INFO - Filling up the DagBag from /opt/airflow/dags/dag_s_clie_limit.py
[2025-03-09T19:41:13.200+0000] {logging_mixin.py:190} INFO - [2025-03-09T19:41:13.199+0000] {dagbag.py:387} ERROR - Failed to import: /opt/airflow/dags/dag_s_clie_limit.py
Traceback (most recent call last):
  File "/home/airflow/.local/lib/python3.8/site-packages/airflow/models/dagbag.py", line 383, in parse
    loader.exec_module(new_module)
  File "<frozen importlib._bootstrap_external>", line 843, in exec_module
  File "<frozen importlib._bootstrap>", line 219, in _call_with_frames_removed
  File "/opt/airflow/dags/dag_s_clie_limit.py", line 9, in <module>
    from airflow.dags.conf.utils import start_databricks_job, wait_for_job_to_finish
ModuleNotFoundError: No module named 'airflow.dags'
[2025-03-09T19:41:13.200+0000] {processor.py:927} WARNING - No viable dags retrieved from /opt/airflow/dags/dag_s_clie_limit.py
[2025-03-09T19:41:13.218+0000] {processor.py:208} INFO - Processing /opt/airflow/dags/dag_s_clie_limit.py took 0.050 seconds
[2025-03-09T19:41:44.209+0000] {processor.py:186} INFO - Started process (PID=209) to work on /opt/airflow/dags/dag_s_clie_limit.py
[2025-03-09T19:41:44.217+0000] {processor.py:914} INFO - Processing file /opt/airflow/dags/dag_s_clie_limit.py for tasks to queue
[2025-03-09T19:41:44.234+0000] {logging_mixin.py:190} INFO - [2025-03-09T19:41:44.234+0000] {dagbag.py:588} INFO - Filling up the DagBag from /opt/airflow/dags/dag_s_clie_limit.py
[2025-03-09T19:41:44.330+0000] {logging_mixin.py:190} INFO - [2025-03-09T19:41:44.323+0000] {dagbag.py:387} ERROR - Failed to import: /opt/airflow/dags/dag_s_clie_limit.py
Traceback (most recent call last):
  File "/home/airflow/.local/lib/python3.8/site-packages/airflow/models/dagbag.py", line 383, in parse
    loader.exec_module(new_module)
  File "<frozen importlib._bootstrap_external>", line 843, in exec_module
  File "<frozen importlib._bootstrap>", line 219, in _call_with_frames_removed
  File "/opt/airflow/dags/dag_s_clie_limit.py", line 9, in <module>
    from airflow.dags.conf.utils import start_databricks_job, wait_for_job_to_finish
ModuleNotFoundError: No module named 'airflow.dags'
[2025-03-09T19:41:44.333+0000] {processor.py:927} WARNING - No viable dags retrieved from /opt/airflow/dags/dag_s_clie_limit.py
[2025-03-09T19:41:44.463+0000] {processor.py:208} INFO - Processing /opt/airflow/dags/dag_s_clie_limit.py took 0.295 seconds
[2025-03-09T19:42:14.750+0000] {processor.py:186} INFO - Started process (PID=228) to work on /opt/airflow/dags/dag_s_clie_limit.py
[2025-03-09T19:42:14.752+0000] {processor.py:914} INFO - Processing file /opt/airflow/dags/dag_s_clie_limit.py for tasks to queue
[2025-03-09T19:42:14.775+0000] {logging_mixin.py:190} INFO - [2025-03-09T19:42:14.772+0000] {dagbag.py:588} INFO - Filling up the DagBag from /opt/airflow/dags/dag_s_clie_limit.py
[2025-03-09T19:42:14.890+0000] {logging_mixin.py:190} INFO - [2025-03-09T19:42:14.884+0000] {dagbag.py:387} ERROR - Failed to import: /opt/airflow/dags/dag_s_clie_limit.py
Traceback (most recent call last):
  File "/home/airflow/.local/lib/python3.8/site-packages/airflow/models/dagbag.py", line 383, in parse
    loader.exec_module(new_module)
  File "<frozen importlib._bootstrap_external>", line 843, in exec_module
  File "<frozen importlib._bootstrap>", line 219, in _call_with_frames_removed
  File "/opt/airflow/dags/dag_s_clie_limit.py", line 9, in <module>
    from airflow.dags.conf.utils import start_databricks_job, wait_for_job_to_finish
ModuleNotFoundError: No module named 'airflow.dags'
[2025-03-09T19:42:14.890+0000] {processor.py:927} WARNING - No viable dags retrieved from /opt/airflow/dags/dag_s_clie_limit.py
[2025-03-09T19:42:14.993+0000] {processor.py:208} INFO - Processing /opt/airflow/dags/dag_s_clie_limit.py took 0.346 seconds
[2025-03-09T19:42:45.503+0000] {processor.py:186} INFO - Started process (PID=251) to work on /opt/airflow/dags/dag_s_clie_limit.py
[2025-03-09T19:42:45.507+0000] {processor.py:914} INFO - Processing file /opt/airflow/dags/dag_s_clie_limit.py for tasks to queue
[2025-03-09T19:42:45.510+0000] {logging_mixin.py:190} INFO - [2025-03-09T19:42:45.510+0000] {dagbag.py:588} INFO - Filling up the DagBag from /opt/airflow/dags/dag_s_clie_limit.py
[2025-03-09T19:42:45.541+0000] {logging_mixin.py:190} INFO - [2025-03-09T19:42:45.539+0000] {dagbag.py:387} ERROR - Failed to import: /opt/airflow/dags/dag_s_clie_limit.py
Traceback (most recent call last):
  File "/home/airflow/.local/lib/python3.8/site-packages/airflow/models/dagbag.py", line 383, in parse
    loader.exec_module(new_module)
  File "<frozen importlib._bootstrap_external>", line 843, in exec_module
  File "<frozen importlib._bootstrap>", line 219, in _call_with_frames_removed
  File "/opt/airflow/dags/dag_s_clie_limit.py", line 9, in <module>
    from airflow.dags.conf.utils import start_databricks_job, wait_for_job_to_finish
ModuleNotFoundError: No module named 'airflow.dags'
[2025-03-09T19:42:45.541+0000] {processor.py:927} WARNING - No viable dags retrieved from /opt/airflow/dags/dag_s_clie_limit.py
[2025-03-09T19:42:45.580+0000] {processor.py:208} INFO - Processing /opt/airflow/dags/dag_s_clie_limit.py took 0.089 seconds
[2025-03-09T19:43:16.010+0000] {processor.py:186} INFO - Started process (PID=271) to work on /opt/airflow/dags/dag_s_clie_limit.py
[2025-03-09T19:43:16.011+0000] {processor.py:914} INFO - Processing file /opt/airflow/dags/dag_s_clie_limit.py for tasks to queue
[2025-03-09T19:43:16.014+0000] {logging_mixin.py:190} INFO - [2025-03-09T19:43:16.013+0000] {dagbag.py:588} INFO - Filling up the DagBag from /opt/airflow/dags/dag_s_clie_limit.py
[2025-03-09T19:43:16.029+0000] {logging_mixin.py:190} INFO - [2025-03-09T19:43:16.025+0000] {dagbag.py:387} ERROR - Failed to import: /opt/airflow/dags/dag_s_clie_limit.py
Traceback (most recent call last):
  File "/home/airflow/.local/lib/python3.8/site-packages/airflow/models/dagbag.py", line 383, in parse
    loader.exec_module(new_module)
  File "<frozen importlib._bootstrap_external>", line 843, in exec_module
  File "<frozen importlib._bootstrap>", line 219, in _call_with_frames_removed
  File "/opt/airflow/dags/dag_s_clie_limit.py", line 9, in <module>
    from airflow.dags.conf.utils import start_databricks_job, wait_for_job_to_finish
ModuleNotFoundError: No module named 'airflow.dags'
[2025-03-09T19:43:16.030+0000] {processor.py:927} WARNING - No viable dags retrieved from /opt/airflow/dags/dag_s_clie_limit.py
[2025-03-09T19:43:16.052+0000] {processor.py:208} INFO - Processing /opt/airflow/dags/dag_s_clie_limit.py took 0.048 seconds
[2025-03-09T19:43:46.483+0000] {processor.py:186} INFO - Started process (PID=291) to work on /opt/airflow/dags/dag_s_clie_limit.py
[2025-03-09T19:43:46.485+0000] {processor.py:914} INFO - Processing file /opt/airflow/dags/dag_s_clie_limit.py for tasks to queue
[2025-03-09T19:43:46.486+0000] {logging_mixin.py:190} INFO - [2025-03-09T19:43:46.486+0000] {dagbag.py:588} INFO - Filling up the DagBag from /opt/airflow/dags/dag_s_clie_limit.py
[2025-03-09T19:43:46.502+0000] {logging_mixin.py:190} INFO - [2025-03-09T19:43:46.501+0000] {dagbag.py:387} ERROR - Failed to import: /opt/airflow/dags/dag_s_clie_limit.py
Traceback (most recent call last):
  File "/home/airflow/.local/lib/python3.8/site-packages/airflow/models/dagbag.py", line 383, in parse
    loader.exec_module(new_module)
  File "<frozen importlib._bootstrap_external>", line 843, in exec_module
  File "<frozen importlib._bootstrap>", line 219, in _call_with_frames_removed
  File "/opt/airflow/dags/dag_s_clie_limit.py", line 9, in <module>
    from airflow.dags.conf.utils import start_databricks_job, wait_for_job_to_finish
ModuleNotFoundError: No module named 'airflow.dags'
[2025-03-09T19:43:46.503+0000] {processor.py:927} WARNING - No viable dags retrieved from /opt/airflow/dags/dag_s_clie_limit.py
[2025-03-09T19:43:46.530+0000] {processor.py:208} INFO - Processing /opt/airflow/dags/dag_s_clie_limit.py took 0.054 seconds
[2025-03-09T19:44:16.949+0000] {processor.py:186} INFO - Started process (PID=311) to work on /opt/airflow/dags/dag_s_clie_limit.py
[2025-03-09T19:44:16.949+0000] {processor.py:914} INFO - Processing file /opt/airflow/dags/dag_s_clie_limit.py for tasks to queue
[2025-03-09T19:44:16.952+0000] {logging_mixin.py:190} INFO - [2025-03-09T19:44:16.952+0000] {dagbag.py:588} INFO - Filling up the DagBag from /opt/airflow/dags/dag_s_clie_limit.py
[2025-03-09T19:44:16.969+0000] {logging_mixin.py:190} INFO - [2025-03-09T19:44:16.968+0000] {dagbag.py:387} ERROR - Failed to import: /opt/airflow/dags/dag_s_clie_limit.py
Traceback (most recent call last):
  File "/home/airflow/.local/lib/python3.8/site-packages/airflow/models/dagbag.py", line 383, in parse
    loader.exec_module(new_module)
  File "<frozen importlib._bootstrap_external>", line 843, in exec_module
  File "<frozen importlib._bootstrap>", line 219, in _call_with_frames_removed
  File "/opt/airflow/dags/dag_s_clie_limit.py", line 9, in <module>
    from airflow.dags.conf.utils import start_databricks_job, wait_for_job_to_finish
ModuleNotFoundError: No module named 'airflow.dags'
[2025-03-09T19:44:16.969+0000] {processor.py:927} WARNING - No viable dags retrieved from /opt/airflow/dags/dag_s_clie_limit.py
[2025-03-09T19:44:16.988+0000] {processor.py:208} INFO - Processing /opt/airflow/dags/dag_s_clie_limit.py took 0.047 seconds
[2025-03-09T19:44:47.408+0000] {processor.py:186} INFO - Started process (PID=331) to work on /opt/airflow/dags/dag_s_clie_limit.py
[2025-03-09T19:44:47.409+0000] {processor.py:914} INFO - Processing file /opt/airflow/dags/dag_s_clie_limit.py for tasks to queue
[2025-03-09T19:44:47.410+0000] {logging_mixin.py:190} INFO - [2025-03-09T19:44:47.410+0000] {dagbag.py:588} INFO - Filling up the DagBag from /opt/airflow/dags/dag_s_clie_limit.py
[2025-03-09T19:44:47.423+0000] {logging_mixin.py:190} INFO - [2025-03-09T19:44:47.422+0000] {dagbag.py:387} ERROR - Failed to import: /opt/airflow/dags/dag_s_clie_limit.py
Traceback (most recent call last):
  File "/home/airflow/.local/lib/python3.8/site-packages/airflow/models/dagbag.py", line 383, in parse
    loader.exec_module(new_module)
  File "<frozen importlib._bootstrap_external>", line 843, in exec_module
  File "<frozen importlib._bootstrap>", line 219, in _call_with_frames_removed
  File "/opt/airflow/dags/dag_s_clie_limit.py", line 9, in <module>
    from airflow.dags.conf.utils import start_databricks_job, wait_for_job_to_finish
ModuleNotFoundError: No module named 'airflow.dags'
[2025-03-09T19:44:47.424+0000] {processor.py:927} WARNING - No viable dags retrieved from /opt/airflow/dags/dag_s_clie_limit.py
[2025-03-09T19:44:47.489+0000] {processor.py:208} INFO - Processing /opt/airflow/dags/dag_s_clie_limit.py took 0.087 seconds
[2025-03-09T19:45:17.912+0000] {processor.py:186} INFO - Started process (PID=351) to work on /opt/airflow/dags/dag_s_clie_limit.py
[2025-03-09T19:45:17.913+0000] {processor.py:914} INFO - Processing file /opt/airflow/dags/dag_s_clie_limit.py for tasks to queue
[2025-03-09T19:45:17.915+0000] {logging_mixin.py:190} INFO - [2025-03-09T19:45:17.915+0000] {dagbag.py:588} INFO - Filling up the DagBag from /opt/airflow/dags/dag_s_clie_limit.py
[2025-03-09T19:45:17.928+0000] {logging_mixin.py:190} INFO - [2025-03-09T19:45:17.927+0000] {dagbag.py:387} ERROR - Failed to import: /opt/airflow/dags/dag_s_clie_limit.py
Traceback (most recent call last):
  File "/home/airflow/.local/lib/python3.8/site-packages/airflow/models/dagbag.py", line 383, in parse
    loader.exec_module(new_module)
  File "<frozen importlib._bootstrap_external>", line 843, in exec_module
  File "<frozen importlib._bootstrap>", line 219, in _call_with_frames_removed
  File "/opt/airflow/dags/dag_s_clie_limit.py", line 9, in <module>
    from airflow.dags.conf.utils import start_databricks_job, wait_for_job_to_finish
ModuleNotFoundError: No module named 'airflow.dags'
[2025-03-09T19:45:17.929+0000] {processor.py:927} WARNING - No viable dags retrieved from /opt/airflow/dags/dag_s_clie_limit.py
[2025-03-09T19:45:17.957+0000] {processor.py:208} INFO - Processing /opt/airflow/dags/dag_s_clie_limit.py took 0.052 seconds
[2025-03-09T19:45:28.736+0000] {processor.py:186} INFO - Started process (PID=378) to work on /opt/airflow/dags/dag_s_clie_limit.py
[2025-03-09T19:45:28.736+0000] {processor.py:914} INFO - Processing file /opt/airflow/dags/dag_s_clie_limit.py for tasks to queue
[2025-03-09T19:45:28.737+0000] {logging_mixin.py:190} INFO - [2025-03-09T19:45:28.737+0000] {dagbag.py:588} INFO - Filling up the DagBag from /opt/airflow/dags/dag_s_clie_limit.py
[2025-03-09T19:45:28.749+0000] {processor.py:925} INFO - DAG(s) 'dag_silver_clie_limit' retrieved from /opt/airflow/dags/dag_s_clie_limit.py
[2025-03-09T19:45:28.782+0000] {logging_mixin.py:190} INFO - [2025-03-09T19:45:28.782+0000] {dag.py:3239} INFO - Sync 1 DAGs
[2025-03-09T19:45:28.850+0000] {logging_mixin.py:190} INFO - [2025-03-09T19:45:28.849+0000] {dag.py:4180} INFO - Setting next_dagrun for dag_silver_clie_limit to 2025-03-09T06:30:00+00:00, run_after=2025-03-10T06:30:00+00:00
[2025-03-09T19:45:28.858+0000] {processor.py:208} INFO - Processing /opt/airflow/dags/dag_s_clie_limit.py took 0.125 seconds
[2025-03-09T19:46:09.512+0000] {processor.py:186} INFO - Started process (PID=184) to work on /opt/airflow/dags/dag_s_clie_limit.py
[2025-03-09T19:46:09.513+0000] {processor.py:914} INFO - Processing file /opt/airflow/dags/dag_s_clie_limit.py for tasks to queue
[2025-03-09T19:46:09.515+0000] {logging_mixin.py:190} INFO - [2025-03-09T19:46:09.514+0000] {dagbag.py:588} INFO - Filling up the DagBag from /opt/airflow/dags/dag_s_clie_limit.py
[2025-03-09T19:46:09.529+0000] {processor.py:925} INFO - DAG(s) 'dag_silver_clie_limit' retrieved from /opt/airflow/dags/dag_s_clie_limit.py
[2025-03-09T19:46:09.605+0000] {logging_mixin.py:190} INFO - [2025-03-09T19:46:09.605+0000] {dag.py:3239} INFO - Sync 1 DAGs
[2025-03-09T19:46:09.626+0000] {logging_mixin.py:190} INFO - [2025-03-09T19:46:09.626+0000] {dag.py:4180} INFO - Setting next_dagrun for dag_silver_clie_limit to 2025-03-09T06:30:00+00:00, run_after=2025-03-10T06:30:00+00:00
[2025-03-09T19:46:09.637+0000] {processor.py:208} INFO - Processing /opt/airflow/dags/dag_s_clie_limit.py took 0.138 seconds
[2025-03-09T19:46:40.960+0000] {processor.py:186} INFO - Started process (PID=214) to work on /opt/airflow/dags/dag_s_clie_limit.py
[2025-03-09T19:46:40.962+0000] {processor.py:914} INFO - Processing file /opt/airflow/dags/dag_s_clie_limit.py for tasks to queue
[2025-03-09T19:46:40.965+0000] {logging_mixin.py:190} INFO - [2025-03-09T19:46:40.965+0000] {dagbag.py:588} INFO - Filling up the DagBag from /opt/airflow/dags/dag_s_clie_limit.py
[2025-03-09T19:46:41.002+0000] {processor.py:925} INFO - DAG(s) 'dag_silver_clie_limit' retrieved from /opt/airflow/dags/dag_s_clie_limit.py
[2025-03-09T19:46:41.122+0000] {logging_mixin.py:190} INFO - [2025-03-09T19:46:41.122+0000] {dag.py:3239} INFO - Sync 1 DAGs
[2025-03-09T19:46:41.153+0000] {logging_mixin.py:190} INFO - [2025-03-09T19:46:41.153+0000] {dag.py:4180} INFO - Setting next_dagrun for dag_silver_clie_limit to 2025-03-09T06:30:00+00:00, run_after=2025-03-10T06:30:00+00:00
[2025-03-09T19:46:41.181+0000] {processor.py:208} INFO - Processing /opt/airflow/dags/dag_s_clie_limit.py took 0.225 seconds
[2025-03-09T19:47:12.083+0000] {processor.py:186} INFO - Started process (PID=236) to work on /opt/airflow/dags/dag_s_clie_limit.py
[2025-03-09T19:47:12.099+0000] {processor.py:914} INFO - Processing file /opt/airflow/dags/dag_s_clie_limit.py for tasks to queue
[2025-03-09T19:47:12.101+0000] {logging_mixin.py:190} INFO - [2025-03-09T19:47:12.100+0000] {dagbag.py:588} INFO - Filling up the DagBag from /opt/airflow/dags/dag_s_clie_limit.py
[2025-03-09T19:47:12.130+0000] {processor.py:925} INFO - DAG(s) 'dag_silver_clie_limit' retrieved from /opt/airflow/dags/dag_s_clie_limit.py
[2025-03-09T19:47:12.185+0000] {logging_mixin.py:190} INFO - [2025-03-09T19:47:12.185+0000] {dag.py:3239} INFO - Sync 1 DAGs
[2025-03-09T19:47:12.203+0000] {logging_mixin.py:190} INFO - [2025-03-09T19:47:12.203+0000] {dag.py:4180} INFO - Setting next_dagrun for dag_silver_clie_limit to 2025-03-09T06:30:00+00:00, run_after=2025-03-10T06:30:00+00:00
[2025-03-09T19:47:12.217+0000] {processor.py:208} INFO - Processing /opt/airflow/dags/dag_s_clie_limit.py took 0.139 seconds
[2025-03-09T19:47:42.748+0000] {processor.py:186} INFO - Started process (PID=254) to work on /opt/airflow/dags/dag_s_clie_limit.py
[2025-03-09T19:47:42.749+0000] {processor.py:914} INFO - Processing file /opt/airflow/dags/dag_s_clie_limit.py for tasks to queue
[2025-03-09T19:47:42.750+0000] {logging_mixin.py:190} INFO - [2025-03-09T19:47:42.750+0000] {dagbag.py:588} INFO - Filling up the DagBag from /opt/airflow/dags/dag_s_clie_limit.py
[2025-03-09T19:47:42.766+0000] {processor.py:925} INFO - DAG(s) 'dag_silver_clie_limit' retrieved from /opt/airflow/dags/dag_s_clie_limit.py
[2025-03-09T19:47:42.818+0000] {logging_mixin.py:190} INFO - [2025-03-09T19:47:42.817+0000] {dag.py:3239} INFO - Sync 1 DAGs
[2025-03-09T19:47:42.832+0000] {logging_mixin.py:190} INFO - [2025-03-09T19:47:42.832+0000] {dag.py:4180} INFO - Setting next_dagrun for dag_silver_clie_limit to 2025-03-09T06:30:00+00:00, run_after=2025-03-10T06:30:00+00:00
[2025-03-09T19:47:42.850+0000] {processor.py:208} INFO - Processing /opt/airflow/dags/dag_s_clie_limit.py took 0.106 seconds
[2025-03-09T19:48:13.379+0000] {processor.py:186} INFO - Started process (PID=274) to work on /opt/airflow/dags/dag_s_clie_limit.py
[2025-03-09T19:48:13.380+0000] {processor.py:914} INFO - Processing file /opt/airflow/dags/dag_s_clie_limit.py for tasks to queue
[2025-03-09T19:48:13.381+0000] {logging_mixin.py:190} INFO - [2025-03-09T19:48:13.381+0000] {dagbag.py:588} INFO - Filling up the DagBag from /opt/airflow/dags/dag_s_clie_limit.py
[2025-03-09T19:48:13.393+0000] {processor.py:925} INFO - DAG(s) 'dag_silver_clie_limit' retrieved from /opt/airflow/dags/dag_s_clie_limit.py
[2025-03-09T19:48:13.434+0000] {logging_mixin.py:190} INFO - [2025-03-09T19:48:13.433+0000] {dag.py:3239} INFO - Sync 1 DAGs
[2025-03-09T19:48:13.449+0000] {logging_mixin.py:190} INFO - [2025-03-09T19:48:13.449+0000] {dag.py:4180} INFO - Setting next_dagrun for dag_silver_clie_limit to 2025-03-09T06:30:00+00:00, run_after=2025-03-10T06:30:00+00:00
[2025-03-09T19:48:13.462+0000] {processor.py:208} INFO - Processing /opt/airflow/dags/dag_s_clie_limit.py took 0.087 seconds
[2025-03-09T19:48:43.905+0000] {processor.py:186} INFO - Started process (PID=294) to work on /opt/airflow/dags/dag_s_clie_limit.py
[2025-03-09T19:48:43.906+0000] {processor.py:914} INFO - Processing file /opt/airflow/dags/dag_s_clie_limit.py for tasks to queue
[2025-03-09T19:48:43.908+0000] {logging_mixin.py:190} INFO - [2025-03-09T19:48:43.907+0000] {dagbag.py:588} INFO - Filling up the DagBag from /opt/airflow/dags/dag_s_clie_limit.py
[2025-03-09T19:48:43.921+0000] {processor.py:925} INFO - DAG(s) 'dag_silver_clie_limit' retrieved from /opt/airflow/dags/dag_s_clie_limit.py
[2025-03-09T19:48:43.956+0000] {logging_mixin.py:190} INFO - [2025-03-09T19:48:43.956+0000] {dag.py:3239} INFO - Sync 1 DAGs
[2025-03-09T19:48:43.969+0000] {logging_mixin.py:190} INFO - [2025-03-09T19:48:43.969+0000] {dag.py:4180} INFO - Setting next_dagrun for dag_silver_clie_limit to 2025-03-09T06:30:00+00:00, run_after=2025-03-10T06:30:00+00:00
[2025-03-09T19:48:43.978+0000] {processor.py:208} INFO - Processing /opt/airflow/dags/dag_s_clie_limit.py took 0.077 seconds
[2025-03-09T19:49:14.815+0000] {processor.py:186} INFO - Started process (PID=317) to work on /opt/airflow/dags/dag_s_clie_limit.py
[2025-03-09T19:49:14.816+0000] {processor.py:914} INFO - Processing file /opt/airflow/dags/dag_s_clie_limit.py for tasks to queue
[2025-03-09T19:49:14.817+0000] {logging_mixin.py:190} INFO - [2025-03-09T19:49:14.817+0000] {dagbag.py:588} INFO - Filling up the DagBag from /opt/airflow/dags/dag_s_clie_limit.py
[2025-03-09T19:49:14.825+0000] {processor.py:925} INFO - DAG(s) 'dag_silver_clie_limit' retrieved from /opt/airflow/dags/dag_s_clie_limit.py
[2025-03-09T19:49:14.858+0000] {logging_mixin.py:190} INFO - [2025-03-09T19:49:14.858+0000] {dag.py:3239} INFO - Sync 1 DAGs
[2025-03-09T19:49:14.867+0000] {logging_mixin.py:190} INFO - [2025-03-09T19:49:14.867+0000] {dag.py:4180} INFO - Setting next_dagrun for dag_silver_clie_limit to 2025-03-09T06:30:00+00:00, run_after=2025-03-10T06:30:00+00:00
[2025-03-09T19:49:14.874+0000] {processor.py:208} INFO - Processing /opt/airflow/dags/dag_s_clie_limit.py took 0.065 seconds
[2025-03-09T19:49:45.387+0000] {processor.py:186} INFO - Started process (PID=335) to work on /opt/airflow/dags/dag_s_clie_limit.py
[2025-03-09T19:49:45.388+0000] {processor.py:914} INFO - Processing file /opt/airflow/dags/dag_s_clie_limit.py for tasks to queue
[2025-03-09T19:49:45.389+0000] {logging_mixin.py:190} INFO - [2025-03-09T19:49:45.389+0000] {dagbag.py:588} INFO - Filling up the DagBag from /opt/airflow/dags/dag_s_clie_limit.py
[2025-03-09T19:49:45.404+0000] {processor.py:925} INFO - DAG(s) 'dag_silver_clie_limit' retrieved from /opt/airflow/dags/dag_s_clie_limit.py
[2025-03-09T19:49:45.457+0000] {logging_mixin.py:190} INFO - [2025-03-09T19:49:45.456+0000] {dag.py:3239} INFO - Sync 1 DAGs
[2025-03-09T19:49:45.467+0000] {logging_mixin.py:190} INFO - [2025-03-09T19:49:45.467+0000] {dag.py:4180} INFO - Setting next_dagrun for dag_silver_clie_limit to 2025-03-09T06:30:00+00:00, run_after=2025-03-10T06:30:00+00:00
[2025-03-09T19:49:45.478+0000] {processor.py:208} INFO - Processing /opt/airflow/dags/dag_s_clie_limit.py took 0.094 seconds
[2025-03-09T19:50:16.253+0000] {processor.py:186} INFO - Started process (PID=357) to work on /opt/airflow/dags/dag_s_clie_limit.py
[2025-03-09T19:50:16.254+0000] {processor.py:914} INFO - Processing file /opt/airflow/dags/dag_s_clie_limit.py for tasks to queue
[2025-03-09T19:50:16.255+0000] {logging_mixin.py:190} INFO - [2025-03-09T19:50:16.254+0000] {dagbag.py:588} INFO - Filling up the DagBag from /opt/airflow/dags/dag_s_clie_limit.py
[2025-03-09T19:50:16.264+0000] {processor.py:925} INFO - DAG(s) 'dag_silver_clie_limit' retrieved from /opt/airflow/dags/dag_s_clie_limit.py
[2025-03-09T19:50:16.298+0000] {logging_mixin.py:190} INFO - [2025-03-09T19:50:16.298+0000] {dag.py:3239} INFO - Sync 1 DAGs
[2025-03-09T19:50:16.371+0000] {logging_mixin.py:190} INFO - [2025-03-09T19:50:16.371+0000] {dag.py:4180} INFO - Setting next_dagrun for dag_silver_clie_limit to 2025-03-09T06:30:00+00:00, run_after=2025-03-10T06:30:00+00:00
[2025-03-09T19:50:16.379+0000] {processor.py:208} INFO - Processing /opt/airflow/dags/dag_s_clie_limit.py took 0.129 seconds
[2025-03-09T19:50:47.165+0000] {processor.py:186} INFO - Started process (PID=377) to work on /opt/airflow/dags/dag_s_clie_limit.py
[2025-03-09T19:50:47.166+0000] {processor.py:914} INFO - Processing file /opt/airflow/dags/dag_s_clie_limit.py for tasks to queue
[2025-03-09T19:50:47.167+0000] {logging_mixin.py:190} INFO - [2025-03-09T19:50:47.167+0000] {dagbag.py:588} INFO - Filling up the DagBag from /opt/airflow/dags/dag_s_clie_limit.py
[2025-03-09T19:50:47.177+0000] {processor.py:925} INFO - DAG(s) 'dag_silver_clie_limit' retrieved from /opt/airflow/dags/dag_s_clie_limit.py
[2025-03-09T19:50:47.212+0000] {logging_mixin.py:190} INFO - [2025-03-09T19:50:47.212+0000] {dag.py:3239} INFO - Sync 1 DAGs
[2025-03-09T19:50:47.288+0000] {logging_mixin.py:190} INFO - [2025-03-09T19:50:47.288+0000] {dag.py:4180} INFO - Setting next_dagrun for dag_silver_clie_limit to 2025-03-09T06:30:00+00:00, run_after=2025-03-10T06:30:00+00:00
[2025-03-09T19:50:47.296+0000] {processor.py:208} INFO - Processing /opt/airflow/dags/dag_s_clie_limit.py took 0.134 seconds
[2025-03-09T19:51:18.078+0000] {processor.py:186} INFO - Started process (PID=397) to work on /opt/airflow/dags/dag_s_clie_limit.py
[2025-03-09T19:51:18.079+0000] {processor.py:914} INFO - Processing file /opt/airflow/dags/dag_s_clie_limit.py for tasks to queue
[2025-03-09T19:51:18.080+0000] {logging_mixin.py:190} INFO - [2025-03-09T19:51:18.080+0000] {dagbag.py:588} INFO - Filling up the DagBag from /opt/airflow/dags/dag_s_clie_limit.py
[2025-03-09T19:51:18.089+0000] {processor.py:925} INFO - DAG(s) 'dag_silver_clie_limit' retrieved from /opt/airflow/dags/dag_s_clie_limit.py
[2025-03-09T19:51:18.190+0000] {logging_mixin.py:190} INFO - [2025-03-09T19:51:18.190+0000] {dag.py:3239} INFO - Sync 1 DAGs
[2025-03-09T19:51:18.200+0000] {logging_mixin.py:190} INFO - [2025-03-09T19:51:18.200+0000] {dag.py:4180} INFO - Setting next_dagrun for dag_silver_clie_limit to 2025-03-09T06:30:00+00:00, run_after=2025-03-10T06:30:00+00:00
[2025-03-09T19:51:18.210+0000] {processor.py:208} INFO - Processing /opt/airflow/dags/dag_s_clie_limit.py took 0.135 seconds
[2025-03-09T19:51:48.949+0000] {processor.py:186} INFO - Started process (PID=417) to work on /opt/airflow/dags/dag_s_clie_limit.py
[2025-03-09T19:51:48.949+0000] {processor.py:914} INFO - Processing file /opt/airflow/dags/dag_s_clie_limit.py for tasks to queue
[2025-03-09T19:51:48.950+0000] {logging_mixin.py:190} INFO - [2025-03-09T19:51:48.950+0000] {dagbag.py:588} INFO - Filling up the DagBag from /opt/airflow/dags/dag_s_clie_limit.py
[2025-03-09T19:51:48.960+0000] {processor.py:925} INFO - DAG(s) 'dag_silver_clie_limit' retrieved from /opt/airflow/dags/dag_s_clie_limit.py
[2025-03-09T19:51:49.059+0000] {logging_mixin.py:190} INFO - [2025-03-09T19:51:49.059+0000] {dag.py:3239} INFO - Sync 1 DAGs
[2025-03-09T19:51:49.068+0000] {logging_mixin.py:190} INFO - [2025-03-09T19:51:49.068+0000] {dag.py:4180} INFO - Setting next_dagrun for dag_silver_clie_limit to 2025-03-09T06:30:00+00:00, run_after=2025-03-10T06:30:00+00:00
[2025-03-09T19:51:49.075+0000] {processor.py:208} INFO - Processing /opt/airflow/dags/dag_s_clie_limit.py took 0.130 seconds
[2025-03-09T19:52:19.816+0000] {processor.py:186} INFO - Started process (PID=437) to work on /opt/airflow/dags/dag_s_clie_limit.py
[2025-03-09T19:52:19.816+0000] {processor.py:914} INFO - Processing file /opt/airflow/dags/dag_s_clie_limit.py for tasks to queue
[2025-03-09T19:52:19.817+0000] {logging_mixin.py:190} INFO - [2025-03-09T19:52:19.817+0000] {dagbag.py:588} INFO - Filling up the DagBag from /opt/airflow/dags/dag_s_clie_limit.py
[2025-03-09T19:52:19.827+0000] {processor.py:925} INFO - DAG(s) 'dag_silver_clie_limit' retrieved from /opt/airflow/dags/dag_s_clie_limit.py
[2025-03-09T19:52:19.919+0000] {logging_mixin.py:190} INFO - [2025-03-09T19:52:19.919+0000] {dag.py:3239} INFO - Sync 1 DAGs
[2025-03-09T19:52:19.928+0000] {logging_mixin.py:190} INFO - [2025-03-09T19:52:19.928+0000] {dag.py:4180} INFO - Setting next_dagrun for dag_silver_clie_limit to 2025-03-09T06:30:00+00:00, run_after=2025-03-10T06:30:00+00:00
[2025-03-09T19:52:19.936+0000] {processor.py:208} INFO - Processing /opt/airflow/dags/dag_s_clie_limit.py took 0.124 seconds
[2025-03-09T19:52:50.452+0000] {processor.py:186} INFO - Started process (PID=455) to work on /opt/airflow/dags/dag_s_clie_limit.py
[2025-03-09T19:52:50.453+0000] {processor.py:914} INFO - Processing file /opt/airflow/dags/dag_s_clie_limit.py for tasks to queue
[2025-03-09T19:52:50.454+0000] {logging_mixin.py:190} INFO - [2025-03-09T19:52:50.454+0000] {dagbag.py:588} INFO - Filling up the DagBag from /opt/airflow/dags/dag_s_clie_limit.py
[2025-03-09T19:52:50.539+0000] {processor.py:925} INFO - DAG(s) 'dag_silver_clie_limit' retrieved from /opt/airflow/dags/dag_s_clie_limit.py
[2025-03-09T19:52:50.577+0000] {logging_mixin.py:190} INFO - [2025-03-09T19:52:50.577+0000] {dag.py:3239} INFO - Sync 1 DAGs
[2025-03-09T19:52:50.590+0000] {logging_mixin.py:190} INFO - [2025-03-09T19:52:50.590+0000] {dag.py:4180} INFO - Setting next_dagrun for dag_silver_clie_limit to 2025-03-09T06:30:00+00:00, run_after=2025-03-10T06:30:00+00:00
[2025-03-09T19:52:50.601+0000] {processor.py:208} INFO - Processing /opt/airflow/dags/dag_s_clie_limit.py took 0.152 seconds
[2025-03-09T19:53:21.352+0000] {processor.py:186} INFO - Started process (PID=476) to work on /opt/airflow/dags/dag_s_clie_limit.py
[2025-03-09T19:53:21.356+0000] {processor.py:914} INFO - Processing file /opt/airflow/dags/dag_s_clie_limit.py for tasks to queue
[2025-03-09T19:53:21.357+0000] {logging_mixin.py:190} INFO - [2025-03-09T19:53:21.357+0000] {dagbag.py:588} INFO - Filling up the DagBag from /opt/airflow/dags/dag_s_clie_limit.py
[2025-03-09T19:53:21.371+0000] {processor.py:925} INFO - DAG(s) 'dag_silver_clie_limit' retrieved from /opt/airflow/dags/dag_s_clie_limit.py
[2025-03-09T19:53:21.419+0000] {logging_mixin.py:190} INFO - [2025-03-09T19:53:21.419+0000] {dag.py:3239} INFO - Sync 1 DAGs
[2025-03-09T19:53:21.431+0000] {logging_mixin.py:190} INFO - [2025-03-09T19:53:21.431+0000] {dag.py:4180} INFO - Setting next_dagrun for dag_silver_clie_limit to 2025-03-09T06:30:00+00:00, run_after=2025-03-10T06:30:00+00:00
[2025-03-09T19:53:21.445+0000] {processor.py:208} INFO - Processing /opt/airflow/dags/dag_s_clie_limit.py took 0.096 seconds
[2025-03-09T19:53:52.059+0000] {processor.py:186} INFO - Started process (PID=497) to work on /opt/airflow/dags/dag_s_clie_limit.py
[2025-03-09T19:53:52.060+0000] {processor.py:914} INFO - Processing file /opt/airflow/dags/dag_s_clie_limit.py for tasks to queue
[2025-03-09T19:53:52.060+0000] {logging_mixin.py:190} INFO - [2025-03-09T19:53:52.060+0000] {dagbag.py:588} INFO - Filling up the DagBag from /opt/airflow/dags/dag_s_clie_limit.py
[2025-03-09T19:53:52.070+0000] {processor.py:925} INFO - DAG(s) 'dag_silver_clie_limit' retrieved from /opt/airflow/dags/dag_s_clie_limit.py
[2025-03-09T19:53:52.103+0000] {logging_mixin.py:190} INFO - [2025-03-09T19:53:52.103+0000] {dag.py:3239} INFO - Sync 1 DAGs
[2025-03-09T19:53:52.112+0000] {logging_mixin.py:190} INFO - [2025-03-09T19:53:52.112+0000] {dag.py:4180} INFO - Setting next_dagrun for dag_silver_clie_limit to 2025-03-09T06:30:00+00:00, run_after=2025-03-10T06:30:00+00:00
[2025-03-09T19:53:52.120+0000] {processor.py:208} INFO - Processing /opt/airflow/dags/dag_s_clie_limit.py took 0.065 seconds
[2025-03-09T19:54:22.746+0000] {processor.py:186} INFO - Started process (PID=517) to work on /opt/airflow/dags/dag_s_clie_limit.py
[2025-03-09T19:54:22.747+0000] {processor.py:914} INFO - Processing file /opt/airflow/dags/dag_s_clie_limit.py for tasks to queue
[2025-03-09T19:54:22.748+0000] {logging_mixin.py:190} INFO - [2025-03-09T19:54:22.747+0000] {dagbag.py:588} INFO - Filling up the DagBag from /opt/airflow/dags/dag_s_clie_limit.py
[2025-03-09T19:54:22.757+0000] {processor.py:925} INFO - DAG(s) 'dag_silver_clie_limit' retrieved from /opt/airflow/dags/dag_s_clie_limit.py
[2025-03-09T19:54:22.792+0000] {logging_mixin.py:190} INFO - [2025-03-09T19:54:22.792+0000] {dag.py:3239} INFO - Sync 1 DAGs
[2025-03-09T19:54:22.804+0000] {logging_mixin.py:190} INFO - [2025-03-09T19:54:22.804+0000] {dag.py:4180} INFO - Setting next_dagrun for dag_silver_clie_limit to 2025-03-09T06:30:00+00:00, run_after=2025-03-10T06:30:00+00:00
[2025-03-09T19:54:22.811+0000] {processor.py:208} INFO - Processing /opt/airflow/dags/dag_s_clie_limit.py took 0.069 seconds
[2025-03-09T19:54:53.342+0000] {processor.py:186} INFO - Started process (PID=537) to work on /opt/airflow/dags/dag_s_clie_limit.py
[2025-03-09T19:54:53.345+0000] {processor.py:914} INFO - Processing file /opt/airflow/dags/dag_s_clie_limit.py for tasks to queue
[2025-03-09T19:54:53.346+0000] {logging_mixin.py:190} INFO - [2025-03-09T19:54:53.346+0000] {dagbag.py:588} INFO - Filling up the DagBag from /opt/airflow/dags/dag_s_clie_limit.py
[2025-03-09T19:54:53.356+0000] {processor.py:925} INFO - DAG(s) 'dag_silver_clie_limit' retrieved from /opt/airflow/dags/dag_s_clie_limit.py
[2025-03-09T19:54:53.397+0000] {logging_mixin.py:190} INFO - [2025-03-09T19:54:53.397+0000] {dag.py:3239} INFO - Sync 1 DAGs
[2025-03-09T19:54:53.409+0000] {logging_mixin.py:190} INFO - [2025-03-09T19:54:53.408+0000] {dag.py:4180} INFO - Setting next_dagrun for dag_silver_clie_limit to 2025-03-09T06:30:00+00:00, run_after=2025-03-10T06:30:00+00:00
[2025-03-09T19:54:53.420+0000] {processor.py:208} INFO - Processing /opt/airflow/dags/dag_s_clie_limit.py took 0.081 seconds
[2025-03-09T19:55:24.070+0000] {processor.py:186} INFO - Started process (PID=557) to work on /opt/airflow/dags/dag_s_clie_limit.py
[2025-03-09T19:55:24.070+0000] {processor.py:914} INFO - Processing file /opt/airflow/dags/dag_s_clie_limit.py for tasks to queue
[2025-03-09T19:55:24.071+0000] {logging_mixin.py:190} INFO - [2025-03-09T19:55:24.071+0000] {dagbag.py:588} INFO - Filling up the DagBag from /opt/airflow/dags/dag_s_clie_limit.py
[2025-03-09T19:55:24.081+0000] {processor.py:925} INFO - DAG(s) 'dag_silver_clie_limit' retrieved from /opt/airflow/dags/dag_s_clie_limit.py
[2025-03-09T19:55:24.116+0000] {logging_mixin.py:190} INFO - [2025-03-09T19:55:24.115+0000] {dag.py:3239} INFO - Sync 1 DAGs
[2025-03-09T19:55:24.125+0000] {logging_mixin.py:190} INFO - [2025-03-09T19:55:24.125+0000] {dag.py:4180} INFO - Setting next_dagrun for dag_silver_clie_limit to 2025-03-09T06:30:00+00:00, run_after=2025-03-10T06:30:00+00:00
[2025-03-09T19:55:24.133+0000] {processor.py:208} INFO - Processing /opt/airflow/dags/dag_s_clie_limit.py took 0.067 seconds
[2025-03-09T19:55:54.765+0000] {processor.py:186} INFO - Started process (PID=577) to work on /opt/airflow/dags/dag_s_clie_limit.py
[2025-03-09T19:55:54.766+0000] {processor.py:914} INFO - Processing file /opt/airflow/dags/dag_s_clie_limit.py for tasks to queue
[2025-03-09T19:55:54.767+0000] {logging_mixin.py:190} INFO - [2025-03-09T19:55:54.767+0000] {dagbag.py:588} INFO - Filling up the DagBag from /opt/airflow/dags/dag_s_clie_limit.py
[2025-03-09T19:55:54.776+0000] {processor.py:925} INFO - DAG(s) 'dag_silver_clie_limit' retrieved from /opt/airflow/dags/dag_s_clie_limit.py
[2025-03-09T19:55:54.810+0000] {logging_mixin.py:190} INFO - [2025-03-09T19:55:54.809+0000] {dag.py:3239} INFO - Sync 1 DAGs
[2025-03-09T19:55:54.819+0000] {logging_mixin.py:190} INFO - [2025-03-09T19:55:54.819+0000] {dag.py:4180} INFO - Setting next_dagrun for dag_silver_clie_limit to 2025-03-09T06:30:00+00:00, run_after=2025-03-10T06:30:00+00:00
[2025-03-09T19:55:54.827+0000] {processor.py:208} INFO - Processing /opt/airflow/dags/dag_s_clie_limit.py took 0.065 seconds
[2025-03-09T19:56:25.607+0000] {processor.py:186} INFO - Started process (PID=717) to work on /opt/airflow/dags/dag_s_clie_limit.py
[2025-03-09T19:56:25.608+0000] {processor.py:914} INFO - Processing file /opt/airflow/dags/dag_s_clie_limit.py for tasks to queue
[2025-03-09T19:56:25.609+0000] {logging_mixin.py:190} INFO - [2025-03-09T19:56:25.609+0000] {dagbag.py:588} INFO - Filling up the DagBag from /opt/airflow/dags/dag_s_clie_limit.py
[2025-03-09T19:56:25.620+0000] {processor.py:925} INFO - DAG(s) 'dag_silver_clie_limit' retrieved from /opt/airflow/dags/dag_s_clie_limit.py
[2025-03-09T19:56:25.658+0000] {logging_mixin.py:190} INFO - [2025-03-09T19:56:25.657+0000] {dag.py:3239} INFO - Sync 1 DAGs
[2025-03-09T19:56:25.668+0000] {logging_mixin.py:190} INFO - [2025-03-09T19:56:25.668+0000] {dag.py:4180} INFO - Setting next_dagrun for dag_silver_clie_limit to 2025-03-09T06:30:00+00:00, run_after=2025-03-10T06:30:00+00:00
[2025-03-09T19:56:25.676+0000] {processor.py:208} INFO - Processing /opt/airflow/dags/dag_s_clie_limit.py took 0.077 seconds
[2025-03-09T19:56:56.182+0000] {processor.py:186} INFO - Started process (PID=737) to work on /opt/airflow/dags/dag_s_clie_limit.py
[2025-03-09T19:56:56.183+0000] {processor.py:914} INFO - Processing file /opt/airflow/dags/dag_s_clie_limit.py for tasks to queue
[2025-03-09T19:56:56.184+0000] {logging_mixin.py:190} INFO - [2025-03-09T19:56:56.184+0000] {dagbag.py:588} INFO - Filling up the DagBag from /opt/airflow/dags/dag_s_clie_limit.py
[2025-03-09T19:56:56.194+0000] {processor.py:925} INFO - DAG(s) 'dag_silver_clie_limit' retrieved from /opt/airflow/dags/dag_s_clie_limit.py
[2025-03-09T19:56:56.228+0000] {logging_mixin.py:190} INFO - [2025-03-09T19:56:56.228+0000] {dag.py:3239} INFO - Sync 1 DAGs
[2025-03-09T19:56:56.237+0000] {logging_mixin.py:190} INFO - [2025-03-09T19:56:56.237+0000] {dag.py:4180} INFO - Setting next_dagrun for dag_silver_clie_limit to 2025-03-09T06:30:00+00:00, run_after=2025-03-10T06:30:00+00:00
[2025-03-09T19:56:56.245+0000] {processor.py:208} INFO - Processing /opt/airflow/dags/dag_s_clie_limit.py took 0.068 seconds
[2025-03-09T19:57:26.884+0000] {processor.py:186} INFO - Started process (PID=763) to work on /opt/airflow/dags/dag_s_clie_limit.py
[2025-03-09T19:57:26.885+0000] {processor.py:914} INFO - Processing file /opt/airflow/dags/dag_s_clie_limit.py for tasks to queue
[2025-03-09T19:57:26.886+0000] {logging_mixin.py:190} INFO - [2025-03-09T19:57:26.886+0000] {dagbag.py:588} INFO - Filling up the DagBag from /opt/airflow/dags/dag_s_clie_limit.py
[2025-03-09T19:57:26.897+0000] {processor.py:925} INFO - DAG(s) 'dag_silver_clie_limit' retrieved from /opt/airflow/dags/dag_s_clie_limit.py
[2025-03-09T19:57:26.931+0000] {logging_mixin.py:190} INFO - [2025-03-09T19:57:26.931+0000] {dag.py:3239} INFO - Sync 1 DAGs
[2025-03-09T19:57:26.941+0000] {logging_mixin.py:190} INFO - [2025-03-09T19:57:26.941+0000] {dag.py:4180} INFO - Setting next_dagrun for dag_silver_clie_limit to 2025-03-09T06:30:00+00:00, run_after=2025-03-10T06:30:00+00:00
[2025-03-09T19:57:26.948+0000] {processor.py:208} INFO - Processing /opt/airflow/dags/dag_s_clie_limit.py took 0.070 seconds
[2025-03-09T19:57:57.627+0000] {processor.py:186} INFO - Started process (PID=783) to work on /opt/airflow/dags/dag_s_clie_limit.py
[2025-03-09T19:57:57.628+0000] {processor.py:914} INFO - Processing file /opt/airflow/dags/dag_s_clie_limit.py for tasks to queue
[2025-03-09T19:57:57.629+0000] {logging_mixin.py:190} INFO - [2025-03-09T19:57:57.629+0000] {dagbag.py:588} INFO - Filling up the DagBag from /opt/airflow/dags/dag_s_clie_limit.py
[2025-03-09T19:57:57.639+0000] {processor.py:925} INFO - DAG(s) 'dag_silver_clie_limit' retrieved from /opt/airflow/dags/dag_s_clie_limit.py
[2025-03-09T19:57:57.678+0000] {logging_mixin.py:190} INFO - [2025-03-09T19:57:57.678+0000] {dag.py:3239} INFO - Sync 1 DAGs
[2025-03-09T19:57:57.690+0000] {logging_mixin.py:190} INFO - [2025-03-09T19:57:57.690+0000] {dag.py:4180} INFO - Setting next_dagrun for dag_silver_clie_limit to 2025-03-09T06:30:00+00:00, run_after=2025-03-10T06:30:00+00:00
[2025-03-09T19:57:57.700+0000] {processor.py:208} INFO - Processing /opt/airflow/dags/dag_s_clie_limit.py took 0.076 seconds
[2025-03-09T19:58:28.313+0000] {processor.py:186} INFO - Started process (PID=803) to work on /opt/airflow/dags/dag_s_clie_limit.py
[2025-03-09T19:58:28.314+0000] {processor.py:914} INFO - Processing file /opt/airflow/dags/dag_s_clie_limit.py for tasks to queue
[2025-03-09T19:58:28.315+0000] {logging_mixin.py:190} INFO - [2025-03-09T19:58:28.315+0000] {dagbag.py:588} INFO - Filling up the DagBag from /opt/airflow/dags/dag_s_clie_limit.py
[2025-03-09T19:58:28.324+0000] {processor.py:925} INFO - DAG(s) 'dag_silver_clie_limit' retrieved from /opt/airflow/dags/dag_s_clie_limit.py
[2025-03-09T19:58:28.366+0000] {logging_mixin.py:190} INFO - [2025-03-09T19:58:28.366+0000] {dag.py:3239} INFO - Sync 1 DAGs
[2025-03-09T19:58:28.377+0000] {logging_mixin.py:190} INFO - [2025-03-09T19:58:28.377+0000] {dag.py:4180} INFO - Setting next_dagrun for dag_silver_clie_limit to 2025-03-09T06:30:00+00:00, run_after=2025-03-10T06:30:00+00:00
[2025-03-09T19:58:28.385+0000] {processor.py:208} INFO - Processing /opt/airflow/dags/dag_s_clie_limit.py took 0.074 seconds
[2025-03-09T19:58:59.112+0000] {processor.py:186} INFO - Started process (PID=823) to work on /opt/airflow/dags/dag_s_clie_limit.py
[2025-03-09T19:58:59.113+0000] {processor.py:914} INFO - Processing file /opt/airflow/dags/dag_s_clie_limit.py for tasks to queue
[2025-03-09T19:58:59.114+0000] {logging_mixin.py:190} INFO - [2025-03-09T19:58:59.114+0000] {dagbag.py:588} INFO - Filling up the DagBag from /opt/airflow/dags/dag_s_clie_limit.py
[2025-03-09T19:58:59.123+0000] {processor.py:925} INFO - DAG(s) 'dag_silver_clie_limit' retrieved from /opt/airflow/dags/dag_s_clie_limit.py
[2025-03-09T19:58:59.158+0000] {logging_mixin.py:190} INFO - [2025-03-09T19:58:59.158+0000] {dag.py:3239} INFO - Sync 1 DAGs
[2025-03-09T19:58:59.167+0000] {logging_mixin.py:190} INFO - [2025-03-09T19:58:59.167+0000] {dag.py:4180} INFO - Setting next_dagrun for dag_silver_clie_limit to 2025-03-09T06:30:00+00:00, run_after=2025-03-10T06:30:00+00:00
[2025-03-09T19:58:59.175+0000] {processor.py:208} INFO - Processing /opt/airflow/dags/dag_s_clie_limit.py took 0.066 seconds
[2025-03-09T19:59:29.693+0000] {processor.py:186} INFO - Started process (PID=841) to work on /opt/airflow/dags/dag_s_clie_limit.py
[2025-03-09T19:59:29.694+0000] {processor.py:914} INFO - Processing file /opt/airflow/dags/dag_s_clie_limit.py for tasks to queue
[2025-03-09T19:59:29.695+0000] {logging_mixin.py:190} INFO - [2025-03-09T19:59:29.695+0000] {dagbag.py:588} INFO - Filling up the DagBag from /opt/airflow/dags/dag_s_clie_limit.py
[2025-03-09T19:59:29.707+0000] {processor.py:925} INFO - DAG(s) 'dag_silver_clie_limit' retrieved from /opt/airflow/dags/dag_s_clie_limit.py
[2025-03-09T19:59:29.750+0000] {logging_mixin.py:190} INFO - [2025-03-09T19:59:29.749+0000] {dag.py:3239} INFO - Sync 1 DAGs
[2025-03-09T19:59:29.761+0000] {logging_mixin.py:190} INFO - [2025-03-09T19:59:29.761+0000] {dag.py:4180} INFO - Setting next_dagrun for dag_silver_clie_limit to 2025-03-09T06:30:00+00:00, run_after=2025-03-10T06:30:00+00:00
[2025-03-09T19:59:29.775+0000] {processor.py:208} INFO - Processing /opt/airflow/dags/dag_s_clie_limit.py took 0.086 seconds
[2025-03-09T20:00:00.410+0000] {processor.py:186} INFO - Started process (PID=863) to work on /opt/airflow/dags/dag_s_clie_limit.py
[2025-03-09T20:00:00.410+0000] {processor.py:914} INFO - Processing file /opt/airflow/dags/dag_s_clie_limit.py for tasks to queue
[2025-03-09T20:00:00.411+0000] {logging_mixin.py:190} INFO - [2025-03-09T20:00:00.411+0000] {dagbag.py:588} INFO - Filling up the DagBag from /opt/airflow/dags/dag_s_clie_limit.py
[2025-03-09T20:00:00.420+0000] {processor.py:925} INFO - DAG(s) 'dag_silver_clie_limit' retrieved from /opt/airflow/dags/dag_s_clie_limit.py
[2025-03-09T20:00:00.454+0000] {logging_mixin.py:190} INFO - [2025-03-09T20:00:00.454+0000] {dag.py:3239} INFO - Sync 1 DAGs
[2025-03-09T20:00:00.463+0000] {logging_mixin.py:190} INFO - [2025-03-09T20:00:00.463+0000] {dag.py:4180} INFO - Setting next_dagrun for dag_silver_clie_limit to 2025-03-09T06:30:00+00:00, run_after=2025-03-10T06:30:00+00:00
[2025-03-09T20:00:00.472+0000] {processor.py:208} INFO - Processing /opt/airflow/dags/dag_s_clie_limit.py took 0.066 seconds
[2025-03-09T20:00:31.150+0000] {processor.py:186} INFO - Started process (PID=883) to work on /opt/airflow/dags/dag_s_clie_limit.py
[2025-03-09T20:00:31.150+0000] {processor.py:914} INFO - Processing file /opt/airflow/dags/dag_s_clie_limit.py for tasks to queue
[2025-03-09T20:00:31.151+0000] {logging_mixin.py:190} INFO - [2025-03-09T20:00:31.151+0000] {dagbag.py:588} INFO - Filling up the DagBag from /opt/airflow/dags/dag_s_clie_limit.py
[2025-03-09T20:00:31.161+0000] {processor.py:925} INFO - DAG(s) 'dag_silver_clie_limit' retrieved from /opt/airflow/dags/dag_s_clie_limit.py
[2025-03-09T20:00:31.198+0000] {logging_mixin.py:190} INFO - [2025-03-09T20:00:31.198+0000] {dag.py:3239} INFO - Sync 1 DAGs
[2025-03-09T20:00:31.208+0000] {logging_mixin.py:190} INFO - [2025-03-09T20:00:31.208+0000] {dag.py:4180} INFO - Setting next_dagrun for dag_silver_clie_limit to 2025-03-09T06:30:00+00:00, run_after=2025-03-10T06:30:00+00:00
[2025-03-09T20:00:31.216+0000] {processor.py:208} INFO - Processing /opt/airflow/dags/dag_s_clie_limit.py took 0.070 seconds
[2025-03-09T20:01:01.873+0000] {processor.py:186} INFO - Started process (PID=903) to work on /opt/airflow/dags/dag_s_clie_limit.py
[2025-03-09T20:01:01.873+0000] {processor.py:914} INFO - Processing file /opt/airflow/dags/dag_s_clie_limit.py for tasks to queue
[2025-03-09T20:01:01.874+0000] {logging_mixin.py:190} INFO - [2025-03-09T20:01:01.874+0000] {dagbag.py:588} INFO - Filling up the DagBag from /opt/airflow/dags/dag_s_clie_limit.py
[2025-03-09T20:01:01.891+0000] {processor.py:925} INFO - DAG(s) 'dag_silver_clie_limit' retrieved from /opt/airflow/dags/dag_s_clie_limit.py
[2025-03-09T20:01:01.949+0000] {logging_mixin.py:190} INFO - [2025-03-09T20:01:01.948+0000] {dag.py:3239} INFO - Sync 1 DAGs
[2025-03-09T20:01:01.961+0000] {logging_mixin.py:190} INFO - [2025-03-09T20:01:01.961+0000] {dag.py:4180} INFO - Setting next_dagrun for dag_silver_clie_limit to 2025-03-09T06:30:00+00:00, run_after=2025-03-10T06:30:00+00:00
[2025-03-09T20:01:01.972+0000] {processor.py:208} INFO - Processing /opt/airflow/dags/dag_s_clie_limit.py took 0.103 seconds
[2025-03-09T20:01:32.697+0000] {processor.py:186} INFO - Started process (PID=923) to work on /opt/airflow/dags/dag_s_clie_limit.py
[2025-03-09T20:01:32.698+0000] {processor.py:914} INFO - Processing file /opt/airflow/dags/dag_s_clie_limit.py for tasks to queue
[2025-03-09T20:01:32.699+0000] {logging_mixin.py:190} INFO - [2025-03-09T20:01:32.699+0000] {dagbag.py:588} INFO - Filling up the DagBag from /opt/airflow/dags/dag_s_clie_limit.py
[2025-03-09T20:01:32.709+0000] {processor.py:925} INFO - DAG(s) 'dag_silver_clie_limit' retrieved from /opt/airflow/dags/dag_s_clie_limit.py
[2025-03-09T20:01:32.747+0000] {logging_mixin.py:190} INFO - [2025-03-09T20:01:32.747+0000] {dag.py:3239} INFO - Sync 1 DAGs
[2025-03-09T20:01:32.757+0000] {logging_mixin.py:190} INFO - [2025-03-09T20:01:32.756+0000] {dag.py:4180} INFO - Setting next_dagrun for dag_silver_clie_limit to 2025-03-09T06:30:00+00:00, run_after=2025-03-10T06:30:00+00:00
[2025-03-09T20:01:32.764+0000] {processor.py:208} INFO - Processing /opt/airflow/dags/dag_s_clie_limit.py took 0.070 seconds
[2025-03-09T20:02:03.416+0000] {processor.py:186} INFO - Started process (PID=943) to work on /opt/airflow/dags/dag_s_clie_limit.py
[2025-03-09T20:02:03.416+0000] {processor.py:914} INFO - Processing file /opt/airflow/dags/dag_s_clie_limit.py for tasks to queue
[2025-03-09T20:02:03.417+0000] {logging_mixin.py:190} INFO - [2025-03-09T20:02:03.417+0000] {dagbag.py:588} INFO - Filling up the DagBag from /opt/airflow/dags/dag_s_clie_limit.py
[2025-03-09T20:02:03.426+0000] {processor.py:925} INFO - DAG(s) 'dag_silver_clie_limit' retrieved from /opt/airflow/dags/dag_s_clie_limit.py
[2025-03-09T20:02:03.462+0000] {logging_mixin.py:190} INFO - [2025-03-09T20:02:03.462+0000] {dag.py:3239} INFO - Sync 1 DAGs
[2025-03-09T20:02:03.472+0000] {logging_mixin.py:190} INFO - [2025-03-09T20:02:03.472+0000] {dag.py:4180} INFO - Setting next_dagrun for dag_silver_clie_limit to 2025-03-09T06:30:00+00:00, run_after=2025-03-10T06:30:00+00:00
[2025-03-09T20:02:03.481+0000] {processor.py:208} INFO - Processing /opt/airflow/dags/dag_s_clie_limit.py took 0.068 seconds
[2025-03-09T20:02:34.227+0000] {processor.py:186} INFO - Started process (PID=963) to work on /opt/airflow/dags/dag_s_clie_limit.py
[2025-03-09T20:02:34.228+0000] {processor.py:914} INFO - Processing file /opt/airflow/dags/dag_s_clie_limit.py for tasks to queue
[2025-03-09T20:02:34.229+0000] {logging_mixin.py:190} INFO - [2025-03-09T20:02:34.229+0000] {dagbag.py:588} INFO - Filling up the DagBag from /opt/airflow/dags/dag_s_clie_limit.py
[2025-03-09T20:02:34.239+0000] {processor.py:925} INFO - DAG(s) 'dag_silver_clie_limit' retrieved from /opt/airflow/dags/dag_s_clie_limit.py
[2025-03-09T20:02:34.275+0000] {logging_mixin.py:190} INFO - [2025-03-09T20:02:34.274+0000] {dag.py:3239} INFO - Sync 1 DAGs
[2025-03-09T20:02:34.287+0000] {logging_mixin.py:190} INFO - [2025-03-09T20:02:34.287+0000] {dag.py:4180} INFO - Setting next_dagrun for dag_silver_clie_limit to 2025-03-09T06:30:00+00:00, run_after=2025-03-10T06:30:00+00:00
[2025-03-09T20:02:34.295+0000] {processor.py:208} INFO - Processing /opt/airflow/dags/dag_s_clie_limit.py took 0.072 seconds
[2025-03-09T20:03:05.007+0000] {processor.py:186} INFO - Started process (PID=983) to work on /opt/airflow/dags/dag_s_clie_limit.py
[2025-03-09T20:03:05.008+0000] {processor.py:914} INFO - Processing file /opt/airflow/dags/dag_s_clie_limit.py for tasks to queue
[2025-03-09T20:03:05.009+0000] {logging_mixin.py:190} INFO - [2025-03-09T20:03:05.009+0000] {dagbag.py:588} INFO - Filling up the DagBag from /opt/airflow/dags/dag_s_clie_limit.py
[2025-03-09T20:03:05.019+0000] {processor.py:925} INFO - DAG(s) 'dag_silver_clie_limit' retrieved from /opt/airflow/dags/dag_s_clie_limit.py
[2025-03-09T20:03:05.053+0000] {logging_mixin.py:190} INFO - [2025-03-09T20:03:05.053+0000] {dag.py:3239} INFO - Sync 1 DAGs
[2025-03-09T20:03:05.063+0000] {logging_mixin.py:190} INFO - [2025-03-09T20:03:05.063+0000] {dag.py:4180} INFO - Setting next_dagrun for dag_silver_clie_limit to 2025-03-09T06:30:00+00:00, run_after=2025-03-10T06:30:00+00:00
[2025-03-09T20:03:05.071+0000] {processor.py:208} INFO - Processing /opt/airflow/dags/dag_s_clie_limit.py took 0.067 seconds
[2025-03-09T20:03:35.763+0000] {processor.py:186} INFO - Started process (PID=1003) to work on /opt/airflow/dags/dag_s_clie_limit.py
[2025-03-09T20:03:35.764+0000] {processor.py:914} INFO - Processing file /opt/airflow/dags/dag_s_clie_limit.py for tasks to queue
[2025-03-09T20:03:35.765+0000] {logging_mixin.py:190} INFO - [2025-03-09T20:03:35.765+0000] {dagbag.py:588} INFO - Filling up the DagBag from /opt/airflow/dags/dag_s_clie_limit.py
[2025-03-09T20:03:35.774+0000] {processor.py:925} INFO - DAG(s) 'dag_silver_clie_limit' retrieved from /opt/airflow/dags/dag_s_clie_limit.py
[2025-03-09T20:03:35.809+0000] {logging_mixin.py:190} INFO - [2025-03-09T20:03:35.808+0000] {dag.py:3239} INFO - Sync 1 DAGs
[2025-03-09T20:03:35.818+0000] {logging_mixin.py:190} INFO - [2025-03-09T20:03:35.818+0000] {dag.py:4180} INFO - Setting next_dagrun for dag_silver_clie_limit to 2025-03-09T06:30:00+00:00, run_after=2025-03-10T06:30:00+00:00
[2025-03-09T20:03:35.826+0000] {processor.py:208} INFO - Processing /opt/airflow/dags/dag_s_clie_limit.py took 0.065 seconds
[2025-03-09T20:04:06.539+0000] {processor.py:186} INFO - Started process (PID=1023) to work on /opt/airflow/dags/dag_s_clie_limit.py
[2025-03-09T20:04:06.540+0000] {processor.py:914} INFO - Processing file /opt/airflow/dags/dag_s_clie_limit.py for tasks to queue
[2025-03-09T20:04:06.541+0000] {logging_mixin.py:190} INFO - [2025-03-09T20:04:06.541+0000] {dagbag.py:588} INFO - Filling up the DagBag from /opt/airflow/dags/dag_s_clie_limit.py
[2025-03-09T20:04:06.554+0000] {processor.py:925} INFO - DAG(s) 'dag_silver_clie_limit' retrieved from /opt/airflow/dags/dag_s_clie_limit.py
[2025-03-09T20:04:06.596+0000] {logging_mixin.py:190} INFO - [2025-03-09T20:04:06.596+0000] {dag.py:3239} INFO - Sync 1 DAGs
[2025-03-09T20:04:06.606+0000] {logging_mixin.py:190} INFO - [2025-03-09T20:04:06.606+0000] {dag.py:4180} INFO - Setting next_dagrun for dag_silver_clie_limit to 2025-03-09T06:30:00+00:00, run_after=2025-03-10T06:30:00+00:00
[2025-03-09T20:04:06.614+0000] {processor.py:208} INFO - Processing /opt/airflow/dags/dag_s_clie_limit.py took 0.080 seconds
[2025-03-09T20:04:37.311+0000] {processor.py:186} INFO - Started process (PID=1043) to work on /opt/airflow/dags/dag_s_clie_limit.py
[2025-03-09T20:04:37.311+0000] {processor.py:914} INFO - Processing file /opt/airflow/dags/dag_s_clie_limit.py for tasks to queue
[2025-03-09T20:04:37.312+0000] {logging_mixin.py:190} INFO - [2025-03-09T20:04:37.312+0000] {dagbag.py:588} INFO - Filling up the DagBag from /opt/airflow/dags/dag_s_clie_limit.py
[2025-03-09T20:04:37.322+0000] {processor.py:925} INFO - DAG(s) 'dag_silver_clie_limit' retrieved from /opt/airflow/dags/dag_s_clie_limit.py
[2025-03-09T20:04:37.356+0000] {logging_mixin.py:190} INFO - [2025-03-09T20:04:37.356+0000] {dag.py:3239} INFO - Sync 1 DAGs
[2025-03-09T20:04:37.366+0000] {logging_mixin.py:190} INFO - [2025-03-09T20:04:37.366+0000] {dag.py:4180} INFO - Setting next_dagrun for dag_silver_clie_limit to 2025-03-09T06:30:00+00:00, run_after=2025-03-10T06:30:00+00:00
[2025-03-09T20:04:37.373+0000] {processor.py:208} INFO - Processing /opt/airflow/dags/dag_s_clie_limit.py took 0.066 seconds
[2025-03-09T20:05:08.054+0000] {processor.py:186} INFO - Started process (PID=1063) to work on /opt/airflow/dags/dag_s_clie_limit.py
[2025-03-09T20:05:08.055+0000] {processor.py:914} INFO - Processing file /opt/airflow/dags/dag_s_clie_limit.py for tasks to queue
[2025-03-09T20:05:08.056+0000] {logging_mixin.py:190} INFO - [2025-03-09T20:05:08.056+0000] {dagbag.py:588} INFO - Filling up the DagBag from /opt/airflow/dags/dag_s_clie_limit.py
[2025-03-09T20:05:08.066+0000] {processor.py:925} INFO - DAG(s) 'dag_silver_clie_limit' retrieved from /opt/airflow/dags/dag_s_clie_limit.py
[2025-03-09T20:05:08.102+0000] {logging_mixin.py:190} INFO - [2025-03-09T20:05:08.102+0000] {dag.py:3239} INFO - Sync 1 DAGs
[2025-03-09T20:05:08.112+0000] {logging_mixin.py:190} INFO - [2025-03-09T20:05:08.112+0000] {dag.py:4180} INFO - Setting next_dagrun for dag_silver_clie_limit to 2025-03-09T06:30:00+00:00, run_after=2025-03-10T06:30:00+00:00
[2025-03-09T20:05:08.120+0000] {processor.py:208} INFO - Processing /opt/airflow/dags/dag_s_clie_limit.py took 0.069 seconds
[2025-03-09T20:05:38.893+0000] {processor.py:186} INFO - Started process (PID=1083) to work on /opt/airflow/dags/dag_s_clie_limit.py
[2025-03-09T20:05:38.893+0000] {processor.py:914} INFO - Processing file /opt/airflow/dags/dag_s_clie_limit.py for tasks to queue
[2025-03-09T20:05:38.895+0000] {logging_mixin.py:190} INFO - [2025-03-09T20:05:38.895+0000] {dagbag.py:588} INFO - Filling up the DagBag from /opt/airflow/dags/dag_s_clie_limit.py
[2025-03-09T20:05:38.906+0000] {processor.py:925} INFO - DAG(s) 'dag_silver_clie_limit' retrieved from /opt/airflow/dags/dag_s_clie_limit.py
[2025-03-09T20:05:38.945+0000] {logging_mixin.py:190} INFO - [2025-03-09T20:05:38.944+0000] {dag.py:3239} INFO - Sync 1 DAGs
[2025-03-09T20:05:38.955+0000] {logging_mixin.py:190} INFO - [2025-03-09T20:05:38.955+0000] {dag.py:4180} INFO - Setting next_dagrun for dag_silver_clie_limit to 2025-03-09T06:30:00+00:00, run_after=2025-03-10T06:30:00+00:00
[2025-03-09T20:05:38.964+0000] {processor.py:208} INFO - Processing /opt/airflow/dags/dag_s_clie_limit.py took 0.075 seconds
[2025-03-09T20:06:09.616+0000] {processor.py:186} INFO - Started process (PID=1103) to work on /opt/airflow/dags/dag_s_clie_limit.py
[2025-03-09T20:06:09.617+0000] {processor.py:914} INFO - Processing file /opt/airflow/dags/dag_s_clie_limit.py for tasks to queue
[2025-03-09T20:06:09.618+0000] {logging_mixin.py:190} INFO - [2025-03-09T20:06:09.618+0000] {dagbag.py:588} INFO - Filling up the DagBag from /opt/airflow/dags/dag_s_clie_limit.py
[2025-03-09T20:06:09.629+0000] {processor.py:925} INFO - DAG(s) 'dag_silver_clie_limit' retrieved from /opt/airflow/dags/dag_s_clie_limit.py
[2025-03-09T20:06:09.668+0000] {logging_mixin.py:190} INFO - [2025-03-09T20:06:09.667+0000] {dag.py:3239} INFO - Sync 1 DAGs
[2025-03-09T20:06:09.681+0000] {logging_mixin.py:190} INFO - [2025-03-09T20:06:09.680+0000] {dag.py:4180} INFO - Setting next_dagrun for dag_silver_clie_limit to 2025-03-09T06:30:00+00:00, run_after=2025-03-10T06:30:00+00:00
[2025-03-09T20:06:09.690+0000] {processor.py:208} INFO - Processing /opt/airflow/dags/dag_s_clie_limit.py took 0.079 seconds
[2025-03-09T20:06:40.354+0000] {processor.py:186} INFO - Started process (PID=1123) to work on /opt/airflow/dags/dag_s_clie_limit.py
[2025-03-09T20:06:40.355+0000] {processor.py:914} INFO - Processing file /opt/airflow/dags/dag_s_clie_limit.py for tasks to queue
[2025-03-09T20:06:40.356+0000] {logging_mixin.py:190} INFO - [2025-03-09T20:06:40.356+0000] {dagbag.py:588} INFO - Filling up the DagBag from /opt/airflow/dags/dag_s_clie_limit.py
[2025-03-09T20:06:40.366+0000] {processor.py:925} INFO - DAG(s) 'dag_silver_clie_limit' retrieved from /opt/airflow/dags/dag_s_clie_limit.py
[2025-03-09T20:06:40.403+0000] {logging_mixin.py:190} INFO - [2025-03-09T20:06:40.403+0000] {dag.py:3239} INFO - Sync 1 DAGs
[2025-03-09T20:06:40.414+0000] {logging_mixin.py:190} INFO - [2025-03-09T20:06:40.414+0000] {dag.py:4180} INFO - Setting next_dagrun for dag_silver_clie_limit to 2025-03-09T06:30:00+00:00, run_after=2025-03-10T06:30:00+00:00
[2025-03-09T20:06:40.421+0000] {processor.py:208} INFO - Processing /opt/airflow/dags/dag_s_clie_limit.py took 0.074 seconds
