[2025-04-03T05:16:34.577+0000] {local_task_job_runner.py:123} INFO - ::group::Pre task execution logs
[2025-04-03T05:16:34.591+0000] {taskinstance.py:2614} INFO - Dependencies all met for dep_context=non-requeueable deps ti=<TaskInstance: schedule.ingestao_bronze_clientes manual__2025-04-03T05:16:26.926041+00:00 [queued]>
[2025-04-03T05:16:34.602+0000] {taskinstance.py:2614} INFO - Dependencies all met for dep_context=requeueable deps ti=<TaskInstance: schedule.ingestao_bronze_clientes manual__2025-04-03T05:16:26.926041+00:00 [queued]>
[2025-04-03T05:16:34.602+0000] {taskinstance.py:2867} INFO - Starting attempt 1 of 1
[2025-04-03T05:16:34.614+0000] {taskinstance.py:2890} INFO - Executing <Task(PythonOperator): ingestao_bronze_clientes> on 2025-04-03 05:16:26.926041+00:00
[2025-04-03T05:16:34.620+0000] {standard_task_runner.py:72} INFO - Started process 1596 to run task
[2025-04-03T05:16:34.624+0000] {standard_task_runner.py:104} INFO - Running: ['airflow', 'tasks', 'run', 'schedule', 'ingestao_bronze_clientes', 'manual__2025-04-03T05:16:26.926041+00:00', '--job-id', '2013', '--raw', '--subdir', 'DAGS_FOLDER/dag_master.py', '--cfg-path', '/tmp/tmp8sbaqotd']
[2025-04-03T05:16:34.629+0000] {standard_task_runner.py:105} INFO - Job 2013: Subtask ingestao_bronze_clientes
[2025-04-03T05:16:34.653+0000] {logging_mixin.py:190} WARNING - /home/airflow/.local/lib/python3.8/site-packages/airflow/settings.py:209 DeprecationWarning: The sql_alchemy_conn option in [core] has been moved to the sql_alchemy_conn option in [database] - the old setting has been used, but please update your config.
[2025-04-03T05:16:34.686+0000] {task_command.py:467} INFO - Running <TaskInstance: schedule.ingestao_bronze_clientes manual__2025-04-03T05:16:26.926041+00:00 [running]> on host 11605a72ff70
[2025-04-03T05:16:34.774+0000] {taskinstance.py:3134} INFO - Exporting env vars: AIRFLOW_CTX_DAG_OWNER='airflow' AIRFLOW_CTX_DAG_ID='schedule' AIRFLOW_CTX_TASK_ID='ingestao_bronze_clientes' AIRFLOW_CTX_EXECUTION_DATE='2025-04-03T05:16:26.926041+00:00' AIRFLOW_CTX_TRY_NUMBER='1' AIRFLOW_CTX_DAG_RUN_ID='manual__2025-04-03T05:16:26.926041+00:00'
[2025-04-03T05:16:34.775+0000] {taskinstance.py:732} INFO - ::endgroup::
[2025-04-03T05:16:35.232+0000] {logging_mixin.py:190} INFO - Job iniciado com sucesso. Run ID: 1046027846755520
[2025-04-03T05:17:16.055+0000] {logging_mixin.py:190} INFO - Job finalizado com sucesso. Detalhes: {'job_id': 536258902708431, 'run_id': 1046027846755520, 'creator_user_name': 'maria_apmattos@hotmail.com', 'number_in_job': 1046027846755520, 'original_attempt_run_id': 1046027846755520, 'state': {'life_cycle_state': 'TERMINATED', 'result_state': 'SUCCESS', 'state_message': '', 'user_cancelled_or_timedout': False}, 'task': {'notebook_task': {'notebook_path': '/Workspace/Users/maria_apmattos@hotmail.com/data_master/TemplatesDatabricks/Ingestion_bronze_template', 'base_parameters': {'param1': 'b_cad', 'param5': 'csv', 'param4': 'append', 'param3': "['nome', 'cpf']", 'param6': ',', 'param2': 'clientes', 'param7': '20250207'}, 'source': 'WORKSPACE'}}, 'cluster_spec': {'existing_cluster_id': '0129-031548-z9ttog72'}, 'cluster_instance': {'cluster_id': '0129-031548-z9ttog72', 'spark_context_id': '5358812522125835735'}, 'overriding_parameters': {'notebook_params': {'param1': 'b_cad', 'param2': 'clientes', 'param3': "['nome', 'cpf']", 'param4': 'append', 'param5': 'csv', 'param6': ',', 'param7': '20250403'}}, 'start_time': 1743657395109, 'setup_duration': 2000, 'execution_duration': 33000, 'cleanup_duration': 0, 'end_time': 1743657431250, 'run_duration': 36141, 'trigger': 'ONE_TIME', 'run_name': 'Camada Bronze - Template_Ingestion Tabela b_cad.clientes', 'run_page_url': 'https://adb-2740266284098548.8.azuredatabricks.net/?o=2740266284098548#job/536258902708431/run/1046027846755520', 'run_type': 'JOB_RUN', 'attempt_number': 0, 'format': 'SINGLE_TASK', 'status': {'state': 'TERMINATED', 'termination_details': {'code': 'SUCCESS', 'type': 'SUCCESS', 'message': ''}}, 'job_run_id': 1046027846755520}
[2025-04-03T05:17:16.063+0000] {python.py:240} INFO - Done. Returned value was: None
[2025-04-03T05:17:16.122+0000] {taskinstance.py:341} INFO - ::group::Post task execution logs
[2025-04-03T05:17:16.122+0000] {taskinstance.py:353} INFO - Marking task as SUCCESS. dag_id=schedule, task_id=ingestao_bronze_clientes, run_id=manual__2025-04-03T05:16:26.926041+00:00, execution_date=20250403T051626, start_date=20250403T051634, end_date=20250403T051716
[2025-04-03T05:17:16.245+0000] {local_task_job_runner.py:266} INFO - Task exited with return code 0
[2025-04-03T05:17:16.276+0000] {taskinstance.py:3901} INFO - 1 downstream tasks scheduled from follow-on schedule check
[2025-04-03T05:17:16.277+0000] {local_task_job_runner.py:245} INFO - ::endgroup::
