[2025-04-16T03:45:07.696+0000] {local_task_job_runner.py:123} INFO - ::group::Pre task execution logs
[2025-04-16T03:45:07.708+0000] {taskinstance.py:2614} INFO - Dependencies all met for dep_context=non-requeueable deps ti=<TaskInstance: schedule_data_master.gold_g_prod_contrat_diario manual__2025-04-16T03:34:57.857491+00:00 [queued]>
[2025-04-16T03:45:07.713+0000] {taskinstance.py:2614} INFO - Dependencies all met for dep_context=requeueable deps ti=<TaskInstance: schedule_data_master.gold_g_prod_contrat_diario manual__2025-04-16T03:34:57.857491+00:00 [queued]>
[2025-04-16T03:45:07.713+0000] {taskinstance.py:2867} INFO - Starting attempt 1 of 1
[2025-04-16T03:45:07.718+0000] {taskinstance.py:2890} INFO - Executing <Task(PythonOperator): gold_g_prod_contrat_diario> on 2025-04-16 03:34:57.857491+00:00
[2025-04-16T03:45:07.721+0000] {standard_task_runner.py:72} INFO - Started process 540 to run task
[2025-04-16T03:45:07.723+0000] {standard_task_runner.py:104} INFO - Running: ['airflow', 'tasks', 'run', 'schedule_data_master', 'gold_g_prod_contrat_diario', 'manual__2025-04-16T03:34:57.857491+00:00', '--job-id', '2191', '--raw', '--subdir', 'DAGS_FOLDER/dag_master.py', '--cfg-path', '/tmp/tmpxdsxjvdp']
[2025-04-16T03:45:07.724+0000] {standard_task_runner.py:105} INFO - Job 2191: Subtask gold_g_prod_contrat_diario
[2025-04-16T03:45:07.735+0000] {logging_mixin.py:190} WARNING - /home/airflow/.local/lib/python3.8/site-packages/airflow/settings.py:209 DeprecationWarning: The sql_alchemy_conn option in [core] has been moved to the sql_alchemy_conn option in [database] - the old setting has been used, but please update your config.
[2025-04-16T03:45:07.755+0000] {task_command.py:467} INFO - Running <TaskInstance: schedule_data_master.gold_g_prod_contrat_diario manual__2025-04-16T03:34:57.857491+00:00 [running]> on host 9be31a0864a3
[2025-04-16T03:45:07.798+0000] {taskinstance.py:3134} INFO - Exporting env vars: AIRFLOW_CTX_DAG_OWNER='airflow' AIRFLOW_CTX_DAG_ID='schedule_data_master' AIRFLOW_CTX_TASK_ID='gold_g_prod_contrat_diario' AIRFLOW_CTX_EXECUTION_DATE='2025-04-16T03:34:57.857491+00:00' AIRFLOW_CTX_TRY_NUMBER='1' AIRFLOW_CTX_DAG_RUN_ID='manual__2025-04-16T03:34:57.857491+00:00'
[2025-04-16T03:45:07.799+0000] {taskinstance.py:732} INFO - ::endgroup::
[2025-04-16T03:45:08.222+0000] {logging_mixin.py:190} INFO - Job iniciado com sucesso. Run ID: 1098966046006058
[2025-04-16T03:45:38.942+0000] {logging_mixin.py:190} INFO - Job finalizado com sucesso. Detalhes: {'job_id': 1079798976522851, 'run_id': 1098966046006058, 'creator_user_name': 'maria_apmattos@hotmail.com', 'number_in_job': 1098966046006058, 'original_attempt_run_id': 1098966046006058, 'state': {'life_cycle_state': 'TERMINATED', 'result_state': 'SUCCESS', 'state_message': '', 'user_cancelled_or_timedout': False}, 'task': {'notebook_task': {'notebook_path': '/Workspace/Users/maria_apmattos@hotmail.com/data_master/TemplatesDatabricks/Camada Gold', 'base_parameters': {'param1': 'g_vend', 'param2': 'prod_contrat_diario', 'param3': '20250207'}, 'source': 'WORKSPACE'}}, 'cluster_spec': {'existing_cluster_id': '0129-031548-z9ttog72'}, 'cluster_instance': {'cluster_id': '0129-031548-z9ttog72', 'spark_context_id': '5899083732267023585'}, 'overriding_parameters': {'notebook_params': {'param1': 'g_vend', 'param2': 'prod_contrat_diario', 'param3': '20250416'}}, 'start_time': 1744775108096, 'setup_duration': 2000, 'execution_duration': 24000, 'cleanup_duration': 0, 'end_time': 1744775135174, 'run_duration': 27078, 'trigger': 'ONE_TIME', 'run_name': 'Camada Gold - Tabela g_vend.prod_contrat_diario', 'run_page_url': 'https://adb-2740266284098548.8.azuredatabricks.net/?o=2740266284098548#job/1079798976522851/run/1098966046006058', 'run_type': 'JOB_RUN', 'attempt_number': 0, 'format': 'SINGLE_TASK', 'status': {'state': 'TERMINATED', 'termination_details': {'code': 'SUCCESS', 'type': 'SUCCESS', 'message': ''}}, 'job_run_id': 1098966046006058}
[2025-04-16T03:45:38.946+0000] {python.py:240} INFO - Done. Returned value was: None
[2025-04-16T03:45:38.980+0000] {taskinstance.py:341} INFO - ::group::Post task execution logs
[2025-04-16T03:45:38.981+0000] {taskinstance.py:353} INFO - Marking task as SUCCESS. dag_id=schedule_data_master, task_id=gold_g_prod_contrat_diario, run_id=manual__2025-04-16T03:34:57.857491+00:00, execution_date=20250416T033457, start_date=20250416T034507, end_date=20250416T034538
[2025-04-16T03:45:39.042+0000] {local_task_job_runner.py:266} INFO - Task exited with return code 0
[2025-04-16T03:45:39.061+0000] {taskinstance.py:3901} INFO - 0 downstream tasks scheduled from follow-on schedule check
[2025-04-16T03:45:39.062+0000] {local_task_job_runner.py:245} INFO - ::endgroup::
