[2025-03-23T18:56:55.244+0000] {local_task_job_runner.py:123} INFO - ::group::Pre task execution logs
[2025-03-23T18:56:55.256+0000] {taskinstance.py:2614} INFO - Dependencies all met for dep_context=non-requeueable deps ti=<TaskInstance: schedule.expurgo_stage_clientes_produtos scheduled__2025-03-22T08:00:00+00:00 [queued]>
[2025-03-23T18:56:55.260+0000] {taskinstance.py:2614} INFO - Dependencies all met for dep_context=requeueable deps ti=<TaskInstance: schedule.expurgo_stage_clientes_produtos scheduled__2025-03-22T08:00:00+00:00 [queued]>
[2025-03-23T18:56:55.260+0000] {taskinstance.py:2867} INFO - Starting attempt 1 of 1
[2025-03-23T18:56:55.266+0000] {taskinstance.py:2890} INFO - Executing <Task(PythonOperator): expurgo_stage_clientes_produtos> on 2025-03-22 08:00:00+00:00
[2025-03-23T18:56:55.268+0000] {standard_task_runner.py:72} INFO - Started process 1477 to run task
[2025-03-23T18:56:55.271+0000] {standard_task_runner.py:104} INFO - Running: ['airflow', 'tasks', 'run', 'schedule', 'expurgo_stage_clientes_produtos', 'scheduled__2025-03-22T08:00:00+00:00', '--job-id', '1909', '--raw', '--subdir', 'DAGS_FOLDER/dag_master.py', '--cfg-path', '/tmp/tmpb_18gem1']
[2025-03-23T18:56:55.272+0000] {standard_task_runner.py:105} INFO - Job 1909: Subtask expurgo_stage_clientes_produtos
[2025-03-23T18:56:55.282+0000] {logging_mixin.py:190} WARNING - /home/airflow/.local/lib/python3.8/site-packages/airflow/settings.py:209 DeprecationWarning: The sql_alchemy_conn option in [core] has been moved to the sql_alchemy_conn option in [database] - the old setting has been used, but please update your config.
[2025-03-23T18:56:55.302+0000] {task_command.py:467} INFO - Running <TaskInstance: schedule.expurgo_stage_clientes_produtos scheduled__2025-03-22T08:00:00+00:00 [running]> on host b612e1a2c49c
[2025-03-23T18:56:55.303+0000] {logging_mixin.py:190} WARNING - /home/airflow/.local/lib/python3.8/site-packages/airflow/settings.py:470 DeprecationWarning: The sql_alchemy_conn option in [core] has been moved to the sql_alchemy_conn option in [database] - the old setting has been used, but please update your config.
[2025-03-23T18:56:55.352+0000] {taskinstance.py:3134} INFO - Exporting env vars: AIRFLOW_CTX_DAG_OWNER='airflow' AIRFLOW_CTX_DAG_ID='schedule' AIRFLOW_CTX_TASK_ID='expurgo_stage_clientes_produtos' AIRFLOW_CTX_EXECUTION_DATE='2025-03-22T08:00:00+00:00' AIRFLOW_CTX_TRY_NUMBER='1' AIRFLOW_CTX_DAG_RUN_ID='scheduled__2025-03-22T08:00:00+00:00'
[2025-03-23T18:56:55.352+0000] {taskinstance.py:732} INFO - ::endgroup::
[2025-03-23T18:56:55.690+0000] {logging_mixin.py:190} INFO - Job iniciado com sucesso. Run ID: 827190533742299
[2025-03-23T18:57:26.264+0000] {logging_mixin.py:190} INFO - Job finalizado com sucesso. Detalhes: {'job_id': 650259219810019, 'run_id': 827190533742299, 'creator_user_name': 'maria_apmattos@hotmail.com', 'number_in_job': 827190533742299, 'original_attempt_run_id': 827190533742299, 'state': {'life_cycle_state': 'TERMINATED', 'result_state': 'SUCCESS', 'state_message': '', 'user_cancelled_or_timedout': False}, 'task': {'notebook_task': {'notebook_path': '/Workspace/Users/maria_apmattos@hotmail.com/data_master/TemplatesDatabricks/expurgo_stage', 'base_parameters': {'param1': 'filedataimport', 'param2': 'clientesxprod', 'param3': 'default'}, 'source': 'WORKSPACE'}}, 'cluster_spec': {'existing_cluster_id': '0129-031548-z9ttog72'}, 'cluster_instance': {'cluster_id': '0129-031548-z9ttog72', 'spark_context_id': '319581178355625606'}, 'overriding_parameters': {'notebook_params': {'param1': 'filedataimport', 'param2': 'clientesxprod', 'param3': '20250323'}}, 'start_time': 1742756215492, 'setup_duration': 2000, 'execution_duration': 22000, 'cleanup_duration': 0, 'end_time': 1742756240508, 'run_duration': 25016, 'trigger': 'ONE_TIME', 'run_name': 'Expurgo clientesxprod', 'run_page_url': 'https://adb-2740266284098548.8.azuredatabricks.net/?o=2740266284098548#job/650259219810019/run/827190533742299', 'run_type': 'JOB_RUN', 'attempt_number': 0, 'format': 'SINGLE_TASK', 'status': {'state': 'TERMINATED', 'termination_details': {'code': 'SUCCESS', 'type': 'SUCCESS', 'message': ''}}, 'job_run_id': 827190533742299}
[2025-03-23T18:57:26.268+0000] {python.py:240} INFO - Done. Returned value was: None
[2025-03-23T18:57:26.290+0000] {taskinstance.py:341} INFO - ::group::Post task execution logs
[2025-03-23T18:57:26.290+0000] {taskinstance.py:353} INFO - Marking task as SUCCESS. dag_id=schedule, task_id=expurgo_stage_clientes_produtos, run_id=scheduled__2025-03-22T08:00:00+00:00, execution_date=20250322T080000, start_date=20250323T185655, end_date=20250323T185726
[2025-03-23T18:57:26.358+0000] {local_task_job_runner.py:266} INFO - Task exited with return code 0
[2025-03-23T18:57:26.383+0000] {taskinstance.py:3901} INFO - 0 downstream tasks scheduled from follow-on schedule check
[2025-03-23T18:57:26.384+0000] {local_task_job_runner.py:245} INFO - ::endgroup::
