[2025-04-03T04:39:32.354+0000] {local_task_job_runner.py:123} INFO - ::group::Pre task execution logs
[2025-04-03T04:39:32.477+0000] {taskinstance.py:2614} INFO - Dependencies all met for dep_context=non-requeueable deps ti=<TaskInstance: schedule.run_copy_clientes_produtos scheduled__2025-03-23T08:00:00+00:00 [queued]>
[2025-04-03T04:39:32.524+0000] {taskinstance.py:2614} INFO - Dependencies all met for dep_context=requeueable deps ti=<TaskInstance: schedule.run_copy_clientes_produtos scheduled__2025-03-23T08:00:00+00:00 [queued]>
[2025-04-03T04:39:32.532+0000] {taskinstance.py:2867} INFO - Starting attempt 1 of 1
[2025-04-03T04:39:32.622+0000] {taskinstance.py:2890} INFO - Executing <Task(BashOperator): run_copy_clientes_produtos> on 2025-03-23 08:00:00+00:00
[2025-04-03T04:39:32.653+0000] {standard_task_runner.py:72} INFO - Started process 232 to run task
[2025-04-03T04:39:32.663+0000] {standard_task_runner.py:104} INFO - Running: ['airflow', 'tasks', 'run', 'schedule', 'run_copy_clientes_produtos', 'scheduled__2025-03-23T08:00:00+00:00', '--job-id', '1937', '--raw', '--subdir', 'DAGS_FOLDER/dag_master.py', '--cfg-path', '/tmp/tmp85sjivsw']
[2025-04-03T04:39:32.684+0000] {standard_task_runner.py:105} INFO - Job 1937: Subtask run_copy_clientes_produtos
[2025-04-03T04:39:32.815+0000] {logging_mixin.py:190} WARNING - /home/airflow/.local/lib/python3.8/site-packages/airflow/settings.py:209 DeprecationWarning: The sql_alchemy_conn option in [core] has been moved to the sql_alchemy_conn option in [database] - the old setting has been used, but please update your config.
[2025-04-03T04:39:33.102+0000] {task_command.py:467} INFO - Running <TaskInstance: schedule.run_copy_clientes_produtos scheduled__2025-03-23T08:00:00+00:00 [running]> on host dca2c4cc2d1b
[2025-04-03T04:39:33.200+0000] {logging_mixin.py:190} WARNING - /home/airflow/.local/lib/python3.8/site-packages/airflow/settings.py:470 DeprecationWarning: The sql_alchemy_conn option in [core] has been moved to the sql_alchemy_conn option in [database] - the old setting has been used, but please update your config.
[2025-04-03T04:39:33.776+0000] {taskinstance.py:3134} INFO - Exporting env vars: AIRFLOW_CTX_DAG_OWNER='airflow' AIRFLOW_CTX_DAG_ID='schedule' AIRFLOW_CTX_TASK_ID='run_copy_clientes_produtos' AIRFLOW_CTX_EXECUTION_DATE='2025-03-23T08:00:00+00:00' AIRFLOW_CTX_TRY_NUMBER='1' AIRFLOW_CTX_DAG_RUN_ID='scheduled__2025-03-23T08:00:00+00:00'
[2025-04-03T04:39:33.792+0000] {taskinstance.py:732} INFO - ::endgroup::
[2025-04-03T04:39:33.847+0000] {subprocess.py:78} INFO - Tmp dir root location: /tmp
[2025-04-03T04:39:33.850+0000] {subprocess.py:88} INFO - Running command: ['/bin/bash', '-c', 'docker exec linux_python /bin/bash -c \'/workspace/scripts/run_copy.sh /var/lib/postgresql/exports/clientes_produtos.csv /path/to/move_cloud/clientes_produtos && echo "Script Executado com Sucesso!"\'']
[2025-04-03T04:39:33.903+0000] {subprocess.py:99} INFO - Output:
[2025-04-03T04:39:35.237+0000] {subprocess.py:106} INFO - -----------------------------------------------------------------------
[2025-04-03T04:39:35.345+0000] {subprocess.py:106} INFO - ------------------------- START SCRIPT --------------------------------
[2025-04-03T04:39:35.353+0000] {subprocess.py:106} INFO - -----------------------------------------------------------------------
[2025-04-03T04:39:35.354+0000] {subprocess.py:106} INFO - Arquivo /var/lib/postgresql/exports/clientes_produtos.csv encontrado!
[2025-04-03T04:39:35.546+0000] {subprocess.py:106} INFO - INFO:root:Copia /var/lib/postgresql/exports/clientes_produtos.csv para /path/to/move_cloud/clientes_produtos/clientes_produtos.csv
[2025-04-03T04:39:35.553+0000] {subprocess.py:106} INFO - INFO:root:/var/lib/postgresql/exports/clientes_produtos.csv copiado com sucesso.
[2025-04-03T04:39:35.573+0000] {subprocess.py:106} INFO - INFO:root:### A primeira linha de clientes_produtos.csv é: ['id', 'cliente_id', 'produto_id', 'data_aquisicao', 'valor_aquisicao']
[2025-04-03T04:39:35.605+0000] {subprocess.py:106} INFO - Script Executado com Sucesso!
[2025-04-03T04:39:35.951+0000] {subprocess.py:110} INFO - Command exited with return code 0
[2025-04-03T04:39:36.428+0000] {taskinstance.py:341} INFO - ::group::Post task execution logs
[2025-04-03T04:39:36.434+0000] {taskinstance.py:353} INFO - Marking task as SUCCESS. dag_id=schedule, task_id=run_copy_clientes_produtos, run_id=scheduled__2025-03-23T08:00:00+00:00, execution_date=20250323T080000, start_date=20250403T043932, end_date=20250403T043936
[2025-04-03T04:39:36.720+0000] {local_task_job_runner.py:266} INFO - Task exited with return code 0
[2025-04-03T04:39:36.957+0000] {taskinstance.py:3901} INFO - 1 downstream tasks scheduled from follow-on schedule check
[2025-04-03T04:39:36.963+0000] {local_task_job_runner.py:245} INFO - ::endgroup::
