[2025-04-03T05:16:58.839+0000] {local_task_job_runner.py:123} INFO - ::group::Pre task execution logs
[2025-04-03T05:16:58.855+0000] {taskinstance.py:2614} INFO - Dependencies all met for dep_context=non-requeueable deps ti=<TaskInstance: schedule.run_copy_produtos_bancarios manual__2025-04-03T05:16:57.388416+00:00 [queued]>
[2025-04-03T05:16:58.860+0000] {taskinstance.py:2614} INFO - Dependencies all met for dep_context=requeueable deps ti=<TaskInstance: schedule.run_copy_produtos_bancarios manual__2025-04-03T05:16:57.388416+00:00 [queued]>
[2025-04-03T05:16:58.861+0000] {taskinstance.py:2867} INFO - Starting attempt 1 of 1
[2025-04-03T05:16:58.876+0000] {taskinstance.py:2890} INFO - Executing <Task(BashOperator): run_copy_produtos_bancarios> on 2025-04-03 05:16:57.388416+00:00
[2025-04-03T05:16:58.882+0000] {standard_task_runner.py:72} INFO - Started process 1642 to run task
[2025-04-03T05:16:58.884+0000] {standard_task_runner.py:104} INFO - Running: ['airflow', 'tasks', 'run', 'schedule', 'run_copy_produtos_bancarios', 'manual__2025-04-03T05:16:57.388416+00:00', '--job-id', '2015', '--raw', '--subdir', 'DAGS_FOLDER/dag_master.py', '--cfg-path', '/tmp/tmph6jdzi_f']
[2025-04-03T05:16:58.887+0000] {standard_task_runner.py:105} INFO - Job 2015: Subtask run_copy_produtos_bancarios
[2025-04-03T05:16:58.912+0000] {logging_mixin.py:190} WARNING - /home/airflow/.local/lib/python3.8/site-packages/airflow/settings.py:209 DeprecationWarning: The sql_alchemy_conn option in [core] has been moved to the sql_alchemy_conn option in [database] - the old setting has been used, but please update your config.
[2025-04-03T05:16:58.963+0000] {task_command.py:467} INFO - Running <TaskInstance: schedule.run_copy_produtos_bancarios manual__2025-04-03T05:16:57.388416+00:00 [running]> on host 11605a72ff70
[2025-04-03T05:16:59.035+0000] {taskinstance.py:3134} INFO - Exporting env vars: AIRFLOW_CTX_DAG_OWNER='airflow' AIRFLOW_CTX_DAG_ID='schedule' AIRFLOW_CTX_TASK_ID='run_copy_produtos_bancarios' AIRFLOW_CTX_EXECUTION_DATE='2025-04-03T05:16:57.388416+00:00' AIRFLOW_CTX_TRY_NUMBER='1' AIRFLOW_CTX_DAG_RUN_ID='manual__2025-04-03T05:16:57.388416+00:00'
[2025-04-03T05:16:59.036+0000] {taskinstance.py:732} INFO - ::endgroup::
[2025-04-03T05:16:59.045+0000] {subprocess.py:78} INFO - Tmp dir root location: /tmp
[2025-04-03T05:16:59.046+0000] {subprocess.py:88} INFO - Running command: ['/bin/bash', '-c', 'docker exec linux_python /bin/bash -c \'/workspace/scripts/run_copy.sh /var/lib/postgresql/exports/produtos_bancarios.csv /path/to/move_cloud/produtos_bancarios && echo "Script Executado com Sucesso!"\'']
[2025-04-03T05:16:59.052+0000] {subprocess.py:99} INFO - Output:
[2025-04-03T05:16:59.165+0000] {subprocess.py:106} INFO - -----------------------------------------------------------------------
[2025-04-03T05:16:59.166+0000] {subprocess.py:106} INFO - ------------------------- START SCRIPT --------------------------------
[2025-04-03T05:16:59.166+0000] {subprocess.py:106} INFO - -----------------------------------------------------------------------
[2025-04-03T05:16:59.167+0000] {subprocess.py:106} INFO - Arquivo /var/lib/postgresql/exports/produtos_bancarios.csv encontrado!
[2025-04-03T05:16:59.186+0000] {subprocess.py:106} INFO - INFO:root:Copia /var/lib/postgresql/exports/produtos_bancarios.csv para /path/to/move_cloud/produtos_bancarios/produtos_bancarios.csv
[2025-04-03T05:16:59.189+0000] {subprocess.py:106} INFO - INFO:root:/var/lib/postgresql/exports/produtos_bancarios.csv copiado com sucesso.
[2025-04-03T05:16:59.192+0000] {subprocess.py:106} INFO - INFO:root:### A primeira linha de produtos_bancarios.csv é: ['produto_id', 'nome', 'descricao', 'categoria', 'data_lancamento', 'taxa_juros', 'taxa_administracao', 'limite_credito', 'prazo', 'contato_suporte', 'taxa_adesao', 'data_ultima_atualizacao', 'prazo_carencia', 'taxa_rentabilidade', 'periodo_investimento', 'multa_cancelamento']
[2025-04-03T05:16:59.194+0000] {subprocess.py:106} INFO - Script Executado com Sucesso!
[2025-04-03T05:16:59.204+0000] {subprocess.py:110} INFO - Command exited with return code 0
[2025-04-03T05:16:59.229+0000] {taskinstance.py:341} INFO - ::group::Post task execution logs
[2025-04-03T05:16:59.230+0000] {taskinstance.py:353} INFO - Marking task as SUCCESS. dag_id=schedule, task_id=run_copy_produtos_bancarios, run_id=manual__2025-04-03T05:16:57.388416+00:00, execution_date=20250403T051657, start_date=20250403T051658, end_date=20250403T051659
[2025-04-03T05:16:59.278+0000] {local_task_job_runner.py:266} INFO - Task exited with return code 0
[2025-04-03T05:16:59.293+0000] {local_task_job_runner.py:245} INFO - ::endgroup::
