[2025-04-03T04:39:32.408+0000] {processor.py:186} INFO - Started process (PID=218) to work on /opt/airflow/dags/dag_b_clientes.py
[2025-04-03T04:39:32.419+0000] {processor.py:914} INFO - Processing file /opt/airflow/dags/dag_b_clientes.py for tasks to queue
[2025-04-03T04:39:32.429+0000] {logging_mixin.py:190} INFO - [2025-04-03T04:39:32.429+0000] {dagbag.py:588} INFO - Filling up the DagBag from /opt/airflow/dags/dag_b_clientes.py
[2025-04-03T04:39:32.550+0000] {processor.py:925} INFO - DAG(s) 'schedule_clientes' retrieved from /opt/airflow/dags/dag_b_clientes.py
[2025-04-03T04:39:32.746+0000] {logging_mixin.py:190} INFO - [2025-04-03T04:39:32.745+0000] {dag.py:3239} INFO - Sync 1 DAGs
[2025-04-03T04:39:32.809+0000] {logging_mixin.py:190} INFO - [2025-04-03T04:39:32.809+0000] {dag.py:4180} INFO - Setting next_dagrun for schedule_clientes to 2025-04-02T08:00:00+00:00, run_after=2025-04-03T08:00:00+00:00
[2025-04-03T04:39:33.128+0000] {processor.py:208} INFO - Processing /opt/airflow/dags/dag_b_clientes.py took 0.786 seconds
[2025-04-03T04:40:03.885+0000] {processor.py:186} INFO - Started process (PID=757) to work on /opt/airflow/dags/dag_b_clientes.py
[2025-04-03T04:40:03.886+0000] {processor.py:914} INFO - Processing file /opt/airflow/dags/dag_b_clientes.py for tasks to queue
[2025-04-03T04:40:03.891+0000] {logging_mixin.py:190} INFO - [2025-04-03T04:40:03.890+0000] {dagbag.py:588} INFO - Filling up the DagBag from /opt/airflow/dags/dag_b_clientes.py
[2025-04-03T04:40:03.919+0000] {processor.py:925} INFO - DAG(s) 'schedule_clientes' retrieved from /opt/airflow/dags/dag_b_clientes.py
[2025-04-03T04:40:03.993+0000] {logging_mixin.py:190} INFO - [2025-04-03T04:40:03.993+0000] {dag.py:3239} INFO - Sync 1 DAGs
[2025-04-03T04:40:04.006+0000] {logging_mixin.py:190} INFO - [2025-04-03T04:40:04.006+0000] {dag.py:4180} INFO - Setting next_dagrun for schedule_clientes to 2025-04-02T08:00:00+00:00, run_after=2025-04-03T08:00:00+00:00
[2025-04-03T04:40:04.025+0000] {processor.py:208} INFO - Processing /opt/airflow/dags/dag_b_clientes.py took 0.149 seconds
[2025-04-03T04:40:34.966+0000] {processor.py:186} INFO - Started process (PID=795) to work on /opt/airflow/dags/dag_b_clientes.py
[2025-04-03T04:40:34.969+0000] {processor.py:914} INFO - Processing file /opt/airflow/dags/dag_b_clientes.py for tasks to queue
[2025-04-03T04:40:34.978+0000] {logging_mixin.py:190} INFO - [2025-04-03T04:40:34.978+0000] {dagbag.py:588} INFO - Filling up the DagBag from /opt/airflow/dags/dag_b_clientes.py
[2025-04-03T04:40:35.026+0000] {processor.py:925} INFO - DAG(s) 'schedule_clientes' retrieved from /opt/airflow/dags/dag_b_clientes.py
[2025-04-03T04:40:35.240+0000] {logging_mixin.py:190} INFO - [2025-04-03T04:40:35.240+0000] {dag.py:3239} INFO - Sync 1 DAGs
[2025-04-03T04:40:35.263+0000] {logging_mixin.py:190} INFO - [2025-04-03T04:40:35.263+0000] {dag.py:4180} INFO - Setting next_dagrun for schedule_clientes to 2025-04-02T08:00:00+00:00, run_after=2025-04-03T08:00:00+00:00
[2025-04-03T04:40:35.279+0000] {processor.py:208} INFO - Processing /opt/airflow/dags/dag_b_clientes.py took 0.343 seconds
[2025-04-03T04:41:06.049+0000] {processor.py:186} INFO - Started process (PID=830) to work on /opt/airflow/dags/dag_b_clientes.py
[2025-04-03T04:41:06.051+0000] {processor.py:914} INFO - Processing file /opt/airflow/dags/dag_b_clientes.py for tasks to queue
[2025-04-03T04:41:06.056+0000] {logging_mixin.py:190} INFO - [2025-04-03T04:41:06.055+0000] {dagbag.py:588} INFO - Filling up the DagBag from /opt/airflow/dags/dag_b_clientes.py
[2025-04-03T04:41:06.130+0000] {processor.py:925} INFO - DAG(s) 'schedule_clientes' retrieved from /opt/airflow/dags/dag_b_clientes.py
[2025-04-03T04:41:06.296+0000] {logging_mixin.py:190} INFO - [2025-04-03T04:41:06.295+0000] {dag.py:3239} INFO - Sync 1 DAGs
[2025-04-03T04:41:06.329+0000] {logging_mixin.py:190} INFO - [2025-04-03T04:41:06.329+0000] {dag.py:4180} INFO - Setting next_dagrun for schedule_clientes to 2025-04-02T08:00:00+00:00, run_after=2025-04-03T08:00:00+00:00
[2025-04-03T04:41:06.347+0000] {processor.py:208} INFO - Processing /opt/airflow/dags/dag_b_clientes.py took 0.315 seconds
[2025-04-03T04:41:37.010+0000] {processor.py:186} INFO - Started process (PID=865) to work on /opt/airflow/dags/dag_b_clientes.py
[2025-04-03T04:41:37.012+0000] {processor.py:914} INFO - Processing file /opt/airflow/dags/dag_b_clientes.py for tasks to queue
[2025-04-03T04:41:37.015+0000] {logging_mixin.py:190} INFO - [2025-04-03T04:41:37.015+0000] {dagbag.py:588} INFO - Filling up the DagBag from /opt/airflow/dags/dag_b_clientes.py
[2025-04-03T04:41:37.036+0000] {processor.py:925} INFO - DAG(s) 'schedule_clientes' retrieved from /opt/airflow/dags/dag_b_clientes.py
[2025-04-03T04:41:37.106+0000] {logging_mixin.py:190} INFO - [2025-04-03T04:41:37.105+0000] {dag.py:3239} INFO - Sync 1 DAGs
[2025-04-03T04:41:37.133+0000] {logging_mixin.py:190} INFO - [2025-04-03T04:41:37.133+0000] {dag.py:4180} INFO - Setting next_dagrun for schedule_clientes to 2025-04-02T08:00:00+00:00, run_after=2025-04-03T08:00:00+00:00
[2025-04-03T04:41:37.199+0000] {processor.py:208} INFO - Processing /opt/airflow/dags/dag_b_clientes.py took 0.199 seconds
[2025-04-03T04:42:07.784+0000] {processor.py:186} INFO - Started process (PID=900) to work on /opt/airflow/dags/dag_b_clientes.py
[2025-04-03T04:42:07.786+0000] {processor.py:914} INFO - Processing file /opt/airflow/dags/dag_b_clientes.py for tasks to queue
[2025-04-03T04:42:07.793+0000] {logging_mixin.py:190} INFO - [2025-04-03T04:42:07.792+0000] {dagbag.py:588} INFO - Filling up the DagBag from /opt/airflow/dags/dag_b_clientes.py
[2025-04-03T04:42:07.852+0000] {processor.py:925} INFO - DAG(s) 'schedule_clientes' retrieved from /opt/airflow/dags/dag_b_clientes.py
[2025-04-03T04:42:07.950+0000] {logging_mixin.py:190} INFO - [2025-04-03T04:42:07.950+0000] {dag.py:3239} INFO - Sync 1 DAGs
[2025-04-03T04:42:07.974+0000] {logging_mixin.py:190} INFO - [2025-04-03T04:42:07.974+0000] {dag.py:4180} INFO - Setting next_dagrun for schedule_clientes to 2025-04-02T08:00:00+00:00, run_after=2025-04-03T08:00:00+00:00
[2025-04-03T04:42:08.220+0000] {processor.py:208} INFO - Processing /opt/airflow/dags/dag_b_clientes.py took 0.461 seconds
[2025-04-03T04:42:38.438+0000] {processor.py:186} INFO - Started process (PID=935) to work on /opt/airflow/dags/dag_b_clientes.py
[2025-04-03T04:42:38.440+0000] {processor.py:914} INFO - Processing file /opt/airflow/dags/dag_b_clientes.py for tasks to queue
[2025-04-03T04:42:38.443+0000] {logging_mixin.py:190} INFO - [2025-04-03T04:42:38.443+0000] {dagbag.py:588} INFO - Filling up the DagBag from /opt/airflow/dags/dag_b_clientes.py
[2025-04-03T04:42:38.466+0000] {processor.py:925} INFO - DAG(s) 'schedule_clientes' retrieved from /opt/airflow/dags/dag_b_clientes.py
[2025-04-03T04:42:38.612+0000] {logging_mixin.py:190} INFO - [2025-04-03T04:42:38.611+0000] {dag.py:3239} INFO - Sync 1 DAGs
[2025-04-03T04:42:38.843+0000] {logging_mixin.py:190} INFO - [2025-04-03T04:42:38.843+0000] {dag.py:4180} INFO - Setting next_dagrun for schedule_clientes to 2025-04-02T08:00:00+00:00, run_after=2025-04-03T08:00:00+00:00
[2025-04-03T04:42:38.853+0000] {processor.py:208} INFO - Processing /opt/airflow/dags/dag_b_clientes.py took 0.425 seconds
[2025-04-03T04:43:09.104+0000] {processor.py:186} INFO - Started process (PID=970) to work on /opt/airflow/dags/dag_b_clientes.py
[2025-04-03T04:43:09.106+0000] {processor.py:914} INFO - Processing file /opt/airflow/dags/dag_b_clientes.py for tasks to queue
[2025-04-03T04:43:09.110+0000] {logging_mixin.py:190} INFO - [2025-04-03T04:43:09.109+0000] {dagbag.py:588} INFO - Filling up the DagBag from /opt/airflow/dags/dag_b_clientes.py
[2025-04-03T04:43:09.130+0000] {processor.py:925} INFO - DAG(s) 'schedule_clientes' retrieved from /opt/airflow/dags/dag_b_clientes.py
[2025-04-03T04:43:09.328+0000] {logging_mixin.py:190} INFO - [2025-04-03T04:43:09.328+0000] {dag.py:3239} INFO - Sync 1 DAGs
[2025-04-03T04:43:09.339+0000] {logging_mixin.py:190} INFO - [2025-04-03T04:43:09.338+0000] {dag.py:4180} INFO - Setting next_dagrun for schedule_clientes to 2025-04-02T08:00:00+00:00, run_after=2025-04-03T08:00:00+00:00
[2025-04-03T04:43:09.366+0000] {processor.py:208} INFO - Processing /opt/airflow/dags/dag_b_clientes.py took 0.273 seconds
[2025-04-03T04:43:39.586+0000] {processor.py:186} INFO - Started process (PID=1005) to work on /opt/airflow/dags/dag_b_clientes.py
[2025-04-03T04:43:39.588+0000] {processor.py:914} INFO - Processing file /opt/airflow/dags/dag_b_clientes.py for tasks to queue
[2025-04-03T04:43:39.591+0000] {logging_mixin.py:190} INFO - [2025-04-03T04:43:39.591+0000] {dagbag.py:588} INFO - Filling up the DagBag from /opt/airflow/dags/dag_b_clientes.py
[2025-04-03T04:43:39.610+0000] {processor.py:925} INFO - DAG(s) 'schedule_clientes' retrieved from /opt/airflow/dags/dag_b_clientes.py
[2025-04-03T04:43:39.776+0000] {logging_mixin.py:190} INFO - [2025-04-03T04:43:39.776+0000] {dag.py:3239} INFO - Sync 1 DAGs
[2025-04-03T04:43:39.785+0000] {logging_mixin.py:190} INFO - [2025-04-03T04:43:39.785+0000] {dag.py:4180} INFO - Setting next_dagrun for schedule_clientes to 2025-04-02T08:00:00+00:00, run_after=2025-04-03T08:00:00+00:00
[2025-04-03T04:43:39.796+0000] {processor.py:208} INFO - Processing /opt/airflow/dags/dag_b_clientes.py took 0.220 seconds
[2025-04-03T04:44:09.837+0000] {processor.py:186} INFO - Started process (PID=1040) to work on /opt/airflow/dags/dag_b_clientes.py
[2025-04-03T04:44:09.837+0000] {processor.py:914} INFO - Processing file /opt/airflow/dags/dag_b_clientes.py for tasks to queue
[2025-04-03T04:44:09.839+0000] {logging_mixin.py:190} INFO - [2025-04-03T04:44:09.838+0000] {dagbag.py:588} INFO - Filling up the DagBag from /opt/airflow/dags/dag_b_clientes.py
[2025-04-03T04:44:09.853+0000] {processor.py:925} INFO - DAG(s) 'schedule_clientes' retrieved from /opt/airflow/dags/dag_b_clientes.py
[2025-04-03T04:44:09.979+0000] {logging_mixin.py:190} INFO - [2025-04-03T04:44:09.978+0000] {dag.py:3239} INFO - Sync 1 DAGs
[2025-04-03T04:44:09.989+0000] {logging_mixin.py:190} INFO - [2025-04-03T04:44:09.989+0000] {dag.py:4180} INFO - Setting next_dagrun for schedule_clientes to 2025-04-02T08:00:00+00:00, run_after=2025-04-03T08:00:00+00:00
[2025-04-03T04:44:09.997+0000] {processor.py:208} INFO - Processing /opt/airflow/dags/dag_b_clientes.py took 0.165 seconds
[2025-04-03T04:44:41.074+0000] {processor.py:186} INFO - Started process (PID=1075) to work on /opt/airflow/dags/dag_b_clientes.py
[2025-04-03T04:44:41.075+0000] {processor.py:914} INFO - Processing file /opt/airflow/dags/dag_b_clientes.py for tasks to queue
[2025-04-03T04:44:41.076+0000] {logging_mixin.py:190} INFO - [2025-04-03T04:44:41.076+0000] {dagbag.py:588} INFO - Filling up the DagBag from /opt/airflow/dags/dag_b_clientes.py
[2025-04-03T04:44:41.090+0000] {processor.py:925} INFO - DAG(s) 'schedule_clientes' retrieved from /opt/airflow/dags/dag_b_clientes.py
[2025-04-03T04:44:41.143+0000] {logging_mixin.py:190} INFO - [2025-04-03T04:44:41.143+0000] {dag.py:3239} INFO - Sync 1 DAGs
[2025-04-03T04:44:41.153+0000] {logging_mixin.py:190} INFO - [2025-04-03T04:44:41.153+0000] {dag.py:4180} INFO - Setting next_dagrun for schedule_clientes to 2025-04-02T08:00:00+00:00, run_after=2025-04-03T08:00:00+00:00
[2025-04-03T04:44:41.162+0000] {processor.py:208} INFO - Processing /opt/airflow/dags/dag_b_clientes.py took 0.094 seconds
[2025-04-03T04:45:12.118+0000] {processor.py:186} INFO - Started process (PID=1110) to work on /opt/airflow/dags/dag_b_clientes.py
[2025-04-03T04:45:12.119+0000] {processor.py:914} INFO - Processing file /opt/airflow/dags/dag_b_clientes.py for tasks to queue
[2025-04-03T04:45:12.120+0000] {logging_mixin.py:190} INFO - [2025-04-03T04:45:12.120+0000] {dagbag.py:588} INFO - Filling up the DagBag from /opt/airflow/dags/dag_b_clientes.py
[2025-04-03T04:45:12.140+0000] {processor.py:925} INFO - DAG(s) 'schedule_clientes' retrieved from /opt/airflow/dags/dag_b_clientes.py
[2025-04-03T04:45:12.262+0000] {logging_mixin.py:190} INFO - [2025-04-03T04:45:12.262+0000] {dag.py:3239} INFO - Sync 1 DAGs
[2025-04-03T04:45:12.274+0000] {logging_mixin.py:190} INFO - [2025-04-03T04:45:12.274+0000] {dag.py:4180} INFO - Setting next_dagrun for schedule_clientes to 2025-04-02T08:00:00+00:00, run_after=2025-04-03T08:00:00+00:00
[2025-04-03T04:45:12.283+0000] {processor.py:208} INFO - Processing /opt/airflow/dags/dag_b_clientes.py took 0.168 seconds
[2025-04-03T04:45:43.476+0000] {processor.py:186} INFO - Started process (PID=1143) to work on /opt/airflow/dags/dag_b_clientes.py
[2025-04-03T04:45:43.477+0000] {processor.py:914} INFO - Processing file /opt/airflow/dags/dag_b_clientes.py for tasks to queue
[2025-04-03T04:45:43.478+0000] {logging_mixin.py:190} INFO - [2025-04-03T04:45:43.478+0000] {dagbag.py:588} INFO - Filling up the DagBag from /opt/airflow/dags/dag_b_clientes.py
[2025-04-03T04:45:43.493+0000] {processor.py:925} INFO - DAG(s) 'schedule_clientes' retrieved from /opt/airflow/dags/dag_b_clientes.py
[2025-04-03T04:45:43.543+0000] {logging_mixin.py:190} INFO - [2025-04-03T04:45:43.543+0000] {dag.py:3239} INFO - Sync 1 DAGs
[2025-04-03T04:45:43.555+0000] {logging_mixin.py:190} INFO - [2025-04-03T04:45:43.555+0000] {dag.py:4180} INFO - Setting next_dagrun for schedule_clientes to 2025-04-02T08:00:00+00:00, run_after=2025-04-03T08:00:00+00:00
[2025-04-03T04:45:43.566+0000] {processor.py:208} INFO - Processing /opt/airflow/dags/dag_b_clientes.py took 0.094 seconds
[2025-04-03T04:46:14.674+0000] {processor.py:186} INFO - Started process (PID=1180) to work on /opt/airflow/dags/dag_b_clientes.py
[2025-04-03T04:46:14.675+0000] {processor.py:914} INFO - Processing file /opt/airflow/dags/dag_b_clientes.py for tasks to queue
[2025-04-03T04:46:14.676+0000] {logging_mixin.py:190} INFO - [2025-04-03T04:46:14.676+0000] {dagbag.py:588} INFO - Filling up the DagBag from /opt/airflow/dags/dag_b_clientes.py
[2025-04-03T04:46:14.685+0000] {processor.py:925} INFO - DAG(s) 'schedule_clientes' retrieved from /opt/airflow/dags/dag_b_clientes.py
[2025-04-03T04:46:14.729+0000] {logging_mixin.py:190} INFO - [2025-04-03T04:46:14.728+0000] {dag.py:3239} INFO - Sync 1 DAGs
[2025-04-03T04:46:14.738+0000] {logging_mixin.py:190} INFO - [2025-04-03T04:46:14.738+0000] {dag.py:4180} INFO - Setting next_dagrun for schedule_clientes to 2025-04-02T08:00:00+00:00, run_after=2025-04-03T08:00:00+00:00
[2025-04-03T04:46:14.746+0000] {processor.py:208} INFO - Processing /opt/airflow/dags/dag_b_clientes.py took 0.075 seconds
[2025-04-03T04:46:45.838+0000] {processor.py:186} INFO - Started process (PID=1215) to work on /opt/airflow/dags/dag_b_clientes.py
[2025-04-03T04:46:45.838+0000] {processor.py:914} INFO - Processing file /opt/airflow/dags/dag_b_clientes.py for tasks to queue
[2025-04-03T04:46:45.840+0000] {logging_mixin.py:190} INFO - [2025-04-03T04:46:45.839+0000] {dagbag.py:588} INFO - Filling up the DagBag from /opt/airflow/dags/dag_b_clientes.py
[2025-04-03T04:46:45.849+0000] {processor.py:925} INFO - DAG(s) 'schedule_clientes' retrieved from /opt/airflow/dags/dag_b_clientes.py
[2025-04-03T04:46:45.888+0000] {logging_mixin.py:190} INFO - [2025-04-03T04:46:45.888+0000] {dag.py:3239} INFO - Sync 1 DAGs
[2025-04-03T04:46:45.898+0000] {logging_mixin.py:190} INFO - [2025-04-03T04:46:45.898+0000] {dag.py:4180} INFO - Setting next_dagrun for schedule_clientes to 2025-04-02T08:00:00+00:00, run_after=2025-04-03T08:00:00+00:00
[2025-04-03T04:46:45.906+0000] {processor.py:208} INFO - Processing /opt/airflow/dags/dag_b_clientes.py took 0.073 seconds
[2025-04-03T04:47:17.020+0000] {processor.py:186} INFO - Started process (PID=1248) to work on /opt/airflow/dags/dag_b_clientes.py
[2025-04-03T04:47:17.020+0000] {processor.py:914} INFO - Processing file /opt/airflow/dags/dag_b_clientes.py for tasks to queue
[2025-04-03T04:47:17.022+0000] {logging_mixin.py:190} INFO - [2025-04-03T04:47:17.021+0000] {dagbag.py:588} INFO - Filling up the DagBag from /opt/airflow/dags/dag_b_clientes.py
[2025-04-03T04:47:17.036+0000] {processor.py:925} INFO - DAG(s) 'schedule_clientes' retrieved from /opt/airflow/dags/dag_b_clientes.py
[2025-04-03T04:47:17.085+0000] {logging_mixin.py:190} INFO - [2025-04-03T04:47:17.085+0000] {dag.py:3239} INFO - Sync 1 DAGs
[2025-04-03T04:47:17.098+0000] {logging_mixin.py:190} INFO - [2025-04-03T04:47:17.098+0000] {dag.py:4180} INFO - Setting next_dagrun for schedule_clientes to 2025-04-02T08:00:00+00:00, run_after=2025-04-03T08:00:00+00:00
[2025-04-03T04:47:17.107+0000] {processor.py:208} INFO - Processing /opt/airflow/dags/dag_b_clientes.py took 0.092 seconds
[2025-04-03T04:47:48.124+0000] {processor.py:186} INFO - Started process (PID=1285) to work on /opt/airflow/dags/dag_b_clientes.py
[2025-04-03T04:47:48.124+0000] {processor.py:914} INFO - Processing file /opt/airflow/dags/dag_b_clientes.py for tasks to queue
[2025-04-03T04:47:48.125+0000] {logging_mixin.py:190} INFO - [2025-04-03T04:47:48.125+0000] {dagbag.py:588} INFO - Filling up the DagBag from /opt/airflow/dags/dag_b_clientes.py
[2025-04-03T04:47:48.135+0000] {processor.py:925} INFO - DAG(s) 'schedule_clientes' retrieved from /opt/airflow/dags/dag_b_clientes.py
[2025-04-03T04:47:48.177+0000] {logging_mixin.py:190} INFO - [2025-04-03T04:47:48.177+0000] {dag.py:3239} INFO - Sync 1 DAGs
[2025-04-03T04:47:48.190+0000] {logging_mixin.py:190} INFO - [2025-04-03T04:47:48.190+0000] {dag.py:4180} INFO - Setting next_dagrun for schedule_clientes to 2025-04-02T08:00:00+00:00, run_after=2025-04-03T08:00:00+00:00
[2025-04-03T04:47:48.199+0000] {processor.py:208} INFO - Processing /opt/airflow/dags/dag_b_clientes.py took 0.079 seconds
[2025-04-03T04:48:19.403+0000] {processor.py:186} INFO - Started process (PID=1329) to work on /opt/airflow/dags/dag_b_clientes.py
[2025-04-03T04:48:19.405+0000] {processor.py:914} INFO - Processing file /opt/airflow/dags/dag_b_clientes.py for tasks to queue
[2025-04-03T04:48:19.407+0000] {logging_mixin.py:190} INFO - [2025-04-03T04:48:19.407+0000] {dagbag.py:588} INFO - Filling up the DagBag from /opt/airflow/dags/dag_b_clientes.py
[2025-04-03T04:48:19.421+0000] {processor.py:925} INFO - DAG(s) 'schedule_clientes' retrieved from /opt/airflow/dags/dag_b_clientes.py
[2025-04-03T04:48:19.461+0000] {logging_mixin.py:190} INFO - [2025-04-03T04:48:19.461+0000] {dag.py:3239} INFO - Sync 1 DAGs
[2025-04-03T04:48:19.472+0000] {logging_mixin.py:190} INFO - [2025-04-03T04:48:19.472+0000] {dag.py:4180} INFO - Setting next_dagrun for schedule_clientes to 2025-04-02T08:00:00+00:00, run_after=2025-04-03T08:00:00+00:00
[2025-04-03T04:48:19.480+0000] {processor.py:208} INFO - Processing /opt/airflow/dags/dag_b_clientes.py took 0.085 seconds
[2025-04-03T04:48:49.782+0000] {processor.py:186} INFO - Started process (PID=1364) to work on /opt/airflow/dags/dag_b_clientes.py
[2025-04-03T04:48:49.788+0000] {processor.py:914} INFO - Processing file /opt/airflow/dags/dag_b_clientes.py for tasks to queue
[2025-04-03T04:48:49.791+0000] {logging_mixin.py:190} INFO - [2025-04-03T04:48:49.791+0000] {dagbag.py:588} INFO - Filling up the DagBag from /opt/airflow/dags/dag_b_clientes.py
[2025-04-03T04:48:49.813+0000] {processor.py:925} INFO - DAG(s) 'schedule_clientes' retrieved from /opt/airflow/dags/dag_b_clientes.py
[2025-04-03T04:48:49.879+0000] {logging_mixin.py:190} INFO - [2025-04-03T04:48:49.879+0000] {dag.py:3239} INFO - Sync 1 DAGs
[2025-04-03T04:48:49.895+0000] {logging_mixin.py:190} INFO - [2025-04-03T04:48:49.895+0000] {dag.py:4180} INFO - Setting next_dagrun for schedule_clientes to 2025-04-02T08:00:00+00:00, run_after=2025-04-03T08:00:00+00:00
[2025-04-03T04:48:49.908+0000] {processor.py:208} INFO - Processing /opt/airflow/dags/dag_b_clientes.py took 0.132 seconds
[2025-04-03T04:49:20.967+0000] {processor.py:186} INFO - Started process (PID=1399) to work on /opt/airflow/dags/dag_b_clientes.py
[2025-04-03T04:49:20.968+0000] {processor.py:914} INFO - Processing file /opt/airflow/dags/dag_b_clientes.py for tasks to queue
[2025-04-03T04:49:20.969+0000] {logging_mixin.py:190} INFO - [2025-04-03T04:49:20.969+0000] {dagbag.py:588} INFO - Filling up the DagBag from /opt/airflow/dags/dag_b_clientes.py
[2025-04-03T04:49:20.977+0000] {processor.py:925} INFO - DAG(s) 'schedule_clientes' retrieved from /opt/airflow/dags/dag_b_clientes.py
[2025-04-03T04:49:21.015+0000] {logging_mixin.py:190} INFO - [2025-04-03T04:49:21.015+0000] {dag.py:3239} INFO - Sync 1 DAGs
[2025-04-03T04:49:21.025+0000] {logging_mixin.py:190} INFO - [2025-04-03T04:49:21.025+0000] {dag.py:4180} INFO - Setting next_dagrun for schedule_clientes to 2025-04-02T08:00:00+00:00, run_after=2025-04-03T08:00:00+00:00
[2025-04-03T04:49:21.033+0000] {processor.py:208} INFO - Processing /opt/airflow/dags/dag_b_clientes.py took 0.069 seconds
[2025-04-03T04:49:52.198+0000] {processor.py:186} INFO - Started process (PID=1434) to work on /opt/airflow/dags/dag_b_clientes.py
[2025-04-03T04:49:52.199+0000] {processor.py:914} INFO - Processing file /opt/airflow/dags/dag_b_clientes.py for tasks to queue
[2025-04-03T04:49:52.200+0000] {logging_mixin.py:190} INFO - [2025-04-03T04:49:52.200+0000] {dagbag.py:588} INFO - Filling up the DagBag from /opt/airflow/dags/dag_b_clientes.py
[2025-04-03T04:49:52.209+0000] {processor.py:925} INFO - DAG(s) 'schedule_clientes' retrieved from /opt/airflow/dags/dag_b_clientes.py
[2025-04-03T04:49:52.246+0000] {logging_mixin.py:190} INFO - [2025-04-03T04:49:52.246+0000] {dag.py:3239} INFO - Sync 1 DAGs
[2025-04-03T04:49:52.259+0000] {logging_mixin.py:190} INFO - [2025-04-03T04:49:52.259+0000] {dag.py:4180} INFO - Setting next_dagrun for schedule_clientes to 2025-04-02T08:00:00+00:00, run_after=2025-04-03T08:00:00+00:00
[2025-04-03T04:49:52.272+0000] {processor.py:208} INFO - Processing /opt/airflow/dags/dag_b_clientes.py took 0.079 seconds
[2025-04-03T04:50:23.213+0000] {processor.py:186} INFO - Started process (PID=1468) to work on /opt/airflow/dags/dag_b_clientes.py
[2025-04-03T04:50:23.213+0000] {processor.py:914} INFO - Processing file /opt/airflow/dags/dag_b_clientes.py for tasks to queue
[2025-04-03T04:50:23.215+0000] {logging_mixin.py:190} INFO - [2025-04-03T04:50:23.214+0000] {dagbag.py:588} INFO - Filling up the DagBag from /opt/airflow/dags/dag_b_clientes.py
[2025-04-03T04:50:23.227+0000] {processor.py:925} INFO - DAG(s) 'schedule_clientes' retrieved from /opt/airflow/dags/dag_b_clientes.py
[2025-04-03T04:50:23.281+0000] {logging_mixin.py:190} INFO - [2025-04-03T04:50:23.281+0000] {dag.py:3239} INFO - Sync 1 DAGs
[2025-04-03T04:50:23.298+0000] {logging_mixin.py:190} INFO - [2025-04-03T04:50:23.297+0000] {dag.py:4180} INFO - Setting next_dagrun for schedule_clientes to 2025-04-02T08:00:00+00:00, run_after=2025-04-03T08:00:00+00:00
[2025-04-03T04:50:23.314+0000] {processor.py:208} INFO - Processing /opt/airflow/dags/dag_b_clientes.py took 0.105 seconds
[2025-04-03T04:53:52.184+0000] {processor.py:186} INFO - Started process (PID=200) to work on /opt/airflow/dags/dag_b_clientes.py
[2025-04-03T04:53:52.185+0000] {processor.py:914} INFO - Processing file /opt/airflow/dags/dag_b_clientes.py for tasks to queue
[2025-04-03T04:53:52.186+0000] {logging_mixin.py:190} INFO - [2025-04-03T04:53:52.186+0000] {dagbag.py:588} INFO - Filling up the DagBag from /opt/airflow/dags/dag_b_clientes.py
[2025-04-03T04:53:52.196+0000] {processor.py:925} INFO - DAG(s) 'schedule_clientes' retrieved from /opt/airflow/dags/dag_b_clientes.py
[2025-04-03T04:53:52.236+0000] {logging_mixin.py:190} INFO - [2025-04-03T04:53:52.236+0000] {dag.py:3239} INFO - Sync 1 DAGs
[2025-04-03T04:53:52.248+0000] {logging_mixin.py:190} INFO - [2025-04-03T04:53:52.248+0000] {dag.py:4180} INFO - Setting next_dagrun for schedule_clientes to 2025-04-02T08:00:00+00:00, run_after=2025-04-03T08:00:00+00:00
[2025-04-03T04:53:52.257+0000] {processor.py:208} INFO - Processing /opt/airflow/dags/dag_b_clientes.py took 0.078 seconds
[2025-04-03T04:54:23.097+0000] {processor.py:186} INFO - Started process (PID=247) to work on /opt/airflow/dags/dag_b_clientes.py
[2025-04-03T04:54:23.098+0000] {processor.py:914} INFO - Processing file /opt/airflow/dags/dag_b_clientes.py for tasks to queue
[2025-04-03T04:54:23.099+0000] {logging_mixin.py:190} INFO - [2025-04-03T04:54:23.099+0000] {dagbag.py:588} INFO - Filling up the DagBag from /opt/airflow/dags/dag_b_clientes.py
[2025-04-03T04:54:23.122+0000] {processor.py:925} INFO - DAG(s) 'schedule_clientes' retrieved from /opt/airflow/dags/dag_b_clientes.py
[2025-04-03T04:54:23.165+0000] {logging_mixin.py:190} INFO - [2025-04-03T04:54:23.165+0000] {dag.py:3239} INFO - Sync 1 DAGs
[2025-04-03T04:54:23.174+0000] {logging_mixin.py:190} INFO - [2025-04-03T04:54:23.174+0000] {dag.py:4180} INFO - Setting next_dagrun for schedule_clientes to 2025-04-02T08:00:00+00:00, run_after=2025-04-03T08:00:00+00:00
[2025-04-03T04:54:23.184+0000] {processor.py:208} INFO - Processing /opt/airflow/dags/dag_b_clientes.py took 0.093 seconds
[2025-04-03T04:54:54.142+0000] {processor.py:186} INFO - Started process (PID=282) to work on /opt/airflow/dags/dag_b_clientes.py
[2025-04-03T04:54:54.143+0000] {processor.py:914} INFO - Processing file /opt/airflow/dags/dag_b_clientes.py for tasks to queue
[2025-04-03T04:54:54.145+0000] {logging_mixin.py:190} INFO - [2025-04-03T04:54:54.144+0000] {dagbag.py:588} INFO - Filling up the DagBag from /opt/airflow/dags/dag_b_clientes.py
[2025-04-03T04:54:54.155+0000] {processor.py:925} INFO - DAG(s) 'schedule_clientes' retrieved from /opt/airflow/dags/dag_b_clientes.py
[2025-04-03T04:54:54.216+0000] {logging_mixin.py:190} INFO - [2025-04-03T04:54:54.216+0000] {dag.py:3239} INFO - Sync 1 DAGs
[2025-04-03T04:54:54.230+0000] {logging_mixin.py:190} INFO - [2025-04-03T04:54:54.229+0000] {dag.py:4180} INFO - Setting next_dagrun for schedule_clientes to 2025-04-02T08:00:00+00:00, run_after=2025-04-03T08:00:00+00:00
[2025-04-03T04:54:54.240+0000] {processor.py:208} INFO - Processing /opt/airflow/dags/dag_b_clientes.py took 0.104 seconds
[2025-04-03T04:55:25.119+0000] {processor.py:186} INFO - Started process (PID=318) to work on /opt/airflow/dags/dag_b_clientes.py
[2025-04-03T04:55:25.119+0000] {processor.py:914} INFO - Processing file /opt/airflow/dags/dag_b_clientes.py for tasks to queue
[2025-04-03T04:55:25.120+0000] {logging_mixin.py:190} INFO - [2025-04-03T04:55:25.120+0000] {dagbag.py:588} INFO - Filling up the DagBag from /opt/airflow/dags/dag_b_clientes.py
[2025-04-03T04:55:25.128+0000] {processor.py:925} INFO - DAG(s) 'schedule_clientes' retrieved from /opt/airflow/dags/dag_b_clientes.py
[2025-04-03T04:55:25.165+0000] {logging_mixin.py:190} INFO - [2025-04-03T04:55:25.165+0000] {dag.py:3239} INFO - Sync 1 DAGs
[2025-04-03T04:55:25.176+0000] {logging_mixin.py:190} INFO - [2025-04-03T04:55:25.176+0000] {dag.py:4180} INFO - Setting next_dagrun for schedule_clientes to 2025-04-02T08:00:00+00:00, run_after=2025-04-03T08:00:00+00:00
[2025-04-03T04:55:25.185+0000] {processor.py:208} INFO - Processing /opt/airflow/dags/dag_b_clientes.py took 0.070 seconds
[2025-04-03T04:55:56.203+0000] {processor.py:186} INFO - Started process (PID=353) to work on /opt/airflow/dags/dag_b_clientes.py
[2025-04-03T04:55:56.204+0000] {processor.py:914} INFO - Processing file /opt/airflow/dags/dag_b_clientes.py for tasks to queue
[2025-04-03T04:55:56.205+0000] {logging_mixin.py:190} INFO - [2025-04-03T04:55:56.205+0000] {dagbag.py:588} INFO - Filling up the DagBag from /opt/airflow/dags/dag_b_clientes.py
[2025-04-03T04:55:56.217+0000] {processor.py:925} INFO - DAG(s) 'schedule_clientes' retrieved from /opt/airflow/dags/dag_b_clientes.py
[2025-04-03T04:55:56.264+0000] {logging_mixin.py:190} INFO - [2025-04-03T04:55:56.264+0000] {dag.py:3239} INFO - Sync 1 DAGs
[2025-04-03T04:55:56.279+0000] {logging_mixin.py:190} INFO - [2025-04-03T04:55:56.278+0000] {dag.py:4180} INFO - Setting next_dagrun for schedule_clientes to 2025-04-02T08:00:00+00:00, run_after=2025-04-03T08:00:00+00:00
[2025-04-03T04:55:56.289+0000] {processor.py:208} INFO - Processing /opt/airflow/dags/dag_b_clientes.py took 0.090 seconds
[2025-04-03T04:56:27.415+0000] {processor.py:186} INFO - Started process (PID=386) to work on /opt/airflow/dags/dag_b_clientes.py
[2025-04-03T04:56:27.415+0000] {processor.py:914} INFO - Processing file /opt/airflow/dags/dag_b_clientes.py for tasks to queue
[2025-04-03T04:56:27.416+0000] {logging_mixin.py:190} INFO - [2025-04-03T04:56:27.416+0000] {dagbag.py:588} INFO - Filling up the DagBag from /opt/airflow/dags/dag_b_clientes.py
[2025-04-03T04:56:27.426+0000] {processor.py:925} INFO - DAG(s) 'schedule_clientes' retrieved from /opt/airflow/dags/dag_b_clientes.py
[2025-04-03T04:56:27.465+0000] {logging_mixin.py:190} INFO - [2025-04-03T04:56:27.465+0000] {dag.py:3239} INFO - Sync 1 DAGs
[2025-04-03T04:56:27.476+0000] {logging_mixin.py:190} INFO - [2025-04-03T04:56:27.476+0000] {dag.py:4180} INFO - Setting next_dagrun for schedule_clientes to 2025-04-02T08:00:00+00:00, run_after=2025-04-03T08:00:00+00:00
[2025-04-03T04:56:27.615+0000] {processor.py:208} INFO - Processing /opt/airflow/dags/dag_b_clientes.py took 0.204 seconds
[2025-04-03T04:56:59.128+0000] {processor.py:186} INFO - Started process (PID=423) to work on /opt/airflow/dags/dag_b_clientes.py
[2025-04-03T04:56:59.129+0000] {processor.py:914} INFO - Processing file /opt/airflow/dags/dag_b_clientes.py for tasks to queue
[2025-04-03T04:56:59.130+0000] {logging_mixin.py:190} INFO - [2025-04-03T04:56:59.130+0000] {dagbag.py:588} INFO - Filling up the DagBag from /opt/airflow/dags/dag_b_clientes.py
[2025-04-03T04:56:59.142+0000] {processor.py:925} INFO - DAG(s) 'schedule_clientes' retrieved from /opt/airflow/dags/dag_b_clientes.py
[2025-04-03T04:56:59.191+0000] {logging_mixin.py:190} INFO - [2025-04-03T04:56:59.191+0000] {dag.py:3239} INFO - Sync 1 DAGs
[2025-04-03T04:56:59.273+0000] {logging_mixin.py:190} INFO - [2025-04-03T04:56:59.272+0000] {dag.py:4180} INFO - Setting next_dagrun for schedule_clientes to 2025-04-02T08:00:00+00:00, run_after=2025-04-03T08:00:00+00:00
[2025-04-03T04:56:59.282+0000] {processor.py:208} INFO - Processing /opt/airflow/dags/dag_b_clientes.py took 0.158 seconds
[2025-04-03T04:57:50.122+0000] {processor.py:186} INFO - Started process (PID=207) to work on /opt/airflow/dags/dag_b_clientes.py
[2025-04-03T04:57:50.123+0000] {processor.py:914} INFO - Processing file /opt/airflow/dags/dag_b_clientes.py for tasks to queue
[2025-04-03T04:57:50.124+0000] {logging_mixin.py:190} INFO - [2025-04-03T04:57:50.124+0000] {dagbag.py:588} INFO - Filling up the DagBag from /opt/airflow/dags/dag_b_clientes.py
[2025-04-03T04:57:50.138+0000] {processor.py:925} INFO - DAG(s) 'schedule_clientes' retrieved from /opt/airflow/dags/dag_b_clientes.py
[2025-04-03T04:57:50.188+0000] {logging_mixin.py:190} INFO - [2025-04-03T04:57:50.188+0000] {dag.py:3239} INFO - Sync 1 DAGs
[2025-04-03T04:57:50.202+0000] {logging_mixin.py:190} INFO - [2025-04-03T04:57:50.202+0000] {dag.py:4180} INFO - Setting next_dagrun for schedule_clientes to 2025-04-02T08:00:00+00:00, run_after=2025-04-03T08:00:00+00:00
[2025-04-03T04:57:50.210+0000] {processor.py:208} INFO - Processing /opt/airflow/dags/dag_b_clientes.py took 0.092 seconds
[2025-04-03T04:58:21.051+0000] {processor.py:186} INFO - Started process (PID=248) to work on /opt/airflow/dags/dag_b_clientes.py
[2025-04-03T04:58:21.052+0000] {processor.py:914} INFO - Processing file /opt/airflow/dags/dag_b_clientes.py for tasks to queue
[2025-04-03T04:58:21.053+0000] {logging_mixin.py:190} INFO - [2025-04-03T04:58:21.052+0000] {dagbag.py:588} INFO - Filling up the DagBag from /opt/airflow/dags/dag_b_clientes.py
[2025-04-03T04:58:21.061+0000] {processor.py:925} INFO - DAG(s) 'schedule_clientes' retrieved from /opt/airflow/dags/dag_b_clientes.py
[2025-04-03T04:58:21.097+0000] {logging_mixin.py:190} INFO - [2025-04-03T04:58:21.097+0000] {dag.py:3239} INFO - Sync 1 DAGs
[2025-04-03T04:58:21.106+0000] {logging_mixin.py:190} INFO - [2025-04-03T04:58:21.106+0000] {dag.py:4180} INFO - Setting next_dagrun for schedule_clientes to 2025-04-02T08:00:00+00:00, run_after=2025-04-03T08:00:00+00:00
[2025-04-03T04:58:21.114+0000] {processor.py:208} INFO - Processing /opt/airflow/dags/dag_b_clientes.py took 0.066 seconds
[2025-04-03T04:58:52.036+0000] {processor.py:186} INFO - Started process (PID=283) to work on /opt/airflow/dags/dag_b_clientes.py
[2025-04-03T04:58:52.036+0000] {processor.py:914} INFO - Processing file /opt/airflow/dags/dag_b_clientes.py for tasks to queue
[2025-04-03T04:58:52.037+0000] {logging_mixin.py:190} INFO - [2025-04-03T04:58:52.037+0000] {dagbag.py:588} INFO - Filling up the DagBag from /opt/airflow/dags/dag_b_clientes.py
[2025-04-03T04:58:52.047+0000] {processor.py:925} INFO - DAG(s) 'schedule_clientes' retrieved from /opt/airflow/dags/dag_b_clientes.py
[2025-04-03T04:58:52.088+0000] {logging_mixin.py:190} INFO - [2025-04-03T04:58:52.088+0000] {dag.py:3239} INFO - Sync 1 DAGs
[2025-04-03T04:58:52.100+0000] {logging_mixin.py:190} INFO - [2025-04-03T04:58:52.099+0000] {dag.py:4180} INFO - Setting next_dagrun for schedule_clientes to 2025-04-02T08:00:00+00:00, run_after=2025-04-03T08:00:00+00:00
[2025-04-03T04:58:52.111+0000] {processor.py:208} INFO - Processing /opt/airflow/dags/dag_b_clientes.py took 0.078 seconds
[2025-04-03T04:59:23.297+0000] {processor.py:186} INFO - Started process (PID=318) to work on /opt/airflow/dags/dag_b_clientes.py
[2025-04-03T04:59:23.298+0000] {processor.py:914} INFO - Processing file /opt/airflow/dags/dag_b_clientes.py for tasks to queue
[2025-04-03T04:59:23.300+0000] {logging_mixin.py:190} INFO - [2025-04-03T04:59:23.300+0000] {dagbag.py:588} INFO - Filling up the DagBag from /opt/airflow/dags/dag_b_clientes.py
[2025-04-03T04:59:23.320+0000] {processor.py:925} INFO - DAG(s) 'schedule_clientes' retrieved from /opt/airflow/dags/dag_b_clientes.py
[2025-04-03T04:59:23.374+0000] {logging_mixin.py:190} INFO - [2025-04-03T04:59:23.373+0000] {dag.py:3239} INFO - Sync 1 DAGs
[2025-04-03T04:59:23.390+0000] {logging_mixin.py:190} INFO - [2025-04-03T04:59:23.390+0000] {dag.py:4180} INFO - Setting next_dagrun for schedule_clientes to 2025-04-02T08:00:00+00:00, run_after=2025-04-03T08:00:00+00:00
[2025-04-03T04:59:23.405+0000] {processor.py:208} INFO - Processing /opt/airflow/dags/dag_b_clientes.py took 0.113 seconds
[2025-04-03T04:59:54.234+0000] {processor.py:186} INFO - Started process (PID=352) to work on /opt/airflow/dags/dag_b_clientes.py
[2025-04-03T04:59:54.234+0000] {processor.py:914} INFO - Processing file /opt/airflow/dags/dag_b_clientes.py for tasks to queue
[2025-04-03T04:59:54.237+0000] {logging_mixin.py:190} INFO - [2025-04-03T04:59:54.237+0000] {dagbag.py:588} INFO - Filling up the DagBag from /opt/airflow/dags/dag_b_clientes.py
[2025-04-03T04:59:54.249+0000] {processor.py:925} INFO - DAG(s) 'schedule_clientes' retrieved from /opt/airflow/dags/dag_b_clientes.py
[2025-04-03T04:59:54.316+0000] {logging_mixin.py:190} INFO - [2025-04-03T04:59:54.315+0000] {dag.py:3239} INFO - Sync 1 DAGs
[2025-04-03T04:59:54.329+0000] {logging_mixin.py:190} INFO - [2025-04-03T04:59:54.329+0000] {dag.py:4180} INFO - Setting next_dagrun for schedule_clientes to 2025-04-02T08:00:00+00:00, run_after=2025-04-03T08:00:00+00:00
[2025-04-03T04:59:54.347+0000] {processor.py:208} INFO - Processing /opt/airflow/dags/dag_b_clientes.py took 0.118 seconds
[2025-04-03T05:00:24.428+0000] {processor.py:186} INFO - Started process (PID=386) to work on /opt/airflow/dags/dag_b_clientes.py
[2025-04-03T05:00:24.428+0000] {processor.py:914} INFO - Processing file /opt/airflow/dags/dag_b_clientes.py for tasks to queue
[2025-04-03T05:00:24.429+0000] {logging_mixin.py:190} INFO - [2025-04-03T05:00:24.429+0000] {dagbag.py:588} INFO - Filling up the DagBag from /opt/airflow/dags/dag_b_clientes.py
[2025-04-03T05:00:24.439+0000] {processor.py:925} INFO - DAG(s) 'schedule_clientes' retrieved from /opt/airflow/dags/dag_b_clientes.py
[2025-04-03T05:00:24.494+0000] {logging_mixin.py:190} INFO - [2025-04-03T05:00:24.494+0000] {dag.py:3239} INFO - Sync 1 DAGs
[2025-04-03T05:00:24.506+0000] {logging_mixin.py:190} INFO - [2025-04-03T05:00:24.506+0000] {dag.py:4180} INFO - Setting next_dagrun for schedule_clientes to 2025-04-02T08:00:00+00:00, run_after=2025-04-03T08:00:00+00:00
[2025-04-03T05:00:24.594+0000] {processor.py:208} INFO - Processing /opt/airflow/dags/dag_b_clientes.py took 0.170 seconds
[2025-04-03T05:00:54.871+0000] {processor.py:186} INFO - Started process (PID=423) to work on /opt/airflow/dags/dag_b_clientes.py
[2025-04-03T05:00:54.872+0000] {processor.py:914} INFO - Processing file /opt/airflow/dags/dag_b_clientes.py for tasks to queue
[2025-04-03T05:00:54.873+0000] {logging_mixin.py:190} INFO - [2025-04-03T05:00:54.873+0000] {dagbag.py:588} INFO - Filling up the DagBag from /opt/airflow/dags/dag_b_clientes.py
[2025-04-03T05:00:54.886+0000] {processor.py:925} INFO - DAG(s) 'schedule_clientes' retrieved from /opt/airflow/dags/dag_b_clientes.py
[2025-04-03T05:00:54.934+0000] {logging_mixin.py:190} INFO - [2025-04-03T05:00:54.934+0000] {dag.py:3239} INFO - Sync 1 DAGs
[2025-04-03T05:00:55.012+0000] {logging_mixin.py:190} INFO - [2025-04-03T05:00:55.012+0000] {dag.py:4180} INFO - Setting next_dagrun for schedule_clientes to 2025-04-02T08:00:00+00:00, run_after=2025-04-03T08:00:00+00:00
[2025-04-03T05:00:55.024+0000] {processor.py:208} INFO - Processing /opt/airflow/dags/dag_b_clientes.py took 0.156 seconds
[2025-04-03T05:01:25.161+0000] {processor.py:186} INFO - Started process (PID=456) to work on /opt/airflow/dags/dag_b_clientes.py
[2025-04-03T05:01:25.162+0000] {processor.py:914} INFO - Processing file /opt/airflow/dags/dag_b_clientes.py for tasks to queue
[2025-04-03T05:01:25.164+0000] {logging_mixin.py:190} INFO - [2025-04-03T05:01:25.163+0000] {dagbag.py:588} INFO - Filling up the DagBag from /opt/airflow/dags/dag_b_clientes.py
[2025-04-03T05:01:25.179+0000] {processor.py:925} INFO - DAG(s) 'schedule_clientes' retrieved from /opt/airflow/dags/dag_b_clientes.py
[2025-04-03T05:01:25.318+0000] {logging_mixin.py:190} INFO - [2025-04-03T05:01:25.318+0000] {dag.py:3239} INFO - Sync 1 DAGs
[2025-04-03T05:01:25.331+0000] {logging_mixin.py:190} INFO - [2025-04-03T05:01:25.330+0000] {dag.py:4180} INFO - Setting next_dagrun for schedule_clientes to 2025-04-02T08:00:00+00:00, run_after=2025-04-03T08:00:00+00:00
[2025-04-03T05:01:25.345+0000] {processor.py:208} INFO - Processing /opt/airflow/dags/dag_b_clientes.py took 0.187 seconds
[2025-04-03T05:01:56.936+0000] {processor.py:186} INFO - Started process (PID=493) to work on /opt/airflow/dags/dag_b_clientes.py
[2025-04-03T05:01:56.937+0000] {processor.py:914} INFO - Processing file /opt/airflow/dags/dag_b_clientes.py for tasks to queue
[2025-04-03T05:01:56.944+0000] {logging_mixin.py:190} INFO - [2025-04-03T05:01:56.944+0000] {dagbag.py:588} INFO - Filling up the DagBag from /opt/airflow/dags/dag_b_clientes.py
[2025-04-03T05:01:56.967+0000] {processor.py:925} INFO - DAG(s) 'schedule_clientes' retrieved from /opt/airflow/dags/dag_b_clientes.py
[2025-04-03T05:01:57.118+0000] {logging_mixin.py:190} INFO - [2025-04-03T05:01:57.118+0000] {dag.py:3239} INFO - Sync 1 DAGs
[2025-04-03T05:01:57.128+0000] {logging_mixin.py:190} INFO - [2025-04-03T05:01:57.128+0000] {dag.py:4180} INFO - Setting next_dagrun for schedule_clientes to 2025-04-02T08:00:00+00:00, run_after=2025-04-03T08:00:00+00:00
[2025-04-03T05:01:57.137+0000] {processor.py:208} INFO - Processing /opt/airflow/dags/dag_b_clientes.py took 0.217 seconds
[2025-04-03T05:02:27.381+0000] {processor.py:186} INFO - Started process (PID=526) to work on /opt/airflow/dags/dag_b_clientes.py
[2025-04-03T05:02:27.383+0000] {processor.py:914} INFO - Processing file /opt/airflow/dags/dag_b_clientes.py for tasks to queue
[2025-04-03T05:02:27.384+0000] {logging_mixin.py:190} INFO - [2025-04-03T05:02:27.384+0000] {dagbag.py:588} INFO - Filling up the DagBag from /opt/airflow/dags/dag_b_clientes.py
[2025-04-03T05:02:27.396+0000] {processor.py:925} INFO - DAG(s) 'schedule_clientes' retrieved from /opt/airflow/dags/dag_b_clientes.py
[2025-04-03T05:02:27.523+0000] {logging_mixin.py:190} INFO - [2025-04-03T05:02:27.523+0000] {dag.py:3239} INFO - Sync 1 DAGs
[2025-04-03T05:02:27.537+0000] {logging_mixin.py:190} INFO - [2025-04-03T05:02:27.537+0000] {dag.py:4180} INFO - Setting next_dagrun for schedule_clientes to 2025-04-02T08:00:00+00:00, run_after=2025-04-03T08:00:00+00:00
[2025-04-03T05:02:27.547+0000] {processor.py:208} INFO - Processing /opt/airflow/dags/dag_b_clientes.py took 0.169 seconds
[2025-04-03T05:02:57.597+0000] {processor.py:186} INFO - Started process (PID=563) to work on /opt/airflow/dags/dag_b_clientes.py
[2025-04-03T05:02:57.598+0000] {processor.py:914} INFO - Processing file /opt/airflow/dags/dag_b_clientes.py for tasks to queue
[2025-04-03T05:02:57.599+0000] {logging_mixin.py:190} INFO - [2025-04-03T05:02:57.599+0000] {dagbag.py:588} INFO - Filling up the DagBag from /opt/airflow/dags/dag_b_clientes.py
[2025-04-03T05:02:57.609+0000] {processor.py:925} INFO - DAG(s) 'schedule_clientes' retrieved from /opt/airflow/dags/dag_b_clientes.py
[2025-04-03T05:02:57.648+0000] {logging_mixin.py:190} INFO - [2025-04-03T05:02:57.648+0000] {dag.py:3239} INFO - Sync 1 DAGs
[2025-04-03T05:02:57.657+0000] {logging_mixin.py:190} INFO - [2025-04-03T05:02:57.657+0000] {dag.py:4180} INFO - Setting next_dagrun for schedule_clientes to 2025-04-02T08:00:00+00:00, run_after=2025-04-03T08:00:00+00:00
[2025-04-03T05:02:57.666+0000] {processor.py:208} INFO - Processing /opt/airflow/dags/dag_b_clientes.py took 0.073 seconds
[2025-04-03T05:03:28.592+0000] {processor.py:186} INFO - Started process (PID=598) to work on /opt/airflow/dags/dag_b_clientes.py
[2025-04-03T05:03:28.593+0000] {processor.py:914} INFO - Processing file /opt/airflow/dags/dag_b_clientes.py for tasks to queue
[2025-04-03T05:03:28.594+0000] {logging_mixin.py:190} INFO - [2025-04-03T05:03:28.594+0000] {dagbag.py:588} INFO - Filling up the DagBag from /opt/airflow/dags/dag_b_clientes.py
[2025-04-03T05:03:28.609+0000] {processor.py:925} INFO - DAG(s) 'schedule_clientes' retrieved from /opt/airflow/dags/dag_b_clientes.py
[2025-04-03T05:03:28.666+0000] {logging_mixin.py:190} INFO - [2025-04-03T05:03:28.666+0000] {dag.py:3239} INFO - Sync 1 DAGs
[2025-04-03T05:03:28.678+0000] {logging_mixin.py:190} INFO - [2025-04-03T05:03:28.678+0000] {dag.py:4180} INFO - Setting next_dagrun for schedule_clientes to 2025-04-02T08:00:00+00:00, run_after=2025-04-03T08:00:00+00:00
[2025-04-03T05:03:28.693+0000] {processor.py:208} INFO - Processing /opt/airflow/dags/dag_b_clientes.py took 0.108 seconds
[2025-04-03T05:03:59.636+0000] {processor.py:186} INFO - Started process (PID=633) to work on /opt/airflow/dags/dag_b_clientes.py
[2025-04-03T05:03:59.637+0000] {processor.py:914} INFO - Processing file /opt/airflow/dags/dag_b_clientes.py for tasks to queue
[2025-04-03T05:03:59.638+0000] {logging_mixin.py:190} INFO - [2025-04-03T05:03:59.638+0000] {dagbag.py:588} INFO - Filling up the DagBag from /opt/airflow/dags/dag_b_clientes.py
[2025-04-03T05:03:59.647+0000] {processor.py:925} INFO - DAG(s) 'schedule_clientes' retrieved from /opt/airflow/dags/dag_b_clientes.py
[2025-04-03T05:03:59.684+0000] {logging_mixin.py:190} INFO - [2025-04-03T05:03:59.684+0000] {dag.py:3239} INFO - Sync 1 DAGs
[2025-04-03T05:03:59.694+0000] {logging_mixin.py:190} INFO - [2025-04-03T05:03:59.693+0000] {dag.py:4180} INFO - Setting next_dagrun for schedule_clientes to 2025-04-02T08:00:00+00:00, run_after=2025-04-03T08:00:00+00:00
[2025-04-03T05:03:59.701+0000] {processor.py:208} INFO - Processing /opt/airflow/dags/dag_b_clientes.py took 0.069 seconds
[2025-04-03T05:04:30.583+0000] {processor.py:186} INFO - Started process (PID=666) to work on /opt/airflow/dags/dag_b_clientes.py
[2025-04-03T05:04:30.584+0000] {processor.py:914} INFO - Processing file /opt/airflow/dags/dag_b_clientes.py for tasks to queue
[2025-04-03T05:04:30.585+0000] {logging_mixin.py:190} INFO - [2025-04-03T05:04:30.585+0000] {dagbag.py:588} INFO - Filling up the DagBag from /opt/airflow/dags/dag_b_clientes.py
[2025-04-03T05:04:30.597+0000] {processor.py:925} INFO - DAG(s) 'schedule_clientes' retrieved from /opt/airflow/dags/dag_b_clientes.py
[2025-04-03T05:04:30.650+0000] {logging_mixin.py:190} INFO - [2025-04-03T05:04:30.650+0000] {dag.py:3239} INFO - Sync 1 DAGs
[2025-04-03T05:04:30.661+0000] {logging_mixin.py:190} INFO - [2025-04-03T05:04:30.661+0000] {dag.py:4180} INFO - Setting next_dagrun for schedule_clientes to 2025-04-02T08:00:00+00:00, run_after=2025-04-03T08:00:00+00:00
[2025-04-03T05:04:30.674+0000] {processor.py:208} INFO - Processing /opt/airflow/dags/dag_b_clientes.py took 0.095 seconds
[2025-04-03T05:05:01.467+0000] {processor.py:186} INFO - Started process (PID=701) to work on /opt/airflow/dags/dag_b_clientes.py
[2025-04-03T05:05:01.468+0000] {processor.py:914} INFO - Processing file /opt/airflow/dags/dag_b_clientes.py for tasks to queue
[2025-04-03T05:05:01.469+0000] {logging_mixin.py:190} INFO - [2025-04-03T05:05:01.469+0000] {dagbag.py:588} INFO - Filling up the DagBag from /opt/airflow/dags/dag_b_clientes.py
[2025-04-03T05:05:01.482+0000] {processor.py:925} INFO - DAG(s) 'schedule_clientes' retrieved from /opt/airflow/dags/dag_b_clientes.py
[2025-04-03T05:05:01.544+0000] {logging_mixin.py:190} INFO - [2025-04-03T05:05:01.544+0000] {dag.py:3239} INFO - Sync 1 DAGs
[2025-04-03T05:05:01.559+0000] {logging_mixin.py:190} INFO - [2025-04-03T05:05:01.559+0000] {dag.py:4180} INFO - Setting next_dagrun for schedule_clientes to 2025-04-02T08:00:00+00:00, run_after=2025-04-03T08:00:00+00:00
[2025-04-03T05:05:01.569+0000] {processor.py:208} INFO - Processing /opt/airflow/dags/dag_b_clientes.py took 0.109 seconds
[2025-04-03T05:05:32.432+0000] {processor.py:186} INFO - Started process (PID=738) to work on /opt/airflow/dags/dag_b_clientes.py
[2025-04-03T05:05:32.433+0000] {processor.py:914} INFO - Processing file /opt/airflow/dags/dag_b_clientes.py for tasks to queue
[2025-04-03T05:05:32.434+0000] {logging_mixin.py:190} INFO - [2025-04-03T05:05:32.433+0000] {dagbag.py:588} INFO - Filling up the DagBag from /opt/airflow/dags/dag_b_clientes.py
[2025-04-03T05:05:32.443+0000] {processor.py:925} INFO - DAG(s) 'schedule_clientes' retrieved from /opt/airflow/dags/dag_b_clientes.py
[2025-04-03T05:05:32.480+0000] {logging_mixin.py:190} INFO - [2025-04-03T05:05:32.480+0000] {dag.py:3239} INFO - Sync 1 DAGs
[2025-04-03T05:05:32.490+0000] {logging_mixin.py:190} INFO - [2025-04-03T05:05:32.490+0000] {dag.py:4180} INFO - Setting next_dagrun for schedule_clientes to 2025-04-02T08:00:00+00:00, run_after=2025-04-03T08:00:00+00:00
[2025-04-03T05:05:32.499+0000] {processor.py:208} INFO - Processing /opt/airflow/dags/dag_b_clientes.py took 0.071 seconds
[2025-04-03T05:06:03.486+0000] {processor.py:186} INFO - Started process (PID=773) to work on /opt/airflow/dags/dag_b_clientes.py
[2025-04-03T05:06:03.486+0000] {processor.py:914} INFO - Processing file /opt/airflow/dags/dag_b_clientes.py for tasks to queue
[2025-04-03T05:06:03.487+0000] {logging_mixin.py:190} INFO - [2025-04-03T05:06:03.487+0000] {dagbag.py:588} INFO - Filling up the DagBag from /opt/airflow/dags/dag_b_clientes.py
[2025-04-03T05:06:03.496+0000] {processor.py:925} INFO - DAG(s) 'schedule_clientes' retrieved from /opt/airflow/dags/dag_b_clientes.py
[2025-04-03T05:06:03.533+0000] {logging_mixin.py:190} INFO - [2025-04-03T05:06:03.533+0000] {dag.py:3239} INFO - Sync 1 DAGs
[2025-04-03T05:06:03.542+0000] {logging_mixin.py:190} INFO - [2025-04-03T05:06:03.542+0000] {dag.py:4180} INFO - Setting next_dagrun for schedule_clientes to 2025-04-02T08:00:00+00:00, run_after=2025-04-03T08:00:00+00:00
[2025-04-03T05:06:03.550+0000] {processor.py:208} INFO - Processing /opt/airflow/dags/dag_b_clientes.py took 0.067 seconds
[2025-04-03T05:06:34.483+0000] {processor.py:186} INFO - Started process (PID=808) to work on /opt/airflow/dags/dag_b_clientes.py
[2025-04-03T05:06:34.484+0000] {processor.py:914} INFO - Processing file /opt/airflow/dags/dag_b_clientes.py for tasks to queue
[2025-04-03T05:06:34.485+0000] {logging_mixin.py:190} INFO - [2025-04-03T05:06:34.485+0000] {dagbag.py:588} INFO - Filling up the DagBag from /opt/airflow/dags/dag_b_clientes.py
[2025-04-03T05:06:34.495+0000] {processor.py:925} INFO - DAG(s) 'schedule_clientes' retrieved from /opt/airflow/dags/dag_b_clientes.py
[2025-04-03T05:06:34.547+0000] {logging_mixin.py:190} INFO - [2025-04-03T05:06:34.547+0000] {dag.py:3239} INFO - Sync 1 DAGs
[2025-04-03T05:06:34.558+0000] {logging_mixin.py:190} INFO - [2025-04-03T05:06:34.558+0000] {dag.py:4180} INFO - Setting next_dagrun for schedule_clientes to 2025-04-02T08:00:00+00:00, run_after=2025-04-03T08:00:00+00:00
[2025-04-03T05:06:34.572+0000] {processor.py:208} INFO - Processing /opt/airflow/dags/dag_b_clientes.py took 0.093 seconds
[2025-04-03T05:07:05.402+0000] {processor.py:186} INFO - Started process (PID=843) to work on /opt/airflow/dags/dag_b_clientes.py
[2025-04-03T05:07:05.403+0000] {processor.py:914} INFO - Processing file /opt/airflow/dags/dag_b_clientes.py for tasks to queue
[2025-04-03T05:07:05.404+0000] {logging_mixin.py:190} INFO - [2025-04-03T05:07:05.404+0000] {dagbag.py:588} INFO - Filling up the DagBag from /opt/airflow/dags/dag_b_clientes.py
[2025-04-03T05:07:05.414+0000] {processor.py:925} INFO - DAG(s) 'schedule_clientes' retrieved from /opt/airflow/dags/dag_b_clientes.py
[2025-04-03T05:07:05.457+0000] {logging_mixin.py:190} INFO - [2025-04-03T05:07:05.457+0000] {dag.py:3239} INFO - Sync 1 DAGs
[2025-04-03T05:07:05.471+0000] {logging_mixin.py:190} INFO - [2025-04-03T05:07:05.471+0000] {dag.py:4180} INFO - Setting next_dagrun for schedule_clientes to 2025-04-02T08:00:00+00:00, run_after=2025-04-03T08:00:00+00:00
[2025-04-03T05:07:05.482+0000] {processor.py:208} INFO - Processing /opt/airflow/dags/dag_b_clientes.py took 0.083 seconds
[2025-04-03T05:07:36.347+0000] {processor.py:186} INFO - Started process (PID=878) to work on /opt/airflow/dags/dag_b_clientes.py
[2025-04-03T05:07:36.348+0000] {processor.py:914} INFO - Processing file /opt/airflow/dags/dag_b_clientes.py for tasks to queue
[2025-04-03T05:07:36.349+0000] {logging_mixin.py:190} INFO - [2025-04-03T05:07:36.349+0000] {dagbag.py:588} INFO - Filling up the DagBag from /opt/airflow/dags/dag_b_clientes.py
[2025-04-03T05:07:36.358+0000] {processor.py:925} INFO - DAG(s) 'schedule_clientes' retrieved from /opt/airflow/dags/dag_b_clientes.py
[2025-04-03T05:07:36.394+0000] {logging_mixin.py:190} INFO - [2025-04-03T05:07:36.394+0000] {dag.py:3239} INFO - Sync 1 DAGs
[2025-04-03T05:07:36.403+0000] {logging_mixin.py:190} INFO - [2025-04-03T05:07:36.403+0000] {dag.py:4180} INFO - Setting next_dagrun for schedule_clientes to 2025-04-02T08:00:00+00:00, run_after=2025-04-03T08:00:00+00:00
[2025-04-03T05:07:36.411+0000] {processor.py:208} INFO - Processing /opt/airflow/dags/dag_b_clientes.py took 0.068 seconds
[2025-04-03T05:08:07.393+0000] {processor.py:186} INFO - Started process (PID=911) to work on /opt/airflow/dags/dag_b_clientes.py
[2025-04-03T05:08:07.394+0000] {processor.py:914} INFO - Processing file /opt/airflow/dags/dag_b_clientes.py for tasks to queue
[2025-04-03T05:08:07.395+0000] {logging_mixin.py:190} INFO - [2025-04-03T05:08:07.395+0000] {dagbag.py:588} INFO - Filling up the DagBag from /opt/airflow/dags/dag_b_clientes.py
[2025-04-03T05:08:07.408+0000] {processor.py:925} INFO - DAG(s) 'schedule_clientes' retrieved from /opt/airflow/dags/dag_b_clientes.py
[2025-04-03T05:08:07.451+0000] {logging_mixin.py:190} INFO - [2025-04-03T05:08:07.451+0000] {dag.py:3239} INFO - Sync 1 DAGs
[2025-04-03T05:08:07.463+0000] {logging_mixin.py:190} INFO - [2025-04-03T05:08:07.463+0000] {dag.py:4180} INFO - Setting next_dagrun for schedule_clientes to 2025-04-02T08:00:00+00:00, run_after=2025-04-03T08:00:00+00:00
[2025-04-03T05:08:07.476+0000] {processor.py:208} INFO - Processing /opt/airflow/dags/dag_b_clientes.py took 0.087 seconds
[2025-04-03T05:08:38.408+0000] {processor.py:186} INFO - Started process (PID=946) to work on /opt/airflow/dags/dag_b_clientes.py
[2025-04-03T05:08:38.409+0000] {processor.py:914} INFO - Processing file /opt/airflow/dags/dag_b_clientes.py for tasks to queue
[2025-04-03T05:08:38.411+0000] {logging_mixin.py:190} INFO - [2025-04-03T05:08:38.410+0000] {dagbag.py:588} INFO - Filling up the DagBag from /opt/airflow/dags/dag_b_clientes.py
[2025-04-03T05:08:38.423+0000] {processor.py:925} INFO - DAG(s) 'schedule_clientes' retrieved from /opt/airflow/dags/dag_b_clientes.py
[2025-04-03T05:08:38.464+0000] {logging_mixin.py:190} INFO - [2025-04-03T05:08:38.464+0000] {dag.py:3239} INFO - Sync 1 DAGs
[2025-04-03T05:08:38.478+0000] {logging_mixin.py:190} INFO - [2025-04-03T05:08:38.478+0000] {dag.py:4180} INFO - Setting next_dagrun for schedule_clientes to 2025-04-02T08:00:00+00:00, run_after=2025-04-03T08:00:00+00:00
[2025-04-03T05:08:38.490+0000] {processor.py:208} INFO - Processing /opt/airflow/dags/dag_b_clientes.py took 0.086 seconds
[2025-04-03T05:09:09.664+0000] {processor.py:186} INFO - Started process (PID=983) to work on /opt/airflow/dags/dag_b_clientes.py
[2025-04-03T05:09:09.665+0000] {processor.py:914} INFO - Processing file /opt/airflow/dags/dag_b_clientes.py for tasks to queue
[2025-04-03T05:09:09.666+0000] {logging_mixin.py:190} INFO - [2025-04-03T05:09:09.666+0000] {dagbag.py:588} INFO - Filling up the DagBag from /opt/airflow/dags/dag_b_clientes.py
[2025-04-03T05:09:09.676+0000] {processor.py:925} INFO - DAG(s) 'schedule_clientes' retrieved from /opt/airflow/dags/dag_b_clientes.py
[2025-04-03T05:09:09.714+0000] {logging_mixin.py:190} INFO - [2025-04-03T05:09:09.714+0000] {dag.py:3239} INFO - Sync 1 DAGs
[2025-04-03T05:09:09.723+0000] {logging_mixin.py:190} INFO - [2025-04-03T05:09:09.723+0000] {dag.py:4180} INFO - Setting next_dagrun for schedule_clientes to 2025-04-02T08:00:00+00:00, run_after=2025-04-03T08:00:00+00:00
[2025-04-03T05:09:09.733+0000] {processor.py:208} INFO - Processing /opt/airflow/dags/dag_b_clientes.py took 0.073 seconds
[2025-04-03T05:09:41.038+0000] {processor.py:186} INFO - Started process (PID=1018) to work on /opt/airflow/dags/dag_b_clientes.py
[2025-04-03T05:09:41.038+0000] {processor.py:914} INFO - Processing file /opt/airflow/dags/dag_b_clientes.py for tasks to queue
[2025-04-03T05:09:41.040+0000] {logging_mixin.py:190} INFO - [2025-04-03T05:09:41.040+0000] {dagbag.py:588} INFO - Filling up the DagBag from /opt/airflow/dags/dag_b_clientes.py
[2025-04-03T05:09:41.050+0000] {processor.py:925} INFO - DAG(s) 'schedule_clientes' retrieved from /opt/airflow/dags/dag_b_clientes.py
[2025-04-03T05:09:41.092+0000] {logging_mixin.py:190} INFO - [2025-04-03T05:09:41.091+0000] {dag.py:3239} INFO - Sync 1 DAGs
[2025-04-03T05:09:41.101+0000] {logging_mixin.py:190} INFO - [2025-04-03T05:09:41.101+0000] {dag.py:4180} INFO - Setting next_dagrun for schedule_clientes to 2025-04-02T08:00:00+00:00, run_after=2025-04-03T08:00:00+00:00
[2025-04-03T05:09:41.110+0000] {processor.py:208} INFO - Processing /opt/airflow/dags/dag_b_clientes.py took 0.076 seconds
[2025-04-03T05:10:12.029+0000] {processor.py:186} INFO - Started process (PID=1051) to work on /opt/airflow/dags/dag_b_clientes.py
[2025-04-03T05:10:12.031+0000] {processor.py:914} INFO - Processing file /opt/airflow/dags/dag_b_clientes.py for tasks to queue
[2025-04-03T05:10:12.033+0000] {logging_mixin.py:190} INFO - [2025-04-03T05:10:12.033+0000] {dagbag.py:588} INFO - Filling up the DagBag from /opt/airflow/dags/dag_b_clientes.py
[2025-04-03T05:10:12.053+0000] {processor.py:925} INFO - DAG(s) 'schedule_clientes' retrieved from /opt/airflow/dags/dag_b_clientes.py
[2025-04-03T05:10:12.111+0000] {logging_mixin.py:190} INFO - [2025-04-03T05:10:12.111+0000] {dag.py:3239} INFO - Sync 1 DAGs
[2025-04-03T05:10:12.130+0000] {logging_mixin.py:190} INFO - [2025-04-03T05:10:12.130+0000] {dag.py:4180} INFO - Setting next_dagrun for schedule_clientes to 2025-04-02T08:00:00+00:00, run_after=2025-04-03T08:00:00+00:00
[2025-04-03T05:10:12.140+0000] {processor.py:208} INFO - Processing /opt/airflow/dags/dag_b_clientes.py took 0.117 seconds
[2025-04-03T05:10:43.006+0000] {processor.py:186} INFO - Started process (PID=1086) to work on /opt/airflow/dags/dag_b_clientes.py
[2025-04-03T05:10:43.007+0000] {processor.py:914} INFO - Processing file /opt/airflow/dags/dag_b_clientes.py for tasks to queue
[2025-04-03T05:10:43.009+0000] {logging_mixin.py:190} INFO - [2025-04-03T05:10:43.009+0000] {dagbag.py:588} INFO - Filling up the DagBag from /opt/airflow/dags/dag_b_clientes.py
[2025-04-03T05:10:43.022+0000] {processor.py:925} INFO - DAG(s) 'schedule_clientes' retrieved from /opt/airflow/dags/dag_b_clientes.py
[2025-04-03T05:10:43.071+0000] {logging_mixin.py:190} INFO - [2025-04-03T05:10:43.071+0000] {dag.py:3239} INFO - Sync 1 DAGs
[2025-04-03T05:10:43.082+0000] {logging_mixin.py:190} INFO - [2025-04-03T05:10:43.082+0000] {dag.py:4180} INFO - Setting next_dagrun for schedule_clientes to 2025-04-02T08:00:00+00:00, run_after=2025-04-03T08:00:00+00:00
[2025-04-03T05:10:43.091+0000] {processor.py:208} INFO - Processing /opt/airflow/dags/dag_b_clientes.py took 0.092 seconds
[2025-04-03T05:11:13.886+0000] {processor.py:186} INFO - Started process (PID=1121) to work on /opt/airflow/dags/dag_b_clientes.py
[2025-04-03T05:11:13.888+0000] {processor.py:914} INFO - Processing file /opt/airflow/dags/dag_b_clientes.py for tasks to queue
[2025-04-03T05:11:13.889+0000] {logging_mixin.py:190} INFO - [2025-04-03T05:11:13.889+0000] {dagbag.py:588} INFO - Filling up the DagBag from /opt/airflow/dags/dag_b_clientes.py
[2025-04-03T05:11:13.902+0000] {processor.py:925} INFO - DAG(s) 'schedule_clientes' retrieved from /opt/airflow/dags/dag_b_clientes.py
[2025-04-03T05:11:13.946+0000] {logging_mixin.py:190} INFO - [2025-04-03T05:11:13.945+0000] {dag.py:3239} INFO - Sync 1 DAGs
[2025-04-03T05:11:13.957+0000] {logging_mixin.py:190} INFO - [2025-04-03T05:11:13.957+0000] {dag.py:4180} INFO - Setting next_dagrun for schedule_clientes to 2025-04-02T08:00:00+00:00, run_after=2025-04-03T08:00:00+00:00
[2025-04-03T05:11:13.966+0000] {processor.py:208} INFO - Processing /opt/airflow/dags/dag_b_clientes.py took 0.084 seconds
[2025-04-03T05:11:44.799+0000] {processor.py:186} INFO - Started process (PID=1156) to work on /opt/airflow/dags/dag_b_clientes.py
[2025-04-03T05:11:44.800+0000] {processor.py:914} INFO - Processing file /opt/airflow/dags/dag_b_clientes.py for tasks to queue
[2025-04-03T05:11:44.801+0000] {logging_mixin.py:190} INFO - [2025-04-03T05:11:44.801+0000] {dagbag.py:588} INFO - Filling up the DagBag from /opt/airflow/dags/dag_b_clientes.py
[2025-04-03T05:11:44.816+0000] {processor.py:925} INFO - DAG(s) 'schedule_clientes' retrieved from /opt/airflow/dags/dag_b_clientes.py
[2025-04-03T05:11:44.862+0000] {logging_mixin.py:190} INFO - [2025-04-03T05:11:44.862+0000] {dag.py:3239} INFO - Sync 1 DAGs
[2025-04-03T05:11:44.875+0000] {logging_mixin.py:190} INFO - [2025-04-03T05:11:44.875+0000] {dag.py:4180} INFO - Setting next_dagrun for schedule_clientes to 2025-04-02T08:00:00+00:00, run_after=2025-04-03T08:00:00+00:00
[2025-04-03T05:11:44.888+0000] {processor.py:208} INFO - Processing /opt/airflow/dags/dag_b_clientes.py took 0.092 seconds
[2025-04-03T05:12:15.687+0000] {processor.py:186} INFO - Started process (PID=1191) to work on /opt/airflow/dags/dag_b_clientes.py
[2025-04-03T05:12:15.688+0000] {processor.py:914} INFO - Processing file /opt/airflow/dags/dag_b_clientes.py for tasks to queue
[2025-04-03T05:12:15.690+0000] {logging_mixin.py:190} INFO - [2025-04-03T05:12:15.689+0000] {dagbag.py:588} INFO - Filling up the DagBag from /opt/airflow/dags/dag_b_clientes.py
[2025-04-03T05:12:15.702+0000] {processor.py:925} INFO - DAG(s) 'schedule_clientes' retrieved from /opt/airflow/dags/dag_b_clientes.py
[2025-04-03T05:12:15.744+0000] {logging_mixin.py:190} INFO - [2025-04-03T05:12:15.744+0000] {dag.py:3239} INFO - Sync 1 DAGs
[2025-04-03T05:12:15.755+0000] {logging_mixin.py:190} INFO - [2025-04-03T05:12:15.754+0000] {dag.py:4180} INFO - Setting next_dagrun for schedule_clientes to 2025-04-02T08:00:00+00:00, run_after=2025-04-03T08:00:00+00:00
[2025-04-03T05:12:15.767+0000] {processor.py:208} INFO - Processing /opt/airflow/dags/dag_b_clientes.py took 0.083 seconds
[2025-04-03T05:12:46.622+0000] {processor.py:186} INFO - Started process (PID=1226) to work on /opt/airflow/dags/dag_b_clientes.py
[2025-04-03T05:12:46.623+0000] {processor.py:914} INFO - Processing file /opt/airflow/dags/dag_b_clientes.py for tasks to queue
[2025-04-03T05:12:46.625+0000] {logging_mixin.py:190} INFO - [2025-04-03T05:12:46.624+0000] {dagbag.py:588} INFO - Filling up the DagBag from /opt/airflow/dags/dag_b_clientes.py
[2025-04-03T05:12:46.638+0000] {processor.py:925} INFO - DAG(s) 'schedule_clientes' retrieved from /opt/airflow/dags/dag_b_clientes.py
[2025-04-03T05:12:46.688+0000] {logging_mixin.py:190} INFO - [2025-04-03T05:12:46.687+0000] {dag.py:3239} INFO - Sync 1 DAGs
[2025-04-03T05:12:46.701+0000] {logging_mixin.py:190} INFO - [2025-04-03T05:12:46.701+0000] {dag.py:4180} INFO - Setting next_dagrun for schedule_clientes to 2025-04-02T08:00:00+00:00, run_after=2025-04-03T08:00:00+00:00
[2025-04-03T05:12:46.716+0000] {processor.py:208} INFO - Processing /opt/airflow/dags/dag_b_clientes.py took 0.098 seconds
[2025-04-03T05:13:17.510+0000] {processor.py:186} INFO - Started process (PID=1261) to work on /opt/airflow/dags/dag_b_clientes.py
[2025-04-03T05:13:17.511+0000] {processor.py:914} INFO - Processing file /opt/airflow/dags/dag_b_clientes.py for tasks to queue
[2025-04-03T05:13:17.512+0000] {logging_mixin.py:190} INFO - [2025-04-03T05:13:17.512+0000] {dagbag.py:588} INFO - Filling up the DagBag from /opt/airflow/dags/dag_b_clientes.py
[2025-04-03T05:13:17.523+0000] {processor.py:925} INFO - DAG(s) 'schedule_clientes' retrieved from /opt/airflow/dags/dag_b_clientes.py
[2025-04-03T05:13:17.575+0000] {logging_mixin.py:190} INFO - [2025-04-03T05:13:17.575+0000] {dag.py:3239} INFO - Sync 1 DAGs
[2025-04-03T05:13:17.589+0000] {logging_mixin.py:190} INFO - [2025-04-03T05:13:17.589+0000] {dag.py:4180} INFO - Setting next_dagrun for schedule_clientes to 2025-04-02T08:00:00+00:00, run_after=2025-04-03T08:00:00+00:00
[2025-04-03T05:13:17.602+0000] {processor.py:208} INFO - Processing /opt/airflow/dags/dag_b_clientes.py took 0.095 seconds
[2025-04-03T05:13:48.380+0000] {processor.py:186} INFO - Started process (PID=1296) to work on /opt/airflow/dags/dag_b_clientes.py
[2025-04-03T05:13:48.381+0000] {processor.py:914} INFO - Processing file /opt/airflow/dags/dag_b_clientes.py for tasks to queue
[2025-04-03T05:13:48.382+0000] {logging_mixin.py:190} INFO - [2025-04-03T05:13:48.382+0000] {dagbag.py:588} INFO - Filling up the DagBag from /opt/airflow/dags/dag_b_clientes.py
[2025-04-03T05:13:48.395+0000] {processor.py:925} INFO - DAG(s) 'schedule_clientes' retrieved from /opt/airflow/dags/dag_b_clientes.py
[2025-04-03T05:13:48.446+0000] {logging_mixin.py:190} INFO - [2025-04-03T05:13:48.446+0000] {dag.py:3239} INFO - Sync 1 DAGs
[2025-04-03T05:13:48.459+0000] {logging_mixin.py:190} INFO - [2025-04-03T05:13:48.459+0000] {dag.py:4180} INFO - Setting next_dagrun for schedule_clientes to 2025-04-02T08:00:00+00:00, run_after=2025-04-03T08:00:00+00:00
[2025-04-03T05:13:48.468+0000] {processor.py:208} INFO - Processing /opt/airflow/dags/dag_b_clientes.py took 0.092 seconds
[2025-04-03T05:14:19.322+0000] {processor.py:186} INFO - Started process (PID=1331) to work on /opt/airflow/dags/dag_b_clientes.py
[2025-04-03T05:14:19.322+0000] {processor.py:914} INFO - Processing file /opt/airflow/dags/dag_b_clientes.py for tasks to queue
[2025-04-03T05:14:19.324+0000] {logging_mixin.py:190} INFO - [2025-04-03T05:14:19.324+0000] {dagbag.py:588} INFO - Filling up the DagBag from /opt/airflow/dags/dag_b_clientes.py
[2025-04-03T05:14:19.337+0000] {processor.py:925} INFO - DAG(s) 'schedule_clientes' retrieved from /opt/airflow/dags/dag_b_clientes.py
[2025-04-03T05:14:19.389+0000] {logging_mixin.py:190} INFO - [2025-04-03T05:14:19.388+0000] {dag.py:3239} INFO - Sync 1 DAGs
[2025-04-03T05:14:19.399+0000] {logging_mixin.py:190} INFO - [2025-04-03T05:14:19.399+0000] {dag.py:4180} INFO - Setting next_dagrun for schedule_clientes to 2025-04-02T08:00:00+00:00, run_after=2025-04-03T08:00:00+00:00
[2025-04-03T05:14:19.409+0000] {processor.py:208} INFO - Processing /opt/airflow/dags/dag_b_clientes.py took 0.091 seconds
[2025-04-03T05:14:50.247+0000] {processor.py:186} INFO - Started process (PID=1368) to work on /opt/airflow/dags/dag_b_clientes.py
[2025-04-03T05:14:50.248+0000] {processor.py:914} INFO - Processing file /opt/airflow/dags/dag_b_clientes.py for tasks to queue
[2025-04-03T05:14:50.249+0000] {logging_mixin.py:190} INFO - [2025-04-03T05:14:50.249+0000] {dagbag.py:588} INFO - Filling up the DagBag from /opt/airflow/dags/dag_b_clientes.py
[2025-04-03T05:14:50.258+0000] {processor.py:925} INFO - DAG(s) 'schedule_clientes' retrieved from /opt/airflow/dags/dag_b_clientes.py
[2025-04-03T05:14:50.298+0000] {logging_mixin.py:190} INFO - [2025-04-03T05:14:50.298+0000] {dag.py:3239} INFO - Sync 1 DAGs
[2025-04-03T05:14:50.311+0000] {logging_mixin.py:190} INFO - [2025-04-03T05:14:50.311+0000] {dag.py:4180} INFO - Setting next_dagrun for schedule_clientes to 2025-04-02T08:00:00+00:00, run_after=2025-04-03T08:00:00+00:00
[2025-04-03T05:14:50.324+0000] {processor.py:208} INFO - Processing /opt/airflow/dags/dag_b_clientes.py took 0.081 seconds
[2025-04-03T05:15:21.144+0000] {processor.py:186} INFO - Started process (PID=1403) to work on /opt/airflow/dags/dag_b_clientes.py
[2025-04-03T05:15:21.145+0000] {processor.py:914} INFO - Processing file /opt/airflow/dags/dag_b_clientes.py for tasks to queue
[2025-04-03T05:15:21.146+0000] {logging_mixin.py:190} INFO - [2025-04-03T05:15:21.146+0000] {dagbag.py:588} INFO - Filling up the DagBag from /opt/airflow/dags/dag_b_clientes.py
[2025-04-03T05:15:21.155+0000] {processor.py:925} INFO - DAG(s) 'schedule_clientes' retrieved from /opt/airflow/dags/dag_b_clientes.py
[2025-04-03T05:15:21.192+0000] {logging_mixin.py:190} INFO - [2025-04-03T05:15:21.192+0000] {dag.py:3239} INFO - Sync 1 DAGs
[2025-04-03T05:15:21.201+0000] {logging_mixin.py:190} INFO - [2025-04-03T05:15:21.201+0000] {dag.py:4180} INFO - Setting next_dagrun for schedule_clientes to 2025-04-02T08:00:00+00:00, run_after=2025-04-03T08:00:00+00:00
[2025-04-03T05:15:21.208+0000] {processor.py:208} INFO - Processing /opt/airflow/dags/dag_b_clientes.py took 0.067 seconds
[2025-04-03T05:15:52.089+0000] {processor.py:186} INFO - Started process (PID=1438) to work on /opt/airflow/dags/dag_b_clientes.py
[2025-04-03T05:15:52.090+0000] {processor.py:914} INFO - Processing file /opt/airflow/dags/dag_b_clientes.py for tasks to queue
[2025-04-03T05:15:52.091+0000] {logging_mixin.py:190} INFO - [2025-04-03T05:15:52.091+0000] {dagbag.py:588} INFO - Filling up the DagBag from /opt/airflow/dags/dag_b_clientes.py
[2025-04-03T05:15:52.100+0000] {processor.py:925} INFO - DAG(s) 'schedule_clientes' retrieved from /opt/airflow/dags/dag_b_clientes.py
[2025-04-03T05:15:52.136+0000] {logging_mixin.py:190} INFO - [2025-04-03T05:15:52.136+0000] {dag.py:3239} INFO - Sync 1 DAGs
[2025-04-03T05:15:52.147+0000] {logging_mixin.py:190} INFO - [2025-04-03T05:15:52.147+0000] {dag.py:4180} INFO - Setting next_dagrun for schedule_clientes to 2025-04-02T08:00:00+00:00, run_after=2025-04-03T08:00:00+00:00
[2025-04-03T05:15:52.156+0000] {processor.py:208} INFO - Processing /opt/airflow/dags/dag_b_clientes.py took 0.070 seconds
[2025-04-03T05:16:23.042+0000] {processor.py:186} INFO - Started process (PID=1473) to work on /opt/airflow/dags/dag_b_clientes.py
[2025-04-03T05:16:23.043+0000] {processor.py:914} INFO - Processing file /opt/airflow/dags/dag_b_clientes.py for tasks to queue
[2025-04-03T05:16:23.044+0000] {logging_mixin.py:190} INFO - [2025-04-03T05:16:23.044+0000] {dagbag.py:588} INFO - Filling up the DagBag from /opt/airflow/dags/dag_b_clientes.py
[2025-04-03T05:16:23.059+0000] {processor.py:925} INFO - DAG(s) 'schedule_clientes' retrieved from /opt/airflow/dags/dag_b_clientes.py
[2025-04-03T05:16:23.096+0000] {logging_mixin.py:190} INFO - [2025-04-03T05:16:23.095+0000] {dag.py:3239} INFO - Sync 1 DAGs
[2025-04-03T05:16:23.105+0000] {logging_mixin.py:190} INFO - [2025-04-03T05:16:23.105+0000] {dag.py:4180} INFO - Setting next_dagrun for schedule_clientes to 2025-04-02T08:00:00+00:00, run_after=2025-04-03T08:00:00+00:00
[2025-04-03T05:16:23.114+0000] {processor.py:208} INFO - Processing /opt/airflow/dags/dag_b_clientes.py took 0.075 seconds
[2025-04-03T05:16:53.933+0000] {processor.py:186} INFO - Started process (PID=1624) to work on /opt/airflow/dags/dag_b_clientes.py
[2025-04-03T05:16:53.934+0000] {processor.py:914} INFO - Processing file /opt/airflow/dags/dag_b_clientes.py for tasks to queue
[2025-04-03T05:16:53.936+0000] {logging_mixin.py:190} INFO - [2025-04-03T05:16:53.936+0000] {dagbag.py:588} INFO - Filling up the DagBag from /opt/airflow/dags/dag_b_clientes.py
[2025-04-03T05:16:53.948+0000] {processor.py:925} INFO - DAG(s) 'schedule_clientes' retrieved from /opt/airflow/dags/dag_b_clientes.py
[2025-04-03T05:16:54.003+0000] {logging_mixin.py:190} INFO - [2025-04-03T05:16:54.003+0000] {dag.py:3239} INFO - Sync 1 DAGs
[2025-04-03T05:16:54.013+0000] {logging_mixin.py:190} INFO - [2025-04-03T05:16:54.013+0000] {dag.py:4180} INFO - Setting next_dagrun for schedule_clientes to 2025-04-02T08:00:00+00:00, run_after=2025-04-03T08:00:00+00:00
[2025-04-03T05:16:54.027+0000] {processor.py:208} INFO - Processing /opt/airflow/dags/dag_b_clientes.py took 0.097 seconds
[2025-04-03T05:17:24.227+0000] {processor.py:186} INFO - Started process (PID=1787) to work on /opt/airflow/dags/dag_b_clientes.py
[2025-04-03T05:17:24.227+0000] {processor.py:914} INFO - Processing file /opt/airflow/dags/dag_b_clientes.py for tasks to queue
[2025-04-03T05:17:24.228+0000] {logging_mixin.py:190} INFO - [2025-04-03T05:17:24.228+0000] {dagbag.py:588} INFO - Filling up the DagBag from /opt/airflow/dags/dag_b_clientes.py
[2025-04-03T05:17:24.237+0000] {processor.py:925} INFO - DAG(s) 'schedule_clientes' retrieved from /opt/airflow/dags/dag_b_clientes.py
[2025-04-03T05:17:24.274+0000] {logging_mixin.py:190} INFO - [2025-04-03T05:17:24.274+0000] {dag.py:3239} INFO - Sync 1 DAGs
[2025-04-03T05:17:24.284+0000] {logging_mixin.py:190} INFO - [2025-04-03T05:17:24.283+0000] {dag.py:4180} INFO - Setting next_dagrun for schedule_clientes to 2025-04-02T08:00:00+00:00, run_after=2025-04-03T08:00:00+00:00
[2025-04-03T05:17:24.293+0000] {processor.py:208} INFO - Processing /opt/airflow/dags/dag_b_clientes.py took 0.069 seconds
[2025-04-03T05:17:55.059+0000] {processor.py:186} INFO - Started process (PID=1822) to work on /opt/airflow/dags/dag_b_clientes.py
[2025-04-03T05:17:55.060+0000] {processor.py:914} INFO - Processing file /opt/airflow/dags/dag_b_clientes.py for tasks to queue
[2025-04-03T05:17:55.061+0000] {logging_mixin.py:190} INFO - [2025-04-03T05:17:55.061+0000] {dagbag.py:588} INFO - Filling up the DagBag from /opt/airflow/dags/dag_b_clientes.py
[2025-04-03T05:17:55.069+0000] {processor.py:925} INFO - DAG(s) 'schedule_clientes' retrieved from /opt/airflow/dags/dag_b_clientes.py
[2025-04-03T05:17:55.132+0000] {logging_mixin.py:190} INFO - [2025-04-03T05:17:55.132+0000] {dag.py:3239} INFO - Sync 1 DAGs
[2025-04-03T05:17:55.147+0000] {logging_mixin.py:190} INFO - [2025-04-03T05:17:55.147+0000] {dag.py:4180} INFO - Setting next_dagrun for schedule_clientes to 2025-04-02T08:00:00+00:00, run_after=2025-04-03T08:00:00+00:00
[2025-04-03T05:17:55.157+0000] {processor.py:208} INFO - Processing /opt/airflow/dags/dag_b_clientes.py took 0.101 seconds
[2025-04-03T05:18:26.031+0000] {processor.py:186} INFO - Started process (PID=1866) to work on /opt/airflow/dags/dag_b_clientes.py
[2025-04-03T05:18:26.032+0000] {processor.py:914} INFO - Processing file /opt/airflow/dags/dag_b_clientes.py for tasks to queue
[2025-04-03T05:18:26.033+0000] {logging_mixin.py:190} INFO - [2025-04-03T05:18:26.033+0000] {dagbag.py:588} INFO - Filling up the DagBag from /opt/airflow/dags/dag_b_clientes.py
[2025-04-03T05:18:26.042+0000] {processor.py:925} INFO - DAG(s) 'schedule_clientes' retrieved from /opt/airflow/dags/dag_b_clientes.py
[2025-04-03T05:18:26.080+0000] {logging_mixin.py:190} INFO - [2025-04-03T05:18:26.080+0000] {dag.py:3239} INFO - Sync 1 DAGs
[2025-04-03T05:18:26.089+0000] {logging_mixin.py:190} INFO - [2025-04-03T05:18:26.089+0000] {dag.py:4180} INFO - Setting next_dagrun for schedule_clientes to 2025-04-02T08:00:00+00:00, run_after=2025-04-03T08:00:00+00:00
[2025-04-03T05:18:26.098+0000] {processor.py:208} INFO - Processing /opt/airflow/dags/dag_b_clientes.py took 0.070 seconds
[2025-04-03T05:18:56.889+0000] {processor.py:186} INFO - Started process (PID=1902) to work on /opt/airflow/dags/dag_b_clientes.py
[2025-04-03T05:18:56.894+0000] {processor.py:914} INFO - Processing file /opt/airflow/dags/dag_b_clientes.py for tasks to queue
[2025-04-03T05:18:56.895+0000] {logging_mixin.py:190} INFO - [2025-04-03T05:18:56.895+0000] {dagbag.py:588} INFO - Filling up the DagBag from /opt/airflow/dags/dag_b_clientes.py
[2025-04-03T05:18:56.906+0000] {processor.py:925} INFO - DAG(s) 'schedule_clientes' retrieved from /opt/airflow/dags/dag_b_clientes.py
[2025-04-03T05:18:56.948+0000] {logging_mixin.py:190} INFO - [2025-04-03T05:18:56.948+0000] {dag.py:3239} INFO - Sync 1 DAGs
[2025-04-03T05:18:56.962+0000] {logging_mixin.py:190} INFO - [2025-04-03T05:18:56.962+0000] {dag.py:4180} INFO - Setting next_dagrun for schedule_clientes to 2025-04-02T08:00:00+00:00, run_after=2025-04-03T08:00:00+00:00
[2025-04-03T05:18:56.972+0000] {processor.py:208} INFO - Processing /opt/airflow/dags/dag_b_clientes.py took 0.087 seconds
[2025-04-03T05:19:27.867+0000] {processor.py:186} INFO - Started process (PID=1937) to work on /opt/airflow/dags/dag_b_clientes.py
[2025-04-03T05:19:27.869+0000] {processor.py:914} INFO - Processing file /opt/airflow/dags/dag_b_clientes.py for tasks to queue
[2025-04-03T05:19:27.871+0000] {logging_mixin.py:190} INFO - [2025-04-03T05:19:27.870+0000] {dagbag.py:588} INFO - Filling up the DagBag from /opt/airflow/dags/dag_b_clientes.py
[2025-04-03T05:19:27.883+0000] {processor.py:925} INFO - DAG(s) 'schedule_clientes' retrieved from /opt/airflow/dags/dag_b_clientes.py
[2025-04-03T05:19:27.945+0000] {logging_mixin.py:190} INFO - [2025-04-03T05:19:27.945+0000] {dag.py:3239} INFO - Sync 1 DAGs
[2025-04-03T05:19:27.964+0000] {logging_mixin.py:190} INFO - [2025-04-03T05:19:27.964+0000] {dag.py:4180} INFO - Setting next_dagrun for schedule_clientes to 2025-04-02T08:00:00+00:00, run_after=2025-04-03T08:00:00+00:00
[2025-04-03T05:19:27.979+0000] {processor.py:208} INFO - Processing /opt/airflow/dags/dag_b_clientes.py took 0.115 seconds
[2025-04-03T05:19:58.903+0000] {processor.py:186} INFO - Started process (PID=1974) to work on /opt/airflow/dags/dag_b_clientes.py
[2025-04-03T05:19:58.903+0000] {processor.py:914} INFO - Processing file /opt/airflow/dags/dag_b_clientes.py for tasks to queue
[2025-04-03T05:19:58.904+0000] {logging_mixin.py:190} INFO - [2025-04-03T05:19:58.904+0000] {dagbag.py:588} INFO - Filling up the DagBag from /opt/airflow/dags/dag_b_clientes.py
[2025-04-03T05:19:58.913+0000] {processor.py:925} INFO - DAG(s) 'schedule_clientes' retrieved from /opt/airflow/dags/dag_b_clientes.py
[2025-04-03T05:19:58.949+0000] {logging_mixin.py:190} INFO - [2025-04-03T05:19:58.949+0000] {dag.py:3239} INFO - Sync 1 DAGs
[2025-04-03T05:19:58.958+0000] {logging_mixin.py:190} INFO - [2025-04-03T05:19:58.958+0000] {dag.py:4180} INFO - Setting next_dagrun for schedule_clientes to 2025-04-02T08:00:00+00:00, run_after=2025-04-03T08:00:00+00:00
[2025-04-03T05:19:58.966+0000] {processor.py:208} INFO - Processing /opt/airflow/dags/dag_b_clientes.py took 0.067 seconds
[2025-04-03T05:20:29.861+0000] {processor.py:186} INFO - Started process (PID=2009) to work on /opt/airflow/dags/dag_b_clientes.py
[2025-04-03T05:20:29.862+0000] {processor.py:914} INFO - Processing file /opt/airflow/dags/dag_b_clientes.py for tasks to queue
[2025-04-03T05:20:29.863+0000] {logging_mixin.py:190} INFO - [2025-04-03T05:20:29.863+0000] {dagbag.py:588} INFO - Filling up the DagBag from /opt/airflow/dags/dag_b_clientes.py
[2025-04-03T05:20:29.871+0000] {processor.py:925} INFO - DAG(s) 'schedule_clientes' retrieved from /opt/airflow/dags/dag_b_clientes.py
[2025-04-03T05:20:29.909+0000] {logging_mixin.py:190} INFO - [2025-04-03T05:20:29.909+0000] {dag.py:3239} INFO - Sync 1 DAGs
[2025-04-03T05:20:29.919+0000] {logging_mixin.py:190} INFO - [2025-04-03T05:20:29.919+0000] {dag.py:4180} INFO - Setting next_dagrun for schedule_clientes to 2025-04-02T08:00:00+00:00, run_after=2025-04-03T08:00:00+00:00
[2025-04-03T05:20:29.928+0000] {processor.py:208} INFO - Processing /opt/airflow/dags/dag_b_clientes.py took 0.070 seconds
[2025-04-03T05:21:00.748+0000] {processor.py:186} INFO - Started process (PID=2044) to work on /opt/airflow/dags/dag_b_clientes.py
[2025-04-03T05:21:00.749+0000] {processor.py:914} INFO - Processing file /opt/airflow/dags/dag_b_clientes.py for tasks to queue
[2025-04-03T05:21:00.750+0000] {logging_mixin.py:190} INFO - [2025-04-03T05:21:00.750+0000] {dagbag.py:588} INFO - Filling up the DagBag from /opt/airflow/dags/dag_b_clientes.py
[2025-04-03T05:21:00.759+0000] {processor.py:925} INFO - DAG(s) 'schedule_clientes' retrieved from /opt/airflow/dags/dag_b_clientes.py
[2025-04-03T05:21:00.796+0000] {logging_mixin.py:190} INFO - [2025-04-03T05:21:00.796+0000] {dag.py:3239} INFO - Sync 1 DAGs
[2025-04-03T05:21:00.806+0000] {logging_mixin.py:190} INFO - [2025-04-03T05:21:00.806+0000] {dag.py:4180} INFO - Setting next_dagrun for schedule_clientes to 2025-04-02T08:00:00+00:00, run_after=2025-04-03T08:00:00+00:00
[2025-04-03T05:21:00.815+0000] {processor.py:208} INFO - Processing /opt/airflow/dags/dag_b_clientes.py took 0.070 seconds
[2025-04-03T05:21:31.776+0000] {processor.py:186} INFO - Started process (PID=2079) to work on /opt/airflow/dags/dag_b_clientes.py
[2025-04-03T05:21:31.777+0000] {processor.py:914} INFO - Processing file /opt/airflow/dags/dag_b_clientes.py for tasks to queue
[2025-04-03T05:21:31.778+0000] {logging_mixin.py:190} INFO - [2025-04-03T05:21:31.778+0000] {dagbag.py:588} INFO - Filling up the DagBag from /opt/airflow/dags/dag_b_clientes.py
[2025-04-03T05:21:31.787+0000] {processor.py:925} INFO - DAG(s) 'schedule_clientes' retrieved from /opt/airflow/dags/dag_b_clientes.py
[2025-04-03T05:21:31.825+0000] {logging_mixin.py:190} INFO - [2025-04-03T05:21:31.825+0000] {dag.py:3239} INFO - Sync 1 DAGs
[2025-04-03T05:21:31.835+0000] {logging_mixin.py:190} INFO - [2025-04-03T05:21:31.835+0000] {dag.py:4180} INFO - Setting next_dagrun for schedule_clientes to 2025-04-02T08:00:00+00:00, run_after=2025-04-03T08:00:00+00:00
[2025-04-03T05:21:31.844+0000] {processor.py:208} INFO - Processing /opt/airflow/dags/dag_b_clientes.py took 0.072 seconds
[2025-04-03T05:22:02.768+0000] {processor.py:186} INFO - Started process (PID=2117) to work on /opt/airflow/dags/dag_b_clientes.py
[2025-04-03T05:22:02.769+0000] {processor.py:914} INFO - Processing file /opt/airflow/dags/dag_b_clientes.py for tasks to queue
[2025-04-03T05:22:02.770+0000] {logging_mixin.py:190} INFO - [2025-04-03T05:22:02.770+0000] {dagbag.py:588} INFO - Filling up the DagBag from /opt/airflow/dags/dag_b_clientes.py
[2025-04-03T05:22:02.780+0000] {processor.py:925} INFO - DAG(s) 'schedule_clientes' retrieved from /opt/airflow/dags/dag_b_clientes.py
[2025-04-03T05:22:02.821+0000] {logging_mixin.py:190} INFO - [2025-04-03T05:22:02.821+0000] {dag.py:3239} INFO - Sync 1 DAGs
[2025-04-03T05:22:02.831+0000] {logging_mixin.py:190} INFO - [2025-04-03T05:22:02.831+0000] {dag.py:4180} INFO - Setting next_dagrun for schedule_clientes to 2025-04-02T08:00:00+00:00, run_after=2025-04-03T08:00:00+00:00
[2025-04-03T05:22:02.841+0000] {processor.py:208} INFO - Processing /opt/airflow/dags/dag_b_clientes.py took 0.077 seconds
[2025-04-03T05:22:33.657+0000] {processor.py:186} INFO - Started process (PID=2152) to work on /opt/airflow/dags/dag_b_clientes.py
[2025-04-03T05:22:33.658+0000] {processor.py:914} INFO - Processing file /opt/airflow/dags/dag_b_clientes.py for tasks to queue
[2025-04-03T05:22:33.659+0000] {logging_mixin.py:190} INFO - [2025-04-03T05:22:33.659+0000] {dagbag.py:588} INFO - Filling up the DagBag from /opt/airflow/dags/dag_b_clientes.py
[2025-04-03T05:22:33.672+0000] {processor.py:925} INFO - DAG(s) 'schedule_clientes' retrieved from /opt/airflow/dags/dag_b_clientes.py
[2025-04-03T05:22:33.710+0000] {logging_mixin.py:190} INFO - [2025-04-03T05:22:33.710+0000] {dag.py:3239} INFO - Sync 1 DAGs
[2025-04-03T05:22:33.720+0000] {logging_mixin.py:190} INFO - [2025-04-03T05:22:33.720+0000] {dag.py:4180} INFO - Setting next_dagrun for schedule_clientes to 2025-04-02T08:00:00+00:00, run_after=2025-04-03T08:00:00+00:00
[2025-04-03T05:22:33.728+0000] {processor.py:208} INFO - Processing /opt/airflow/dags/dag_b_clientes.py took 0.075 seconds
[2025-04-03T05:23:04.781+0000] {processor.py:186} INFO - Started process (PID=2185) to work on /opt/airflow/dags/dag_b_clientes.py
[2025-04-03T05:23:04.782+0000] {processor.py:914} INFO - Processing file /opt/airflow/dags/dag_b_clientes.py for tasks to queue
[2025-04-03T05:23:04.783+0000] {logging_mixin.py:190} INFO - [2025-04-03T05:23:04.783+0000] {dagbag.py:588} INFO - Filling up the DagBag from /opt/airflow/dags/dag_b_clientes.py
[2025-04-03T05:23:04.794+0000] {processor.py:925} INFO - DAG(s) 'schedule_clientes' retrieved from /opt/airflow/dags/dag_b_clientes.py
[2025-04-03T05:23:04.847+0000] {logging_mixin.py:190} INFO - [2025-04-03T05:23:04.847+0000] {dag.py:3239} INFO - Sync 1 DAGs
[2025-04-03T05:23:04.861+0000] {logging_mixin.py:190} INFO - [2025-04-03T05:23:04.861+0000] {dag.py:4180} INFO - Setting next_dagrun for schedule_clientes to 2025-04-02T08:00:00+00:00, run_after=2025-04-03T08:00:00+00:00
[2025-04-03T05:23:04.874+0000] {processor.py:208} INFO - Processing /opt/airflow/dags/dag_b_clientes.py took 0.097 seconds
[2025-04-03T05:23:35.820+0000] {processor.py:186} INFO - Started process (PID=2222) to work on /opt/airflow/dags/dag_b_clientes.py
[2025-04-03T05:23:35.820+0000] {processor.py:914} INFO - Processing file /opt/airflow/dags/dag_b_clientes.py for tasks to queue
[2025-04-03T05:23:35.821+0000] {logging_mixin.py:190} INFO - [2025-04-03T05:23:35.821+0000] {dagbag.py:588} INFO - Filling up the DagBag from /opt/airflow/dags/dag_b_clientes.py
[2025-04-03T05:23:35.830+0000] {processor.py:925} INFO - DAG(s) 'schedule_clientes' retrieved from /opt/airflow/dags/dag_b_clientes.py
[2025-04-03T05:23:35.867+0000] {logging_mixin.py:190} INFO - [2025-04-03T05:23:35.867+0000] {dag.py:3239} INFO - Sync 1 DAGs
[2025-04-03T05:23:35.877+0000] {logging_mixin.py:190} INFO - [2025-04-03T05:23:35.877+0000] {dag.py:4180} INFO - Setting next_dagrun for schedule_clientes to 2025-04-02T08:00:00+00:00, run_after=2025-04-03T08:00:00+00:00
[2025-04-03T05:23:35.886+0000] {processor.py:208} INFO - Processing /opt/airflow/dags/dag_b_clientes.py took 0.069 seconds
[2025-04-03T05:24:06.977+0000] {processor.py:186} INFO - Started process (PID=2257) to work on /opt/airflow/dags/dag_b_clientes.py
[2025-04-03T05:24:06.978+0000] {processor.py:914} INFO - Processing file /opt/airflow/dags/dag_b_clientes.py for tasks to queue
[2025-04-03T05:24:06.979+0000] {logging_mixin.py:190} INFO - [2025-04-03T05:24:06.978+0000] {dagbag.py:588} INFO - Filling up the DagBag from /opt/airflow/dags/dag_b_clientes.py
[2025-04-03T05:24:06.987+0000] {processor.py:925} INFO - DAG(s) 'schedule_clientes' retrieved from /opt/airflow/dags/dag_b_clientes.py
[2025-04-03T05:24:07.023+0000] {logging_mixin.py:190} INFO - [2025-04-03T05:24:07.023+0000] {dag.py:3239} INFO - Sync 1 DAGs
[2025-04-03T05:24:07.033+0000] {logging_mixin.py:190} INFO - [2025-04-03T05:24:07.033+0000] {dag.py:4180} INFO - Setting next_dagrun for schedule_clientes to 2025-04-02T08:00:00+00:00, run_after=2025-04-03T08:00:00+00:00
[2025-04-03T05:24:07.041+0000] {processor.py:208} INFO - Processing /opt/airflow/dags/dag_b_clientes.py took 0.068 seconds
[2025-04-03T05:24:38.125+0000] {processor.py:186} INFO - Started process (PID=2408) to work on /opt/airflow/dags/dag_b_clientes.py
[2025-04-03T05:24:38.126+0000] {processor.py:914} INFO - Processing file /opt/airflow/dags/dag_b_clientes.py for tasks to queue
[2025-04-03T05:24:38.127+0000] {logging_mixin.py:190} INFO - [2025-04-03T05:24:38.127+0000] {dagbag.py:588} INFO - Filling up the DagBag from /opt/airflow/dags/dag_b_clientes.py
[2025-04-03T05:24:38.138+0000] {processor.py:925} INFO - DAG(s) 'schedule_clientes' retrieved from /opt/airflow/dags/dag_b_clientes.py
[2025-04-03T05:24:38.180+0000] {logging_mixin.py:190} INFO - [2025-04-03T05:24:38.179+0000] {dag.py:3239} INFO - Sync 1 DAGs
[2025-04-03T05:24:38.190+0000] {logging_mixin.py:190} INFO - [2025-04-03T05:24:38.189+0000] {dag.py:4180} INFO - Setting next_dagrun for schedule_clientes to 2025-04-02T08:00:00+00:00, run_after=2025-04-03T08:00:00+00:00
[2025-04-03T05:24:38.199+0000] {processor.py:208} INFO - Processing /opt/airflow/dags/dag_b_clientes.py took 0.079 seconds
[2025-04-03T05:25:09.054+0000] {processor.py:186} INFO - Started process (PID=2452) to work on /opt/airflow/dags/dag_b_clientes.py
[2025-04-03T05:25:09.055+0000] {processor.py:914} INFO - Processing file /opt/airflow/dags/dag_b_clientes.py for tasks to queue
[2025-04-03T05:25:09.056+0000] {logging_mixin.py:190} INFO - [2025-04-03T05:25:09.056+0000] {dagbag.py:588} INFO - Filling up the DagBag from /opt/airflow/dags/dag_b_clientes.py
[2025-04-03T05:25:09.070+0000] {processor.py:925} INFO - DAG(s) 'schedule_clientes' retrieved from /opt/airflow/dags/dag_b_clientes.py
[2025-04-03T05:25:09.107+0000] {logging_mixin.py:190} INFO - [2025-04-03T05:25:09.107+0000] {dag.py:3239} INFO - Sync 1 DAGs
[2025-04-03T05:25:09.116+0000] {logging_mixin.py:190} INFO - [2025-04-03T05:25:09.116+0000] {dag.py:4180} INFO - Setting next_dagrun for schedule_clientes to 2025-04-02T08:00:00+00:00, run_after=2025-04-03T08:00:00+00:00
[2025-04-03T05:25:09.125+0000] {processor.py:208} INFO - Processing /opt/airflow/dags/dag_b_clientes.py took 0.075 seconds
[2025-04-03T05:25:40.075+0000] {processor.py:186} INFO - Started process (PID=2488) to work on /opt/airflow/dags/dag_b_clientes.py
[2025-04-03T05:25:40.076+0000] {processor.py:914} INFO - Processing file /opt/airflow/dags/dag_b_clientes.py for tasks to queue
[2025-04-03T05:25:40.077+0000] {logging_mixin.py:190} INFO - [2025-04-03T05:25:40.077+0000] {dagbag.py:588} INFO - Filling up the DagBag from /opt/airflow/dags/dag_b_clientes.py
[2025-04-03T05:25:40.092+0000] {processor.py:925} INFO - DAG(s) 'schedule_clientes' retrieved from /opt/airflow/dags/dag_b_clientes.py
[2025-04-03T05:25:40.136+0000] {logging_mixin.py:190} INFO - [2025-04-03T05:25:40.136+0000] {dag.py:3239} INFO - Sync 1 DAGs
[2025-04-03T05:25:40.150+0000] {logging_mixin.py:190} INFO - [2025-04-03T05:25:40.150+0000] {dag.py:4180} INFO - Setting next_dagrun for schedule_clientes to 2025-04-02T08:00:00+00:00, run_after=2025-04-03T08:00:00+00:00
[2025-04-03T05:25:40.161+0000] {processor.py:208} INFO - Processing /opt/airflow/dags/dag_b_clientes.py took 0.090 seconds
[2025-04-03T05:26:11.008+0000] {processor.py:186} INFO - Started process (PID=2525) to work on /opt/airflow/dags/dag_b_clientes.py
[2025-04-03T05:26:11.009+0000] {processor.py:914} INFO - Processing file /opt/airflow/dags/dag_b_clientes.py for tasks to queue
[2025-04-03T05:26:11.010+0000] {logging_mixin.py:190} INFO - [2025-04-03T05:26:11.010+0000] {dagbag.py:588} INFO - Filling up the DagBag from /opt/airflow/dags/dag_b_clientes.py
[2025-04-03T05:26:11.018+0000] {processor.py:925} INFO - DAG(s) 'schedule_clientes' retrieved from /opt/airflow/dags/dag_b_clientes.py
[2025-04-03T05:26:11.054+0000] {logging_mixin.py:190} INFO - [2025-04-03T05:26:11.054+0000] {dag.py:3239} INFO - Sync 1 DAGs
[2025-04-03T05:26:11.063+0000] {logging_mixin.py:190} INFO - [2025-04-03T05:26:11.063+0000] {dag.py:4180} INFO - Setting next_dagrun for schedule_clientes to 2025-04-02T08:00:00+00:00, run_after=2025-04-03T08:00:00+00:00
[2025-04-03T05:26:11.071+0000] {processor.py:208} INFO - Processing /opt/airflow/dags/dag_b_clientes.py took 0.067 seconds
[2025-04-03T05:26:41.867+0000] {processor.py:186} INFO - Started process (PID=2561) to work on /opt/airflow/dags/dag_b_clientes.py
[2025-04-03T05:26:41.870+0000] {processor.py:914} INFO - Processing file /opt/airflow/dags/dag_b_clientes.py for tasks to queue
[2025-04-03T05:26:41.872+0000] {logging_mixin.py:190} INFO - [2025-04-03T05:26:41.872+0000] {dagbag.py:588} INFO - Filling up the DagBag from /opt/airflow/dags/dag_b_clientes.py
[2025-04-03T05:26:41.883+0000] {processor.py:925} INFO - DAG(s) 'schedule_clientes' retrieved from /opt/airflow/dags/dag_b_clientes.py
[2025-04-03T05:26:41.930+0000] {logging_mixin.py:190} INFO - [2025-04-03T05:26:41.930+0000] {dag.py:3239} INFO - Sync 1 DAGs
[2025-04-03T05:26:41.940+0000] {logging_mixin.py:190} INFO - [2025-04-03T05:26:41.940+0000] {dag.py:4180} INFO - Setting next_dagrun for schedule_clientes to 2025-04-02T08:00:00+00:00, run_after=2025-04-03T08:00:00+00:00
[2025-04-03T05:26:41.954+0000] {processor.py:208} INFO - Processing /opt/airflow/dags/dag_b_clientes.py took 0.091 seconds
[2025-04-03T05:27:12.900+0000] {processor.py:186} INFO - Started process (PID=2596) to work on /opt/airflow/dags/dag_b_clientes.py
[2025-04-03T05:27:12.903+0000] {processor.py:914} INFO - Processing file /opt/airflow/dags/dag_b_clientes.py for tasks to queue
[2025-04-03T05:27:12.904+0000] {logging_mixin.py:190} INFO - [2025-04-03T05:27:12.904+0000] {dagbag.py:588} INFO - Filling up the DagBag from /opt/airflow/dags/dag_b_clientes.py
[2025-04-03T05:27:12.917+0000] {processor.py:925} INFO - DAG(s) 'schedule_clientes' retrieved from /opt/airflow/dags/dag_b_clientes.py
[2025-04-03T05:27:12.962+0000] {logging_mixin.py:190} INFO - [2025-04-03T05:27:12.962+0000] {dag.py:3239} INFO - Sync 1 DAGs
[2025-04-03T05:27:12.979+0000] {logging_mixin.py:190} INFO - [2025-04-03T05:27:12.979+0000] {dag.py:4180} INFO - Setting next_dagrun for schedule_clientes to 2025-04-02T08:00:00+00:00, run_after=2025-04-03T08:00:00+00:00
[2025-04-03T05:27:12.992+0000] {processor.py:208} INFO - Processing /opt/airflow/dags/dag_b_clientes.py took 0.096 seconds
[2025-04-03T05:27:43.862+0000] {processor.py:186} INFO - Started process (PID=2633) to work on /opt/airflow/dags/dag_b_clientes.py
[2025-04-03T05:27:43.863+0000] {processor.py:914} INFO - Processing file /opt/airflow/dags/dag_b_clientes.py for tasks to queue
[2025-04-03T05:27:43.864+0000] {logging_mixin.py:190} INFO - [2025-04-03T05:27:43.864+0000] {dagbag.py:588} INFO - Filling up the DagBag from /opt/airflow/dags/dag_b_clientes.py
[2025-04-03T05:27:43.872+0000] {processor.py:925} INFO - DAG(s) 'schedule_clientes' retrieved from /opt/airflow/dags/dag_b_clientes.py
[2025-04-03T05:27:43.908+0000] {logging_mixin.py:190} INFO - [2025-04-03T05:27:43.908+0000] {dag.py:3239} INFO - Sync 1 DAGs
[2025-04-03T05:27:43.918+0000] {logging_mixin.py:190} INFO - [2025-04-03T05:27:43.918+0000] {dag.py:4180} INFO - Setting next_dagrun for schedule_clientes to 2025-04-02T08:00:00+00:00, run_after=2025-04-03T08:00:00+00:00
[2025-04-03T05:27:43.927+0000] {processor.py:208} INFO - Processing /opt/airflow/dags/dag_b_clientes.py took 0.069 seconds
[2025-04-03T05:28:14.771+0000] {processor.py:186} INFO - Started process (PID=2668) to work on /opt/airflow/dags/dag_b_clientes.py
[2025-04-03T05:28:14.772+0000] {processor.py:914} INFO - Processing file /opt/airflow/dags/dag_b_clientes.py for tasks to queue
[2025-04-03T05:28:14.773+0000] {logging_mixin.py:190} INFO - [2025-04-03T05:28:14.773+0000] {dagbag.py:588} INFO - Filling up the DagBag from /opt/airflow/dags/dag_b_clientes.py
[2025-04-03T05:28:14.781+0000] {processor.py:925} INFO - DAG(s) 'schedule_clientes' retrieved from /opt/airflow/dags/dag_b_clientes.py
[2025-04-03T05:28:14.822+0000] {logging_mixin.py:190} INFO - [2025-04-03T05:28:14.822+0000] {dag.py:3239} INFO - Sync 1 DAGs
[2025-04-03T05:28:14.831+0000] {logging_mixin.py:190} INFO - [2025-04-03T05:28:14.831+0000] {dag.py:4180} INFO - Setting next_dagrun for schedule_clientes to 2025-04-02T08:00:00+00:00, run_after=2025-04-03T08:00:00+00:00
[2025-04-03T05:28:14.841+0000] {processor.py:208} INFO - Processing /opt/airflow/dags/dag_b_clientes.py took 0.073 seconds
[2025-04-03T05:28:45.689+0000] {processor.py:186} INFO - Started process (PID=2701) to work on /opt/airflow/dags/dag_b_clientes.py
[2025-04-03T05:28:45.690+0000] {processor.py:914} INFO - Processing file /opt/airflow/dags/dag_b_clientes.py for tasks to queue
[2025-04-03T05:28:45.693+0000] {logging_mixin.py:190} INFO - [2025-04-03T05:28:45.693+0000] {dagbag.py:588} INFO - Filling up the DagBag from /opt/airflow/dags/dag_b_clientes.py
[2025-04-03T05:28:45.703+0000] {processor.py:925} INFO - DAG(s) 'schedule_clientes' retrieved from /opt/airflow/dags/dag_b_clientes.py
[2025-04-03T05:28:45.745+0000] {logging_mixin.py:190} INFO - [2025-04-03T05:28:45.745+0000] {dag.py:3239} INFO - Sync 1 DAGs
[2025-04-03T05:28:45.761+0000] {logging_mixin.py:190} INFO - [2025-04-03T05:28:45.761+0000] {dag.py:4180} INFO - Setting next_dagrun for schedule_clientes to 2025-04-02T08:00:00+00:00, run_after=2025-04-03T08:00:00+00:00
[2025-04-03T05:28:45.773+0000] {processor.py:208} INFO - Processing /opt/airflow/dags/dag_b_clientes.py took 0.087 seconds
[2025-04-03T05:29:16.692+0000] {processor.py:186} INFO - Started process (PID=2736) to work on /opt/airflow/dags/dag_b_clientes.py
[2025-04-03T05:29:16.693+0000] {processor.py:914} INFO - Processing file /opt/airflow/dags/dag_b_clientes.py for tasks to queue
[2025-04-03T05:29:16.694+0000] {logging_mixin.py:190} INFO - [2025-04-03T05:29:16.694+0000] {dagbag.py:588} INFO - Filling up the DagBag from /opt/airflow/dags/dag_b_clientes.py
[2025-04-03T05:29:16.703+0000] {processor.py:925} INFO - DAG(s) 'schedule_clientes' retrieved from /opt/airflow/dags/dag_b_clientes.py
[2025-04-03T05:29:16.749+0000] {logging_mixin.py:190} INFO - [2025-04-03T05:29:16.748+0000] {dag.py:3239} INFO - Sync 1 DAGs
[2025-04-03T05:29:16.763+0000] {logging_mixin.py:190} INFO - [2025-04-03T05:29:16.763+0000] {dag.py:4180} INFO - Setting next_dagrun for schedule_clientes to 2025-04-02T08:00:00+00:00, run_after=2025-04-03T08:00:00+00:00
[2025-04-03T05:29:16.775+0000] {processor.py:208} INFO - Processing /opt/airflow/dags/dag_b_clientes.py took 0.089 seconds
[2025-04-03T05:29:47.653+0000] {processor.py:186} INFO - Started process (PID=2773) to work on /opt/airflow/dags/dag_b_clientes.py
[2025-04-03T05:29:47.653+0000] {processor.py:914} INFO - Processing file /opt/airflow/dags/dag_b_clientes.py for tasks to queue
[2025-04-03T05:29:47.654+0000] {logging_mixin.py:190} INFO - [2025-04-03T05:29:47.654+0000] {dagbag.py:588} INFO - Filling up the DagBag from /opt/airflow/dags/dag_b_clientes.py
[2025-04-03T05:29:47.663+0000] {processor.py:925} INFO - DAG(s) 'schedule_clientes' retrieved from /opt/airflow/dags/dag_b_clientes.py
[2025-04-03T05:29:47.700+0000] {logging_mixin.py:190} INFO - [2025-04-03T05:29:47.699+0000] {dag.py:3239} INFO - Sync 1 DAGs
[2025-04-03T05:29:47.709+0000] {logging_mixin.py:190} INFO - [2025-04-03T05:29:47.709+0000] {dag.py:4180} INFO - Setting next_dagrun for schedule_clientes to 2025-04-02T08:00:00+00:00, run_after=2025-04-03T08:00:00+00:00
[2025-04-03T05:29:47.718+0000] {processor.py:208} INFO - Processing /opt/airflow/dags/dag_b_clientes.py took 0.069 seconds
[2025-04-03T05:30:18.718+0000] {processor.py:186} INFO - Started process (PID=2806) to work on /opt/airflow/dags/dag_b_clientes.py
[2025-04-03T05:30:18.719+0000] {processor.py:914} INFO - Processing file /opt/airflow/dags/dag_b_clientes.py for tasks to queue
[2025-04-03T05:30:18.723+0000] {logging_mixin.py:190} INFO - [2025-04-03T05:30:18.723+0000] {dagbag.py:588} INFO - Filling up the DagBag from /opt/airflow/dags/dag_b_clientes.py
[2025-04-03T05:30:18.734+0000] {processor.py:925} INFO - DAG(s) 'schedule_clientes' retrieved from /opt/airflow/dags/dag_b_clientes.py
[2025-04-03T05:30:18.776+0000] {logging_mixin.py:190} INFO - [2025-04-03T05:30:18.776+0000] {dag.py:3239} INFO - Sync 1 DAGs
[2025-04-03T05:30:18.789+0000] {logging_mixin.py:190} INFO - [2025-04-03T05:30:18.789+0000] {dag.py:4180} INFO - Setting next_dagrun for schedule_clientes to 2025-04-02T08:00:00+00:00, run_after=2025-04-03T08:00:00+00:00
[2025-04-03T05:30:18.806+0000] {processor.py:208} INFO - Processing /opt/airflow/dags/dag_b_clientes.py took 0.093 seconds
[2025-04-03T05:30:49.698+0000] {processor.py:186} INFO - Started process (PID=2843) to work on /opt/airflow/dags/dag_b_clientes.py
[2025-04-03T05:30:49.699+0000] {processor.py:914} INFO - Processing file /opt/airflow/dags/dag_b_clientes.py for tasks to queue
[2025-04-03T05:30:49.701+0000] {logging_mixin.py:190} INFO - [2025-04-03T05:30:49.700+0000] {dagbag.py:588} INFO - Filling up the DagBag from /opt/airflow/dags/dag_b_clientes.py
[2025-04-03T05:30:49.720+0000] {processor.py:925} INFO - DAG(s) 'schedule_clientes' retrieved from /opt/airflow/dags/dag_b_clientes.py
[2025-04-03T05:30:49.773+0000] {logging_mixin.py:190} INFO - [2025-04-03T05:30:49.773+0000] {dag.py:3239} INFO - Sync 1 DAGs
[2025-04-03T05:30:49.785+0000] {logging_mixin.py:190} INFO - [2025-04-03T05:30:49.784+0000] {dag.py:4180} INFO - Setting next_dagrun for schedule_clientes to 2025-04-02T08:00:00+00:00, run_after=2025-04-03T08:00:00+00:00
[2025-04-03T05:30:49.797+0000] {processor.py:208} INFO - Processing /opt/airflow/dags/dag_b_clientes.py took 0.102 seconds
[2025-04-03T05:31:20.728+0000] {processor.py:186} INFO - Started process (PID=2876) to work on /opt/airflow/dags/dag_b_clientes.py
[2025-04-03T05:31:20.729+0000] {processor.py:914} INFO - Processing file /opt/airflow/dags/dag_b_clientes.py for tasks to queue
[2025-04-03T05:31:20.732+0000] {logging_mixin.py:190} INFO - [2025-04-03T05:31:20.732+0000] {dagbag.py:588} INFO - Filling up the DagBag from /opt/airflow/dags/dag_b_clientes.py
[2025-04-03T05:31:20.742+0000] {processor.py:925} INFO - DAG(s) 'schedule_clientes' retrieved from /opt/airflow/dags/dag_b_clientes.py
[2025-04-03T05:31:20.784+0000] {logging_mixin.py:190} INFO - [2025-04-03T05:31:20.784+0000] {dag.py:3239} INFO - Sync 1 DAGs
[2025-04-03T05:31:20.795+0000] {logging_mixin.py:190} INFO - [2025-04-03T05:31:20.795+0000] {dag.py:4180} INFO - Setting next_dagrun for schedule_clientes to 2025-04-02T08:00:00+00:00, run_after=2025-04-03T08:00:00+00:00
[2025-04-03T05:31:20.809+0000] {processor.py:208} INFO - Processing /opt/airflow/dags/dag_b_clientes.py took 0.085 seconds
[2025-04-03T05:31:51.643+0000] {processor.py:186} INFO - Started process (PID=2898) to work on /opt/airflow/dags/dag_b_clientes.py
[2025-04-03T05:31:51.644+0000] {processor.py:914} INFO - Processing file /opt/airflow/dags/dag_b_clientes.py for tasks to queue
[2025-04-03T05:31:51.645+0000] {logging_mixin.py:190} INFO - [2025-04-03T05:31:51.644+0000] {dagbag.py:588} INFO - Filling up the DagBag from /opt/airflow/dags/dag_b_clientes.py
[2025-04-03T05:31:51.659+0000] {processor.py:925} INFO - DAG(s) 'schedule_clientes' retrieved from /opt/airflow/dags/dag_b_clientes.py
[2025-04-03T05:31:51.719+0000] {logging_mixin.py:190} INFO - [2025-04-03T05:31:51.719+0000] {dag.py:3239} INFO - Sync 1 DAGs
[2025-04-03T05:31:51.733+0000] {logging_mixin.py:190} INFO - [2025-04-03T05:31:51.732+0000] {dag.py:4180} INFO - Setting next_dagrun for schedule_clientes to 2025-04-02T08:00:00+00:00, run_after=2025-04-03T08:00:00+00:00
[2025-04-03T05:31:51.743+0000] {processor.py:208} INFO - Processing /opt/airflow/dags/dag_b_clientes.py took 0.104 seconds
