[2025-03-19T04:07:57.724+0000] {local_task_job_runner.py:123} INFO - ::group::Pre task execution logs
[2025-03-19T04:07:57.814+0000] {taskinstance.py:2614} INFO - Dependencies all met for dep_context=non-requeueable deps ti=<TaskInstance: dag_create_table.create_table scheduled__2025-03-14T08:00:00+00:00 [queued]>
[2025-03-19T04:07:57.854+0000] {taskinstance.py:2614} INFO - Dependencies all met for dep_context=requeueable deps ti=<TaskInstance: dag_create_table.create_table scheduled__2025-03-14T08:00:00+00:00 [queued]>
[2025-03-19T04:07:57.856+0000] {taskinstance.py:2867} INFO - Starting attempt 1 of 1
[2025-03-19T04:07:58.548+0000] {taskinstance.py:2890} INFO - Executing <Task(PythonOperator): create_table> on 2025-03-14 08:00:00+00:00
[2025-03-19T04:07:58.596+0000] {standard_task_runner.py:72} INFO - Started process 254 to run task
[2025-03-19T04:07:58.628+0000] {standard_task_runner.py:104} INFO - Running: ['airflow', 'tasks', 'run', 'dag_create_table', 'create_table', 'scheduled__2025-03-14T08:00:00+00:00', '--job-id', '1772', '--raw', '--subdir', 'DAGS_FOLDER/dag_create_table.py', '--cfg-path', '/tmp/tmp2ejb2s7m']
[2025-03-19T04:07:58.663+0000] {standard_task_runner.py:105} INFO - Job 1772: Subtask create_table
[2025-03-19T04:07:58.730+0000] {logging_mixin.py:190} WARNING - /home/airflow/.local/lib/python3.8/site-packages/airflow/settings.py:209 DeprecationWarning: The sql_alchemy_conn option in [core] has been moved to the sql_alchemy_conn option in [database] - the old setting has been used, but please update your config.
[2025-03-19T04:07:58.880+0000] {task_command.py:467} INFO - Running <TaskInstance: dag_create_table.create_table scheduled__2025-03-14T08:00:00+00:00 [running]> on host ba4f69b9f213
[2025-03-19T04:07:58.884+0000] {logging_mixin.py:190} WARNING - /home/airflow/.local/lib/python3.8/site-packages/airflow/settings.py:470 DeprecationWarning: The sql_alchemy_conn option in [core] has been moved to the sql_alchemy_conn option in [database] - the old setting has been used, but please update your config.
[2025-03-19T04:07:59.296+0000] {taskinstance.py:3134} INFO - Exporting env vars: AIRFLOW_CTX_DAG_OWNER='airflow' AIRFLOW_CTX_DAG_ID='dag_create_table' AIRFLOW_CTX_TASK_ID='create_table' AIRFLOW_CTX_EXECUTION_DATE='2025-03-14T08:00:00+00:00' AIRFLOW_CTX_TRY_NUMBER='1' AIRFLOW_CTX_DAG_RUN_ID='scheduled__2025-03-14T08:00:00+00:00'
[2025-03-19T04:07:59.309+0000] {taskinstance.py:732} INFO - ::endgroup::
[2025-03-19T04:08:00.348+0000] {logging_mixin.py:190} INFO - Job iniciado com sucesso. Run ID: 911327628679309
[2025-03-19T04:15:59.310+0000] {logging_mixin.py:190} INFO - Job finalizado com sucesso. Detalhes: {'job_id': 459472940773271, 'run_id': 911327628679309, 'creator_user_name': 'maria_apmattos@hotmail.com', 'number_in_job': 911327628679309, 'original_attempt_run_id': 911327628679309, 'state': {'life_cycle_state': 'TERMINATED', 'result_state': 'SUCCESS', 'state_message': '', 'user_cancelled_or_timedout': False, 'queue_reason': 'Queued due to reaching maximum concurrent runs of 1.'}, 'task': {'notebook_task': {'notebook_path': '/Workspace/Users/maria_apmattos@hotmail.com/data_master/TemplatesDatabricks/Create Tables', 'source': 'WORKSPACE'}}, 'cluster_spec': {'existing_cluster_id': '0129-031548-z9ttog72'}, 'cluster_instance': {'cluster_id': '0129-031548-z9ttog72', 'spark_context_id': '2047029683333054694'}, 'start_time': 1742357280167, 'setup_duration': 454000, 'execution_duration': 14000, 'cleanup_duration': 0, 'end_time': 1742357749273, 'run_duration': 469106, 'queue_duration': 450160, 'trigger': 'ONE_TIME', 'run_name': 'Create_table', 'run_page_url': 'https://adb-2740266284098548.8.azuredatabricks.net/?o=2740266284098548#job/459472940773271/run/911327628679309', 'run_type': 'JOB_RUN', 'attempt_number': 0, 'format': 'SINGLE_TASK', 'status': {'state': 'TERMINATED', 'termination_details': {'code': 'SUCCESS', 'type': 'SUCCESS', 'message': ''}, 'queue_details': {'code': 'MAX_CONCURRENT_RUNS_REACHED', 'message': 'Queued due to reaching maximum concurrent runs of 1.'}}, 'job_run_id': 911327628679309}
[2025-03-19T04:15:59.314+0000] {python.py:240} INFO - Done. Returned value was: None
[2025-03-19T04:15:59.437+0000] {taskinstance.py:341} INFO - ::group::Post task execution logs
[2025-03-19T04:15:59.440+0000] {taskinstance.py:353} INFO - Marking task as SUCCESS. dag_id=dag_create_table, task_id=create_table, run_id=scheduled__2025-03-14T08:00:00+00:00, execution_date=20250314T080000, start_date=20250319T040757, end_date=20250319T041559
[2025-03-19T04:15:59.546+0000] {local_task_job_runner.py:266} INFO - Task exited with return code 0
[2025-03-19T04:15:59.593+0000] {taskinstance.py:3901} INFO - 0 downstream tasks scheduled from follow-on schedule check
[2025-03-19T04:15:59.594+0000] {local_task_job_runner.py:245} INFO - ::endgroup::
