[2025-04-03T04:39:51.377+0000] {local_task_job_runner.py:123} INFO - ::group::Pre task execution logs
[2025-04-03T04:39:51.549+0000] {taskinstance.py:2614} INFO - Dependencies all met for dep_context=non-requeueable deps ti=<TaskInstance: schedule.expurgo_clientes_produtos scheduled__2025-03-23T08:00:00+00:00 [queued]>
[2025-04-03T04:39:51.595+0000] {taskinstance.py:2614} INFO - Dependencies all met for dep_context=requeueable deps ti=<TaskInstance: schedule.expurgo_clientes_produtos scheduled__2025-03-23T08:00:00+00:00 [queued]>
[2025-04-03T04:39:51.596+0000] {taskinstance.py:2867} INFO - Starting attempt 1 of 1
[2025-04-03T04:39:51.858+0000] {taskinstance.py:2890} INFO - Executing <Task(BashOperator): expurgo_clientes_produtos> on 2025-03-23 08:00:00+00:00
[2025-04-03T04:39:51.914+0000] {standard_task_runner.py:72} INFO - Started process 553 to run task
[2025-04-03T04:39:51.935+0000] {standard_task_runner.py:104} INFO - Running: ['airflow', 'tasks', 'run', 'schedule', 'expurgo_clientes_produtos', 'scheduled__2025-03-23T08:00:00+00:00', '--job-id', '1966', '--raw', '--subdir', 'DAGS_FOLDER/dag_master.py', '--cfg-path', '/tmp/tmpr9tf0o0g']
[2025-04-03T04:39:51.959+0000] {standard_task_runner.py:105} INFO - Job 1966: Subtask expurgo_clientes_produtos
[2025-04-03T04:39:52.042+0000] {logging_mixin.py:190} WARNING - /home/airflow/.local/lib/python3.8/site-packages/airflow/settings.py:209 DeprecationWarning: The sql_alchemy_conn option in [core] has been moved to the sql_alchemy_conn option in [database] - the old setting has been used, but please update your config.
[2025-04-03T04:39:52.318+0000] {task_command.py:467} INFO - Running <TaskInstance: schedule.expurgo_clientes_produtos scheduled__2025-03-23T08:00:00+00:00 [running]> on host dca2c4cc2d1b
[2025-04-03T04:39:52.341+0000] {logging_mixin.py:190} WARNING - /home/airflow/.local/lib/python3.8/site-packages/airflow/settings.py:470 DeprecationWarning: The sql_alchemy_conn option in [core] has been moved to the sql_alchemy_conn option in [database] - the old setting has been used, but please update your config.
[2025-04-03T04:39:52.756+0000] {taskinstance.py:3134} INFO - Exporting env vars: AIRFLOW_CTX_DAG_OWNER='airflow' AIRFLOW_CTX_DAG_ID='schedule' AIRFLOW_CTX_TASK_ID='expurgo_clientes_produtos' AIRFLOW_CTX_EXECUTION_DATE='2025-03-23T08:00:00+00:00' AIRFLOW_CTX_TRY_NUMBER='1' AIRFLOW_CTX_DAG_RUN_ID='scheduled__2025-03-23T08:00:00+00:00'
[2025-04-03T04:39:52.763+0000] {taskinstance.py:732} INFO - ::endgroup::
[2025-04-03T04:39:52.801+0000] {subprocess.py:78} INFO - Tmp dir root location: /tmp
[2025-04-03T04:39:52.805+0000] {subprocess.py:88} INFO - Running command: ['/bin/bash', '-c', 'docker exec linux_python /bin/bash -c \'/workspace/scripts/expurgo_server.sh /path/to/move_cloud/clientes_produtos/ && echo "Script Executado com Sucesso!"\'']
[2025-04-03T04:39:52.833+0000] {subprocess.py:99} INFO - Output:
[2025-04-03T04:39:53.336+0000] {subprocess.py:106} INFO - Verificando diretorio: /path/to/move_cloud/clientes_produtos/
[2025-04-03T04:39:53.370+0000] {subprocess.py:106} INFO - Conteúdo do diretório antes da limpeza:
[2025-04-03T04:39:53.372+0000] {subprocess.py:106} INFO - clientes_produtos.csv
[2025-04-03T04:39:53.373+0000] {subprocess.py:106} INFO - Apagando itens do diretório...
[2025-04-03T04:39:53.373+0000] {subprocess.py:106} INFO - Verificando se o diretório está vazio...
[2025-04-03T04:39:53.426+0000] {subprocess.py:106} INFO - O diretório está vazio.
[2025-04-03T04:39:53.428+0000] {subprocess.py:106} INFO - Script Executado com Sucesso!
[2025-04-03T04:39:53.470+0000] {subprocess.py:110} INFO - Command exited with return code 0
[2025-04-03T04:39:53.711+0000] {taskinstance.py:341} INFO - ::group::Post task execution logs
[2025-04-03T04:39:53.724+0000] {taskinstance.py:353} INFO - Marking task as SUCCESS. dag_id=schedule, task_id=expurgo_clientes_produtos, run_id=scheduled__2025-03-23T08:00:00+00:00, execution_date=20250323T080000, start_date=20250403T043951, end_date=20250403T043953
[2025-04-03T04:39:53.910+0000] {local_task_job_runner.py:266} INFO - Task exited with return code 0
[2025-04-03T04:39:54.128+0000] {taskinstance.py:3901} INFO - 1 downstream tasks scheduled from follow-on schedule check
[2025-04-03T04:39:54.140+0000] {local_task_job_runner.py:245} INFO - ::endgroup::
