[2025-04-03T05:24:31.478+0000] {local_task_job_runner.py:123} INFO - ::group::Pre task execution logs
[2025-04-03T05:24:31.493+0000] {taskinstance.py:2614} INFO - Dependencies all met for dep_context=non-requeueable deps ti=<TaskInstance: schedule.run_copy_clientes_produtos manual__2025-04-03T05:24:29.939221+00:00 [queued]>
[2025-04-03T05:24:31.498+0000] {taskinstance.py:2614} INFO - Dependencies all met for dep_context=requeueable deps ti=<TaskInstance: schedule.run_copy_clientes_produtos manual__2025-04-03T05:24:29.939221+00:00 [queued]>
[2025-04-03T05:24:31.498+0000] {taskinstance.py:2867} INFO - Starting attempt 1 of 1
[2025-04-03T05:24:31.507+0000] {taskinstance.py:2890} INFO - Executing <Task(BashOperator): run_copy_clientes_produtos> on 2025-04-03 05:24:29.939221+00:00
[2025-04-03T05:24:31.511+0000] {standard_task_runner.py:72} INFO - Started process 2272 to run task
[2025-04-03T05:24:31.516+0000] {standard_task_runner.py:104} INFO - Running: ['airflow', 'tasks', 'run', 'schedule', 'run_copy_clientes_produtos', 'manual__2025-04-03T05:24:29.939221+00:00', '--job-id', '2036', '--raw', '--subdir', 'DAGS_FOLDER/dag_master.py', '--cfg-path', '/tmp/tmp8jqf6pcq']
[2025-04-03T05:24:31.518+0000] {standard_task_runner.py:105} INFO - Job 2036: Subtask run_copy_clientes_produtos
[2025-04-03T05:24:31.535+0000] {logging_mixin.py:190} WARNING - /home/airflow/.local/lib/python3.8/site-packages/airflow/settings.py:209 DeprecationWarning: The sql_alchemy_conn option in [core] has been moved to the sql_alchemy_conn option in [database] - the old setting has been used, but please update your config.
[2025-04-03T05:24:31.567+0000] {task_command.py:467} INFO - Running <TaskInstance: schedule.run_copy_clientes_produtos manual__2025-04-03T05:24:29.939221+00:00 [running]> on host 11605a72ff70
[2025-04-03T05:24:31.659+0000] {taskinstance.py:3134} INFO - Exporting env vars: AIRFLOW_CTX_DAG_OWNER='airflow' AIRFLOW_CTX_DAG_ID='schedule' AIRFLOW_CTX_TASK_ID='run_copy_clientes_produtos' AIRFLOW_CTX_EXECUTION_DATE='2025-04-03T05:24:29.939221+00:00' AIRFLOW_CTX_TRY_NUMBER='1' AIRFLOW_CTX_DAG_RUN_ID='manual__2025-04-03T05:24:29.939221+00:00'
[2025-04-03T05:24:31.660+0000] {taskinstance.py:732} INFO - ::endgroup::
[2025-04-03T05:24:31.670+0000] {subprocess.py:78} INFO - Tmp dir root location: /tmp
[2025-04-03T05:24:31.671+0000] {subprocess.py:88} INFO - Running command: ['/bin/bash', '-c', 'docker exec linux_python /bin/bash -c \'/workspace/scripts/run_copy.sh /var/lib/postgresql/exports/clientes_produtos.csv /path/to/move_cloud/clientes_produtos && echo "Script Executado com Sucesso!"\'']
[2025-04-03T05:24:31.679+0000] {subprocess.py:99} INFO - Output:
[2025-04-03T05:24:31.832+0000] {subprocess.py:106} INFO - -----------------------------------------------------------------------
[2025-04-03T05:24:31.833+0000] {subprocess.py:106} INFO - ------------------------- START SCRIPT --------------------------------
[2025-04-03T05:24:31.834+0000] {subprocess.py:106} INFO - -----------------------------------------------------------------------
[2025-04-03T05:24:31.834+0000] {subprocess.py:106} INFO - Arquivo /var/lib/postgresql/exports/clientes_produtos.csv encontrado!
[2025-04-03T05:24:31.860+0000] {subprocess.py:106} INFO - INFO:root:Copia /var/lib/postgresql/exports/clientes_produtos.csv para /path/to/move_cloud/clientes_produtos/clientes_produtos.csv
[2025-04-03T05:24:31.861+0000] {subprocess.py:106} INFO - INFO:root:/var/lib/postgresql/exports/clientes_produtos.csv copiado com sucesso.
[2025-04-03T05:24:31.861+0000] {subprocess.py:106} INFO - INFO:root:### A primeira linha de clientes_produtos.csv é: ['id', 'cliente_id', 'produto_id', 'data_aquisicao', 'valor_aquisicao']
[2025-04-03T05:24:31.865+0000] {subprocess.py:106} INFO - Script Executado com Sucesso!
[2025-04-03T05:24:31.872+0000] {subprocess.py:110} INFO - Command exited with return code 0
[2025-04-03T05:24:31.896+0000] {taskinstance.py:341} INFO - ::group::Post task execution logs
[2025-04-03T05:24:31.896+0000] {taskinstance.py:353} INFO - Marking task as SUCCESS. dag_id=schedule, task_id=run_copy_clientes_produtos, run_id=manual__2025-04-03T05:24:29.939221+00:00, execution_date=20250403T052429, start_date=20250403T052431, end_date=20250403T052431
[2025-04-03T05:24:31.941+0000] {local_task_job_runner.py:266} INFO - Task exited with return code 0
[2025-04-03T05:24:31.954+0000] {local_task_job_runner.py:245} INFO - ::endgroup::
