[2025-03-23T19:09:43.131+0000] {local_task_job_runner.py:123} INFO - ::group::Pre task execution logs
[2025-03-23T19:09:43.146+0000] {taskinstance.py:2614} INFO - Dependencies all met for dep_context=non-requeueable deps ti=<TaskInstance: schedule.ingestao_bronze_clientes_produtos manual__2025-03-23T19:09:37.420384+00:00 [queued]>
[2025-03-23T19:09:43.153+0000] {taskinstance.py:2614} INFO - Dependencies all met for dep_context=requeueable deps ti=<TaskInstance: schedule.ingestao_bronze_clientes_produtos manual__2025-03-23T19:09:37.420384+00:00 [queued]>
[2025-03-23T19:09:43.154+0000] {taskinstance.py:2867} INFO - Starting attempt 1 of 1
[2025-03-23T19:09:43.162+0000] {taskinstance.py:2890} INFO - Executing <Task(PythonOperator): ingestao_bronze_clientes_produtos> on 2025-03-23 19:09:37.420384+00:00
[2025-03-23T19:09:43.165+0000] {standard_task_runner.py:72} INFO - Started process 2445 to run task
[2025-03-23T19:09:43.167+0000] {standard_task_runner.py:104} INFO - Running: ['airflow', 'tasks', 'run', 'schedule', 'ingestao_bronze_clientes_produtos', 'manual__2025-03-23T19:09:37.420384+00:00', '--job-id', '1924', '--raw', '--subdir', 'DAGS_FOLDER/dag_master.py', '--cfg-path', '/tmp/tmptkcsi2hh']
[2025-03-23T19:09:43.169+0000] {standard_task_runner.py:105} INFO - Job 1924: Subtask ingestao_bronze_clientes_produtos
[2025-03-23T19:09:43.182+0000] {logging_mixin.py:190} WARNING - /home/airflow/.local/lib/python3.8/site-packages/airflow/settings.py:209 DeprecationWarning: The sql_alchemy_conn option in [core] has been moved to the sql_alchemy_conn option in [database] - the old setting has been used, but please update your config.
[2025-03-23T19:09:43.206+0000] {task_command.py:467} INFO - Running <TaskInstance: schedule.ingestao_bronze_clientes_produtos manual__2025-03-23T19:09:37.420384+00:00 [running]> on host b612e1a2c49c
[2025-03-23T19:09:43.266+0000] {taskinstance.py:3134} INFO - Exporting env vars: AIRFLOW_CTX_DAG_OWNER='airflow' AIRFLOW_CTX_DAG_ID='schedule' AIRFLOW_CTX_TASK_ID='ingestao_bronze_clientes_produtos' AIRFLOW_CTX_EXECUTION_DATE='2025-03-23T19:09:37.420384+00:00' AIRFLOW_CTX_TRY_NUMBER='1' AIRFLOW_CTX_DAG_RUN_ID='manual__2025-03-23T19:09:37.420384+00:00'
[2025-03-23T19:09:43.266+0000] {taskinstance.py:732} INFO - ::endgroup::
[2025-03-23T19:09:43.679+0000] {logging_mixin.py:190} INFO - Job iniciado com sucesso. Run ID: 338063841821712
[2025-03-23T19:11:35.650+0000] {logging_mixin.py:190} INFO - Job finalizado com sucesso. Detalhes: {'job_id': 270506435210698, 'run_id': 338063841821712, 'creator_user_name': 'maria_apmattos@hotmail.com', 'number_in_job': 338063841821712, 'original_attempt_run_id': 338063841821712, 'state': {'life_cycle_state': 'TERMINATED', 'result_state': 'SUCCESS', 'state_message': '', 'user_cancelled_or_timedout': False}, 'task': {'notebook_task': {'notebook_path': '/Workspace/Users/maria_apmattos@hotmail.com/data_master/TemplatesDatabricks/Ingestion_bronze_template', 'base_parameters': {'param1': 'b_vend', 'param5': 'csv', 'param4': 'append', 'param3': "['cliente_id', 'produto_id']", 'param6': ',', 'param2': 'clientesxprod', 'param7': '20250207'}, 'source': 'WORKSPACE'}}, 'cluster_spec': {'existing_cluster_id': '0129-031548-z9ttog72'}, 'cluster_instance': {'cluster_id': '0129-031548-z9ttog72', 'spark_context_id': '7186796471156312000'}, 'overriding_parameters': {'notebook_params': {'param1': 'b_vend', 'param2': 'clientesxprod', 'param3': "['cliente_id', 'produto_id']", 'param4': 'append', 'param5': 'csv', 'param6': ',', 'param7': '20250323'}}, 'start_time': 1742756983538, 'setup_duration': 2000, 'execution_duration': 103000, 'cleanup_duration': 0, 'end_time': 1742757089454, 'run_duration': 105916, 'trigger': 'ONE_TIME', 'run_name': 'Camada Bronze - Template_Ingestion  Tabela b_vend.clientesxprod', 'run_page_url': 'https://adb-2740266284098548.8.azuredatabricks.net/?o=2740266284098548#job/270506435210698/run/338063841821712', 'run_type': 'JOB_RUN', 'attempt_number': 0, 'format': 'SINGLE_TASK', 'status': {'state': 'TERMINATED', 'termination_details': {'code': 'SUCCESS', 'type': 'SUCCESS', 'message': ''}}, 'job_run_id': 338063841821712}
[2025-03-23T19:11:35.653+0000] {python.py:240} INFO - Done. Returned value was: None
[2025-03-23T19:11:35.675+0000] {taskinstance.py:341} INFO - ::group::Post task execution logs
[2025-03-23T19:11:35.676+0000] {taskinstance.py:353} INFO - Marking task as SUCCESS. dag_id=schedule, task_id=ingestao_bronze_clientes_produtos, run_id=manual__2025-03-23T19:09:37.420384+00:00, execution_date=20250323T190937, start_date=20250323T190943, end_date=20250323T191135
[2025-03-23T19:11:35.713+0000] {local_task_job_runner.py:266} INFO - Task exited with return code 0
[2025-03-23T19:11:35.746+0000] {taskinstance.py:3901} INFO - 1 downstream tasks scheduled from follow-on schedule check
[2025-03-23T19:11:35.747+0000] {local_task_job_runner.py:245} INFO - ::endgroup::
