[2025-04-03T04:39:33.352+0000] {local_task_job_runner.py:123} INFO - ::group::Pre task execution logs
[2025-04-03T04:39:33.432+0000] {taskinstance.py:2614} INFO - Dependencies all met for dep_context=non-requeueable deps ti=<TaskInstance: schedule.run_copy_clientes scheduled__2025-03-23T08:00:00+00:00 [queued]>
[2025-04-03T04:39:33.474+0000] {taskinstance.py:2614} INFO - Dependencies all met for dep_context=requeueable deps ti=<TaskInstance: schedule.run_copy_clientes scheduled__2025-03-23T08:00:00+00:00 [queued]>
[2025-04-03T04:39:33.478+0000] {taskinstance.py:2867} INFO - Starting attempt 1 of 1
[2025-04-03T04:39:34.152+0000] {taskinstance.py:2890} INFO - Executing <Task(BashOperator): run_copy_clientes> on 2025-03-23 08:00:00+00:00
[2025-04-03T04:39:34.191+0000] {standard_task_runner.py:72} INFO - Started process 274 to run task
[2025-04-03T04:39:34.215+0000] {standard_task_runner.py:104} INFO - Running: ['airflow', 'tasks', 'run', 'schedule', 'run_copy_clientes', 'scheduled__2025-03-23T08:00:00+00:00', '--job-id', '1942', '--raw', '--subdir', 'DAGS_FOLDER/dag_master.py', '--cfg-path', '/tmp/tmpit_qhuwh']
[2025-04-03T04:39:34.251+0000] {standard_task_runner.py:105} INFO - Job 1942: Subtask run_copy_clientes
[2025-04-03T04:39:34.518+0000] {logging_mixin.py:190} WARNING - /home/airflow/.local/lib/python3.8/site-packages/airflow/settings.py:209 DeprecationWarning: The sql_alchemy_conn option in [core] has been moved to the sql_alchemy_conn option in [database] - the old setting has been used, but please update your config.
[2025-04-03T04:39:35.141+0000] {task_command.py:467} INFO - Running <TaskInstance: schedule.run_copy_clientes scheduled__2025-03-23T08:00:00+00:00 [running]> on host dca2c4cc2d1b
[2025-04-03T04:39:35.155+0000] {logging_mixin.py:190} WARNING - /home/airflow/.local/lib/python3.8/site-packages/airflow/settings.py:470 DeprecationWarning: The sql_alchemy_conn option in [core] has been moved to the sql_alchemy_conn option in [database] - the old setting has been used, but please update your config.
[2025-04-03T04:39:36.021+0000] {taskinstance.py:3134} INFO - Exporting env vars: AIRFLOW_CTX_DAG_OWNER='airflow' AIRFLOW_CTX_DAG_ID='schedule' AIRFLOW_CTX_TASK_ID='run_copy_clientes' AIRFLOW_CTX_EXECUTION_DATE='2025-03-23T08:00:00+00:00' AIRFLOW_CTX_TRY_NUMBER='1' AIRFLOW_CTX_DAG_RUN_ID='scheduled__2025-03-23T08:00:00+00:00'
[2025-04-03T04:39:36.026+0000] {taskinstance.py:732} INFO - ::endgroup::
[2025-04-03T04:39:36.080+0000] {subprocess.py:78} INFO - Tmp dir root location: /tmp
[2025-04-03T04:39:36.093+0000] {subprocess.py:88} INFO - Running command: ['/bin/bash', '-c', 'docker exec linux_python /bin/bash -c \'/workspace/scripts/run_copy.sh /var/lib/postgresql/exports/clientes.csv /path/to/move_cloud/clientes && echo "Script Executado com Sucesso!"\'']
[2025-04-03T04:39:36.114+0000] {subprocess.py:99} INFO - Output:
[2025-04-03T04:39:36.431+0000] {subprocess.py:106} INFO - -----------------------------------------------------------------------
[2025-04-03T04:39:36.432+0000] {subprocess.py:106} INFO - ------------------------- START SCRIPT --------------------------------
[2025-04-03T04:39:36.433+0000] {subprocess.py:106} INFO - -----------------------------------------------------------------------
[2025-04-03T04:39:36.433+0000] {subprocess.py:106} INFO - Arquivo /var/lib/postgresql/exports/clientes.csv encontrado!
[2025-04-03T04:39:36.565+0000] {subprocess.py:106} INFO - INFO:root:Copia /var/lib/postgresql/exports/clientes.csv para /path/to/move_cloud/clientes/clientes.csv
[2025-04-03T04:39:36.579+0000] {subprocess.py:106} INFO - INFO:root:/var/lib/postgresql/exports/clientes.csv copiado com sucesso.
[2025-04-03T04:39:36.580+0000] {subprocess.py:106} INFO - INFO:root:### A primeira linha de clientes.csv é: ['client_id', 'nome', 'sobrenome', 'cpf', 'rg', 'data_nascimento', 'est_civil', 'genero', 'email', 'tel_res', 'tel_cel', 'endereco', 'pais', 'cidade', 'estado', 'cep', 'nacionalidade', 'renda', 'cargo', 'tp_cliente', 'data_criacao']
[2025-04-03T04:39:36.580+0000] {subprocess.py:106} INFO - Script Executado com Sucesso!
[2025-04-03T04:39:36.650+0000] {subprocess.py:110} INFO - Command exited with return code 0
[2025-04-03T04:39:36.972+0000] {taskinstance.py:341} INFO - ::group::Post task execution logs
[2025-04-03T04:39:36.975+0000] {taskinstance.py:353} INFO - Marking task as SUCCESS. dag_id=schedule, task_id=run_copy_clientes, run_id=scheduled__2025-03-23T08:00:00+00:00, execution_date=20250323T080000, start_date=20250403T043933, end_date=20250403T043936
[2025-04-03T04:39:37.115+0000] {local_task_job_runner.py:266} INFO - Task exited with return code 0
[2025-04-03T04:39:37.258+0000] {taskinstance.py:3901} INFO - 1 downstream tasks scheduled from follow-on schedule check
[2025-04-03T04:39:37.270+0000] {local_task_job_runner.py:245} INFO - ::endgroup::
