[2025-04-03T04:39:33.109+0000] {local_task_job_runner.py:123} INFO - ::group::Pre task execution logs
[2025-04-03T04:39:33.194+0000] {taskinstance.py:2614} INFO - Dependencies all met for dep_context=non-requeueable deps ti=<TaskInstance: dag_create_table.create_table scheduled__2025-03-24T08:00:00+00:00 [queued]>
[2025-04-03T04:39:33.235+0000] {taskinstance.py:2614} INFO - Dependencies all met for dep_context=requeueable deps ti=<TaskInstance: dag_create_table.create_table scheduled__2025-03-24T08:00:00+00:00 [queued]>
[2025-04-03T04:39:33.242+0000] {taskinstance.py:2867} INFO - Starting attempt 1 of 1
[2025-04-03T04:39:34.268+0000] {taskinstance.py:2890} INFO - Executing <Task(PythonOperator): create_table> on 2025-03-24 08:00:00+00:00
[2025-04-03T04:39:34.349+0000] {standard_task_runner.py:72} INFO - Started process 277 to run task
[2025-04-03T04:39:34.400+0000] {standard_task_runner.py:104} INFO - Running: ['airflow', 'tasks', 'run', 'dag_create_table', 'create_table', 'scheduled__2025-03-24T08:00:00+00:00', '--job-id', '1941', '--raw', '--subdir', 'DAGS_FOLDER/dag_create_table.py', '--cfg-path', '/tmp/tmpd09pct0o']
[2025-04-03T04:39:34.408+0000] {standard_task_runner.py:105} INFO - Job 1941: Subtask create_table
[2025-04-03T04:39:34.484+0000] {logging_mixin.py:190} WARNING - /home/airflow/.local/lib/python3.8/site-packages/airflow/settings.py:209 DeprecationWarning: The sql_alchemy_conn option in [core] has been moved to the sql_alchemy_conn option in [database] - the old setting has been used, but please update your config.
[2025-04-03T04:39:34.821+0000] {task_command.py:467} INFO - Running <TaskInstance: dag_create_table.create_table scheduled__2025-03-24T08:00:00+00:00 [running]> on host dca2c4cc2d1b
[2025-04-03T04:39:34.863+0000] {logging_mixin.py:190} WARNING - /home/airflow/.local/lib/python3.8/site-packages/airflow/settings.py:470 DeprecationWarning: The sql_alchemy_conn option in [core] has been moved to the sql_alchemy_conn option in [database] - the old setting has been used, but please update your config.
[2025-04-03T04:39:35.916+0000] {taskinstance.py:3134} INFO - Exporting env vars: AIRFLOW_CTX_DAG_OWNER='airflow' AIRFLOW_CTX_DAG_ID='dag_create_table' AIRFLOW_CTX_TASK_ID='create_table' AIRFLOW_CTX_EXECUTION_DATE='2025-03-24T08:00:00+00:00' AIRFLOW_CTX_TRY_NUMBER='1' AIRFLOW_CTX_DAG_RUN_ID='scheduled__2025-03-24T08:00:00+00:00'
[2025-04-03T04:39:35.957+0000] {taskinstance.py:732} INFO - ::endgroup::
[2025-04-03T04:39:36.793+0000] {logging_mixin.py:190} INFO - Job iniciado com sucesso. Run ID: 571329987840897
[2025-04-03T04:47:25.850+0000] {logging_mixin.py:190} INFO - Job finalizado com sucesso. Detalhes: {'job_id': 459472940773271, 'run_id': 571329987840897, 'creator_user_name': 'maria_apmattos@hotmail.com', 'number_in_job': 571329987840897, 'original_attempt_run_id': 571329987840897, 'state': {'life_cycle_state': 'TERMINATED', 'result_state': 'SUCCESS', 'state_message': '', 'user_cancelled_or_timedout': False, 'queue_reason': 'Queued due to reaching maximum concurrent runs of 1.'}, 'task': {'notebook_task': {'notebook_path': '/Workspace/Users/maria_apmattos@hotmail.com/data_master/TemplatesDatabricks/Create Tables', 'source': 'WORKSPACE'}}, 'cluster_spec': {'existing_cluster_id': '0129-031548-z9ttog72'}, 'cluster_instance': {'cluster_id': '0129-031548-z9ttog72', 'spark_context_id': '5358812522125835735'}, 'start_time': 1743655176604, 'setup_duration': 447000, 'execution_duration': 16000, 'cleanup_duration': 0, 'end_time': 1743655640003, 'run_duration': 463399, 'queue_duration': 443589, 'trigger': 'ONE_TIME', 'run_name': 'Create_table', 'run_page_url': 'https://adb-2740266284098548.8.azuredatabricks.net/?o=2740266284098548#job/459472940773271/run/571329987840897', 'run_type': 'JOB_RUN', 'attempt_number': 0, 'format': 'SINGLE_TASK', 'status': {'state': 'TERMINATED', 'termination_details': {'code': 'SUCCESS', 'type': 'SUCCESS', 'message': ''}, 'queue_details': {'code': 'MAX_CONCURRENT_RUNS_REACHED', 'message': 'Queued due to reaching maximum concurrent runs of 1.'}}, 'job_run_id': 571329987840897}
[2025-04-03T04:47:25.869+0000] {python.py:240} INFO - Done. Returned value was: None
[2025-04-03T04:47:26.009+0000] {taskinstance.py:341} INFO - ::group::Post task execution logs
[2025-04-03T04:47:26.012+0000] {taskinstance.py:353} INFO - Marking task as SUCCESS. dag_id=dag_create_table, task_id=create_table, run_id=scheduled__2025-03-24T08:00:00+00:00, execution_date=20250324T080000, start_date=20250403T043933, end_date=20250403T044726
[2025-04-03T04:47:26.126+0000] {local_task_job_runner.py:266} INFO - Task exited with return code 0
[2025-04-03T04:47:26.171+0000] {local_task_job_runner.py:245} INFO - ::endgroup::
