[2025-04-03T05:18:06.093+0000] {local_task_job_runner.py:123} INFO - ::group::Pre task execution logs
[2025-04-03T05:18:06.116+0000] {taskinstance.py:2614} INFO - Dependencies all met for dep_context=non-requeueable deps ti=<TaskInstance: schedule.expurgo_stage_clientes_produtos manual__2025-04-03T05:16:57.388416+00:00 [queued]>
[2025-04-03T05:18:06.126+0000] {taskinstance.py:2614} INFO - Dependencies all met for dep_context=requeueable deps ti=<TaskInstance: schedule.expurgo_stage_clientes_produtos manual__2025-04-03T05:16:57.388416+00:00 [queued]>
[2025-04-03T05:18:06.127+0000] {taskinstance.py:2867} INFO - Starting attempt 1 of 1
[2025-04-03T05:18:06.139+0000] {taskinstance.py:2890} INFO - Executing <Task(PythonOperator): expurgo_stage_clientes_produtos> on 2025-04-03 05:16:57.388416+00:00
[2025-04-03T05:18:06.143+0000] {standard_task_runner.py:72} INFO - Started process 1834 to run task
[2025-04-03T05:18:06.149+0000] {standard_task_runner.py:104} INFO - Running: ['airflow', 'tasks', 'run', 'schedule', 'expurgo_stage_clientes_produtos', 'manual__2025-04-03T05:16:57.388416+00:00', '--job-id', '2029', '--raw', '--subdir', 'DAGS_FOLDER/dag_master.py', '--cfg-path', '/tmp/tmp2_pcpsgb']
[2025-04-03T05:18:06.152+0000] {standard_task_runner.py:105} INFO - Job 2029: Subtask expurgo_stage_clientes_produtos
[2025-04-03T05:18:06.193+0000] {logging_mixin.py:190} WARNING - /home/airflow/.local/lib/python3.8/site-packages/airflow/settings.py:209 DeprecationWarning: The sql_alchemy_conn option in [core] has been moved to the sql_alchemy_conn option in [database] - the old setting has been used, but please update your config.
[2025-04-03T05:18:06.221+0000] {task_command.py:467} INFO - Running <TaskInstance: schedule.expurgo_stage_clientes_produtos manual__2025-04-03T05:16:57.388416+00:00 [running]> on host 11605a72ff70
[2025-04-03T05:18:06.279+0000] {taskinstance.py:3134} INFO - Exporting env vars: AIRFLOW_CTX_DAG_OWNER='airflow' AIRFLOW_CTX_DAG_ID='schedule' AIRFLOW_CTX_TASK_ID='expurgo_stage_clientes_produtos' AIRFLOW_CTX_EXECUTION_DATE='2025-04-03T05:16:57.388416+00:00' AIRFLOW_CTX_TRY_NUMBER='1' AIRFLOW_CTX_DAG_RUN_ID='manual__2025-04-03T05:16:57.388416+00:00'
[2025-04-03T05:18:06.280+0000] {taskinstance.py:732} INFO - ::endgroup::
[2025-04-03T05:18:06.609+0000] {logging_mixin.py:190} INFO - Job iniciado com sucesso. Run ID: 348864424274494
[2025-04-03T05:18:27.067+0000] {logging_mixin.py:190} INFO - Job finalizado com sucesso. Detalhes: {'job_id': 650259219810019, 'run_id': 348864424274494, 'creator_user_name': 'maria_apmattos@hotmail.com', 'number_in_job': 348864424274494, 'original_attempt_run_id': 348864424274494, 'state': {'life_cycle_state': 'TERMINATED', 'result_state': 'SUCCESS', 'state_message': '', 'user_cancelled_or_timedout': False}, 'task': {'notebook_task': {'notebook_path': '/Workspace/Users/maria_apmattos@hotmail.com/data_master/TemplatesDatabricks/expurgo_stage', 'base_parameters': {'param1': 'filedataimport', 'param2': 'clientesxprod', 'param3': 'default'}, 'source': 'WORKSPACE'}}, 'cluster_spec': {'existing_cluster_id': '0129-031548-z9ttog72'}, 'cluster_instance': {'cluster_id': '0129-031548-z9ttog72', 'spark_context_id': '5358812522125835735'}, 'overriding_parameters': {'notebook_params': {'param1': 'filedataimport', 'param2': 'clientesxprod', 'param3': '20250403'}}, 'start_time': 1743657486546, 'setup_duration': 1000, 'execution_duration': 13000, 'cleanup_duration': 0, 'end_time': 1743657501484, 'run_duration': 14938, 'trigger': 'ONE_TIME', 'run_name': 'Expurgo clientesxprod', 'run_page_url': 'https://adb-2740266284098548.8.azuredatabricks.net/?o=2740266284098548#job/650259219810019/run/348864424274494', 'run_type': 'JOB_RUN', 'attempt_number': 0, 'format': 'SINGLE_TASK', 'status': {'state': 'TERMINATED', 'termination_details': {'code': 'SUCCESS', 'type': 'SUCCESS', 'message': ''}}, 'job_run_id': 348864424274494}
[2025-04-03T05:18:27.070+0000] {python.py:240} INFO - Done. Returned value was: None
[2025-04-03T05:18:27.094+0000] {taskinstance.py:341} INFO - ::group::Post task execution logs
[2025-04-03T05:18:27.095+0000] {taskinstance.py:353} INFO - Marking task as SUCCESS. dag_id=schedule, task_id=expurgo_stage_clientes_produtos, run_id=manual__2025-04-03T05:16:57.388416+00:00, execution_date=20250403T051657, start_date=20250403T051806, end_date=20250403T051827
[2025-04-03T05:18:27.166+0000] {local_task_job_runner.py:266} INFO - Task exited with return code 0
[2025-04-03T05:18:27.181+0000] {taskinstance.py:3901} INFO - 0 downstream tasks scheduled from follow-on schedule check
[2025-04-03T05:18:27.182+0000] {local_task_job_runner.py:245} INFO - ::endgroup::
