[2025-04-16T03:53:05.174+0000] {local_task_job_runner.py:123} INFO - ::group::Pre task execution logs
[2025-04-16T03:53:05.186+0000] {taskinstance.py:2614} INFO - Dependencies all met for dep_context=non-requeueable deps ti=<TaskInstance: schedule_data_master.ingestao_bronze_clientes manual__2025-04-16T03:52:58.712158+00:00 [queued]>
[2025-04-16T03:53:05.191+0000] {taskinstance.py:2614} INFO - Dependencies all met for dep_context=requeueable deps ti=<TaskInstance: schedule_data_master.ingestao_bronze_clientes manual__2025-04-16T03:52:58.712158+00:00 [queued]>
[2025-04-16T03:53:05.191+0000] {taskinstance.py:2867} INFO - Starting attempt 1 of 1
[2025-04-16T03:53:05.197+0000] {taskinstance.py:2890} INFO - Executing <Task(PythonOperator): ingestao_bronze_clientes> on 2025-04-16 03:52:58.712158+00:00
[2025-04-16T03:53:05.200+0000] {standard_task_runner.py:72} INFO - Started process 335 to run task
[2025-04-16T03:53:05.202+0000] {standard_task_runner.py:104} INFO - Running: ['airflow', 'tasks', 'run', 'schedule_data_master', 'ingestao_bronze_clientes', 'manual__2025-04-16T03:52:58.712158+00:00', '--job-id', '2204', '--raw', '--subdir', 'DAGS_FOLDER/dag_master.py', '--cfg-path', '/tmp/tmpsvbnw9yi']
[2025-04-16T03:53:05.203+0000] {standard_task_runner.py:105} INFO - Job 2204: Subtask ingestao_bronze_clientes
[2025-04-16T03:53:05.214+0000] {logging_mixin.py:190} WARNING - /home/airflow/.local/lib/python3.8/site-packages/airflow/settings.py:209 DeprecationWarning: The sql_alchemy_conn option in [core] has been moved to the sql_alchemy_conn option in [database] - the old setting has been used, but please update your config.
[2025-04-16T03:53:05.233+0000] {task_command.py:467} INFO - Running <TaskInstance: schedule_data_master.ingestao_bronze_clientes manual__2025-04-16T03:52:58.712158+00:00 [running]> on host 14cd87e75c31
[2025-04-16T03:53:05.276+0000] {taskinstance.py:3134} INFO - Exporting env vars: AIRFLOW_CTX_DAG_OWNER='airflow' AIRFLOW_CTX_DAG_ID='schedule_data_master' AIRFLOW_CTX_TASK_ID='ingestao_bronze_clientes' AIRFLOW_CTX_EXECUTION_DATE='2025-04-16T03:52:58.712158+00:00' AIRFLOW_CTX_TRY_NUMBER='1' AIRFLOW_CTX_DAG_RUN_ID='manual__2025-04-16T03:52:58.712158+00:00'
[2025-04-16T03:53:05.277+0000] {taskinstance.py:732} INFO - ::endgroup::
[2025-04-16T03:53:05.552+0000] {logging_mixin.py:190} INFO - Job iniciado com sucesso. Run ID: 77249592715284
[2025-04-16T03:53:46.327+0000] {logging_mixin.py:190} INFO - Job finalizado com sucesso. Detalhes: {'job_id': 536258902708431, 'run_id': 77249592715284, 'creator_user_name': 'maria_apmattos@hotmail.com', 'number_in_job': 77249592715284, 'original_attempt_run_id': 77249592715284, 'state': {'life_cycle_state': 'TERMINATED', 'result_state': 'SUCCESS', 'state_message': '', 'user_cancelled_or_timedout': False}, 'task': {'notebook_task': {'notebook_path': '/Workspace/Users/maria_apmattos@hotmail.com/data_master/TemplatesDatabricks/Ingestion_bronze_template', 'base_parameters': {'param1': 'b_cad', 'param5': 'csv', 'param4': 'append', 'param3': "['nome', 'cpf']", 'param6': ',', 'param2': 'clientes', 'param7': '20250207'}, 'source': 'WORKSPACE'}}, 'cluster_spec': {'existing_cluster_id': '0129-031548-z9ttog72'}, 'cluster_instance': {'cluster_id': '0129-031548-z9ttog72', 'spark_context_id': '5899083732267023585'}, 'overriding_parameters': {'notebook_params': {'param1': 'b_cad', 'param2': 'clientes', 'param3': "['nome', 'cpf']", 'param4': 'append', 'param5': 'csv', 'param6': ',', 'param7': '20250416'}}, 'start_time': 1744775585472, 'setup_duration': 3000, 'execution_duration': 37000, 'cleanup_duration': 0, 'end_time': 1744775626053, 'run_duration': 40581, 'trigger': 'ONE_TIME', 'run_name': 'Camada Bronze - Template_Ingestion Tabela b_cad.clientes', 'run_page_url': 'https://adb-2740266284098548.8.azuredatabricks.net/?o=2740266284098548#job/536258902708431/run/77249592715284', 'run_type': 'JOB_RUN', 'attempt_number': 0, 'format': 'SINGLE_TASK', 'status': {'state': 'TERMINATED', 'termination_details': {'code': 'SUCCESS', 'type': 'SUCCESS', 'message': ''}}, 'job_run_id': 77249592715284}
[2025-04-16T03:53:46.329+0000] {python.py:240} INFO - Done. Returned value was: None
[2025-04-16T03:53:46.370+0000] {taskinstance.py:341} INFO - ::group::Post task execution logs
[2025-04-16T03:53:46.371+0000] {taskinstance.py:353} INFO - Marking task as SUCCESS. dag_id=schedule_data_master, task_id=ingestao_bronze_clientes, run_id=manual__2025-04-16T03:52:58.712158+00:00, execution_date=20250416T035258, start_date=20250416T035305, end_date=20250416T035346
[2025-04-16T03:53:46.406+0000] {local_task_job_runner.py:266} INFO - Task exited with return code 0
[2025-04-16T03:53:46.428+0000] {taskinstance.py:3901} INFO - 1 downstream tasks scheduled from follow-on schedule check
[2025-04-16T03:53:46.428+0000] {local_task_job_runner.py:245} INFO - ::endgroup::
